RESET
MEM simgrid-vm 1586368932 2020/04/08 18:02:12 12713803 4096 3808545 3427438 193573 77 57564 49 23249 0 186513 0 0 2097152 0 0
SEP
MEM simgrid-vm 1586368933 2020/04/08 18:02:13 1 4096 3808545 3394325 217308 79 57554 51 23276 0 186513 0 0 2097152 0 0
SEP
MEM simgrid-vm 1586368934 2020/04/08 18:02:14 1 4096 3808545 3378070 227937 80 57557 54 23288 0 186513 0 0 2097152 0 0
SEP
MEM simgrid-vm 1586368935 2020/04/08 18:02:15 1 4096 3808545 3361928 237994 80 57804 48 23456 0 186513 0 0 2097152 0 0
SEP
MEM simgrid-vm 1586368936 2020/04/08 18:02:16 1 4096 3808545 3260885 332534 81 58076 48 23726 0 186513 0 0 2097152 0 0
SEP
MEM simgrid-vm 1586368937 2020/04/08 18:02:17 1 4096 3808545 3240857 346031 82 58330 50 23958 0 186513 0 0 2097152 0 0
SEP
MEM simgrid-vm 1586368938 2020/04/08 18:02:18 1 4096 3808545 3228679 351928 82 58737 52 24338 0 186513 0 0 2097152 0 0
SEP
MEM simgrid-vm 1586368939 2020/04/08 18:02:19 1 4096 3808545 3214572 360573 87 59222 57 24772 0 186513 0 0 2097152 0 0
SEP
MEM simgrid-vm 1586368940 2020/04/08 18:02:20 1 4096 3808545 3207306 362398 88 59849 52 25319 0 186513 0 0 2097152 0 0
SEP
MEM simgrid-vm 1586368941 2020/04/08 18:02:21 1 4096 3808545 3157953 390278 88 60004 56 25424 0 186513 0 0 2097152 0 0
SEP
MEM simgrid-vm 1586368942 2020/04/08 18:02:22 1 4096 3808545 3133131 402082 88 60088 56 25510 0 186513 0 0 2097152 0 0
SEP
MEM simgrid-vm 1586368943 2020/04/08 18:02:23 1 4096 3808545 3133100 402082 88 60092 56 25510 0 186513 0 0 2097152 0 0
SEP
MEM simgrid-vm 1586368944 2020/04/08 18:02:24 1 4096 3808545 3133100 402083 90 60090 63 25510 0 186513 0 0 2097152 0 0
SEP
MEM simgrid-vm 1586368945 2020/04/08 18:02:25 1 4096 3808545 3133100 402083 90 60093 59 25510 0 186513 0 0 2097152 0 0
SEP
MEM simgrid-vm 1586368946 2020/04/08 18:02:26 1 4096 3808545 3133100 402083 90 60093 59 25511 0 186513 0 0 2097152 0 0
SEP
MEM simgrid-vm 1586368947 2020/04/08 18:02:27 1 4096 3808545 3133100 402083 90 60105 59 25512 0 186513 0 0 2097152 0 0
SEP
MEM simgrid-vm 1586368948 2020/04/08 18:02:28 1 4096 3808545 3133100 402082 91 60095 59 25515 0 186513 0 0 2097152 0 0
SEP
MEM simgrid-vm 1586368949 2020/04/08 18:02:29 1 4096 3808545 3133100 402083 95 60101 65 25515 0 186513 0 0 2097152 0 0
SEP
MEM simgrid-vm 1586368950 2020/04/08 18:02:30 1 4096 3808545 3133096 402085 95 60099 57 25520 0 186513 0 0 2097152 0 0
SEP
MEM simgrid-vm 1586368951 2020/04/08 18:02:31 1 4096 3808545 3133088 402085 95 60114 57 25532 0 186513 0 0 2097152 0 0
SEP
MEM simgrid-vm 1586368952 2020/04/08 18:02:32 1 4096 3808545 3133073 402086 95 60097 57 25518 0 186513 0 0 2097152 0 0
SEP
MEM simgrid-vm 1586368953 2020/04/08 18:02:33 1 4096 3808545 3122588 402088 95 60100 59 25519 0 186513 0 0 2097152 0 0
SEP
MEM simgrid-vm 1586368954 2020/04/08 18:02:34 1 4096 3808545 3097242 412734 98 60126 59 25544 0 186513 0 0 2097152 0 0
SEP
MEM simgrid-vm 1586368955 2020/04/08 18:02:35 1 4096 3808545 3081678 413457 99 60136 57 25553 0 186513 0 0 2097152 0 0
SEP
MEM simgrid-vm 1586368956 2020/04/08 18:02:36 1 4096 3808545 3075288 413461 99 60140 60 25558 0 186513 0 0 2097152 0 0
SEP
MEM simgrid-vm 1586368957 2020/04/08 18:02:37 1 4096 3808545 3073676 413463 99 60152 62 25560 0 186513 0 0 2097152 0 0
SEP
MEM simgrid-vm 1586368958 2020/04/08 18:02:38 1 4096 3808545 3073645 413463 99 60134 59 25552 0 186513 0 0 2097152 0 0
SEP
MEM simgrid-vm 1586368959 2020/04/08 18:02:39 1 4096 3808545 3073645 413463 99 60137 30 25552 0 186513 0 0 2097152 0 0
SEP
MEM simgrid-vm 1586368960 2020/04/08 18:02:40 1 4096 3808545 3018107 415251 101 60140 35 25556 0 186513 0 0 2097152 0 0
SEP
MEM simgrid-vm 1586368961 2020/04/08 18:02:41 1 4096 3808545 3011777 415257 101 60154 35 25556 0 186513 0 0 2097152 0 0
SEP
MEM simgrid-vm 1586368962 2020/04/08 18:02:42 1 4096 3808545 3011715 415257 101 60156 35 25556 0 186513 0 0 2097152 0 0
SEP
MEM simgrid-vm 1586368963 2020/04/08 18:02:43 1 4096 3808545 3011684 415269 101 60149 35 25556 0 186513 0 0 2097152 0 0
SEP
MEM simgrid-vm 1586368964 2020/04/08 18:02:44 1 4096 3808545 3011653 415268 102 60153 33 25556 0 186513 0 0 2097152 0 0
SEP
MEM simgrid-vm 1586368965 2020/04/08 18:02:45 1 4096 3808545 3011622 415269 104 60147 29 25556 0 186513 0 0 2097152 0 0
SEP
MEM simgrid-vm 1586368966 2020/04/08 18:02:46 1 4096 3808545 3011048 415270 104 60148 30 25556 0 186513 0 0 2097152 0 0
SEP
MEM simgrid-vm 1586368967 2020/04/08 18:02:47 1 4096 3808545 3010505 415270 104 60173 30 25556 0 186513 0 0 2097152 0 0
SEP
MEM simgrid-vm 1586368968 2020/04/08 18:02:48 1 4096 3808545 3010474 415270 104 60144 30 25556 0 186513 0 0 2097152 0 0
SEP
MEM simgrid-vm 1586368969 2020/04/08 18:02:49 1 4096 3808545 3010474 415269 105 60144 30 25557 0 186513 0 0 2097152 0 0
SEP
MEM simgrid-vm 1586368970 2020/04/08 18:02:50 1 4096 3808545 3010443 415270 107 60144 33 25557 0 186513 0 0 2097152 0 0
SEP
MEM simgrid-vm 1586368971 2020/04/08 18:02:51 1 4096 3808545 3010439 415270 107 60157 33 25562 0 186513 0 0 2097152 0 0
SEP
MEM simgrid-vm 1586368972 2020/04/08 18:02:52 1 4096 3808545 3009935 415272 107 60139 35 25548 0 186513 0 0 2097152 0 0
SEP
MEM simgrid-vm 1586368973 2020/04/08 18:02:53 1 4096 3808545 3009904 415273 107 60145 36 25548 0 186513 0 0 2097152 0 0
SEP
MEM simgrid-vm 1586368974 2020/04/08 18:02:54 1 4096 3808545 3007825 415277 107 60140 40 25548 0 186513 0 0 2097152 0 0
SEP
MEM simgrid-vm 1586368975 2020/04/08 18:02:55 1 4096 3808545 3005265 415277 109 60152 40 25548 0 186513 0 0 2097152 0 0
SEP
MEM simgrid-vm 1586368976 2020/04/08 18:02:56 1 4096 3808545 3005234 415277 109 60155 40 25548 0 186513 0 0 2097152 0 0
SEP
MEM simgrid-vm 1586368977 2020/04/08 18:02:57 1 4096 3808545 3005203 415277 109 60147 40 25551 0 186513 0 0 2097152 0 0
SEP
MEM simgrid-vm 1586368978 2020/04/08 18:02:58 1 4096 3808545 3005203 415279 109 60145 42 25554 0 186513 0 0 2097152 0 0
SEP
MEM simgrid-vm 1586368979 2020/04/08 18:02:59 1 4096 3808545 3005172 415279 110 60156 40 25554 0 186513 0 0 2097152 0 0
SEP
MEM simgrid-vm 1586368980 2020/04/08 18:03:00 1 4096 3808545 3005172 415279 112 60141 42 25554 0 186513 0 0 2097152 0 0
SEP
MEM simgrid-vm 1586368981 2020/04/08 18:03:01 1 4096 3808545 3005172 415279 112 60144 42 25554 0 186513 0 0 2097152 0 0
SEP
MEM simgrid-vm 1586368982 2020/04/08 18:03:02 1 4096 3808545 3005168 415279 112 60159 42 25558 0 186513 0 0 2097152 0 0
SEP
MEM simgrid-vm 1586368983 2020/04/08 18:03:03 1 4096 3808545 3005160 415283 112 60170 46 25568 0 186513 0 0 2097152 0 0
SEP
MEM simgrid-vm 1586368984 2020/04/08 18:03:04 1 4096 3808545 3005117 415283 112 60197 46 25582 0 186513 0 0 2097152 0 0
SEP
MEM simgrid-vm 1586368985 2020/04/08 18:03:05 1 4096 3808545 3005113 415283 114 60208 43 25589 0 186513 0 0 2097152 0 0
SEP
MEM simgrid-vm 1586368986 2020/04/08 18:03:06 1 4096 3808545 3005109 415285 114 60192 45 25594 0 186513 0 0 2097152 0 0
SEP
MEM simgrid-vm 1586368987 2020/04/08 18:03:07 1 4096 3808545 3005121 415286 115 60178 47 25583 0 186513 0 0 2097152 0 0
SEP
MEM simgrid-vm 1586368988 2020/04/08 18:03:08 1 4096 3808545 3005114 415292 115 60171 52 25561 0 186513 0 0 2097152 0 0
SEP
MEM simgrid-vm 1586368989 2020/04/08 18:03:09 1 4096 3808545 3005114 415292 115 60171 52 25562 0 186513 0 0 2097152 0 0
SEP
MEM simgrid-vm 1586368990 2020/04/08 18:03:10 1 4096 3808545 3005114 415292 117 60159 50 25562 0 186513 0 0 2097152 0 0
SEP
MEM simgrid-vm 1586368991 2020/04/08 18:03:11 1 4096 3808545 3005114 415294 117 60164 52 25562 0 186513 0 0 2097152 0 0
SEP
MEM simgrid-vm 1586368992 2020/04/08 18:03:12 1 4096 3808545 3005114 415294 117 60160 52 25562 0 186513 0 0 2097152 0 0
SEP
MEM simgrid-vm 1586368993 2020/04/08 18:03:13 1 4096 3808545 3005114 415299 117 60154 58 25552 0 186513 0 0 2097152 0 0
SEP
MEM simgrid-vm 1586368994 2020/04/08 18:03:14 1 4096 3808545 3005114 415299 117 60158 58 25552 0 186513 0 0 2097152 0 0
SEP
MEM simgrid-vm 1586368995 2020/04/08 18:03:15 1 4096 3808545 3005114 415299 119 60163 33 25552 0 186513 0 0 2097152 0 0
SEP
MEM simgrid-vm 1586368996 2020/04/08 18:03:16 1 4096 3808545 3005114 415299 119 60164 33 25552 0 186513 0 0 2097152 0 0
SEP
MEM simgrid-vm 1586368997 2020/04/08 18:03:17 1 4096 3808545 3005079 415301 119 60160 35 25558 0 186513 0 0 2097152 0 0
SEP
MEM simgrid-vm 1586368998 2020/04/08 18:03:18 1 4096 3808545 3005079 415303 119 60162 37 25558 0 186513 0 0 2097152 0 0
SEP
MEM simgrid-vm 1586368999 2020/04/08 18:03:19 1 4096 3808545 3005071 415304 119 60172 38 25568 0 186513 0 0 2097152 0 0
SEP
MEM simgrid-vm 1586369000 2020/04/08 18:03:20 1 4096 3808545 3005067 415304 121 60177 39 25576 0 186513 0 0 2097152 0 0
SEP
MEM simgrid-vm 1586369001 2020/04/08 18:03:21 1 4096 3808545 3005067 415304 121 60178 39 25576 0 186513 0 0 2097152 0 0
SEP
MEM simgrid-vm 1586369002 2020/04/08 18:03:22 1 4096 3808545 3005067 415304 121 60182 39 25579 0 186513 0 0 2097152 0 0
SEP
MEM simgrid-vm 1586369003 2020/04/08 18:03:23 1 4096 3808545 3005067 415308 121 60184 43 25580 0 186513 0 0 2097152 0 0
SEP
MEM simgrid-vm 1586369004 2020/04/08 18:03:24 1 4096 3808545 3005067 415312 121 60195 47 25584 0 186513 0 0 2097152 0 0
SEP
MEM simgrid-vm 1586369005 2020/04/08 18:03:25 1 4096 3808545 3005036 415310 123 60190 35 25584 0 186513 0 0 2097152 0 0
SEP
MEM simgrid-vm 1586369006 2020/04/08 18:03:26 1 4096 3808545 3005036 415312 123 60187 44 25584 0 186513 0 0 2097152 0 0
SEP
MEM simgrid-vm 1586369007 2020/04/08 18:03:27 1 4096 3808545 3005005 415315 123 60185 47 25584 0 186513 0 0 2097152 0 0
SEP
MEM simgrid-vm 1586369008 2020/04/08 18:03:28 1 4096 3808545 3005005 415315 123 60182 47 25584 0 186513 0 0 2097152 0 0
SEP
MEM simgrid-vm 1586369009 2020/04/08 18:03:29 1 4096 3808545 3005434 415315 123 60180 47 25584 0 186513 0 0 2097152 0 0
SEP
MEM simgrid-vm 1586369010 2020/04/08 18:03:30 1 4096 3808545 3005476 415317 123 60157 39 25586 0 186513 0 0 2097152 0 0
SEP
MEM simgrid-vm 1586369011 2020/04/08 18:03:31 1 4096 3808545 3005476 415317 126 60158 44 25586 0 186513 0 0 2097152 0 0
SEP
MEM simgrid-vm 1586369012 2020/04/08 18:03:32 1 4096 3808545 3005476 415317 126 60159 44 25587 0 186513 0 0 2097152 0 0
SEP
MEM simgrid-vm 1586369013 2020/04/08 18:03:33 1 4096 3808545 3005445 415317 126 60160 44 25587 0 186513 0 0 2097152 0 0
SEP
MEM simgrid-vm 1586369014 2020/04/08 18:03:34 1 4096 3808545 3005445 415319 126 60161 46 25587 0 186513 0 0 2097152 0 0
SEP
MEM simgrid-vm 1586369015 2020/04/08 18:03:35 1 4096 3808545 3005445 415321 126 60162 46 25587 0 186513 0 0 2097152 0 0
SEP
MEM simgrid-vm 1586369016 2020/04/08 18:03:36 1 4096 3808545 3005445 415325 128 60161 52 25587 0 186513 0 0 2097152 0 0
SEP
MEM simgrid-vm 1586369017 2020/04/08 18:03:37 1 4096 3808545 3005445 415325 128 60160 52 25587 0 186513 0 0 2097152 0 0
SEP
MEM simgrid-vm 1586369018 2020/04/08 18:03:38 1 4096 3808545 3005445 415325 128 60166 52 25587 0 186513 0 0 2097152 0 0
SEP
MEM simgrid-vm 1586369019 2020/04/08 18:03:39 1 4096 3808545 3005445 415325 128 60152 52 25578 0 186513 0 0 2097152 0 0
SEP
MEM simgrid-vm 1586369020 2020/04/08 18:03:40 1 4096 3808545 3005445 415325 128 60157 43 25578 0 186513 0 0 2097152 0 0
SEP
MEM simgrid-vm 1586369021 2020/04/08 18:03:41 1 4096 3808545 3005406 415329 130 60170 53 25586 0 186513 0 0 2097152 0 0
SEP
MEM simgrid-vm 1586369022 2020/04/08 18:03:42 1 4096 3808545 3005406 415333 130 60166 57 25586 0 186513 0 0 2097152 0 0
SEP
MEM simgrid-vm 1586369023 2020/04/08 18:03:43 1 4096 3808545 3005453 415335 130 60158 59 25570 0 186513 0 0 2097152 0 0
SEP
MEM simgrid-vm 1586369024 2020/04/08 18:03:44 1 4096 3808545 3005453 415335 130 60162 59 25570 0 186513 0 0 2097152 0 0
SEP
MEM simgrid-vm 1586369025 2020/04/08 18:03:45 1 4096 3808545 3005453 415335 130 60148 53 25570 0 186513 0 0 2097152 0 0
SEP
MEM simgrid-vm 1586369026 2020/04/08 18:03:46 1 4096 3808545 3005453 415333 132 60148 53 25570 0 186513 0 0 2097152 0 0
SEP
MEM simgrid-vm 1586369027 2020/04/08 18:03:47 1 4096 3808545 3005453 415339 132 60138 59 25560 0 186513 0 0 2097152 0 0
SEP
MEM simgrid-vm 1586369028 2020/04/08 18:03:48 1 4096 3808545 3005453 415339 132 60138 59 25560 0 186513 0 0 2097152 0 0
SEP
MEM simgrid-vm 1586369029 2020/04/08 18:03:49 1 4096 3808545 3005461 415339 132 60129 59 25552 0 186513 0 0 2097152 0 0
SEP
MEM simgrid-vm 1586369030 2020/04/08 18:03:50 1 4096 3808545 3005461 415339 132 60136 29 25552 0 186513 0 0 2097152 0 0
SEP
MEM simgrid-vm 1586369031 2020/04/08 18:03:51 1 4096 3808545 3005461 415339 132 60145 29 25553 0 186513 0 0 2097152 0 0
SEP
MEM simgrid-vm 1586369032 2020/04/08 18:03:52 1 4096 3808545 3005461 415340 134 60139 35 25554 0 186513 0 0 2097152 0 0
SEP
MEM simgrid-vm 1586369033 2020/04/08 18:03:53 1 4096 3808545 3005461 415342 134 60143 37 25558 0 186513 0 0 2097152 0 0
SEP
MEM simgrid-vm 1586369034 2020/04/08 18:03:54 1 4096 3808545 3005461 415344 134 60143 39 25558 0 186513 0 0 2097152 0 0
SEP
MEM simgrid-vm 1586369035 2020/04/08 18:03:55 1 4096 3808545 3005430 415346 134 60146 36 25558 0 186513 0 0 2097152 0 0
SEP
MEM simgrid-vm 1586369036 2020/04/08 18:03:56 1 4096 3808545 3005399 415346 134 60133 36 25547 0 186513 0 0 2097152 0 0
SEP
MEM simgrid-vm 1586369037 2020/04/08 18:03:57 1 4096 3808545 3005399 415348 136 60133 47 25547 0 186513 0 0 2097152 0 0
SEP
MEM simgrid-vm 1586369038 2020/04/08 18:03:58 1 4096 3808545 3005368 415348 136 60136 47 25547 0 186513 0 0 2097152 0 0
SEP
MEM simgrid-vm 1586369039 2020/04/08 18:03:59 1 4096 3808545 3005368 415348 136 60133 47 25547 0 186513 0 0 2097152 0 0
SEP
MEM simgrid-vm 1586369040 2020/04/08 18:04:00 1 4096 3808545 3005368 415350 136 60135 49 25547 0 186513 0 0 2097152 0 0
SEP
MEM simgrid-vm 1586369041 2020/04/08 18:04:01 1 4096 3808545 3005368 415350 136 60137 49 25550 0 186513 0 0 2097152 0 0
SEP
MEM simgrid-vm 1586369042 2020/04/08 18:04:02 1 4096 3808545 3005376 415350 138 60132 49 25545 0 186513 0 0 2097152 0 0
SEP
MEM simgrid-vm 1586369043 2020/04/08 18:04:03 1 4096 3808545 3005376 415350 138 60125 49 25538 0 186513 0 0 2097152 0 0
SEP
MEM simgrid-vm 1586369044 2020/04/08 18:04:04 1 4096 3808545 3005345 415350 138 60126 49 25538 0 186513 0 0 2097152 0 0
SEP
MEM simgrid-vm 1586369045 2020/04/08 18:04:05 1 4096 3808545 3005345 415350 138 60124 43 25538 0 186513 0 0 2097152 0 0
SEP
MEM simgrid-vm 1586369046 2020/04/08 18:04:06 1 4096 3808545 3005314 415350 138 60135 43 25538 0 186513 0 0 2097152 0 0
SEP
MEM simgrid-vm 1586369047 2020/04/08 18:04:07 1 4096 3808545 3005314 415352 140 60126 47 25538 0 186513 0 0 2097152 0 0
SEP
MEM simgrid-vm 1586369048 2020/04/08 18:04:08 1 4096 3808545 3005314 415354 140 60129 53 25538 0 186513 0 0 2097152 0 0
SEP
MEM simgrid-vm 1586369049 2020/04/08 18:04:09 1 4096 3808545 3005314 415356 140 60127 55 25538 0 186513 0 0 2097152 0 0
SEP
MEM simgrid-vm 1586369050 2020/04/08 18:04:10 1 4096 3808545 3005314 415356 140 60127 43 25538 0 186513 0 0 2097152 0 0
SEP
MEM simgrid-vm 1586369051 2020/04/08 18:04:11 1 4096 3808545 3005314 415356 140 60123 43 25538 0 186513 0 0 2097152 0 0
SEP
MEM simgrid-vm 1586369052 2020/04/08 18:04:12 1 4096 3808545 3005314 415356 140 60131 43 25538 0 186513 0 0 2097152 0 0
SEP
MEM simgrid-vm 1586369053 2020/04/08 18:04:13 1 4096 3808545 3005314 415356 142 60125 45 25538 0 186513 0 0 2097152 0 0
SEP
MEM simgrid-vm 1586369054 2020/04/08 18:04:14 1 4096 3808545 3005314 415360 142 60132 50 25538 0 186513 0 0 2097152 0 0
SEP
MEM simgrid-vm 1586369055 2020/04/08 18:04:15 1 4096 3808545 3005314 415362 142 60129 43 25538 0 186513 0 0 2097152 0 0
SEP
MEM simgrid-vm 1586369056 2020/04/08 18:04:16 1 4096 3808545 3005314 415362 142 60129 43 25538 0 186513 0 0 2097152 0 0
SEP
MEM simgrid-vm 1586369057 2020/04/08 18:04:17 1 4096 3808545 3005314 415362 142 60132 43 25541 0 186513 0 0 2097152 0 0
SEP
MEM simgrid-vm 1586369058 2020/04/08 18:04:18 1 4096 3808545 3005314 415362 144 60130 45 25541 0 186513 0 0 2097152 0 0
SEP
MEM simgrid-vm 1586369059 2020/04/08 18:04:19 1 4096 3808545 3005314 415364 144 60130 47 25541 0 186513 0 0 2097152 0 0
SEP
MEM simgrid-vm 1586369060 2020/04/08 18:04:20 1 4096 3808545 3005314 415364 144 60130 47 25541 0 186513 0 0 2097152 0 0
SEP
MEM simgrid-vm 1586369061 2020/04/08 18:04:21 1 4096 3808545 3005314 415364 144 60132 47 25543 0 186513 0 0 2097152 0 0
SEP
MEM simgrid-vm 1586369062 2020/04/08 18:04:22 1 4096 3808545 3005314 415364 144 60135 47 25543 0 186513 0 0 2097152 0 0
SEP
MEM simgrid-vm 1586369063 2020/04/08 18:04:23 1 4096 3808545 3005310 415364 144 60143 47 25548 0 186513 0 0 2097152 0 0
SEP
MEM simgrid-vm 1586369064 2020/04/08 18:04:24 1 4096 3808545 3005310 415366 146 60136 49 25548 0 186513 0 0 2097152 0 0
SEP
MEM simgrid-vm 1586369065 2020/04/08 18:04:25 1 4096 3808545 3005310 415369 146 60138 24 25548 0 186513 0 0 2097152 0 0
SEP
MEM simgrid-vm 1586369066 2020/04/08 18:04:26 1 4096 3808545 3005310 415369 146 60141 24 25548 0 186513 0 0 2097152 0 0
SEP
MEM simgrid-vm 1586369067 2020/04/08 18:04:27 1 4096 3808545 3005306 415369 146 60142 24 25552 0 186513 0 0 2097152 0 0
SEP
MEM simgrid-vm 1586369068 2020/04/08 18:04:28 1 4096 3808545 3005306 415371 146 60144 26 25554 0 186513 0 0 2097152 0 0
SEP
MEM simgrid-vm 1586369069 2020/04/08 18:04:29 1 4096 3808545 3005275 415369 148 60156 22 25555 0 186513 0 0 2097152 0 0
SEP
MEM simgrid-vm 1586369070 2020/04/08 18:04:30 1 4096 3808545 3005244 415371 148 60144 31 25555 0 186513 0 0 2097152 0 0
SEP
MEM simgrid-vm 1586369071 2020/04/08 18:04:31 1 4096 3808545 3005244 415373 148 60143 33 25553 0 186513 0 0 2097152 0 0
SEP
MEM simgrid-vm 1586369072 2020/04/08 18:04:32 1 4096 3808545 3005244 415375 148 60149 35 25553 0 186513 0 0 2097152 0 0
SEP
MEM simgrid-vm 1586369073 2020/04/08 18:04:33 1 4096 3808545 3005244 415377 148 60147 37 25553 0 186513 0 0 2097152 0 0
SEP
MEM simgrid-vm 1586369074 2020/04/08 18:04:34 1 4096 3808545 3005213 415379 148 60152 39 25553 0 186513 0 0 2097152 0 0
SEP
MEM simgrid-vm 1586369075 2020/04/08 18:04:35 1 4096 3808545 3005221 415379 150 60141 45 25545 0 186513 0 0 2097152 0 0
SEP
MEM simgrid-vm 1586369076 2020/04/08 18:04:36 1 4096 3808545 3005221 415381 150 60142 47 25545 0 186513 0 0 2097152 0 0
SEP
MEM simgrid-vm 1586369077 2020/04/08 18:04:37 1 4096 3808545 3195952 415382 150 60086 48 25545 0 186513 0 0 2097152 0 0
SEP
MEM simgrid-vm 1586369078 2020/04/08 18:04:38 1 4096 3808545 3200017 415381 150 60041 48 25536 0 186513 0 0 2097152 0 0
SEP
MEM simgrid-vm 1586369079 2020/04/08 18:04:39 1 4096 3808545 3200009 415388 150 60034 55 25532 0 186513 0 0 2097152 0 0
SEP
MEM simgrid-vm 1586369080 2020/04/08 18:04:40 1 4096 3808545 3199978 415387 152 60046 47 25532 0 186513 0 0 2097152 0 0
SEP
MEM simgrid-vm 1586369081 2020/04/08 18:04:41 1 4096 3808545 3199978 415392 152 60037 58 25532 0 186513 0 0 2097152 0 0
SEP
MEM simgrid-vm 1586369082 2020/04/08 18:04:42 1 4096 3808545 3199978 415392 152 60037 58 25532 0 186513 0 0 2097152 0 0
SEP
MEM simgrid-vm 1586369083 2020/04/08 18:04:43 1 4096 3808545 3200009 415392 152 60042 58 25532 0 186513 0 0 2097152 0 0
SEP
MEM simgrid-vm 1586369084 2020/04/08 18:04:44 1 4096 3808545 3200009 415392 152 60037 58 25534 0 186513 0 0 2097152 0 0
SEP
MEM simgrid-vm 1586369085 2020/04/08 18:04:45 1 4096 3808545 3200009 415392 152 60042 53 25534 0 186513 0 0 2097152 0 0
SEP
MEM simgrid-vm 1586369086 2020/04/08 18:04:46 1 4096 3808545 3200001 415394 154 60045 58 25542 0 186513 0 0 2097152 0 0
SEP
MEM simgrid-vm 1586369087 2020/04/08 18:04:47 1 4096 3808545 3199997 415394 154 60047 58 25543 0 186513 0 0 2097152 0 0
SEP
MEM simgrid-vm 1586369088 2020/04/08 18:04:48 1 4096 3808545 3199997 415394 154 60047 58 25543 0 186513 0 0 2097152 0 0
SEP
MEM simgrid-vm 1586369089 2020/04/08 18:04:49 1 4096 3808545 3200009 415394 154 60031 58 25529 0 186513 0 0 2097152 0 0
SEP
MEM simgrid-vm 1586369090 2020/04/08 18:04:50 1 4096 3808545 3199978 415396 154 60031 49 25529 0 186513 0 0 2097152 0 0
SEP
MEM simgrid-vm 1586369091 2020/04/08 18:04:51 1 4096 3808545 3199978 415396 154 60032 49 25529 0 186513 0 0 2097152 0 0
SEP
MEM simgrid-vm 1586369092 2020/04/08 18:04:52 1 4096 3808545 3199978 415398 156 60032 55 25529 0 186513 0 0 2097152 0 0
SEP
MEM simgrid-vm 1586369093 2020/04/08 18:04:53 1 4096 3808545 3199978 415398 156 60032 55 25529 0 186513 0 0 2097152 0 0
SEP
MEM simgrid-vm 1586369094 2020/04/08 18:04:54 1 4096 3808545 3199978 415398 156 60032 55 25529 0 186513 0 0 2097152 0 0
SEP
MEM simgrid-vm 1586369095 2020/04/08 18:04:55 1 4096 3808545 3199978 415400 156 60032 57 25529 0 186513 0 0 2097152 0 0
SEP
MEM simgrid-vm 1586369096 2020/04/08 18:04:56 1 4096 3808545 3199978 415400 156 60031 57 25529 0 186513 0 0 2097152 0 0
SEP
MEM simgrid-vm 1586369097 2020/04/08 18:04:57 1 4096 3808545 3199978 415400 156 60035 57 25529 0 186513 0 0 2097152 0 0
SEP
MEM simgrid-vm 1586369098 2020/04/08 18:04:58 1 4096 3808545 3199978 415401 158 60032 58 25529 0 186513 0 0 2097152 0 0
SEP
MEM simgrid-vm 1586369099 2020/04/08 18:04:59 1 4096 3808545 3199978 415401 158 60032 58 25529 0 186513 0 0 2097152 0 0
SEP
MEM simgrid-vm 1586369100 2020/04/08 18:05:00 1 4096 3808545 3199978 415401 158 60032 29 25529 0 186513 0 0 2097152 0 0
SEP
MEM simgrid-vm 1586369101 2020/04/08 18:05:01 1 4096 3808545 3199978 415401 158 60032 29 25529 0 186513 0 0 2097152 0 0
SEP
MEM simgrid-vm 1586369102 2020/04/08 18:05:02 1 4096 3808545 3199978 415403 158 60022 31 25529 0 186513 0 0 2097152 0 0
SEP
MEM simgrid-vm 1586369103 2020/04/08 18:05:03 1 4096 3808545 3199978 415407 158 60022 35 25529 0 186513 0 0 2097152 0 0
SEP
MEM simgrid-vm 1586369104 2020/04/08 18:05:04 1 4096 3808545 3199978 415407 160 60022 41 25529 0 186513 0 0 2097152 0 0
SEP
MEM simgrid-vm 1586369105 2020/04/08 18:05:05 1 4096 3808545 3199978 415409 160 60022 29 25529 0 186513 0 0 2097152 0 0
SEP
MEM simgrid-vm 1586369106 2020/04/08 18:05:06 1 4096 3808545 3199978 415409 160 60022 29 25529 0 186513 0 0 2097152 0 0
SEP
MEM simgrid-vm 1586369107 2020/04/08 18:05:07 1 4096 3808545 3199978 415409 160 60022 29 25529 0 186513 0 0 2097152 0 0
SEP
MEM simgrid-vm 1586369108 2020/04/08 18:05:08 1 4096 3808545 3199978 415409 160 60022 29 25529 0 186513 0 0 2097152 0 0
SEP
MEM simgrid-vm 1586369109 2020/04/08 18:05:09 1 4096 3808545 3199978 415409 162 60022 31 25529 0 186513 0 0 2097152 0 0
SEP
MEM simgrid-vm 1586369110 2020/04/08 18:05:10 1 4096 3808545 3199978 415411 162 60022 32 25529 0 186513 0 0 2097152 0 0
SEP
MEM simgrid-vm 1586369111 2020/04/08 18:05:11 1 4096 3808545 3199978 415411 162 60024 32 25529 0 186513 0 0 2097152 0 0
SEP
MEM simgrid-vm 1586369112 2020/04/08 18:05:12 1 4096 3808545 3199978 415411 162 60024 32 25529 0 186513 0 0 2097152 0 0
SEP
MEM simgrid-vm 1586369113 2020/04/08 18:05:13 1 4096 3808545 3199978 415415 162 60026 36 25529 0 186513 0 0 2097152 0 0
SEP
MEM simgrid-vm 1586369114 2020/04/08 18:05:14 1 4096 3808545 3199978 415413 164 60025 36 25529 0 186513 0 0 2097152 0 0
SEP
MEM simgrid-vm 1586369115 2020/04/08 18:05:15 1 4096 3808545 3199978 415417 164 60023 43 25529 0 186513 0 0 2097152 0 0
SEP
MEM simgrid-vm 1586369116 2020/04/08 18:05:16 1 4096 3808545 3199978 415419 164 60023 45 25529 0 186513 0 0 2097152 0 0
SEP
MEM simgrid-vm 1586369117 2020/04/08 18:05:17 1 4096 3808545 3199978 415419 164 60026 45 25529 0 186513 0 0 2097152 0 0
SEP
MEM simgrid-vm 1586369118 2020/04/08 18:05:18 1 4096 3808545 3199978 415419 164 60031 45 25531 0 186513 0 0 2097152 0 0
SEP
MEM simgrid-vm 1586369119 2020/04/08 18:05:19 1 4096 3808545 3199947 415419 166 60033 48 25532 0 186513 0 0 2097152 0 0
SEP
MEM simgrid-vm 1586369120 2020/04/08 18:05:20 1 4096 3808545 3199947 415421 166 60032 49 25533 0 186513 0 0 2097152 0 0
SEP
MEM simgrid-vm 1586369121 2020/04/08 18:05:21 1 4096 3808545 3199947 415423 166 60029 51 25534 0 186513 0 0 2097152 0 0
SEP
MEM simgrid-vm 1586369122 2020/04/08 18:05:22 1 4096 3808545 3199947 415425 166 60030 53 25535 0 186513 0 0 2097152 0 0
SEP
MEM simgrid-vm 1586369123 2020/04/08 18:05:23 1 4096 3808545 3199947 415427 166 60031 55 25536 0 186513 0 0 2097152 0 0
SEP
MEM simgrid-vm 1586369124 2020/04/08 18:05:24 1 4096 3808545 3199947 415427 166 60031 55 25536 0 186513 0 0 2097152 0 0
SEP
MEM simgrid-vm 1586369125 2020/04/08 18:05:25 1 4096 3808545 3199947 415427 168 60043 53 25536 0 186513 0 0 2097152 0 0
SEP
MEM simgrid-vm 1586369126 2020/04/08 18:05:26 1 4096 3808545 3199947 415427 168 60033 53 25536 0 186513 0 0 2097152 0 0
SEP
MEM simgrid-vm 1586369127 2020/04/08 18:05:27 1 4096 3808545 3199947 415429 168 60033 55 25536 0 186513 0 0 2097152 0 0
SEP
MEM simgrid-vm 1586369128 2020/04/08 18:05:28 1 4096 3808545 3199947 415429 168 60029 55 25536 0 186513 0 0 2097152 0 0
SEP
MEM simgrid-vm 1586369129 2020/04/08 18:05:29 1 4096 3808545 3199947 415429 168 60029 55 25536 0 186513 0 0 2097152 0 0
SEP
MEM simgrid-vm 1586369130 2020/04/08 18:05:30 1 4096 3808545 3199943 415433 168 60034 59 25541 0 186513 0 0 2097152 0 0
SEP
MEM simgrid-vm 1586369131 2020/04/08 18:05:31 1 4096 3808545 3199943 415433 170 60034 60 25541 0 186513 0 0 2097152 0 0
SEP
MEM simgrid-vm 1586369132 2020/04/08 18:05:32 1 4096 3808545 3199943 415434 170 60031 60 25538 0 186513 0 0 2097152 0 0
SEP
MEM simgrid-vm 1586369133 2020/04/08 18:05:33 1 4096 3808545 3199943 415434 170 60031 60 25538 0 186513 0 0 2097152 0 0
SEP
MEM simgrid-vm 1586369134 2020/04/08 18:05:34 1 4096 3808545 3199943 415436 170 60031 62 25538 0 186513 0 0 2097152 0 0
SEP
MEM simgrid-vm 1586369135 2020/04/08 18:05:35 1 4096 3808545 3199943 415436 170 60031 23 25538 0 186513 0 0 2097152 0 0
SEP
MEM simgrid-vm 1586369136 2020/04/08 18:05:36 1 4096 3808545 3199943 415436 170 60036 23 25538 0 186513 0 0 2097152 0 0
SEP
MEM simgrid-vm 1586369137 2020/04/08 18:05:37 1 4096 3808545 3199943 415436 172 60020 33 25525 0 186513 0 0 2097152 0 0
SEP
MEM simgrid-vm 1586369138 2020/04/08 18:05:38 1 4096 3808545 3199943 415442 172 60020 39 25525 0 186513 0 0 2097152 0 0
SEP
MEM simgrid-vm 1586369139 2020/04/08 18:05:39 1 4096 3808545 3199943 415442 172 60020 39 25525 0 186513 0 0 2097152 0 0
SEP
MEM simgrid-vm 1586369140 2020/04/08 18:05:40 1 4096 3808545 3199943 415442 172 60020 34 25525 0 186513 0 0 2097152 0 0
SEP
MEM simgrid-vm 1586369141 2020/04/08 18:05:41 1 4096 3808545 3199943 415442 172 60018 34 25525 0 186513 0 0 2097152 0 0
SEP
MEM simgrid-vm 1586369142 2020/04/08 18:05:42 1 4096 3808545 3199943 415440 174 60022 34 25525 0 186513 0 0 2097152 0 0
SEP
MEM simgrid-vm 1586369143 2020/04/08 18:05:43 1 4096 3808545 3199955 415444 174 60007 40 25513 0 186513 0 0 2097152 0 0
SEP
MEM simgrid-vm 1586369144 2020/04/08 18:05:44 1 4096 3808545 3199955 415446 174 60007 42 25513 0 186513 0 0 2097152 0 0
SEP
MEM simgrid-vm 1586369145 2020/04/08 18:05:45 1 4096 3808545 3199955 415446 174 60007 36 25513 0 186513 0 0 2097152 0 0
SEP
MEM simgrid-vm 1586369146 2020/04/08 18:05:46 1 4096 3808545 3199955 415446 174 60007 36 25513 0 186513 0 0 2097152 0 0
SEP
MEM simgrid-vm 1586369147 2020/04/08 18:05:47 1 4096 3808545 3199955 415446 174 60007 36 25515 0 186513 0 0 2097152 0 0
SEP
MEM simgrid-vm 1586369148 2020/04/08 18:05:48 1 4096 3808545 3199955 415446 176 60007 43 25515 0 186513 0 0 2097152 0 0
SEP
MEM simgrid-vm 1586369149 2020/04/08 18:05:49 1 4096 3808545 3199955 415448 176 60007 45 25515 0 186513 0 0 2097152 0 0
SEP
MEM simgrid-vm 1586369150 2020/04/08 18:05:50 1 4096 3808545 3199955 415448 176 60008 36 25516 0 186513 0 0 2097152 0 0
SEP
MEM simgrid-vm 1586369151 2020/04/08 18:05:51 1 4096 3808545 3199947 415448 176 60021 36 25525 0 186513 0 0 2097152 0 0
SEP
MEM simgrid-vm 1586369152 2020/04/08 18:05:52 1 4096 3808545 3199947 415450 176 60030 38 25525 0 186513 0 0 2097152 0 0
SEP
MEM simgrid-vm 1586369153 2020/04/08 18:05:53 1 4096 3808545 3199947 415448 178 60023 38 25527 0 186513 0 0 2097152 0 0
SEP
MEM simgrid-vm 1586369154 2020/04/08 18:05:54 1 4096 3808545 3199947 415452 178 60019 43 25527 0 186513 0 0 2097152 0 0
SEP
MEM simgrid-vm 1586369155 2020/04/08 18:05:55 1 4096 3808545 3199935 415452 178 60036 43 25540 0 186513 0 0 2097152 0 0
SEP
MEM simgrid-vm 1586369156 2020/04/08 18:05:56 1 4096 3808545 3199939 415452 178 60023 43 25530 0 186513 0 0 2097152 0 0
SEP
MEM simgrid-vm 1586369157 2020/04/08 18:05:57 1 4096 3808545 3199939 415452 178 60023 43 25530 0 186513 0 0 2097152 0 0
SEP
MEM simgrid-vm 1586369158 2020/04/08 18:05:58 1 4096 3808545 3199939 415452 178 60023 43 25530 0 186513 0 0 2097152 0 0
SEP
MEM simgrid-vm 1586369159 2020/04/08 18:05:59 1 4096 3808545 3199939 415452 180 60023 43 25530 0 186513 0 0 2097152 0 0
SEP
MEM simgrid-vm 1586369160 2020/04/08 18:06:00 1 4096 3808545 3198147 416366 180 60023 41 25530 0 186513 0 0 2097152 0 0
SEP
