RESET
MEM simgrid-vm 1585871515 2020/04/02 23:51:55 12216386 4096 3808545 3433582 187508 79 58195 36 23591 0 180369 0 0 2097152 0 0
SEP
MEM simgrid-vm 1585871516 2020/04/02 23:51:56 1 4096 3808545 3396768 213721 82 58205 48 23646 0 180369 0 0 2097152 0 0
SEP
MEM simgrid-vm 1585871517 2020/04/02 23:51:57 1 4096 3808545 3382488 223085 82 57833 49 23373 0 180369 0 0 2097152 0 0
SEP
MEM simgrid-vm 1585871518 2020/04/02 23:51:58 1 4096 3808545 3358366 241368 86 58023 54 23537 0 180369 0 0 2097152 0 0
SEP
MEM simgrid-vm 1585871519 2020/04/02 23:51:59 1 4096 3808545 3268136 326309 87 58162 56 23649 0 180369 0 0 2097152 0 0
SEP
MEM simgrid-vm 1585871520 2020/04/02 23:52:00 1 4096 3808545 3249994 338002 87 58413 56 23885 0 180369 0 0 2097152 0 0
SEP
MEM simgrid-vm 1585871521 2020/04/02 23:52:01 1 4096 3808545 3237274 345177 94 58755 36 24181 0 180369 0 0 2097152 0 0
SEP
MEM simgrid-vm 1585871522 2020/04/02 23:52:02 1 4096 3808545 3222507 354031 96 59240 55 24607 0 180369 0 0 2097152 0 0
SEP
MEM simgrid-vm 1585871523 2020/04/02 23:52:03 1 4096 3808545 3217708 355252 96 59910 55 25201 0 180369 0 0 2097152 0 0
SEP
MEM simgrid-vm 1585871524 2020/04/02 23:52:04 1 4096 3808545 3172907 380340 96 60169 55 25411 0 180369 0 0 2097152 0 0
SEP
MEM simgrid-vm 1585871525 2020/04/02 23:52:05 1 4096 3808545 3105332 413882 96 60231 55 25493 0 180369 0 0 2097152 0 0
SEP
MEM simgrid-vm 1585871526 2020/04/02 23:52:06 1 4096 3808545 3032715 450491 96 60306 55 25565 0 180369 0 0 2097152 0 0
SEP
MEM simgrid-vm 1585871527 2020/04/02 23:52:07 1 4096 3808545 2995648 467836 98 60341 55 25609 0 180369 0 0 2097152 0 0
SEP
MEM simgrid-vm 1585871528 2020/04/02 23:52:08 1 4096 3808545 2995644 467836 98 60354 55 25616 0 180369 0 0 2097152 0 0
SEP
MEM simgrid-vm 1585871529 2020/04/02 23:52:09 1 4096 3808545 2995640 467838 98 60359 57 25621 0 180369 0 0 2097152 0 0
SEP
MEM simgrid-vm 1585871530 2020/04/02 23:52:10 1 4096 3808545 2995636 467838 98 60366 57 25626 0 180369 0 0 2097152 0 0
SEP
MEM simgrid-vm 1585871531 2020/04/02 23:52:11 1 4096 3808545 2995628 467838 98 60380 57 25637 0 180369 0 0 2097152 0 0
SEP
MEM simgrid-vm 1585871532 2020/04/02 23:52:12 1 4096 3808545 2995593 467840 98 60384 59 25644 0 180369 0 0 2097152 0 0
SEP
MEM simgrid-vm 1585871533 2020/04/02 23:52:13 1 4096 3808545 2995585 467839 100 60397 59 25652 0 180369 0 0 2097152 0 0
SEP
MEM simgrid-vm 1585871534 2020/04/02 23:52:14 1 4096 3808545 2995585 467842 100 60390 61 25653 0 180369 0 0 2097152 0 0
SEP
MEM simgrid-vm 1585871535 2020/04/02 23:52:15 1 4096 3808545 2995585 467844 101 60407 63 25655 0 180369 0 0 2097152 0 0
SEP
MEM simgrid-vm 1585871536 2020/04/02 23:52:16 1 4096 3808545 2995585 467844 101 60399 63 25656 0 180369 0 0 2097152 0 0
SEP
MEM simgrid-vm 1585871537 2020/04/02 23:52:17 1 4096 3808545 2995581 467846 101 60400 59 25660 0 180369 0 0 2097152 0 0
SEP
MEM simgrid-vm 1585871538 2020/04/02 23:52:18 1 4096 3808545 3012067 474820 101 60399 59 25660 0 180369 0 0 2097152 0 0
SEP
MEM simgrid-vm 1585871539 2020/04/02 23:52:19 1 4096 3808545 2995970 478477 103 60436 60 25691 0 180369 0 0 2097152 0 0
SEP
MEM simgrid-vm 1585871540 2020/04/02 23:52:20 1 4096 3808545 2984921 479216 103 60444 62 25692 0 180369 0 0 2097152 0 0
SEP
MEM simgrid-vm 1585871541 2020/04/02 23:52:21 1 4096 3808545 2977775 479216 103 60449 62 25692 0 180369 0 0 2097152 0 0
SEP
MEM simgrid-vm 1585871542 2020/04/02 23:52:22 1 4096 3808545 2976415 479216 103 60436 62 25694 0 180369 0 0 2097152 0 0
SEP
MEM simgrid-vm 1585871543 2020/04/02 23:52:23 1 4096 3808545 2976415 479216 103 60442 62 25695 0 180369 0 0 2097152 0 0
SEP
MEM simgrid-vm 1585871544 2020/04/02 23:52:24 1 4096 3808545 2951131 480967 105 60447 35 25695 0 180369 0 0 2097152 0 0
SEP
MEM simgrid-vm 1585871545 2020/04/02 23:52:25 1 4096 3808545 2928480 481014 105 60445 35 25699 0 180369 0 0 2097152 0 0
SEP
MEM simgrid-vm 1585871546 2020/04/02 23:52:26 1 4096 3808545 2921669 481014 109 60444 28 25700 0 180369 0 0 2097152 0 0
SEP
MEM simgrid-vm 1585871547 2020/04/02 23:52:27 1 4096 3808545 2921607 481016 109 60447 31 25702 0 180369 0 0 2097152 0 0
SEP
MEM simgrid-vm 1585871548 2020/04/02 23:52:28 1 4096 3808545 2921545 481016 109 60452 31 25703 0 180369 0 0 2097152 0 0
SEP
MEM simgrid-vm 1585871549 2020/04/02 23:52:29 1 4096 3808545 2921312 481017 109 60447 32 25706 0 180369 0 0 2097152 0 0
SEP
MEM simgrid-vm 1585871550 2020/04/02 23:52:30 1 4096 3808545 2921250 481029 111 60458 45 25708 0 180369 0 0 2097152 0 0
SEP
MEM simgrid-vm 1585871551 2020/04/02 23:52:31 1 4096 3808545 2921250 481029 111 60450 38 25708 0 180369 0 0 2097152 0 0
SEP
MEM simgrid-vm 1585871552 2020/04/02 23:52:32 1 4096 3808545 2921250 481029 111 60453 38 25709 0 180369 0 0 2097152 0 0
SEP
MEM simgrid-vm 1585871553 2020/04/02 23:52:33 1 4096 3808545 2921200 481033 111 60441 42 25698 0 180369 0 0 2097152 0 0
SEP
MEM simgrid-vm 1585871554 2020/04/02 23:52:34 1 4096 3808545 2921138 481033 111 60443 42 25700 0 180369 0 0 2097152 0 0
SEP
MEM simgrid-vm 1585871555 2020/04/02 23:52:35 1 4096 3808545 2921138 481033 113 60453 45 25700 0 180369 0 0 2097152 0 0
SEP
MEM simgrid-vm 1585871556 2020/04/02 23:52:36 1 4096 3808545 2921107 481033 113 60460 43 25702 0 180369 0 0 2097152 0 0
SEP
MEM simgrid-vm 1585871557 2020/04/02 23:52:37 1 4096 3808545 2921107 481035 113 60457 45 25703 0 180369 0 0 2097152 0 0
SEP
MEM simgrid-vm 1585871558 2020/04/02 23:52:38 1 4096 3808545 2921045 481037 113 60454 47 25703 0 180369 0 0 2097152 0 0
SEP
MEM simgrid-vm 1585871559 2020/04/02 23:52:39 1 4096 3808545 2920990 481037 113 60430 47 25685 0 180369 0 0 2097152 0 0
SEP
MEM simgrid-vm 1585871560 2020/04/02 23:52:40 1 4096 3808545 2920979 481037 113 60433 47 25685 0 180369 0 0 2097152 0 0
SEP
MEM simgrid-vm 1585871561 2020/04/02 23:52:41 1 4096 3808545 2920979 481037 115 60435 43 25685 0 180369 0 0 2097152 0 0
SEP
MEM simgrid-vm 1585871562 2020/04/02 23:52:42 1 4096 3808545 2921006 481037 115 60443 43 25689 0 180369 0 0 2097152 0 0
SEP
MEM simgrid-vm 1585871563 2020/04/02 23:52:43 1 4096 3808545 2921006 481040 116 60443 46 25689 0 180369 0 0 2097152 0 0
SEP
MEM simgrid-vm 1585871564 2020/04/02 23:52:44 1 4096 3808545 2920967 481040 116 60444 46 25697 0 180369 0 0 2097152 0 0
SEP
MEM simgrid-vm 1585871565 2020/04/02 23:52:45 1 4096 3808545 2920963 481040 116 60447 46 25704 0 180369 0 0 2097152 0 0
SEP
MEM simgrid-vm 1585871566 2020/04/02 23:52:46 1 4096 3808545 2920963 481040 118 60452 46 25704 0 180369 0 0 2097152 0 0
SEP
MEM simgrid-vm 1585871567 2020/04/02 23:52:47 1 4096 3808545 2920932 481043 118 60448 49 25704 0 180369 0 0 2097152 0 0
SEP
MEM simgrid-vm 1585871568 2020/04/02 23:52:48 1 4096 3808545 2920901 481043 118 60462 49 25705 0 180369 0 0 2097152 0 0
SEP
MEM simgrid-vm 1585871569 2020/04/02 23:52:49 1 4096 3808545 2920901 481045 118 60447 51 25705 0 180369 0 0 2097152 0 0
SEP
MEM simgrid-vm 1585871570 2020/04/02 23:52:50 1 4096 3808545 2920529 481045 118 60454 51 25705 0 180369 0 0 2097152 0 0
SEP
MEM simgrid-vm 1585871571 2020/04/02 23:52:51 1 4096 3808545 2920583 481045 120 60461 48 25705 0 180369 0 0 2097152 0 0
SEP
MEM simgrid-vm 1585871572 2020/04/02 23:52:52 1 4096 3808545 2920579 481045 120 60459 48 25705 0 180369 0 0 2097152 0 0
SEP
MEM simgrid-vm 1585871573 2020/04/02 23:52:53 1 4096 3808545 2920575 481045 120 60462 48 25709 0 180369 0 0 2097152 0 0
SEP
MEM simgrid-vm 1585871574 2020/04/02 23:52:54 1 4096 3808545 2920571 481047 120 60473 50 25713 0 180369 0 0 2097152 0 0
SEP
MEM simgrid-vm 1585871575 2020/04/02 23:52:55 1 4096 3808545 2913923 481049 120 60467 52 25713 0 180369 0 0 2097152 0 0
SEP
MEM simgrid-vm 1585871576 2020/04/02 23:52:56 1 4096 3808545 2913939 481049 120 60457 17 25697 0 180369 0 0 2097152 0 0
SEP
MEM simgrid-vm 1585871577 2020/04/02 23:52:57 1 4096 3808545 2913908 481049 122 60462 22 25697 0 180369 0 0 2097152 0 0
SEP
MEM simgrid-vm 1585871578 2020/04/02 23:52:58 1 4096 3808545 2913877 481049 122 60459 22 25697 0 180369 0 0 2097152 0 0
SEP
MEM simgrid-vm 1585871579 2020/04/02 23:52:59 1 4096 3808545 2913877 481051 122 60447 24 25699 0 180369 0 0 2097152 0 0
SEP
MEM simgrid-vm 1585871580 2020/04/02 23:53:00 1 4096 3808545 2913533 481051 122 60466 24 25706 0 180369 0 0 2097152 0 0
SEP
MEM simgrid-vm 1585871581 2020/04/02 23:53:01 1 4096 3808545 2913561 481055 122 60460 24 25706 0 180369 0 0 2097152 0 0
SEP
MEM simgrid-vm 1585871582 2020/04/02 23:53:02 1 4096 3808545 2913549 481056 124 60465 29 25718 0 180369 0 0 2097152 0 0
SEP
MEM simgrid-vm 1585871583 2020/04/02 23:53:03 1 4096 3808545 2913545 481056 124 60471 29 25723 0 180369 0 0 2097152 0 0
SEP
MEM simgrid-vm 1585871584 2020/04/02 23:53:04 1 4096 3808545 2913565 481056 124 60450 29 25703 0 180369 0 0 2097152 0 0
SEP
MEM simgrid-vm 1585871585 2020/04/02 23:53:05 1 4096 3808545 2913565 481058 124 60450 32 25703 0 180369 0 0 2097152 0 0
SEP
MEM simgrid-vm 1585871586 2020/04/02 23:53:06 1 4096 3808545 2913565 481058 124 60452 30 25705 0 180369 0 0 2097152 0 0
SEP
MEM simgrid-vm 1585871587 2020/04/02 23:53:07 1 4096 3808545 2913565 481056 126 60448 30 25705 0 180369 0 0 2097152 0 0
SEP
MEM simgrid-vm 1585871588 2020/04/02 23:53:08 1 4096 3808545 2913565 481058 126 60453 33 25705 0 180369 0 0 2097152 0 0
SEP
MEM simgrid-vm 1585871589 2020/04/02 23:53:09 1 4096 3808545 2913565 481060 126 60448 35 25705 0 180369 0 0 2097152 0 0
SEP
MEM simgrid-vm 1585871590 2020/04/02 23:53:10 1 4096 3808545 2913561 481062 126 60455 37 25711 0 180369 0 0 2097152 0 0
SEP
MEM simgrid-vm 1585871591 2020/04/02 23:53:11 1 4096 3808545 2913328 481064 126 60460 39 25712 0 180369 0 0 2097152 0 0
SEP
MEM simgrid-vm 1585871592 2020/04/02 23:53:12 1 4096 3808545 2913316 481064 126 60469 39 25726 0 180369 0 0 2097152 0 0
SEP
MEM simgrid-vm 1585871593 2020/04/02 23:53:13 1 4096 3808545 2913316 481064 128 60480 40 25726 0 180369 0 0 2097152 0 0
SEP
MEM simgrid-vm 1585871594 2020/04/02 23:53:14 1 4096 3808545 2913316 481064 128 60480 40 25726 0 180369 0 0 2097152 0 0
SEP
MEM simgrid-vm 1585871595 2020/04/02 23:53:15 1 4096 3808545 2913304 481064 128 60492 40 25740 0 180369 0 0 2097152 0 0
SEP
MEM simgrid-vm 1585871596 2020/04/02 23:53:16 1 4096 3808545 2913304 481064 128 60490 37 25740 0 180369 0 0 2097152 0 0
SEP
MEM simgrid-vm 1585871597 2020/04/02 23:53:17 1 4096 3808545 2913324 481070 128 60465 43 25720 0 180369 0 0 2097152 0 0
SEP
MEM simgrid-vm 1585871598 2020/04/02 23:53:18 1 4096 3808545 2913289 481072 130 60479 47 25721 0 180369 0 0 2097152 0 0
SEP
MEM simgrid-vm 1585871599 2020/04/02 23:53:19 1 4096 3808545 2913289 481072 130 60447 47 25698 0 180369 0 0 2097152 0 0
SEP
MEM simgrid-vm 1585871600 2020/04/02 23:53:20 1 4096 3808545 2913293 481072 130 60440 47 25698 0 180369 0 0 2097152 0 0
SEP
MEM simgrid-vm 1585871601 2020/04/02 23:53:21 1 4096 3808545 2912951 481074 130 60450 44 25698 0 180369 0 0 2097152 0 0
SEP
MEM simgrid-vm 1585871602 2020/04/02 23:53:22 1 4096 3808545 2912944 481076 130 60432 46 25675 0 180369 0 0 2097152 0 0
SEP
MEM simgrid-vm 1585871603 2020/04/02 23:53:23 1 4096 3808545 2912913 481080 132 60440 53 25677 0 180369 0 0 2097152 0 0
SEP
MEM simgrid-vm 1585871604 2020/04/02 23:53:24 1 4096 3808545 2912913 481084 132 60442 57 25678 0 180369 0 0 2097152 0 0
SEP
MEM simgrid-vm 1585871605 2020/04/02 23:53:25 1 4096 3808545 2912882 481084 132 60433 57 25680 0 180369 0 0 2097152 0 0
SEP
MEM simgrid-vm 1585871606 2020/04/02 23:53:26 1 4096 3808545 2912882 481084 132 60444 55 25681 0 180369 0 0 2097152 0 0
SEP
MEM simgrid-vm 1585871607 2020/04/02 23:53:27 1 4096 3808545 2912882 481084 132 60441 55 25681 0 180369 0 0 2097152 0 0
SEP
MEM simgrid-vm 1585871608 2020/04/02 23:53:28 1 4096 3808545 2912882 481084 134 60441 56 25681 0 180369 0 0 2097152 0 0
SEP
MEM simgrid-vm 1585871609 2020/04/02 23:53:29 1 4096 3808545 2912882 481084 134 60429 56 25682 0 180369 0 0 2097152 0 0
SEP
MEM simgrid-vm 1585871610 2020/04/02 23:53:30 1 4096 3808545 2912874 481084 134 60438 56 25691 0 180369 0 0 2097152 0 0
SEP
MEM simgrid-vm 1585871611 2020/04/02 23:53:31 1 4096 3808545 2912870 481088 134 60427 31 25680 0 180369 0 0 2097152 0 0
SEP
MEM simgrid-vm 1585871612 2020/04/02 23:53:32 1 4096 3808545 2912870 481088 134 60443 31 25682 0 180369 0 0 2097152 0 0
SEP
MEM simgrid-vm 1585871613 2020/04/02 23:53:33 1 4096 3808545 2912870 481090 136 60450 40 25683 0 180369 0 0 2097152 0 0
SEP
MEM simgrid-vm 1585871614 2020/04/02 23:53:34 1 4096 3808545 2912870 481092 136 60433 42 25685 0 180369 0 0 2097152 0 0
SEP
MEM simgrid-vm 1585871615 2020/04/02 23:53:35 1 4096 3808545 2912870 481093 136 60436 43 25687 0 180369 0 0 2097152 0 0
SEP
MEM simgrid-vm 1585871616 2020/04/02 23:53:36 1 4096 3808545 2912866 481095 136 60439 39 25692 0 180369 0 0 2097152 0 0
SEP
MEM simgrid-vm 1585871617 2020/04/02 23:53:37 1 4096 3808545 2912862 481097 136 60443 42 25696 0 180369 0 0 2097152 0 0
SEP
MEM simgrid-vm 1585871618 2020/04/02 23:53:38 1 4096 3808545 2912862 481097 138 60443 49 25696 0 180369 0 0 2097152 0 0
SEP
MEM simgrid-vm 1585871619 2020/04/02 23:53:39 1 4096 3808545 2912858 481099 138 60451 51 25700 0 180369 0 0 2097152 0 0
SEP
MEM simgrid-vm 1585871620 2020/04/02 23:53:40 1 4096 3808545 2912858 481101 138 60449 53 25700 0 180369 0 0 2097152 0 0
SEP
MEM simgrid-vm 1585871621 2020/04/02 23:53:41 1 4096 3808545 2912814 481103 138 60450 45 25704 0 180369 0 0 2097152 0 0
SEP
MEM simgrid-vm 1585871622 2020/04/02 23:53:42 1 4096 3808545 2912820 481103 138 60450 45 25704 0 180369 0 0 2097152 0 0
SEP
MEM simgrid-vm 1585871623 2020/04/02 23:53:43 1 4096 3808545 2912820 481103 140 60455 52 25705 0 180369 0 0 2097152 0 0
SEP
MEM simgrid-vm 1585871624 2020/04/02 23:53:44 1 4096 3808545 2912816 481103 140 60461 52 25711 0 180369 0 0 2097152 0 0
SEP
MEM simgrid-vm 1585871625 2020/04/02 23:53:45 1 4096 3808545 2912804 481103 140 60480 52 25722 0 180369 0 0 2097152 0 0
SEP
MEM simgrid-vm 1585871626 2020/04/02 23:53:46 1 4096 3808545 2912812 481103 140 60466 52 25723 0 180369 0 0 2097152 0 0
SEP
MEM simgrid-vm 1585871627 2020/04/02 23:53:47 1 4096 3808545 2912808 481103 140 60451 52 25705 0 180369 0 0 2097152 0 0
SEP
MEM simgrid-vm 1585871628 2020/04/02 23:53:48 1 4096 3808545 2912800 481103 140 60466 52 25713 0 180369 0 0 2097152 0 0
SEP
MEM simgrid-vm 1585871629 2020/04/02 23:53:49 1 4096 3808545 2912812 481105 142 60442 54 25701 0 180369 0 0 2097152 0 0
SEP
MEM simgrid-vm 1585871630 2020/04/02 23:53:50 1 4096 3808545 2912812 481107 142 60442 56 25701 0 180369 0 0 2097152 0 0
SEP
MEM simgrid-vm 1585871631 2020/04/02 23:53:51 1 4096 3808545 2912796 481107 142 60453 46 25701 0 180369 0 0 2097152 0 0
SEP
MEM simgrid-vm 1585871632 2020/04/02 23:53:52 1 4096 3808545 2912839 481107 142 60446 46 25701 0 180369 0 0 2097152 0 0
SEP
MEM simgrid-vm 1585871633 2020/04/02 23:53:53 1 4096 3808545 2912839 481109 142 60444 48 25702 0 180369 0 0 2097152 0 0
SEP
MEM simgrid-vm 1585871634 2020/04/02 23:53:54 1 4096 3808545 2912839 481111 144 60451 53 25702 0 180369 0 0 2097152 0 0
SEP
MEM simgrid-vm 1585871635 2020/04/02 23:53:55 1 4096 3808545 2912839 481111 144 60450 53 25702 0 180369 0 0 2097152 0 0
SEP
MEM simgrid-vm 1585871636 2020/04/02 23:53:56 1 4096 3808545 2912839 481113 144 60448 47 25703 0 180369 0 0 2097152 0 0
SEP
MEM simgrid-vm 1585871637 2020/04/02 23:53:57 1 4096 3808545 2912839 481113 144 60447 47 25703 0 180369 0 0 2097152 0 0
SEP
MEM simgrid-vm 1585871638 2020/04/02 23:53:58 1 4096 3808545 2912839 481113 144 60450 47 25704 0 180369 0 0 2097152 0 0
SEP
MEM simgrid-vm 1585871639 2020/04/02 23:53:59 1 4096 3808545 2912808 481115 146 60449 50 25706 0 180369 0 0 2097152 0 0
SEP
MEM simgrid-vm 1585871640 2020/04/02 23:54:00 1 4096 3808545 2912808 481115 146 60449 50 25706 0 180369 0 0 2097152 0 0
SEP
MEM simgrid-vm 1585871641 2020/04/02 23:54:01 1 4096 3808545 2912808 481117 146 60456 50 25706 0 180369 0 0 2097152 0 0
SEP
MEM simgrid-vm 1585871642 2020/04/02 23:54:02 1 4096 3808545 2912764 481121 146 60460 55 25707 0 180369 0 0 2097152 0 0
SEP
MEM simgrid-vm 1585871643 2020/04/02 23:54:03 1 4096 3808545 2912761 481121 146 60452 55 25708 0 180369 0 0 2097152 0 0
SEP
MEM simgrid-vm 1585871644 2020/04/02 23:54:04 1 4096 3808545 2912761 481121 148 60460 56 25711 0 180369 0 0 2097152 0 0
SEP
MEM simgrid-vm 1585871645 2020/04/02 23:54:05 1 4096 3808545 2912761 481121 148 60457 56 25713 0 180369 0 0 2097152 0 0
SEP
MEM simgrid-vm 1585871646 2020/04/02 23:54:06 1 4096 3808545 2912761 481123 148 60465 26 25713 0 180369 0 0 2097152 0 0
SEP
MEM simgrid-vm 1585871647 2020/04/02 23:54:07 1 4096 3808545 2912753 481125 148 60465 28 25718 0 180369 0 0 2097152 0 0
SEP
MEM simgrid-vm 1585871648 2020/04/02 23:54:08 1 4096 3808545 2912749 481126 148 60476 29 25725 0 180369 0 0 2097152 0 0
SEP
MEM simgrid-vm 1585871649 2020/04/02 23:54:09 1 4096 3808545 2912745 481128 150 60491 43 25730 0 180369 0 0 2097152 0 0
SEP
MEM simgrid-vm 1585871650 2020/04/02 23:54:10 1 4096 3808545 2912729 481128 150 60497 43 25746 0 180369 0 0 2097152 0 0
SEP
MEM simgrid-vm 1585871651 2020/04/02 23:54:11 1 4096 3808545 2912733 481128 150 60476 31 25725 0 180369 0 0 2097152 0 0
SEP
MEM simgrid-vm 1585871652 2020/04/02 23:54:12 1 4096 3808545 2912733 481132 150 60480 36 25725 0 180369 0 0 2097152 0 0
SEP
MEM simgrid-vm 1585871653 2020/04/02 23:54:13 1 4096 3808545 2912733 481132 150 60473 36 25725 0 180369 0 0 2097152 0 0
SEP
MEM simgrid-vm 1585871654 2020/04/02 23:54:14 1 4096 3808545 2912733 481132 152 60474 40 25726 0 180369 0 0 2097152 0 0
SEP
MEM simgrid-vm 1585871655 2020/04/02 23:54:15 1 4096 3808545 2912725 481132 152 60482 40 25734 0 180369 0 0 2097152 0 0
SEP
MEM simgrid-vm 1585871656 2020/04/02 23:54:16 1 4096 3808545 2912748 481134 152 60478 42 25727 0 180369 0 0 2097152 0 0
SEP
MEM simgrid-vm 1585871657 2020/04/02 23:54:17 1 4096 3808545 2912768 481134 152 60456 42 25707 0 180369 0 0 2097152 0 0
SEP
MEM simgrid-vm 1585871658 2020/04/02 23:54:18 1 4096 3808545 2912768 481134 152 60469 42 25707 0 180369 0 0 2097152 0 0
SEP
MEM simgrid-vm 1585871659 2020/04/02 23:54:19 1 4096 3808545 2912796 481134 154 60443 42 25679 0 180369 0 0 2097152 0 0
SEP
MEM simgrid-vm 1585871660 2020/04/02 23:54:20 1 4096 3808545 2912796 481134 154 60429 42 25680 0 180369 0 0 2097152 0 0
SEP
MEM simgrid-vm 1585871661 2020/04/02 23:54:21 1 4096 3808545 2912796 481134 154 60429 38 25680 0 180369 0 0 2097152 0 0
SEP
MEM simgrid-vm 1585871662 2020/04/02 23:54:22 1 4096 3808545 2912796 481134 154 60437 38 25683 0 180369 0 0 2097152 0 0
SEP
MEM simgrid-vm 1585871663 2020/04/02 23:54:23 1 4096 3808545 2912796 481134 154 60432 38 25683 0 180369 0 0 2097152 0 0
SEP
MEM simgrid-vm 1585871664 2020/04/02 23:54:24 1 4096 3808545 2912796 481136 156 60436 41 25683 0 180369 0 0 2097152 0 0
SEP
MEM simgrid-vm 1585871665 2020/04/02 23:54:25 1 4096 3808545 2912796 481138 156 60433 43 25683 0 180369 0 0 2097152 0 0
SEP
MEM simgrid-vm 1585871666 2020/04/02 23:54:26 1 4096 3808545 2912796 481140 156 60437 44 25687 0 180369 0 0 2097152 0 0
SEP
MEM simgrid-vm 1585871667 2020/04/02 23:54:27 1 4096 3808545 2912796 481140 156 60450 44 25688 0 180369 0 0 2097152 0 0
SEP
MEM simgrid-vm 1585871668 2020/04/02 23:54:28 1 4096 3808545 2912796 481140 156 60459 44 25690 0 180369 0 0 2097152 0 0
SEP
MEM simgrid-vm 1585871669 2020/04/02 23:54:29 1 4096 3808545 2912796 481140 158 60463 47 25690 0 180369 0 0 2097152 0 0
SEP
MEM simgrid-vm 1585871670 2020/04/02 23:54:30 1 4096 3808545 2912796 481140 158 60466 47 25693 0 180369 0 0 2097152 0 0
SEP
MEM simgrid-vm 1585871671 2020/04/02 23:54:31 1 4096 3808545 2912796 481140 158 60453 43 25693 0 180369 0 0 2097152 0 0
SEP
MEM simgrid-vm 1585871672 2020/04/02 23:54:32 1 4096 3808545 2912796 481140 158 60448 43 25693 0 180369 0 0 2097152 0 0
SEP
MEM simgrid-vm 1585871673 2020/04/02 23:54:33 1 4096 3808545 2912796 481140 158 60448 43 25693 0 180369 0 0 2097152 0 0
SEP
MEM simgrid-vm 1585871674 2020/04/02 23:54:34 1 4096 3808545 2912796 481140 158 60450 43 25694 0 180369 0 0 2097152 0 0
SEP
MEM simgrid-vm 1585871675 2020/04/02 23:54:35 1 4096 3808545 2912792 481142 160 60452 46 25694 0 180369 0 0 2097152 0 0
SEP
MEM simgrid-vm 1585871676 2020/04/02 23:54:36 1 4096 3808545 2912792 481142 160 60453 37 25695 0 180369 0 0 2097152 0 0
SEP
MEM simgrid-vm 1585871677 2020/04/02 23:54:37 1 4096 3808545 2912796 481142 160 60447 37 25699 0 180369 0 0 2097152 0 0
SEP
MEM simgrid-vm 1585871678 2020/04/02 23:54:38 1 4096 3808545 2912796 481142 160 60462 37 25699 0 180369 0 0 2097152 0 0
SEP
MEM simgrid-vm 1585871679 2020/04/02 23:54:39 1 4096 3808545 2912796 481142 160 60462 37 25701 0 180369 0 0 2097152 0 0
SEP
MEM simgrid-vm 1585871680 2020/04/02 23:54:40 1 4096 3808545 2912812 481146 162 60428 45 25673 0 180369 0 0 2097152 0 0
SEP
MEM simgrid-vm 1585871681 2020/04/02 23:54:41 1 4096 3808545 2912812 481147 162 60427 18 25673 0 180369 0 0 2097152 0 0
SEP
MEM simgrid-vm 1585871682 2020/04/02 23:54:42 1 4096 3808545 2912812 481147 162 60426 18 25673 0 180369 0 0 2097152 0 0
SEP
MEM simgrid-vm 1585871683 2020/04/02 23:54:43 1 4096 3808545 2912812 481147 162 60424 18 25673 0 180369 0 0 2097152 0 0
SEP
MEM simgrid-vm 1585871684 2020/04/02 23:54:44 1 4096 3808545 2912812 481149 162 60424 21 25673 0 180369 0 0 2097152 0 0
SEP
MEM simgrid-vm 1585871685 2020/04/02 23:54:45 1 4096 3808545 2912812 481147 164 60433 21 25673 0 180369 0 0 2097152 0 0
SEP
MEM simgrid-vm 1585871686 2020/04/02 23:54:46 1 4096 3808545 2912812 481149 164 60440 22 25673 0 180369 0 0 2097152 0 0
SEP
MEM simgrid-vm 1585871687 2020/04/02 23:54:47 1 4096 3808545 2912812 481149 164 60442 23 25673 0 180369 0 0 2097152 0 0
SEP
MEM simgrid-vm 1585871688 2020/04/02 23:54:48 1 4096 3808545 2912812 481153 164 60433 27 25675 0 180369 0 0 2097152 0 0
SEP
MEM simgrid-vm 1585871689 2020/04/02 23:54:49 1 4096 3808545 2912808 481153 164 60449 27 25681 0 180369 0 0 2097152 0 0
SEP
MEM simgrid-vm 1585871690 2020/04/02 23:54:50 1 4096 3808545 2912804 481153 164 60438 27 25685 0 180369 0 0 2097152 0 0
SEP
MEM simgrid-vm 1585871691 2020/04/02 23:54:51 1 4096 3808545 2912804 481157 166 60446 36 25687 0 180369 0 0 2097152 0 0
SEP
MEM simgrid-vm 1585871692 2020/04/02 23:54:52 1 4096 3808545 2912804 481157 166 60445 36 25689 0 180369 0 0 2097152 0 0
SEP
MEM simgrid-vm 1585871693 2020/04/02 23:54:53 1 4096 3808545 2912773 481157 166 60452 36 25689 0 180369 0 0 2097152 0 0
SEP
MEM simgrid-vm 1585871694 2020/04/02 23:54:54 1 4096 3808545 2912765 481157 166 60451 36 25699 0 180369 0 0 2097152 0 0
SEP
MEM simgrid-vm 1585871695 2020/04/02 23:54:55 1 4096 3808545 2912765 481159 166 60451 38 25699 0 180369 0 0 2097152 0 0
SEP
MEM simgrid-vm 1585871696 2020/04/02 23:54:56 1 4096 3808545 2912765 481159 168 60455 29 25699 0 180369 0 0 2097152 0 0
SEP
MEM simgrid-vm 1585871697 2020/04/02 23:54:57 1 4096 3808545 2912761 481163 168 60453 33 25703 0 180369 0 0 2097152 0 0
SEP
MEM simgrid-vm 1585871698 2020/04/02 23:54:58 1 4096 3808545 2912761 481163 168 60456 33 25706 0 180369 0 0 2097152 0 0
SEP
MEM simgrid-vm 1585871699 2020/04/02 23:54:59 1 4096 3808545 2912749 481165 168 60480 35 25718 0 180369 0 0 2097152 0 0
SEP
MEM simgrid-vm 1585871700 2020/04/02 23:55:00 1 4096 3808545 2912749 481165 168 60478 35 25718 0 180369 0 0 2097152 0 0
SEP
MEM simgrid-vm 1585871701 2020/04/02 23:55:01 1 4096 3808545 2912741 481165 170 60486 39 25722 0 180369 0 0 2097152 0 0
SEP
MEM simgrid-vm 1585871702 2020/04/02 23:55:02 1 4096 3808545 2912733 481169 170 60491 43 25732 0 180369 0 0 2097152 0 0
SEP
MEM simgrid-vm 1585871703 2020/04/02 23:55:03 1 4096 3808545 2912737 481175 170 60495 50 25732 0 180369 0 0 2097152 0 0
SEP
MEM simgrid-vm 1585871704 2020/04/02 23:55:04 1 4096 3808545 2912753 481175 170 60471 50 25716 0 180369 0 0 2097152 0 0
SEP
MEM simgrid-vm 1585871705 2020/04/02 23:55:05 1 4096 3808545 2912753 481175 170 60472 50 25717 0 180369 0 0 2097152 0 0
SEP
MEM simgrid-vm 1585871706 2020/04/02 23:55:06 1 4096 3808545 2912753 481175 170 60474 48 25719 0 180369 0 0 2097152 0 0
SEP
MEM simgrid-vm 1585871707 2020/04/02 23:55:07 1 4096 3808545 2912753 481173 172 60475 48 25719 0 180369 0 0 2097152 0 0
SEP
MEM simgrid-vm 1585871708 2020/04/02 23:55:08 1 4096 3808545 2912753 481175 172 60474 50 25719 0 180369 0 0 2097152 0 0
SEP
MEM simgrid-vm 1585871709 2020/04/02 23:55:09 1 4096 3808545 2912753 481175 172 60466 50 25704 0 180369 0 0 2097152 0 0
SEP
MEM simgrid-vm 1585871710 2020/04/02 23:55:10 1 4096 3808545 2912753 481177 172 60462 52 25704 0 180369 0 0 2097152 0 0
SEP
MEM simgrid-vm 1585871711 2020/04/02 23:55:11 1 4096 3808545 2912753 481177 172 60464 49 25704 0 180369 0 0 2097152 0 0
SEP
MEM simgrid-vm 1585871712 2020/04/02 23:55:12 1 4096 3808545 2912753 481179 172 60462 51 25704 0 180369 0 0 2097152 0 0
SEP
MEM simgrid-vm 1585871713 2020/04/02 23:55:13 1 4096 3808545 2912753 481179 174 60460 54 25704 0 180369 0 0 2097152 0 0
SEP
MEM simgrid-vm 1585871714 2020/04/02 23:55:14 1 4096 3808545 2912753 481186 174 60474 61 25704 0 180369 0 0 2097152 0 0
SEP
MEM simgrid-vm 1585871715 2020/04/02 23:55:15 1 4096 3808545 2912753 481188 174 60464 63 25704 0 180369 0 0 2097152 0 0
SEP
MEM simgrid-vm 1585871716 2020/04/02 23:55:16 1 4096 3808545 2912753 481188 174 60472 41 25704 0 180369 0 0 2097152 0 0
SEP
MEM simgrid-vm 1585871717 2020/04/02 23:55:17 1 4096 3808545 2912753 481188 174 60463 41 25704 0 180369 0 0 2097152 0 0
SEP
MEM simgrid-vm 1585871718 2020/04/02 23:55:18 1 4096 3808545 2912749 481188 176 60470 46 25708 0 180369 0 0 2097152 0 0
SEP
MEM simgrid-vm 1585871719 2020/04/02 23:55:19 1 4096 3808545 2912749 481192 176 60460 50 25701 0 180369 0 0 2097152 0 0
SEP
MEM simgrid-vm 1585871720 2020/04/02 23:55:20 1 4096 3808545 2912718 481194 176 60460 52 25701 0 180369 0 0 2097152 0 0
SEP
MEM simgrid-vm 1585871721 2020/04/02 23:55:21 1 4096 3808545 2912714 481194 176 60469 38 25705 0 180369 0 0 2097152 0 0
SEP
MEM simgrid-vm 1585871722 2020/04/02 23:55:22 1 4096 3808545 2912714 481194 176 60465 39 25705 0 180369 0 0 2097152 0 0
SEP
MEM simgrid-vm 1585871723 2020/04/02 23:55:23 1 4096 3808545 2912722 481194 178 60457 50 25698 0 180369 0 0 2097152 0 0
SEP
MEM simgrid-vm 1585871724 2020/04/02 23:55:24 1 4096 3808545 2912722 481194 178 60466 51 25702 0 180369 0 0 2097152 0 0
SEP
MEM simgrid-vm 1585871725 2020/04/02 23:55:25 1 4096 3808545 2912722 481194 178 60462 51 25704 0 180369 0 0 2097152 0 0
SEP
MEM simgrid-vm 1585871726 2020/04/02 23:55:26 1 4096 3808545 2912722 481198 178 60463 55 25704 0 180369 0 0 2097152 0 0
SEP
MEM simgrid-vm 1585871727 2020/04/02 23:55:27 1 4096 3808545 2912722 481198 178 60469 55 25708 0 180369 0 0 2097152 0 0
SEP
MEM simgrid-vm 1585871728 2020/04/02 23:55:28 1 4096 3808545 2912722 481200 178 60472 57 25708 0 180369 0 0 2097152 0 0
SEP
MEM simgrid-vm 1585871729 2020/04/02 23:55:29 1 4096 3808545 2912722 481200 180 60467 57 25708 0 180369 0 0 2097152 0 0
SEP
MEM simgrid-vm 1585871730 2020/04/02 23:55:30 1 4096 3808545 2912718 481200 180 60479 57 25708 0 180369 0 0 2097152 0 0
SEP
MEM simgrid-vm 1585871731 2020/04/02 23:55:31 1 4096 3808545 2912714 481200 180 60482 47 25714 0 180369 0 0 2097152 0 0
SEP
MEM simgrid-vm 1585871732 2020/04/02 23:55:32 1 4096 3808545 2912706 481202 180 60489 49 25719 0 180369 0 0 2097152 0 0
SEP
MEM simgrid-vm 1585871733 2020/04/02 23:55:33 1 4096 3808545 2912665 481204 180 60494 51 25725 0 180369 0 0 2097152 0 0
SEP
MEM simgrid-vm 1585871734 2020/04/02 23:55:34 1 4096 3808545 2912692 481206 182 60505 55 25731 0 180369 0 0 2097152 0 0
SEP
MEM simgrid-vm 1585871735 2020/04/02 23:55:35 1 4096 3808545 2912700 481206 182 60493 55 25731 0 180369 0 0 2097152 0 0
SEP
MEM simgrid-vm 1585871736 2020/04/02 23:55:36 1 4096 3808545 2912700 481208 182 60499 44 25732 0 180369 0 0 2097152 0 0
SEP
MEM simgrid-vm 1585871737 2020/04/02 23:55:37 1 4096 3808545 2912700 481208 182 60478 44 25716 0 180369 0 0 2097152 0 0
SEP
MEM simgrid-vm 1585871738 2020/04/02 23:55:38 1 4096 3808545 2912716 481210 182 60467 46 25700 0 180369 0 0 2097152 0 0
SEP
MEM simgrid-vm 1585871739 2020/04/02 23:55:39 1 4096 3808545 2912716 481210 184 60462 50 25700 0 180369 0 0 2097152 0 0
SEP
MEM simgrid-vm 1585871740 2020/04/02 23:55:40 1 4096 3808545 2912716 481210 184 60462 50 25700 0 180369 0 0 2097152 0 0
SEP
MEM simgrid-vm 1585871741 2020/04/02 23:55:41 1 4096 3808545 2912716 481212 184 60467 50 25700 0 180369 0 0 2097152 0 0
SEP
MEM simgrid-vm 1585871742 2020/04/02 23:55:42 1 4096 3808545 2912716 481212 184 60469 50 25701 0 180369 0 0 2097152 0 0
SEP
MEM simgrid-vm 1585871743 2020/04/02 23:55:43 1 4096 3808545 2912716 481212 184 60470 50 25703 0 180369 0 0 2097152 0 0
SEP
MEM simgrid-vm 1585871744 2020/04/02 23:55:44 1 4096 3808545 2912716 481212 186 60470 51 25705 0 180369 0 0 2097152 0 0
SEP
MEM simgrid-vm 1585871745 2020/04/02 23:55:45 1 4096 3808545 2912716 481214 186 60477 53 25705 0 180369 0 0 2097152 0 0
SEP
MEM simgrid-vm 1585871746 2020/04/02 23:55:46 1 4096 3808545 2912716 481216 186 60469 41 25706 0 180369 0 0 2097152 0 0
SEP
MEM simgrid-vm 1585871747 2020/04/02 23:55:47 1 4096 3808545 2912716 481217 186 60481 42 25706 0 180369 0 0 2097152 0 0
SEP
MEM simgrid-vm 1585871748 2020/04/02 23:55:48 1 4096 3808545 2912716 481217 186 60472 42 25708 0 180369 0 0 2097152 0 0
SEP
MEM simgrid-vm 1585871749 2020/04/02 23:55:49 1 4096 3808545 3129718 481218 188 60431 54 25708 0 180369 0 0 2097152 0 0
SEP
MEM simgrid-vm 1585871750 2020/04/02 23:55:50 1 4096 3808545 3133777 481217 188 60403 54 25708 0 180369 0 0 2097152 0 0
SEP
MEM simgrid-vm 1585871751 2020/04/02 23:55:51 1 4096 3808545 3133774 481225 188 60408 25 25708 0 180369 0 0 2097152 0 0
SEP
MEM simgrid-vm 1585871752 2020/04/02 23:55:52 1 4096 3808545 3133774 481225 188 60400 25 25708 0 180369 0 0 2097152 0 0
SEP
MEM simgrid-vm 1585871753 2020/04/02 23:55:53 1 4096 3808545 3133774 481225 188 60413 25 25708 0 180369 0 0 2097152 0 0
SEP
MEM simgrid-vm 1585871754 2020/04/02 23:55:54 1 4096 3808545 3133772 481224 190 60405 25 25715 0 180369 0 0 2097152 0 0
SEP
MEM simgrid-vm 1585871755 2020/04/02 23:55:55 1 4096 3808545 3133780 481226 190 60400 27 25706 0 180369 0 0 2097152 0 0
SEP
MEM simgrid-vm 1585871756 2020/04/02 23:55:56 1 4096 3808545 3133788 481229 190 60386 31 25680 0 180369 0 0 2097152 0 0
SEP
MEM simgrid-vm 1585871757 2020/04/02 23:55:57 1 4096 3808545 3133788 481229 190 60379 32 25680 0 180369 0 0 2097152 0 0
SEP
MEM simgrid-vm 1585871758 2020/04/02 23:55:58 1 4096 3808545 3133784 481229 190 60393 32 25680 0 180369 0 0 2097152 0 0
SEP
MEM simgrid-vm 1585871759 2020/04/02 23:55:59 1 4096 3808545 3133784 481231 190 60378 34 25680 0 180369 0 0 2097152 0 0
SEP
MEM simgrid-vm 1585871760 2020/04/02 23:56:00 1 4096 3808545 3133827 481231 192 60343 38 25680 0 180369 0 0 2097152 0 0
SEP
MEM simgrid-vm 1585871761 2020/04/02 23:56:01 1 4096 3808545 3133827 481231 192 60343 38 25680 0 180369 0 0 2097152 0 0
SEP
MEM simgrid-vm 1585871762 2020/04/02 23:56:02 1 4096 3808545 3133183 481590 192 60333 39 25680 0 180369 0 0 2097152 0 0
SEP
MEM simgrid-vm 1585871763 2020/04/02 23:56:03 1 4096 3808545 3125708 485653 192 60517 40 25823 0 180377 0 0 2097152 0 0
SEP
