RESET
MEM simgrid-vm 1585872411 2020/04/03 00:06:51 12217282 4096 3808545 3433674 187358 73 58148 42 23652 0 180369 0 0 2097152 0 0
SEP
MEM simgrid-vm 1585872412 2020/04/03 00:06:52 1 4096 3808545 3396135 214524 76 58181 58 23732 0 180369 0 0 2097152 0 0
SEP
MEM simgrid-vm 1585872413 2020/04/03 00:06:53 1 4096 3808545 3379215 225516 76 58198 63 23736 0 180369 0 0 2097152 0 0
SEP
MEM simgrid-vm 1585872414 2020/04/03 00:06:54 1 4096 3808545 3347720 250793 78 58200 63 23711 0 180369 0 0 2097152 0 0
SEP
MEM simgrid-vm 1585872415 2020/04/03 00:06:55 1 4096 3808545 3264900 327748 79 58234 34 23731 0 180369 0 0 2097152 0 0
SEP
MEM simgrid-vm 1585872416 2020/04/03 00:06:56 1 4096 3808545 3242243 344020 79 58490 40 23963 0 180369 0 0 2097152 0 0
SEP
MEM simgrid-vm 1585872417 2020/04/03 00:06:57 1 4096 3808545 3233363 346527 81 58760 40 24258 0 180369 0 0 2097152 0 0
SEP
MEM simgrid-vm 1585872418 2020/04/03 00:06:58 1 4096 3808545 3220767 354693 81 59389 51 24851 0 180369 0 0 2097152 0 0
SEP
MEM simgrid-vm 1585872419 2020/04/03 00:06:59 1 4096 3808545 3211556 357576 81 59885 51 25248 0 180369 0 0 2097152 0 0
SEP
MEM simgrid-vm 1585872420 2020/04/03 00:07:00 1 4096 3808545 3136145 398627 81 60065 51 25412 0 180369 0 0 2097152 0 0
SEP
MEM simgrid-vm 1585872421 2020/04/03 00:07:01 1 4096 3808545 3064593 434141 81 60158 51 25500 0 180369 0 0 2097152 0 0
SEP
MEM simgrid-vm 1585872422 2020/04/03 00:07:02 1 4096 3808545 2995902 467783 81 60199 55 25551 0 180369 0 0 2097152 0 0
SEP
MEM simgrid-vm 1585872423 2020/04/03 00:07:03 1 4096 3808545 2995902 467843 83 60242 57 25593 0 180369 0 0 2097152 0 0
SEP
MEM simgrid-vm 1585872424 2020/04/03 00:07:04 1 4096 3808545 2995902 467843 85 60242 59 25594 0 180369 0 0 2097152 0 0
SEP
MEM simgrid-vm 1585872425 2020/04/03 00:07:05 1 4096 3808545 2995867 467845 85 60249 43 25601 0 180369 0 0 2097152 0 0
SEP
MEM simgrid-vm 1585872426 2020/04/03 00:07:06 1 4096 3808545 2995863 467845 85 60256 43 25607 0 180369 0 0 2097152 0 0
SEP
MEM simgrid-vm 1585872427 2020/04/03 00:07:07 1 4096 3808545 2995828 467847 85 60264 45 25611 0 180369 0 0 2097152 0 0
SEP
MEM simgrid-vm 1585872428 2020/04/03 00:07:08 1 4096 3808545 2995820 467849 85 60268 47 25619 0 180369 0 0 2097152 0 0
SEP
MEM simgrid-vm 1585872429 2020/04/03 00:07:09 1 4096 3808545 2995789 467849 87 60270 55 25619 0 180369 0 0 2097152 0 0
SEP
MEM simgrid-vm 1585872430 2020/04/03 00:07:10 1 4096 3808545 2995789 467851 87 60272 57 25616 0 180369 0 0 2097152 0 0
SEP
MEM simgrid-vm 1585872431 2020/04/03 00:07:11 1 4096 3808545 2995773 467851 87 60285 57 25628 0 180369 0 0 2097152 0 0
SEP
MEM simgrid-vm 1585872432 2020/04/03 00:07:12 1 4096 3808545 2995773 467851 87 60281 57 25628 0 180369 0 0 2097152 0 0
SEP
MEM simgrid-vm 1585872433 2020/04/03 00:07:13 1 4096 3808545 2995773 467851 87 60289 57 25628 0 180369 0 0 2097152 0 0
SEP
MEM simgrid-vm 1585872434 2020/04/03 00:07:14 1 4096 3808545 2989279 477568 88 60298 57 25635 0 180369 0 0 2097152 0 0
SEP
MEM simgrid-vm 1585872435 2020/04/03 00:07:15 1 4096 3808545 2984693 479215 90 60329 58 25661 0 180369 0 0 2097152 0 0
SEP
MEM simgrid-vm 1585872436 2020/04/03 00:07:16 1 4096 3808545 2973461 479219 90 60322 58 25663 0 180369 0 0 2097152 0 0
SEP
MEM simgrid-vm 1585872437 2020/04/03 00:07:17 1 4096 3808545 2964401 479221 90 60334 60 25668 0 180369 0 0 2097152 0 0
SEP
MEM simgrid-vm 1585872438 2020/04/03 00:07:18 1 4096 3808545 2964397 479221 90 60349 60 25680 0 180369 0 0 2097152 0 0
SEP
MEM simgrid-vm 1585872439 2020/04/03 00:07:19 1 4096 3808545 2964405 479221 90 60337 60 25680 0 180369 0 0 2097152 0 0
SEP
MEM simgrid-vm 1585872440 2020/04/03 00:07:20 1 4096 3808545 2922159 480970 90 60340 52 25680 0 180369 0 0 2097152 0 0
SEP
MEM simgrid-vm 1585872441 2020/04/03 00:07:21 1 4096 3808545 2909154 481017 92 60349 54 25688 0 180369 0 0 2097152 0 0
SEP
MEM simgrid-vm 1585872442 2020/04/03 00:07:22 1 4096 3808545 2907975 481019 92 60356 55 25688 0 180369 0 0 2097152 0 0
SEP
MEM simgrid-vm 1585872443 2020/04/03 00:07:23 1 4096 3808545 2907882 481019 92 60357 55 25688 0 180369 0 0 2097152 0 0
SEP
MEM simgrid-vm 1585872444 2020/04/03 00:07:24 1 4096 3808545 2907898 481019 92 60339 55 25672 0 180369 0 0 2097152 0 0
SEP
MEM simgrid-vm 1585872445 2020/04/03 00:07:25 1 4096 3808545 2907867 481020 92 60333 51 25672 0 180369 0 0 2097152 0 0
SEP
MEM simgrid-vm 1585872446 2020/04/03 00:07:26 1 4096 3808545 2907836 481032 92 60331 51 25672 0 180369 0 0 2097152 0 0
SEP
MEM simgrid-vm 1585872447 2020/04/03 00:07:27 1 4096 3808545 2907805 481032 94 60332 51 25672 0 180369 0 0 2097152 0 0
SEP
MEM simgrid-vm 1585872448 2020/04/03 00:07:28 1 4096 3808545 2907739 481034 94 60339 53 25676 0 180369 0 0 2097152 0 0
SEP
MEM simgrid-vm 1585872449 2020/04/03 00:07:29 1 4096 3808545 2907739 481036 94 60339 55 25676 0 180369 0 0 2097152 0 0
SEP
MEM simgrid-vm 1585872450 2020/04/03 00:07:30 1 4096 3808545 2907708 481036 94 60336 15 25676 0 180369 0 0 2097152 0 0
SEP
MEM simgrid-vm 1585872451 2020/04/03 00:07:31 1 4096 3808545 2907646 481036 94 60339 15 25678 0 180369 0 0 2097152 0 0
SEP
MEM simgrid-vm 1585872452 2020/04/03 00:07:32 1 4096 3808545 2906779 481376 96 60365 28 25687 0 180369 0 0 2097152 0 0
SEP
MEM simgrid-vm 1585872453 2020/04/03 00:07:33 1 4096 3808545 2906651 481388 96 60405 32 25703 0 180369 0 0 2097152 0 0
SEP
MEM simgrid-vm 1585872454 2020/04/03 00:07:34 1 4096 3808545 2906608 481388 96 60410 32 25718 0 180369 0 0 2097152 0 0
SEP
MEM simgrid-vm 1585872455 2020/04/03 00:07:35 1 4096 3808545 2906604 481388 96 60413 28 25723 0 180369 0 0 2097152 0 0
SEP
MEM simgrid-vm 1585872456 2020/04/03 00:07:36 1 4096 3808545 2906569 481388 96 60421 28 25729 0 180369 0 0 2097152 0 0
SEP
MEM simgrid-vm 1585872457 2020/04/03 00:07:37 1 4096 3808545 2905404 481443 98 60418 33 25713 0 180369 0 0 2097152 0 0
SEP
MEM simgrid-vm 1585872458 2020/04/03 00:07:38 1 4096 3808545 2905722 481453 98 60414 35 25717 0 180369 0 0 2097152 0 0
SEP
MEM simgrid-vm 1585872459 2020/04/03 00:07:39 1 4096 3808545 2905691 481453 98 60405 35 25708 0 180369 0 0 2097152 0 0
SEP
MEM simgrid-vm 1585872460 2020/04/03 00:07:40 1 4096 3808545 2905691 481453 98 60405 29 25708 0 180369 0 0 2097152 0 0
SEP
MEM simgrid-vm 1585872461 2020/04/03 00:07:41 1 4096 3808545 2905179 481455 98 60415 31 25708 0 180369 0 0 2097152 0 0
SEP
MEM simgrid-vm 1585872462 2020/04/03 00:07:42 1 4096 3808545 2905117 481456 100 60422 32 25708 0 180369 0 0 2097152 0 0
SEP
MEM simgrid-vm 1585872463 2020/04/03 00:07:43 1 4096 3808545 2905404 481466 100 60417 33 25708 0 180369 0 0 2097152 0 0
SEP
MEM simgrid-vm 1585872464 2020/04/03 00:07:44 1 4096 3808545 2905055 481466 100 60423 33 25716 0 180369 0 0 2097152 0 0
SEP
MEM simgrid-vm 1585872465 2020/04/03 00:07:45 1 4096 3808545 2904989 481468 100 60414 35 25720 0 180369 0 0 2097152 0 0
SEP
MEM simgrid-vm 1585872466 2020/04/03 00:07:46 1 4096 3808545 2904958 481470 100 60413 37 25720 0 180369 0 0 2097152 0 0
SEP
MEM simgrid-vm 1585872467 2020/04/03 00:07:47 1 4096 3808545 2904923 481470 102 60430 37 25724 0 180369 0 0 2097152 0 0
SEP
MEM simgrid-vm 1585872468 2020/04/03 00:07:48 1 4096 3808545 2904915 481470 102 60428 37 25734 0 180369 0 0 2097152 0 0
SEP
MEM simgrid-vm 1585872469 2020/04/03 00:07:49 1 4096 3808545 2904915 481472 102 60430 39 25734 0 180369 0 0 2097152 0 0
SEP
MEM simgrid-vm 1585872470 2020/04/03 00:07:50 1 4096 3808545 2905288 481474 102 60410 42 25710 0 180369 0 0 2097152 0 0
SEP
MEM simgrid-vm 1585872471 2020/04/03 00:07:51 1 4096 3808545 2905296 481478 102 60389 46 25706 0 180369 0 0 2097152 0 0
SEP
MEM simgrid-vm 1585872472 2020/04/03 00:07:52 1 4096 3808545 2904893 481476 104 60394 46 25707 0 180369 0 0 2097152 0 0
SEP
MEM simgrid-vm 1585872473 2020/04/03 00:07:53 1 4096 3808545 2904870 481478 104 60390 47 25688 0 180369 0 0 2097152 0 0
SEP
MEM simgrid-vm 1585872474 2020/04/03 00:07:54 1 4096 3808545 2904839 481483 104 60386 52 25689 0 180369 0 0 2097152 0 0
SEP
MEM simgrid-vm 1585872475 2020/04/03 00:07:55 1 4096 3808545 2904839 481483 104 60377 52 25678 0 180369 0 0 2097152 0 0
SEP
MEM simgrid-vm 1585872476 2020/04/03 00:07:56 1 4096 3808545 2904839 481487 104 60375 57 25678 0 180369 0 0 2097152 0 0
SEP
MEM simgrid-vm 1585872477 2020/04/03 00:07:57 1 4096 3808545 2904839 481487 104 60377 57 25678 0 180369 0 0 2097152 0 0
SEP
MEM simgrid-vm 1585872478 2020/04/03 00:07:58 1 4096 3808545 2904746 481488 106 60381 58 25678 0 180369 0 0 2097152 0 0
SEP
MEM simgrid-vm 1585872479 2020/04/03 00:07:59 1 4096 3808545 2905192 481489 106 60364 59 25678 0 180369 0 0 2097152 0 0
SEP
MEM simgrid-vm 1585872480 2020/04/03 00:08:00 1 4096 3808545 2905188 481489 106 60366 54 25682 0 180369 0 0 2097152 0 0
SEP
MEM simgrid-vm 1585872481 2020/04/03 00:08:01 1 4096 3808545 2905002 481489 106 60361 54 25682 0 180369 0 0 2097152 0 0
SEP
MEM simgrid-vm 1585872482 2020/04/03 00:08:02 1 4096 3808545 2904847 481489 106 60367 54 25670 0 180369 0 0 2097152 0 0
SEP
MEM simgrid-vm 1585872483 2020/04/03 00:08:03 1 4096 3808545 2904816 481489 108 60374 56 25674 0 180369 0 0 2097152 0 0
SEP
MEM simgrid-vm 1585872484 2020/04/03 00:08:04 1 4096 3808545 2904785 481489 108 60364 56 25665 0 180369 0 0 2097152 0 0
SEP
MEM simgrid-vm 1585872485 2020/04/03 00:08:05 1 4096 3808545 2905004 481489 108 60370 21 25665 0 180369 0 0 2097152 0 0
SEP
MEM simgrid-vm 1585872486 2020/04/03 00:08:06 1 4096 3808545 2905041 481492 108 60352 25 25664 0 180369 0 0 2097152 0 0
SEP
MEM simgrid-vm 1585872487 2020/04/03 00:08:07 1 4096 3808545 2905010 481492 108 60353 25 25664 0 180369 0 0 2097152 0 0
SEP
MEM simgrid-vm 1585872488 2020/04/03 00:08:08 1 4096 3808545 2904998 481492 110 60366 32 25672 0 180369 0 0 2097152 0 0
SEP
MEM simgrid-vm 1585872489 2020/04/03 00:08:09 1 4096 3808545 2904998 481492 110 60364 32 25672 0 180369 0 0 2097152 0 0
SEP
MEM simgrid-vm 1585872490 2020/04/03 00:08:10 1 4096 3808545 2904998 481492 110 60366 32 25682 0 180369 0 0 2097152 0 0
SEP
MEM simgrid-vm 1585872491 2020/04/03 00:08:11 1 4096 3808545 2904998 481494 110 60366 34 25682 0 180369 0 0 2097152 0 0
SEP
MEM simgrid-vm 1585872492 2020/04/03 00:08:12 1 4096 3808545 2902942 481494 110 60379 34 25691 0 180369 0 0 2097152 0 0
SEP
MEM simgrid-vm 1585872493 2020/04/03 00:08:13 1 4096 3808545 2902962 481496 110 60362 34 25673 0 180369 0 0 2097152 0 0
SEP
MEM simgrid-vm 1585872494 2020/04/03 00:08:14 1 4096 3808545 2902962 481498 112 60369 38 25673 0 180369 0 0 2097152 0 0
SEP
MEM simgrid-vm 1585872495 2020/04/03 00:08:15 1 4096 3808545 2902962 481500 112 60371 39 25673 0 180369 0 0 2097152 0 0
SEP
MEM simgrid-vm 1585872496 2020/04/03 00:08:16 1 4096 3808545 2902962 481500 112 60357 39 25673 0 180369 0 0 2097152 0 0
SEP
MEM simgrid-vm 1585872497 2020/04/03 00:08:17 1 4096 3808545 2902962 481500 112 60362 39 25673 0 180369 0 0 2097152 0 0
SEP
MEM simgrid-vm 1585872498 2020/04/03 00:08:18 1 4096 3808545 2902962 481502 112 60359 41 25673 0 180369 0 0 2097152 0 0
SEP
MEM simgrid-vm 1585872499 2020/04/03 00:08:19 1 4096 3808545 2902962 481504 112 60356 43 25674 0 180369 0 0 2097152 0 0
SEP
MEM simgrid-vm 1585872500 2020/04/03 00:08:20 1 4096 3808545 2902962 481508 114 60365 45 25674 0 180369 0 0 2097152 0 0
SEP
MEM simgrid-vm 1585872501 2020/04/03 00:08:21 1 4096 3808545 2902962 481512 114 60356 49 25674 0 180369 0 0 2097152 0 0
SEP
MEM simgrid-vm 1585872502 2020/04/03 00:08:22 1 4096 3808545 2902958 481512 114 60366 49 25681 0 180369 0 0 2097152 0 0
SEP
MEM simgrid-vm 1585872503 2020/04/03 00:08:23 1 4096 3808545 2902950 481512 114 60373 48 25690 0 180369 0 0 2097152 0 0
SEP
MEM simgrid-vm 1585872504 2020/04/03 00:08:24 1 4096 3808545 2902919 481514 114 60373 50 25691 0 180369 0 0 2097152 0 0
SEP
MEM simgrid-vm 1585872505 2020/04/03 00:08:25 1 4096 3808545 2902919 481516 114 60374 46 25692 0 180369 0 0 2097152 0 0
SEP
MEM simgrid-vm 1585872506 2020/04/03 00:08:26 1 4096 3808545 2902888 481516 116 60384 52 25694 0 180369 0 0 2097152 0 0
SEP
MEM simgrid-vm 1585872507 2020/04/03 00:08:27 1 4096 3808545 2902888 481516 116 60388 52 25694 0 180369 0 0 2097152 0 0
SEP
MEM simgrid-vm 1585872508 2020/04/03 00:08:28 1 4096 3808545 2902880 481518 116 60394 54 25704 0 180369 0 0 2097152 0 0
SEP
MEM simgrid-vm 1585872509 2020/04/03 00:08:29 1 4096 3808545 2902880 481520 116 60389 56 25706 0 180369 0 0 2097152 0 0
SEP
MEM simgrid-vm 1585872510 2020/04/03 00:08:30 1 4096 3808545 2902845 481522 116 60394 53 25711 0 180369 0 0 2097152 0 0
SEP
MEM simgrid-vm 1585872511 2020/04/03 00:08:31 1 4096 3808545 2902810 481523 118 60398 57 25716 0 180369 0 0 2097152 0 0
SEP
MEM simgrid-vm 1585872512 2020/04/03 00:08:32 1 4096 3808545 2902806 481523 118 60404 57 25720 0 180369 0 0 2097152 0 0
SEP
MEM simgrid-vm 1585872513 2020/04/03 00:08:33 1 4096 3808545 2902814 481525 118 60413 59 25715 0 180369 0 0 2097152 0 0
SEP
MEM simgrid-vm 1585872514 2020/04/03 00:08:34 1 4096 3808545 2902810 481527 118 60406 61 25717 0 180369 0 0 2097152 0 0
SEP
MEM simgrid-vm 1585872515 2020/04/03 00:08:35 1 4096 3808545 2902810 481529 118 60411 62 25718 0 180369 0 0 2097152 0 0
SEP
MEM simgrid-vm 1585872516 2020/04/03 00:08:36 1 4096 3808545 2902426 481529 120 60420 63 25718 0 180369 0 0 2097152 0 0
SEP
MEM simgrid-vm 1585872517 2020/04/03 00:08:37 1 4096 3808545 2902395 481529 120 60438 61 25718 0 180369 0 0 2097152 0 0
SEP
MEM simgrid-vm 1585872518 2020/04/03 00:08:38 1 4096 3808545 2902391 481529 120 60442 61 25719 0 180369 0 0 2097152 0 0
SEP
MEM simgrid-vm 1585872519 2020/04/03 00:08:39 1 4096 3808545 2902391 481529 120 60434 61 25719 0 180369 0 0 2097152 0 0
SEP
MEM simgrid-vm 1585872520 2020/04/03 00:08:40 1 4096 3808545 2902391 481529 120 60436 38 25721 0 180369 0 0 2097152 0 0
SEP
MEM simgrid-vm 1585872521 2020/04/03 00:08:41 1 4096 3808545 2902735 481529 122 60456 40 25721 0 180369 0 0 2097152 0 0
SEP
MEM simgrid-vm 1585872522 2020/04/03 00:08:42 1 4096 3808545 2902791 481534 122 60401 51 25710 0 180369 0 0 2097152 0 0
SEP
MEM simgrid-vm 1585872523 2020/04/03 00:08:43 1 4096 3808545 2902791 481534 122 60403 51 25711 0 180369 0 0 2097152 0 0
SEP
MEM simgrid-vm 1585872524 2020/04/03 00:08:44 1 4096 3808545 2902791 481534 122 60413 51 25713 0 180369 0 0 2097152 0 0
SEP
MEM simgrid-vm 1585872525 2020/04/03 00:08:45 1 4096 3808545 2902791 481536 122 60408 37 25713 0 180369 0 0 2097152 0 0
SEP
MEM simgrid-vm 1585872526 2020/04/03 00:08:46 1 4096 3808545 2902791 481538 122 60412 39 25713 0 180369 0 0 2097152 0 0
SEP
MEM simgrid-vm 1585872527 2020/04/03 00:08:47 1 4096 3808545 2902791 481540 124 60404 50 25713 0 180369 0 0 2097152 0 0
SEP
MEM simgrid-vm 1585872528 2020/04/03 00:08:48 1 4096 3808545 2902760 481540 124 60410 50 25713 0 180369 0 0 2097152 0 0
SEP
MEM simgrid-vm 1585872529 2020/04/03 00:08:49 1 4096 3808545 2902760 481540 124 60402 50 25713 0 180369 0 0 2097152 0 0
SEP
MEM simgrid-vm 1585872530 2020/04/03 00:08:50 1 4096 3808545 2902760 481540 124 60404 44 25713 0 180369 0 0 2097152 0 0
SEP
MEM simgrid-vm 1585872531 2020/04/03 00:08:51 1 4096 3808545 2902760 481542 124 60401 46 25713 0 180369 0 0 2097152 0 0
SEP
MEM simgrid-vm 1585872532 2020/04/03 00:08:52 1 4096 3808545 2902760 481542 126 60402 47 25713 0 180369 0 0 2097152 0 0
SEP
MEM simgrid-vm 1585872533 2020/04/03 00:08:53 1 4096 3808545 2902760 481544 126 60385 49 25697 0 180369 0 0 2097152 0 0
SEP
MEM simgrid-vm 1585872534 2020/04/03 00:08:54 1 4096 3808545 2902760 481546 126 60386 51 25697 0 180369 0 0 2097152 0 0
SEP
MEM simgrid-vm 1585872535 2020/04/03 00:08:55 1 4096 3808545 2902756 481546 126 60394 42 25701 0 180369 0 0 2097152 0 0
SEP
MEM simgrid-vm 1585872536 2020/04/03 00:08:56 1 4096 3808545 2902760 481548 126 60386 44 25697 0 180369 0 0 2097152 0 0
SEP
MEM simgrid-vm 1585872537 2020/04/03 00:08:57 1 4096 3808545 2902760 481552 126 60391 49 25697 0 180369 0 0 2097152 0 0
SEP
MEM simgrid-vm 1585872538 2020/04/03 00:08:58 1 4096 3808545 2902760 481552 128 60385 57 25697 0 180369 0 0 2097152 0 0
SEP
MEM simgrid-vm 1585872539 2020/04/03 00:08:59 1 4096 3808545 2902760 481554 128 60383 59 25695 0 180369 0 0 2097152 0 0
SEP
MEM simgrid-vm 1585872540 2020/04/03 00:09:00 1 4096 3808545 2902760 481556 128 60383 59 25695 0 180369 0 0 2097152 0 0
SEP
MEM simgrid-vm 1585872541 2020/04/03 00:09:01 1 4096 3808545 2902760 481556 128 60388 59 25695 0 180369 0 0 2097152 0 0
SEP
MEM simgrid-vm 1585872542 2020/04/03 00:09:02 1 4096 3808545 2902760 481556 128 60391 59 25693 0 180369 0 0 2097152 0 0
SEP
MEM simgrid-vm 1585872543 2020/04/03 00:09:03 1 4096 3808545 2902729 481556 130 60395 61 25693 0 180369 0 0 2097152 0 0
SEP
MEM simgrid-vm 1585872544 2020/04/03 00:09:04 1 4096 3808545 2902729 481557 130 60398 62 25694 0 180369 0 0 2097152 0 0
SEP
MEM simgrid-vm 1585872545 2020/04/03 00:09:05 1 4096 3808545 2901701 481557 130 60392 58 25694 0 180369 0 0 2097152 0 0
SEP
MEM simgrid-vm 1585872546 2020/04/03 00:09:06 1 4096 3808545 2901701 481557 130 60392 58 25696 0 180369 0 0 2097152 0 0
SEP
MEM simgrid-vm 1585872547 2020/04/03 00:09:07 1 4096 3808545 2901701 481561 130 60391 62 25696 0 180369 0 0 2097152 0 0
SEP
MEM simgrid-vm 1585872548 2020/04/03 00:09:08 1 4096 3808545 2901709 481561 132 60382 63 25696 0 180369 0 0 2097152 0 0
SEP
MEM simgrid-vm 1585872549 2020/04/03 00:09:09 1 4096 3808545 2901709 481561 132 60382 63 25696 0 180369 0 0 2097152 0 0
SEP
MEM simgrid-vm 1585872550 2020/04/03 00:09:10 1 4096 3808545 2901709 481563 132 60382 62 25696 0 180369 0 0 2097152 0 0
SEP
MEM simgrid-vm 1585872551 2020/04/03 00:09:11 1 4096 3808545 2901709 481563 132 60382 62 25696 0 180369 0 0 2097152 0 0
SEP
MEM simgrid-vm 1585872552 2020/04/03 00:09:12 1 4096 3808545 2901709 481563 132 60385 59 25696 0 180369 0 0 2097152 0 0
SEP
MEM simgrid-vm 1585872553 2020/04/03 00:09:13 1 4096 3808545 2901709 481563 134 60383 62 25696 0 180369 0 0 2097152 0 0
SEP
MEM simgrid-vm 1585872554 2020/04/03 00:09:14 1 4096 3808545 2901709 481563 134 60386 62 25697 0 180369 0 0 2097152 0 0
SEP
MEM simgrid-vm 1585872555 2020/04/03 00:09:15 1 4096 3808545 2901701 481563 134 60384 30 25697 0 180369 0 0 2097152 0 0
SEP
MEM simgrid-vm 1585872556 2020/04/03 00:09:16 1 4096 3808545 2901693 481563 134 60396 30 25705 0 180369 0 0 2097152 0 0
SEP
MEM simgrid-vm 1585872557 2020/04/03 00:09:17 1 4096 3808545 2901685 481563 134 60403 30 25713 0 180369 0 0 2097152 0 0
SEP
MEM simgrid-vm 1585872558 2020/04/03 00:09:18 1 4096 3808545 2901677 481563 136 60412 34 25721 0 180369 0 0 2097152 0 0
SEP
MEM simgrid-vm 1585872559 2020/04/03 00:09:19 1 4096 3808545 2901665 481565 136 60423 36 25736 0 180369 0 0 2097152 0 0
SEP
MEM simgrid-vm 1585872560 2020/04/03 00:09:20 1 4096 3808545 2901665 481569 136 60428 32 25738 0 180369 0 0 2097152 0 0
SEP
MEM simgrid-vm 1585872561 2020/04/03 00:09:21 1 4096 3808545 2901661 481569 136 60437 32 25742 0 180369 0 0 2097152 0 0
SEP
MEM simgrid-vm 1585872562 2020/04/03 00:09:22 1 4096 3808545 2901713 481569 136 60386 32 25691 0 180369 0 0 2097152 0 0
SEP
MEM simgrid-vm 1585872563 2020/04/03 00:09:23 1 4096 3808545 2901713 481569 138 60387 40 25692 0 180369 0 0 2097152 0 0
SEP
MEM simgrid-vm 1585872564 2020/04/03 00:09:24 1 4096 3808545 2901713 481569 138 60382 40 25694 0 180369 0 0 2097152 0 0
SEP
MEM simgrid-vm 1585872565 2020/04/03 00:09:25 1 4096 3808545 2901713 481569 138 60375 24 25687 0 180369 0 0 2097152 0 0
SEP
MEM simgrid-vm 1585872566 2020/04/03 00:09:26 1 4096 3808545 2901713 481571 138 60381 26 25687 0 180369 0 0 2097152 0 0
SEP
MEM simgrid-vm 1585872567 2020/04/03 00:09:27 1 4096 3808545 2901713 481571 138 60391 26 25687 0 180369 0 0 2097152 0 0
SEP
MEM simgrid-vm 1585872568 2020/04/03 00:09:28 1 4096 3808545 2901682 481571 140 60393 31 25687 0 180369 0 0 2097152 0 0
SEP
MEM simgrid-vm 1585872569 2020/04/03 00:09:29 1 4096 3808545 2901678 481571 140 60397 31 25687 0 180369 0 0 2097152 0 0
SEP
MEM simgrid-vm 1585872570 2020/04/03 00:09:30 1 4096 3808545 2901678 481575 140 60385 31 25687 0 180369 0 0 2097152 0 0
SEP
MEM simgrid-vm 1585872571 2020/04/03 00:09:31 1 4096 3808545 2901678 481575 140 60385 31 25687 0 180369 0 0 2097152 0 0
SEP
MEM simgrid-vm 1585872572 2020/04/03 00:09:32 1 4096 3808545 2901670 481577 140 60393 34 25691 0 180369 0 0 2097152 0 0
SEP
MEM simgrid-vm 1585872573 2020/04/03 00:09:33 1 4096 3808545 2901666 481577 142 60401 36 25695 0 180369 0 0 2097152 0 0
SEP
MEM simgrid-vm 1585872574 2020/04/03 00:09:34 1 4096 3808545 2901678 481577 142 60384 36 25695 0 180369 0 0 2097152 0 0
SEP
MEM simgrid-vm 1585872575 2020/04/03 00:09:35 1 4096 3808545 2901678 481579 142 60385 38 25695 0 180369 0 0 2097152 0 0
SEP
MEM simgrid-vm 1585872576 2020/04/03 00:09:36 1 4096 3808545 2901678 481579 142 60386 38 25695 0 180369 0 0 2097152 0 0
SEP
MEM simgrid-vm 1585872577 2020/04/03 00:09:37 1 4096 3808545 2901678 481580 142 60388 39 25695 0 180369 0 0 2097152 0 0
SEP
MEM simgrid-vm 1585872578 2020/04/03 00:09:38 1 4096 3808545 2901670 481580 144 60392 39 25703 0 180369 0 0 2097152 0 0
SEP
MEM simgrid-vm 1585872579 2020/04/03 00:09:39 1 4096 3808545 2901662 481580 144 60406 39 25712 0 180369 0 0 2097152 0 0
SEP
MEM simgrid-vm 1585872580 2020/04/03 00:09:40 1 4096 3808545 2901662 481580 144 60402 37 25712 0 180369 0 0 2097152 0 0
SEP
MEM simgrid-vm 1585872581 2020/04/03 00:09:41 1 4096 3808545 2901662 481580 144 60400 37 25712 0 180369 0 0 2097152 0 0
SEP
MEM simgrid-vm 1585872582 2020/04/03 00:09:42 1 4096 3808545 2901686 481580 144 60384 37 25689 0 180369 0 0 2097152 0 0
SEP
MEM simgrid-vm 1585872583 2020/04/03 00:09:43 1 4096 3808545 2901686 481582 146 60383 40 25692 0 180369 0 0 2097152 0 0
SEP
MEM simgrid-vm 1585872584 2020/04/03 00:09:44 1 4096 3808545 2901686 481582 146 60382 40 25694 0 180369 0 0 2097152 0 0
SEP
MEM simgrid-vm 1585872585 2020/04/03 00:09:45 1 4096 3808545 2901686 481582 146 60384 35 25694 0 180369 0 0 2097152 0 0
SEP
MEM simgrid-vm 1585872586 2020/04/03 00:09:46 1 4096 3808545 2901655 481584 146 60373 37 25686 0 180369 0 0 2097152 0 0
SEP
MEM simgrid-vm 1585872587 2020/04/03 00:09:47 1 4096 3808545 2901655 481586 146 60375 39 25686 0 180369 0 0 2097152 0 0
SEP
MEM simgrid-vm 1585872588 2020/04/03 00:09:48 1 4096 3808545 2901655 481586 148 60377 40 25686 0 180369 0 0 2097152 0 0
SEP
MEM simgrid-vm 1585872589 2020/04/03 00:09:49 1 4096 3808545 2901655 481586 148 60378 40 25686 0 180369 0 0 2097152 0 0
SEP
MEM simgrid-vm 1585872590 2020/04/03 00:09:50 1 4096 3808545 2901655 481588 148 60378 21 25686 0 180369 0 0 2097152 0 0
SEP
MEM simgrid-vm 1585872591 2020/04/03 00:09:51 1 4096 3808545 2901643 481588 148 60390 21 25700 0 180369 0 0 2097152 0 0
SEP
MEM simgrid-vm 1585872592 2020/04/03 00:09:52 1 4096 3808545 2901309 481594 148 60418 28 25710 0 180369 0 0 2097152 0 0
SEP
MEM simgrid-vm 1585872593 2020/04/03 00:09:53 1 4096 3808545 2901301 481596 150 60425 32 25718 0 180369 0 0 2097152 0 0
SEP
MEM simgrid-vm 1585872594 2020/04/03 00:09:54 1 4096 3808545 2901270 481596 150 60427 32 25721 0 180369 0 0 2097152 0 0
SEP
MEM simgrid-vm 1585872595 2020/04/03 00:09:55 1 4096 3808545 2901235 481596 150 60439 32 25721 0 180369 0 0 2097152 0 0
SEP
MEM simgrid-vm 1585872596 2020/04/03 00:09:56 1 4096 3808545 2901235 481596 150 60431 32 25721 0 180369 0 0 2097152 0 0
SEP
MEM simgrid-vm 1585872597 2020/04/03 00:09:57 1 4096 3808545 2901212 481598 150 60424 34 25710 0 180369 0 0 2097152 0 0
SEP
MEM simgrid-vm 1585872598 2020/04/03 00:09:58 1 4096 3808545 2901212 481602 152 60427 39 25712 0 180369 0 0 2097152 0 0
SEP
MEM simgrid-vm 1585872599 2020/04/03 00:09:59 1 4096 3808545 2901216 481606 152 60434 43 25712 0 180369 0 0 2097152 0 0
SEP
MEM simgrid-vm 1585872600 2020/04/03 00:10:00 1 4096 3808545 2901216 481608 152 60425 43 25713 0 180369 0 0 2097152 0 0
SEP
MEM simgrid-vm 1585872601 2020/04/03 00:10:01 1 4096 3808545 2901216 481608 152 60422 43 25710 0 180369 0 0 2097152 0 0
SEP
MEM simgrid-vm 1585872602 2020/04/03 00:10:02 1 4096 3808545 2901216 481608 152 60424 43 25710 0 180369 0 0 2097152 0 0
SEP
MEM simgrid-vm 1585872603 2020/04/03 00:10:03 1 4096 3808545 2901154 481612 154 60424 52 25710 0 180369 0 0 2097152 0 0
SEP
MEM simgrid-vm 1585872604 2020/04/03 00:10:04 1 4096 3808545 2901123 481612 154 60430 55 25710 0 180369 0 0 2097152 0 0
SEP
MEM simgrid-vm 1585872605 2020/04/03 00:10:05 1 4096 3808545 2901553 481612 154 60436 47 25710 0 180369 0 0 2097152 0 0
SEP
MEM simgrid-vm 1585872606 2020/04/03 00:10:06 1 4096 3808545 2901569 481613 154 60408 48 25710 0 180369 0 0 2097152 0 0
SEP
MEM simgrid-vm 1585872607 2020/04/03 00:10:07 1 4096 3808545 2901565 481615 154 60418 50 25715 0 180369 0 0 2097152 0 0
SEP
MEM simgrid-vm 1585872608 2020/04/03 00:10:08 1 4096 3808545 2901565 481615 156 60411 59 25712 0 180369 0 0 2097152 0 0
SEP
MEM simgrid-vm 1585872609 2020/04/03 00:10:09 1 4096 3808545 2901565 481617 156 60420 61 25712 0 180369 0 0 2097152 0 0
SEP
MEM simgrid-vm 1585872610 2020/04/03 00:10:10 1 4096 3808545 2901565 481618 156 60418 56 25712 0 180369 0 0 2097152 0 0
SEP
MEM simgrid-vm 1585872611 2020/04/03 00:10:11 1 4096 3808545 2901565 481618 156 60420 56 25712 0 180369 0 0 2097152 0 0
SEP
MEM simgrid-vm 1585872612 2020/04/03 00:10:12 1 4096 3808545 2901565 481618 156 60412 56 25712 0 180369 0 0 2097152 0 0
SEP
MEM simgrid-vm 1585872613 2020/04/03 00:10:13 1 4096 3808545 2901561 481618 158 60416 57 25716 0 180369 0 0 2097152 0 0
SEP
MEM simgrid-vm 1585872614 2020/04/03 00:10:14 1 4096 3808545 2901561 481620 158 60417 59 25716 0 180369 0 0 2097152 0 0
SEP
MEM simgrid-vm 1585872615 2020/04/03 00:10:15 1 4096 3808545 2901239 481620 158 60446 55 25716 0 180369 0 0 2097152 0 0
SEP
MEM simgrid-vm 1585872616 2020/04/03 00:10:16 1 4096 3808545 2901208 481620 158 60441 55 25716 0 180369 0 0 2097152 0 0
SEP
MEM simgrid-vm 1585872617 2020/04/03 00:10:17 1 4096 3808545 2901204 481622 158 60440 58 25720 0 180369 0 0 2097152 0 0
SEP
MEM simgrid-vm 1585872618 2020/04/03 00:10:18 1 4096 3808545 2901212 481622 160 60439 60 25712 0 180369 0 0 2097152 0 0
SEP
MEM simgrid-vm 1585872619 2020/04/03 00:10:19 1 4096 3808545 2901212 481622 160 60434 60 25713 0 180369 0 0 2097152 0 0
SEP
MEM simgrid-vm 1585872620 2020/04/03 00:10:20 1 4096 3808545 2901560 481624 160 60439 59 25714 0 180369 0 0 2097152 0 0
SEP
MEM simgrid-vm 1585872621 2020/04/03 00:10:21 1 4096 3808545 2901596 481631 160 60425 66 25716 0 180369 0 0 2097152 0 0
SEP
MEM simgrid-vm 1585872622 2020/04/03 00:10:22 1 4096 3808545 2901596 481631 160 60426 63 25717 0 180369 0 0 2097152 0 0
SEP
MEM simgrid-vm 1585872623 2020/04/03 00:10:23 1 4096 3808545 2901592 481631 162 60436 66 25717 0 180369 0 0 2097152 0 0
SEP
MEM simgrid-vm 1585872624 2020/04/03 00:10:24 1 4096 3808545 2901592 481633 162 60435 68 25718 0 180369 0 0 2097152 0 0
SEP
MEM simgrid-vm 1585872625 2020/04/03 00:10:25 1 4096 3808545 2901604 481633 162 60422 30 25718 0 180369 0 0 2097152 0 0
SEP
MEM simgrid-vm 1585872626 2020/04/03 00:10:26 1 4096 3808545 2901616 481635 162 60408 32 25706 0 180369 0 0 2097152 0 0
SEP
MEM simgrid-vm 1585872627 2020/04/03 00:10:27 1 4096 3808545 2901616 481637 162 60410 34 25708 0 180369 0 0 2097152 0 0
SEP
MEM simgrid-vm 1585872628 2020/04/03 00:10:28 1 4096 3808545 2901585 481637 164 60425 46 25709 0 180369 0 0 2097152 0 0
SEP
MEM simgrid-vm 1585872629 2020/04/03 00:10:29 1 4096 3808545 2901585 481637 164 60414 46 25709 0 180369 0 0 2097152 0 0
SEP
MEM simgrid-vm 1585872630 2020/04/03 00:10:30 1 4096 3808545 2901585 481639 164 60416 41 25709 0 180369 0 0 2097152 0 0
SEP
MEM simgrid-vm 1585872631 2020/04/03 00:10:31 1 4096 3808545 2901585 481639 164 60412 41 25709 0 180369 0 0 2097152 0 0
SEP
MEM simgrid-vm 1585872632 2020/04/03 00:10:32 1 4096 3808545 2901585 481641 164 60421 43 25709 0 180369 0 0 2097152 0 0
SEP
MEM simgrid-vm 1585872633 2020/04/03 00:10:33 1 4096 3808545 2901585 481641 166 60425 46 25709 0 180369 0 0 2097152 0 0
SEP
MEM simgrid-vm 1585872634 2020/04/03 00:10:34 1 4096 3808545 2901585 481641 166 60425 46 25709 0 180369 0 0 2097152 0 0
SEP
MEM simgrid-vm 1585872635 2020/04/03 00:10:35 1 4096 3808545 2901581 481641 166 60420 42 25713 0 180369 0 0 2097152 0 0
SEP
MEM simgrid-vm 1585872636 2020/04/03 00:10:36 1 4096 3808545 2901573 481643 166 60428 44 25721 0 180369 0 0 2097152 0 0
SEP
MEM simgrid-vm 1585872637 2020/04/03 00:10:37 1 4096 3808545 2901565 481643 166 60440 41 25729 0 180369 0 0 2097152 0 0
SEP
MEM simgrid-vm 1585872638 2020/04/03 00:10:38 1 4096 3808545 2901565 481643 168 60437 47 25729 0 180369 0 0 2097152 0 0
SEP
MEM simgrid-vm 1585872639 2020/04/03 00:10:39 1 4096 3808545 2901565 481645 168 60418 49 25714 0 180369 0 0 2097152 0 0
SEP
MEM simgrid-vm 1585872640 2020/04/03 00:10:40 1 4096 3808545 2901565 481645 168 60418 47 25714 0 180369 0 0 2097152 0 0
SEP
MEM simgrid-vm 1585872641 2020/04/03 00:10:41 1 4096 3808545 2901565 481645 168 60419 47 25714 0 180369 0 0 2097152 0 0
SEP
MEM simgrid-vm 1585872642 2020/04/03 00:10:42 1 4096 3808545 2901565 481645 168 60420 47 25714 0 180369 0 0 2097152 0 0
SEP
MEM simgrid-vm 1585872643 2020/04/03 00:10:43 1 4096 3808545 2901577 481646 170 60410 49 25702 0 180369 0 0 2097152 0 0
SEP
MEM simgrid-vm 1585872644 2020/04/03 00:10:44 1 4096 3808545 2901573 481646 170 60415 49 25702 0 180369 0 0 2097152 0 0
SEP
MEM simgrid-vm 1585872645 2020/04/03 00:10:45 1 4096 3808545 2901573 481646 170 60412 47 25702 0 180369 0 0 2097152 0 0
SEP
MEM simgrid-vm 1585872646 2020/04/03 00:10:46 1 4096 3808545 2901569 481646 170 60418 47 25703 0 180369 0 0 2097152 0 0
SEP
MEM simgrid-vm 1585872647 2020/04/03 00:10:47 1 4096 3808545 2901569 481646 170 60418 47 25703 0 180369 0 0 2097152 0 0
SEP
MEM simgrid-vm 1585872648 2020/04/03 00:10:48 1 4096 3808545 2901569 481648 172 60418 53 25703 0 180369 0 0 2097152 0 0
SEP
MEM simgrid-vm 1585872649 2020/04/03 00:10:49 1 4096 3808545 2901565 481650 172 60423 55 25704 0 180369 0 0 2097152 0 0
SEP
MEM simgrid-vm 1585872650 2020/04/03 00:10:50 1 4096 3808545 2901569 481652 172 60420 54 25705 0 180369 0 0 2097152 0 0
SEP
MEM simgrid-vm 1585872651 2020/04/03 00:10:51 1 4096 3808545 2901569 481654 172 60427 56 25706 0 180369 0 0 2097152 0 0
SEP
MEM simgrid-vm 1585872652 2020/04/03 00:10:52 1 4096 3808545 2901569 481654 172 60423 56 25701 0 180369 0 0 2097152 0 0
SEP
MEM simgrid-vm 1585872653 2020/04/03 00:10:53 1 4096 3808545 2901597 481656 174 60387 60 25673 0 180369 0 0 2097152 0 0
SEP
MEM simgrid-vm 1585872654 2020/04/03 00:10:54 1 4096 3808545 2901597 481656 174 60388 60 25673 0 180369 0 0 2097152 0 0
SEP
MEM simgrid-vm 1585872655 2020/04/03 00:10:55 1 4096 3808545 2901597 481656 174 60390 47 25673 0 180369 0 0 2097152 0 0
SEP
MEM simgrid-vm 1585872656 2020/04/03 00:10:56 1 4096 3808545 2901597 481658 174 60387 49 25673 0 180369 0 0 2097152 0 0
SEP
MEM simgrid-vm 1585872657 2020/04/03 00:10:57 1 4096 3808545 2901420 481658 174 60409 49 25681 0 180369 0 0 2097152 0 0
SEP
MEM simgrid-vm 1585872658 2020/04/03 00:10:58 1 4096 3808545 2901398 481658 176 60424 51 25698 0 180369 0 0 2097152 0 0
SEP
MEM simgrid-vm 1585872659 2020/04/03 00:10:59 1 4096 3808545 2901415 481664 176 60423 62 25699 0 180369 0 0 2097152 0 0
SEP
MEM simgrid-vm 1585872660 2020/04/03 00:11:00 1 4096 3808545 2901376 481666 176 60437 24 25709 0 180369 0 0 2097152 0 0
SEP
MEM simgrid-vm 1585872661 2020/04/03 00:11:01 1 4096 3808545 2901362 481666 176 60457 24 25724 0 180369 0 0 2097152 0 0
SEP
MEM simgrid-vm 1585872662 2020/04/03 00:11:02 1 4096 3808545 2901362 481666 176 60450 24 25724 0 180369 0 0 2097152 0 0
SEP
MEM simgrid-vm 1585872663 2020/04/03 00:11:03 1 4096 3808545 2901354 481664 178 60457 24 25735 0 180369 0 0 2097152 0 0
SEP
MEM simgrid-vm 1585872664 2020/04/03 00:11:04 1 4096 3808545 2901335 481668 178 60449 34 25724 0 180369 0 0 2097152 0 0
SEP
MEM simgrid-vm 1585872665 2020/04/03 00:11:05 1 4096 3808545 2901335 481668 178 60456 30 25724 0 180369 0 0 2097152 0 0
SEP
MEM simgrid-vm 1585872666 2020/04/03 00:11:06 1 4096 3808545 2901331 481668 178 60461 30 25724 0 180369 0 0 2097152 0 0
SEP
MEM simgrid-vm 1585872667 2020/04/03 00:11:07 1 4096 3808545 2901331 481668 178 60465 30 25724 0 180369 0 0 2097152 0 0
SEP
MEM simgrid-vm 1585872668 2020/04/03 00:11:08 1 4096 3808545 2901283 481668 178 60453 30 25725 0 180369 0 0 2097152 0 0
SEP
MEM simgrid-vm 1585872669 2020/04/03 00:11:09 1 4096 3808545 2901296 481670 180 60460 37 25727 0 180369 0 0 2097152 0 0
SEP
MEM simgrid-vm 1585872670 2020/04/03 00:11:10 1 4096 3808545 2901296 481672 180 60441 39 25715 0 180369 0 0 2097152 0 0
SEP
MEM simgrid-vm 1585872671 2020/04/03 00:11:11 1 4096 3808545 2901296 481674 180 60438 42 25715 0 180369 0 0 2097152 0 0
SEP
MEM simgrid-vm 1585872672 2020/04/03 00:11:12 1 4096 3808545 2901292 481674 180 60442 42 25719 0 180369 0 0 2097152 0 0
SEP
MEM simgrid-vm 1585872673 2020/04/03 00:11:13 1 4096 3808545 2901292 481674 180 60442 42 25719 0 180369 0 0 2097152 0 0
SEP
MEM simgrid-vm 1585872674 2020/04/03 00:11:14 1 4096 3808545 2901316 481674 180 60423 42 25695 0 180369 0 0 2097152 0 0
SEP
MEM simgrid-vm 1585872675 2020/04/03 00:11:15 1 4096 3808545 2901340 481674 182 60394 42 25667 0 180369 0 0 2097152 0 0
SEP
MEM simgrid-vm 1585872676 2020/04/03 00:11:16 1 4096 3808545 2901352 481675 182 60386 43 25668 0 180369 0 0 2097152 0 0
SEP
MEM simgrid-vm 1585872677 2020/04/03 00:11:17 1 4096 3808545 2901352 481675 182 60385 43 25671 0 180369 0 0 2097152 0 0
SEP
MEM simgrid-vm 1585872678 2020/04/03 00:11:18 1 4096 3808545 2901344 481675 182 60390 43 25673 0 180369 0 0 2097152 0 0
SEP
MEM simgrid-vm 1585872679 2020/04/03 00:11:19 1 4096 3808545 2901147 481675 182 60395 43 25681 0 180369 0 0 2097152 0 0
SEP
MEM simgrid-vm 1585872680 2020/04/03 00:11:20 1 4096 3808545 2900788 481676 184 60399 39 25689 0 180369 0 0 2097152 0 0
SEP
MEM simgrid-vm 1585872681 2020/04/03 00:11:21 1 4096 3808545 3132791 481684 184 60357 49 25699 0 180369 0 0 2097152 0 0
SEP
MEM simgrid-vm 1585872682 2020/04/03 00:11:22 1 4096 3808545 3132826 481686 184 60342 51 25689 0 180369 0 0 2097152 0 0
SEP
MEM simgrid-vm 1585872683 2020/04/03 00:11:23 1 4096 3808545 3132822 481688 184 60346 53 25693 0 180369 0 0 2097152 0 0
SEP
MEM simgrid-vm 1585872684 2020/04/03 00:11:24 1 4096 3808545 3133278 481688 184 60354 53 25701 0 180369 0 0 2097152 0 0
SEP
MEM simgrid-vm 1585872685 2020/04/03 00:11:25 1 4096 3808545 3133291 481689 184 60340 48 25701 0 180369 0 0 2097152 0 0
SEP
MEM simgrid-vm 1585872686 2020/04/03 00:11:26 1 4096 3808545 3133307 481689 186 60321 52 25682 0 180369 0 0 2097152 0 0
SEP
MEM simgrid-vm 1585872687 2020/04/03 00:11:27 1 4096 3808545 3133307 481689 186 60321 52 25682 0 180369 0 0 2097152 0 0
SEP
MEM simgrid-vm 1585872688 2020/04/03 00:11:28 1 4096 3808545 3133307 481691 186 60319 54 25680 0 180369 0 0 2097152 0 0
SEP
MEM simgrid-vm 1585872689 2020/04/03 00:11:29 1 4096 3808545 3133307 481691 186 60324 54 25680 0 180369 0 0 2097152 0 0
SEP
MEM simgrid-vm 1585872690 2020/04/03 00:11:30 1 4096 3808545 3133309 481691 186 60320 44 25680 0 180369 0 0 2097152 0 0
SEP
MEM simgrid-vm 1585872691 2020/04/03 00:11:31 1 4096 3808545 3133309 481695 186 60324 48 25680 0 180369 0 0 2097152 0 0
SEP
MEM simgrid-vm 1585872692 2020/04/03 00:11:32 1 4096 3808545 3133309 481695 188 60319 51 25680 0 180369 0 0 2097152 0 0
SEP
MEM simgrid-vm 1585872693 2020/04/03 00:11:33 1 4096 3808545 3133309 481697 188 60325 54 25680 0 180369 0 0 2097152 0 0
SEP
MEM simgrid-vm 1585872694 2020/04/03 00:11:34 1 4096 3808545 3133309 481697 188 60320 54 25680 0 180369 0 0 2097152 0 0
SEP
MEM simgrid-vm 1585872695 2020/04/03 00:11:35 1 4096 3808545 3133305 481697 188 60323 31 25682 0 180369 0 0 2097152 0 0
SEP
MEM simgrid-vm 1585872696 2020/04/03 00:11:36 1 4096 3808545 3133305 481697 188 60325 31 25682 0 180369 0 0 2097152 0 0
SEP
MEM simgrid-vm 1585872697 2020/04/03 00:11:37 1 4096 3808545 3133301 481697 188 60327 31 25682 0 180369 0 0 2097152 0 0
SEP
MEM simgrid-vm 1585872698 2020/04/03 00:11:38 1 4096 3808545 3133301 481697 190 60328 37 25682 0 180369 0 0 2097152 0 0
SEP
MEM simgrid-vm 1585872699 2020/04/03 00:11:39 1 4096 3808545 3133301 481703 190 60328 43 25682 0 180369 0 0 2097152 0 0
SEP
MEM simgrid-vm 1585872700 2020/04/03 00:11:40 1 4096 3808545 3133297 481705 190 60332 40 25683 0 180369 0 0 2097152 0 0
SEP
MEM simgrid-vm 1585872701 2020/04/03 00:11:41 1 4096 3808545 3133297 481705 190 60332 40 25683 0 180369 0 0 2097152 0 0
SEP
MEM simgrid-vm 1585872702 2020/04/03 00:11:42 1 4096 3808545 3133301 481707 190 60328 42 25683 0 180369 0 0 2097152 0 0
SEP
MEM simgrid-vm 1585872703 2020/04/03 00:11:43 1 4096 3808545 3133301 481711 190 60328 46 25683 0 180369 0 0 2097152 0 0
SEP
MEM simgrid-vm 1585872704 2020/04/03 00:11:44 1 4096 3808545 3133301 481711 192 60328 51 25683 0 180369 0 0 2097152 0 0
SEP
MEM simgrid-vm 1585872705 2020/04/03 00:11:45 1 4096 3808545 3133301 481711 192 60338 48 25683 0 180369 0 0 2097152 0 0
SEP
MEM simgrid-vm 1585872706 2020/04/03 00:11:46 1 4096 3808545 3132979 481713 192 60328 50 25683 0 180369 0 0 2097152 0 0
SEP
MEM simgrid-vm 1585872707 2020/04/03 00:11:47 1 4096 3808545 3132975 481713 192 60334 50 25689 0 180369 0 0 2097152 0 0
SEP
MEM simgrid-vm 1585872708 2020/04/03 00:11:48 1 4096 3808545 3132975 481713 192 60334 50 25687 0 180369 0 0 2097152 0 0
SEP
MEM simgrid-vm 1585872709 2020/04/03 00:11:49 1 4096 3808545 3132975 481714 192 60332 51 25687 0 180369 0 0 2097152 0 0
SEP
MEM simgrid-vm 1585872710 2020/04/03 00:11:50 1 4096 3808545 3132975 481714 194 60333 54 25687 0 180369 0 0 2097152 0 0
SEP
MEM simgrid-vm 1585872711 2020/04/03 00:11:51 1 4096 3808545 3132913 481716 194 60334 54 25687 0 180369 0 0 2097152 0 0
SEP
MEM simgrid-vm 1585872712 2020/04/03 00:11:52 1 4096 3808545 3133421 481717 194 60318 57 25687 0 180369 0 0 2097152 0 0
SEP
MEM simgrid-vm 1585872713 2020/04/03 00:11:53 1 4096 3808545 3133421 481717 194 60317 57 25687 0 180369 0 0 2097152 0 0
SEP
MEM simgrid-vm 1585872714 2020/04/03 00:11:54 1 4096 3808545 3133421 481719 194 60318 59 25687 0 180369 0 0 2097152 0 0
SEP
MEM simgrid-vm 1585872715 2020/04/03 00:11:55 1 4096 3808545 3133437 481719 194 60301 49 25671 0 180369 0 0 2097152 0 0
SEP
MEM simgrid-vm 1585872716 2020/04/03 00:11:56 1 4096 3808545 3133435 481717 196 60307 45 25671 0 180369 0 0 2097152 0 0
SEP
MEM simgrid-vm 1585872717 2020/04/03 00:11:57 1 4096 3808545 3133435 481719 196 60308 53 25672 0 180369 0 0 2097152 0 0
SEP
MEM simgrid-vm 1585872718 2020/04/03 00:11:58 1 4096 3808545 3133435 481721 196 60304 55 25672 0 180369 0 0 2097152 0 0
SEP
MEM simgrid-vm 1585872719 2020/04/03 00:11:59 1 4096 3808545 3133435 481725 196 60316 59 25674 0 180369 0 0 2097152 0 0
SEP
MEM simgrid-vm 1585872720 2020/04/03 00:12:00 1 4096 3808545 3133435 481725 196 60308 53 25675 0 180369 0 0 2097152 0 0
SEP
MEM simgrid-vm 1585872721 2020/04/03 00:12:01 1 4096 3808545 3133435 481725 196 60307 53 25675 0 180369 0 0 2097152 0 0
SEP
MEM simgrid-vm 1585872722 2020/04/03 00:12:02 1 4096 3808545 3133435 481725 198 60315 54 25675 0 180369 0 0 2097152 0 0
SEP
MEM simgrid-vm 1585872723 2020/04/03 00:12:03 1 4096 3808545 3133431 481727 198 60311 56 25675 0 180369 0 0 2097152 0 0
SEP
MEM simgrid-vm 1585872724 2020/04/03 00:12:04 1 4096 3808545 3133431 481731 198 60311 61 25675 0 180369 0 0 2097152 0 0
SEP
MEM simgrid-vm 1585872725 2020/04/03 00:12:05 1 4096 3808545 3133431 481735 198 60315 54 25675 0 180369 0 0 2097152 0 0
SEP
MEM simgrid-vm 1585872726 2020/04/03 00:12:06 1 4096 3808545 3133435 481735 198 60315 54 25667 0 180369 0 0 2097152 0 0
SEP
MEM simgrid-vm 1585872727 2020/04/03 00:12:07 1 4096 3808545 3133451 481735 198 60294 54 25667 0 180369 0 0 2097152 0 0
SEP
MEM simgrid-vm 1585872728 2020/04/03 00:12:08 1 4096 3808545 3133451 481735 200 60291 58 25667 0 180369 0 0 2097152 0 0
SEP
MEM simgrid-vm 1585872729 2020/04/03 00:12:09 1 4096 3808545 3133451 481735 200 60297 59 25667 0 180369 0 0 2097152 0 0
SEP
MEM simgrid-vm 1585872730 2020/04/03 00:12:10 1 4096 3808545 3133451 481735 200 60293 19 25668 0 180369 0 0 2097152 0 0
SEP
MEM simgrid-vm 1585872731 2020/04/03 00:12:11 1 4096 3808545 3133451 481735 200 60293 19 25668 0 180369 0 0 2097152 0 0
SEP
MEM simgrid-vm 1585872732 2020/04/03 00:12:12 1 4096 3808545 3133451 481735 200 60293 19 25668 0 180369 0 0 2097152 0 0
SEP
MEM simgrid-vm 1585872733 2020/04/03 00:12:13 1 4096 3808545 3133451 481735 200 60295 19 25670 0 180369 0 0 2097152 0 0
SEP
MEM simgrid-vm 1585872734 2020/04/03 00:12:14 1 4096 3808545 3133451 481737 202 60295 32 25670 0 180369 0 0 2097152 0 0
SEP
MEM simgrid-vm 1585872735 2020/04/03 00:12:15 1 4096 3808545 3133451 481737 202 60295 30 25670 0 180369 0 0 2097152 0 0
SEP
MEM simgrid-vm 1585872736 2020/04/03 00:12:16 1 4096 3808545 3133451 481739 202 60296 32 25671 0 180369 0 0 2097152 0 0
SEP
MEM simgrid-vm 1585872737 2020/04/03 00:12:17 1 4096 3808545 3133451 481741 202 60300 34 25674 0 180369 0 0 2097152 0 0
SEP
MEM simgrid-vm 1585872738 2020/04/03 00:12:18 1 4096 3808545 3133451 481741 202 60303 34 25675 0 180369 0 0 2097152 0 0
SEP
MEM simgrid-vm 1585872739 2020/04/03 00:12:19 1 4096 3808545 3133451 481741 202 60300 34 25671 0 180369 0 0 2097152 0 0
SEP
MEM simgrid-vm 1585872740 2020/04/03 00:12:20 1 4096 3808545 3133451 481741 204 60296 37 25670 0 180369 0 0 2097152 0 0
SEP
MEM simgrid-vm 1585872741 2020/04/03 00:12:21 1 4096 3808545 3133447 481741 204 60300 37 25674 0 180369 0 0 2097152 0 0
SEP
MEM simgrid-vm 1585872742 2020/04/03 00:12:22 1 4096 3808545 3133443 481742 204 60304 38 25678 0 180369 0 0 2097152 0 0
SEP
MEM simgrid-vm 1585872743 2020/04/03 00:12:23 1 4096 3808545 3133435 481742 204 60316 38 25686 0 180369 0 0 2097152 0 0
SEP
MEM simgrid-vm 1585872744 2020/04/03 00:12:24 1 4096 3808545 3133431 481744 204 60318 40 25686 0 180369 0 0 2097152 0 0
SEP
MEM simgrid-vm 1585872745 2020/04/03 00:12:25 1 4096 3808545 3133431 481744 204 60330 38 25686 0 180369 0 0 2097152 0 0
SEP
MEM simgrid-vm 1585872746 2020/04/03 00:12:26 1 4096 3808545 3133431 481744 206 60317 39 25686 0 180369 0 0 2097152 0 0
SEP
MEM simgrid-vm 1585872747 2020/04/03 00:12:27 1 4096 3808545 3133431 481744 206 60322 39 25686 0 180369 0 0 2097152 0 0
SEP
MEM simgrid-vm 1585872748 2020/04/03 00:12:28 1 4096 3808545 3133427 481744 206 60327 39 25686 0 180369 0 0 2097152 0 0
SEP
MEM simgrid-vm 1585872749 2020/04/03 00:12:29 1 4096 3808545 3133427 481748 206 60321 43 25686 0 180369 0 0 2097152 0 0
SEP
MEM simgrid-vm 1585872750 2020/04/03 00:12:30 1 4096 3808545 3133427 481750 206 60321 43 25686 0 180369 0 0 2097152 0 0
SEP
MEM simgrid-vm 1585872751 2020/04/03 00:12:31 1 4096 3808545 3133423 481750 206 60330 43 25686 0 180369 0 0 2097152 0 0
SEP
MEM simgrid-vm 1585872752 2020/04/03 00:12:32 1 4096 3808545 3133423 481750 208 60330 44 25686 0 180369 0 0 2097152 0 0
SEP
MEM simgrid-vm 1585872753 2020/04/03 00:12:33 1 4096 3808545 3133427 481750 208 60320 44 25686 0 180369 0 0 2097152 0 0
SEP
MEM simgrid-vm 1585872754 2020/04/03 00:12:34 1 4096 3808545 3133427 481750 208 60323 44 25686 0 180369 0 0 2097152 0 0
SEP
MEM simgrid-vm 1585872755 2020/04/03 00:12:35 1 4096 3808545 3133427 481750 208 60320 33 25686 0 180369 0 0 2097152 0 0
SEP
MEM simgrid-vm 1585872756 2020/04/03 00:12:36 1 4096 3808545 3133427 481750 208 60320 33 25686 0 180369 0 0 2097152 0 0
SEP
MEM simgrid-vm 1585872757 2020/04/03 00:12:37 1 4096 3808545 3133427 481750 208 60320 33 25686 0 180369 0 0 2097152 0 0
SEP
MEM simgrid-vm 1585872758 2020/04/03 00:12:38 1 4096 3808545 3133427 481750 210 60320 37 25686 0 180369 0 0 2097152 0 0
SEP
MEM simgrid-vm 1585872759 2020/04/03 00:12:39 1 4096 3808545 3133427 481750 210 60320 37 25686 0 180369 0 0 2097152 0 0
SEP
MEM simgrid-vm 1585872760 2020/04/03 00:12:40 1 4096 3808545 3133427 481752 210 60320 38 25686 0 180369 0 0 2097152 0 0
SEP
MEM simgrid-vm 1585872761 2020/04/03 00:12:41 1 4096 3808545 3133427 481754 210 60320 40 25686 0 180369 0 0 2097152 0 0
SEP
MEM simgrid-vm 1585872762 2020/04/03 00:12:42 1 4096 3808545 3133427 481754 210 60320 40 25686 0 180369 0 0 2097152 0 0
SEP
MEM simgrid-vm 1585872763 2020/04/03 00:12:43 1 4096 3808545 3133427 481754 210 60320 40 25686 0 180369 0 0 2097152 0 0
SEP
MEM simgrid-vm 1585872764 2020/04/03 00:12:44 1 4096 3808545 3133396 481754 212 60320 43 25686 0 180369 0 0 2097152 0 0
SEP
MEM simgrid-vm 1585872765 2020/04/03 00:12:45 1 4096 3808545 3133396 481754 212 60322 15 25686 0 180369 0 0 2097152 0 0
SEP
MEM simgrid-vm 1585872766 2020/04/03 00:12:46 1 4096 3808545 3133396 481756 212 60320 17 25686 0 180369 0 0 2097152 0 0
SEP
MEM simgrid-vm 1585872767 2020/04/03 00:12:47 1 4096 3808545 3133396 481758 212 60328 19 25686 0 180369 0 0 2097152 0 0
SEP
MEM simgrid-vm 1585872768 2020/04/03 00:12:48 1 4096 3808545 3133396 481760 212 60314 21 25680 0 180369 0 0 2097152 0 0
SEP
MEM simgrid-vm 1585872769 2020/04/03 00:12:49 1 4096 3808545 3133396 481760 212 60314 21 25680 0 180369 0 0 2097152 0 0
SEP
MEM simgrid-vm 1585872770 2020/04/03 00:12:50 1 4096 3808545 3133396 481762 214 60316 29 25680 0 180369 0 0 2097152 0 0
SEP
MEM simgrid-vm 1585872771 2020/04/03 00:12:51 1 4096 3808545 3133396 481764 214 60315 32 25680 0 180369 0 0 2097152 0 0
SEP
MEM simgrid-vm 1585872772 2020/04/03 00:12:52 1 4096 3808545 3133396 481764 214 60322 32 25680 0 180369 0 0 2097152 0 0
SEP
MEM simgrid-vm 1585872773 2020/04/03 00:12:53 1 4096 3808545 3133396 481766 214 60316 34 25680 0 180369 0 0 2097152 0 0
SEP
MEM simgrid-vm 1585872774 2020/04/03 00:12:54 1 4096 3808545 3133396 481766 214 60315 34 25680 0 180369 0 0 2097152 0 0
SEP
MEM simgrid-vm 1585872775 2020/04/03 00:12:55 1 4096 3808545 3133396 481767 216 60315 35 25680 0 180369 0 0 2097152 0 0
SEP
MEM simgrid-vm 1585872776 2020/04/03 00:12:56 1 4096 3808545 3133396 481767 216 60315 35 25680 0 180369 0 0 2097152 0 0
SEP
MEM simgrid-vm 1585872777 2020/04/03 00:12:57 1 4096 3808545 3133392 481767 216 60319 35 25684 0 180369 0 0 2097152 0 0
SEP
MEM simgrid-vm 1585872778 2020/04/03 00:12:58 1 4096 3808545 3133404 481767 216 60312 35 25672 0 180369 0 0 2097152 0 0
SEP
MEM simgrid-vm 1585872779 2020/04/03 00:12:59 1 4096 3808545 3133404 481767 216 60312 35 25672 0 180369 0 0 2097152 0 0
SEP
MEM simgrid-vm 1585872780 2020/04/03 00:13:00 1 4096 3808545 3133400 481767 216 60316 25 25672 0 180369 0 0 2097152 0 0
SEP
MEM simgrid-vm 1585872781 2020/04/03 00:13:01 1 4096 3808545 3133400 481769 218 60311 29 25672 0 180369 0 0 2097152 0 0
SEP
MEM simgrid-vm 1585872782 2020/04/03 00:13:02 1 4096 3808545 3133400 481769 218 60315 29 25672 0 180369 0 0 2097152 0 0
SEP
MEM simgrid-vm 1585872783 2020/04/03 00:13:03 1 4096 3808545 3133396 481769 218 60325 29 25672 0 180369 0 0 2097152 0 0
SEP
MEM simgrid-vm 1585872784 2020/04/03 00:13:04 1 4096 3808545 3133396 481769 218 60320 29 25672 0 180369 0 0 2097152 0 0
SEP
MEM simgrid-vm 1585872785 2020/04/03 00:13:05 1 4096 3808545 3133408 481771 218 60305 31 25672 0 180369 0 0 2097152 0 0
SEP
MEM simgrid-vm 1585872786 2020/04/03 00:13:06 1 4096 3808545 3133408 481771 218 60307 31 25673 0 180369 0 0 2097152 0 0
SEP
MEM simgrid-vm 1585872787 2020/04/03 00:13:07 1 4096 3808545 3133408 481771 220 60307 31 25674 0 180369 0 0 2097152 0 0
SEP
MEM simgrid-vm 1585872788 2020/04/03 00:13:08 1 4096 3808545 3133408 481773 220 60308 33 25674 0 180369 0 0 2097152 0 0
SEP
MEM simgrid-vm 1585872789 2020/04/03 00:13:09 1 4096 3808545 3133408 481773 220 60310 33 25677 0 180369 0 0 2097152 0 0
SEP
MEM simgrid-vm 1585872790 2020/04/03 00:13:10 1 4096 3808545 3133408 481775 220 60318 33 25677 0 180369 0 0 2097152 0 0
SEP
MEM simgrid-vm 1585872791 2020/04/03 00:13:11 1 4096 3808545 3133408 481775 220 60311 34 25677 0 180369 0 0 2097152 0 0
SEP
MEM simgrid-vm 1585872792 2020/04/03 00:13:12 1 4096 3808545 3133408 481779 220 60314 39 25677 0 180369 0 0 2097152 0 0
SEP
MEM simgrid-vm 1585872793 2020/04/03 00:13:13 1 4096 3808545 3133408 481781 222 60310 44 25677 0 180369 0 0 2097152 0 0
SEP
MEM simgrid-vm 1585872794 2020/04/03 00:13:14 1 4096 3808545 3133408 481783 222 60309 47 25677 0 180369 0 0 2097152 0 0
SEP
MEM simgrid-vm 1585872795 2020/04/03 00:13:15 1 4096 3808545 3133424 481783 222 60293 45 25661 0 180369 0 0 2097152 0 0
SEP
MEM simgrid-vm 1585872796 2020/04/03 00:13:16 1 4096 3808545 3133424 481783 222 60294 45 25661 0 180369 0 0 2097152 0 0
SEP
MEM simgrid-vm 1585872797 2020/04/03 00:13:17 1 4096 3808545 3133424 481783 222 60295 45 25663 0 180369 0 0 2097152 0 0
SEP
MEM simgrid-vm 1585872798 2020/04/03 00:13:18 1 4096 3808545 3133424 481785 222 60295 47 25663 0 180369 0 0 2097152 0 0
SEP
MEM simgrid-vm 1585872799 2020/04/03 00:13:19 1 4096 3808545 3133424 481785 224 60295 49 25663 0 180369 0 0 2097152 0 0
SEP
MEM simgrid-vm 1585872800 2020/04/03 00:13:20 1 4096 3808545 3133424 481787 224 60295 23 25663 0 180369 0 0 2097152 0 0
SEP
MEM simgrid-vm 1585872801 2020/04/03 00:13:21 1 4096 3808545 3133393 481791 224 60301 27 25665 0 180369 0 0 2097152 0 0
SEP
MEM simgrid-vm 1585872802 2020/04/03 00:13:22 1 4096 3808545 3133389 481791 224 60303 27 25670 0 180369 0 0 2097152 0 0
SEP
MEM simgrid-vm 1585872803 2020/04/03 00:13:23 1 4096 3808545 3133377 481793 224 60319 29 25685 0 180369 0 0 2097152 0 0
SEP
MEM simgrid-vm 1585872804 2020/04/03 00:13:24 1 4096 3808545 3133369 481791 226 60329 29 25691 0 180369 0 0 2097152 0 0
SEP
MEM simgrid-vm 1585872805 2020/04/03 00:13:25 1 4096 3808545 3133369 481797 226 60329 42 25691 0 180369 0 0 2097152 0 0
SEP
MEM simgrid-vm 1585872806 2020/04/03 00:13:26 1 4096 3808545 3133365 481797 226 60333 42 25691 0 180369 0 0 2097152 0 0
SEP
MEM simgrid-vm 1585872807 2020/04/03 00:13:27 1 4096 3808545 3133365 481797 226 60331 42 25688 0 180369 0 0 2097152 0 0
SEP
MEM simgrid-vm 1585872808 2020/04/03 00:13:28 1 4096 3808545 3133361 481798 226 60345 43 25688 0 180369 0 0 2097152 0 0
SEP
MEM simgrid-vm 1585872809 2020/04/03 00:13:29 1 4096 3808545 3133361 481798 226 60335 43 25688 0 180369 0 0 2097152 0 0
SEP
MEM simgrid-vm 1585872810 2020/04/03 00:13:30 1 4096 3808545 3133369 481798 228 60336 46 25688 0 180369 0 0 2097152 0 0
SEP
MEM simgrid-vm 1585872811 2020/04/03 00:13:31 1 4096 3808545 3133369 481798 228 60327 46 25688 0 180369 0 0 2097152 0 0
SEP
MEM simgrid-vm 1585872812 2020/04/03 00:13:32 1 4096 3808545 3133369 481798 228 60327 46 25688 0 180369 0 0 2097152 0 0
SEP
MEM simgrid-vm 1585872813 2020/04/03 00:13:33 1 4096 3808545 3133369 481798 228 60327 46 25688 0 180369 0 0 2097152 0 0
SEP
MEM simgrid-vm 1585872814 2020/04/03 00:13:34 1 4096 3808545 3133369 481798 228 60327 46 25688 0 180369 0 0 2097152 0 0
SEP
MEM simgrid-vm 1585872815 2020/04/03 00:13:35 1 4096 3808545 3133369 481798 228 60328 42 25688 0 180369 0 0 2097152 0 0
SEP
MEM simgrid-vm 1585872816 2020/04/03 00:13:36 1 4096 3808545 3133369 481804 230 60336 50 25688 0 180369 0 0 2097152 0 0
SEP
MEM simgrid-vm 1585872817 2020/04/03 00:13:37 1 4096 3808545 3133361 481806 230 60336 52 25696 0 180369 0 0 2097152 0 0
SEP
MEM simgrid-vm 1585872818 2020/04/03 00:13:38 1 4096 3808545 3133361 481808 230 60339 54 25696 0 180369 0 0 2097152 0 0
SEP
MEM simgrid-vm 1585872819 2020/04/03 00:13:39 1 4096 3808545 3133330 481812 230 60336 58 25696 0 180369 0 0 2097152 0 0
SEP
MEM simgrid-vm 1585872820 2020/04/03 00:13:40 1 4096 3808545 3133330 481812 230 60341 52 25696 0 180369 0 0 2097152 0 0
SEP
MEM simgrid-vm 1585872821 2020/04/03 00:13:41 1 4096 3808545 3133326 481812 230 60340 52 25700 0 180369 0 0 2097152 0 0
SEP
MEM simgrid-vm 1585872822 2020/04/03 00:13:42 1 4096 3808545 3133295 481812 232 60348 53 25700 0 180369 0 0 2097152 0 0
SEP
MEM simgrid-vm 1585872823 2020/04/03 00:13:43 1 4096 3808545 3133295 481812 232 60340 53 25700 0 180369 0 0 2097152 0 0
SEP
MEM simgrid-vm 1585872824 2020/04/03 00:13:44 1 4096 3808545 3133291 481814 232 60344 55 25704 0 180369 0 0 2097152 0 0
SEP
MEM simgrid-vm 1585872825 2020/04/03 00:13:45 1 4096 3808545 3133291 481814 232 60346 40 25704 0 180369 0 0 2097152 0 0
SEP
MEM simgrid-vm 1585872826 2020/04/03 00:13:46 1 4096 3808545 3133291 481814 232 60346 41 25704 0 180369 0 0 2097152 0 0
SEP
MEM simgrid-vm 1585872827 2020/04/03 00:13:47 1 4096 3808545 3133287 481816 232 60359 43 25708 0 180369 0 0 2097152 0 0
SEP
MEM simgrid-vm 1585872828 2020/04/03 00:13:48 1 4096 3808545 3133287 481818 234 60352 52 25708 0 180369 0 0 2097152 0 0
SEP
MEM simgrid-vm 1585872829 2020/04/03 00:13:49 1 4096 3808545 3133287 481818 234 60349 53 25708 0 180369 0 0 2097152 0 0
SEP
MEM simgrid-vm 1585872830 2020/04/03 00:13:50 1 4096 3808545 3133283 481818 234 60353 49 25712 0 180369 0 0 2097152 0 0
SEP
MEM simgrid-vm 1585872831 2020/04/03 00:13:51 1 4096 3808545 3133283 481818 234 60353 49 25712 0 180369 0 0 2097152 0 0
SEP
MEM simgrid-vm 1585872832 2020/04/03 00:13:52 1 4096 3808545 3133303 481818 234 60333 49 25688 0 180369 0 0 2097152 0 0
SEP
MEM simgrid-vm 1585872833 2020/04/03 00:13:53 1 4096 3808545 3133303 481820 234 60336 51 25691 0 180369 0 0 2097152 0 0
SEP
MEM simgrid-vm 1585872834 2020/04/03 00:13:54 1 4096 3808545 3133299 481820 236 60340 57 25691 0 180369 0 0 2097152 0 0
SEP
MEM simgrid-vm 1585872835 2020/04/03 00:13:55 1 4096 3808545 3133299 481820 236 60340 21 25691 0 180369 0 0 2097152 0 0
SEP
MEM simgrid-vm 1585872836 2020/04/03 00:13:56 1 4096 3808545 3133311 481822 236 60329 23 25691 0 180369 0 0 2097152 0 0
SEP
MEM simgrid-vm 1585872837 2020/04/03 00:13:57 1 4096 3808545 3133311 481822 236 60340 23 25691 0 180369 0 0 2097152 0 0
SEP
MEM simgrid-vm 1585872838 2020/04/03 00:13:58 1 4096 3808545 3133311 481822 236 60329 23 25691 0 180369 0 0 2097152 0 0
SEP
MEM simgrid-vm 1585872839 2020/04/03 00:13:59 1 4096 3808545 3133061 481822 236 60340 24 25693 0 180369 0 0 2097152 0 0
SEP
MEM simgrid-vm 1585872840 2020/04/03 00:14:00 1 4096 3808545 3132981 481822 238 60346 33 25703 0 180369 0 0 2097152 0 0
SEP
MEM simgrid-vm 1585872841 2020/04/03 00:14:01 1 4096 3808545 3132969 481823 238 60360 34 25718 0 180369 0 0 2097152 0 0
SEP
MEM simgrid-vm 1585872842 2020/04/03 00:14:02 1 4096 3808545 3132961 481823 238 60368 34 25729 0 180369 0 0 2097152 0 0
SEP
MEM simgrid-vm 1585872843 2020/04/03 00:14:03 1 4096 3808545 3132961 481823 238 60379 34 25729 0 180369 0 0 2097152 0 0
SEP
MEM simgrid-vm 1585872844 2020/04/03 00:14:04 1 4096 3808545 3132899 481823 238 60360 34 25721 0 180369 0 0 2097152 0 0
SEP
MEM simgrid-vm 1585872845 2020/04/03 00:14:05 1 4096 3808545 3133360 481823 238 60353 36 25720 0 180369 0 0 2097152 0 0
SEP
MEM simgrid-vm 1585872846 2020/04/03 00:14:06 1 4096 3808545 3133392 481824 240 60332 37 25703 0 180369 0 0 2097152 0 0
SEP
MEM simgrid-vm 1585872847 2020/04/03 00:14:07 1 4096 3808545 3133392 481824 240 60326 37 25703 0 180369 0 0 2097152 0 0
SEP
MEM simgrid-vm 1585872848 2020/04/03 00:14:08 1 4096 3808545 3133392 481824 240 60326 37 25703 0 180369 0 0 2097152 0 0
SEP
MEM simgrid-vm 1585872849 2020/04/03 00:14:09 1 4096 3808545 3133392 481824 240 60324 37 25703 0 180369 0 0 2097152 0 0
SEP
MEM simgrid-vm 1585872850 2020/04/03 00:14:10 1 4096 3808545 3133392 481824 240 60324 23 25703 0 180369 0 0 2097152 0 0
SEP
MEM simgrid-vm 1585872851 2020/04/03 00:14:11 1 4096 3808545 3133392 481830 240 60316 30 25695 0 180369 0 0 2097152 0 0
SEP
MEM simgrid-vm 1585872852 2020/04/03 00:14:12 1 4096 3808545 3133392 481830 242 60317 39 25695 0 180369 0 0 2097152 0 0
SEP
MEM simgrid-vm 1585872853 2020/04/03 00:14:13 1 4096 3808545 3133392 481830 242 60316 39 25695 0 180369 0 0 2097152 0 0
SEP
MEM simgrid-vm 1585872854 2020/04/03 00:14:14 1 4096 3808545 3133392 481830 242 60316 39 25695 0 180369 0 0 2097152 0 0
SEP
MEM simgrid-vm 1585872855 2020/04/03 00:14:15 1 4096 3808545 3133392 481830 242 60323 35 25694 0 180369 0 0 2097152 0 0
SEP
MEM simgrid-vm 1585872856 2020/04/03 00:14:16 1 4096 3808545 3133392 481830 242 60316 35 25694 0 180369 0 0 2097152 0 0
SEP
MEM simgrid-vm 1585872857 2020/04/03 00:14:17 1 4096 3808545 3133388 481832 242 60323 37 25694 0 180369 0 0 2097152 0 0
SEP
MEM simgrid-vm 1585872858 2020/04/03 00:14:18 1 4096 3808545 3133388 481832 244 60322 38 25694 0 180369 0 0 2097152 0 0
SEP
MEM simgrid-vm 1585872859 2020/04/03 00:14:19 1 4096 3808545 3133130 481836 244 60323 43 25694 0 180369 0 0 2097152 0 0
SEP
MEM simgrid-vm 1585872860 2020/04/03 00:14:20 1 4096 3808545 3133020 481836 244 60295 37 25675 0 180369 0 0 2097152 0 0
SEP
MEM simgrid-vm 1585872861 2020/04/03 00:14:21 1 4096 3808545 3132989 481838 244 60299 40 25675 0 180369 0 0 2097152 0 0
SEP
MEM simgrid-vm 1585872862 2020/04/03 00:14:22 1 4096 3808545 3133001 481838 244 60278 40 25666 0 180369 0 0 2097152 0 0
SEP
MEM simgrid-vm 1585872863 2020/04/03 00:14:23 1 4096 3808545 3133001 481840 244 60281 42 25666 0 180369 0 0 2097152 0 0
SEP
MEM simgrid-vm 1585872864 2020/04/03 00:14:24 1 4096 3808545 3133001 481840 246 60278 47 25666 0 180369 0 0 2097152 0 0
SEP
MEM simgrid-vm 1585872865 2020/04/03 00:14:25 1 4096 3808545 3133001 481840 246 60287 48 25666 0 180369 0 0 2097152 0 0
SEP
MEM simgrid-vm 1585872866 2020/04/03 00:14:26 1 4096 3808545 3132877 481840 246 60283 48 25669 0 180369 0 0 2097152 0 0
SEP
MEM simgrid-vm 1585872867 2020/04/03 00:14:27 1 4096 3808545 3133209 481841 246 60300 49 25671 0 180369 0 0 2097152 0 0
SEP
MEM simgrid-vm 1585872868 2020/04/03 00:14:28 1 4096 3808545 3133257 481841 246 60289 49 25675 0 180369 0 0 2097152 0 0
SEP
MEM simgrid-vm 1585872869 2020/04/03 00:14:29 1 4096 3808545 3133257 481843 246 60291 52 25678 0 180369 0 0 2097152 0 0
SEP
MEM simgrid-vm 1585872870 2020/04/03 00:14:30 1 4096 3808545 3133253 481845 248 60292 26 25682 0 180369 0 0 2097152 0 0
SEP
MEM simgrid-vm 1585872871 2020/04/03 00:14:31 1 4096 3808545 3133249 481845 248 60298 26 25688 0 180369 0 0 2097152 0 0
SEP
MEM simgrid-vm 1585872872 2020/04/03 00:14:32 1 4096 3808545 3133245 481845 248 60303 26 25693 0 180369 0 0 2097152 0 0
SEP
MEM simgrid-vm 1585872873 2020/04/03 00:14:33 1 4096 3808545 3133245 481847 248 60303 29 25693 0 180369 0 0 2097152 0 0
SEP
MEM simgrid-vm 1585872874 2020/04/03 00:14:34 1 4096 3808545 3133245 481848 248 60299 30 25689 0 180369 0 0 2097152 0 0
SEP
MEM simgrid-vm 1585872875 2020/04/03 00:14:35 1 4096 3808545 3133245 481848 248 60299 30 25689 0 180369 0 0 2097152 0 0
SEP
MEM simgrid-vm 1585872876 2020/04/03 00:14:36 1 4096 3808545 3133245 481848 250 60299 32 25689 0 180369 0 0 2097152 0 0
SEP
MEM simgrid-vm 1585872877 2020/04/03 00:14:37 1 4096 3808545 3133245 481848 250 60299 32 25689 0 180369 0 0 2097152 0 0
SEP
MEM simgrid-vm 1585872878 2020/04/03 00:14:38 1 4096 3808545 3133245 481848 250 60307 32 25689 0 180369 0 0 2097152 0 0
SEP
MEM simgrid-vm 1585872879 2020/04/03 00:14:39 1 4096 3808545 3133245 481848 250 60308 32 25689 0 180369 0 0 2097152 0 0
SEP
MEM simgrid-vm 1585872880 2020/04/03 00:14:40 1 4096 3808545 3133261 481848 250 60284 30 25673 0 180369 0 0 2097152 0 0
SEP
MEM simgrid-vm 1585872881 2020/04/03 00:14:41 1 4096 3808545 3133261 481848 250 60287 30 25676 0 180369 0 0 2097152 0 0
SEP
MEM simgrid-vm 1585872882 2020/04/03 00:14:42 1 4096 3808545 3133261 481848 252 60283 30 25671 0 180369 0 0 2097152 0 0
SEP
MEM simgrid-vm 1585872883 2020/04/03 00:14:43 1 4096 3808545 3133257 481850 252 60287 32 25671 0 180369 0 0 2097152 0 0
SEP
MEM simgrid-vm 1585872884 2020/04/03 00:14:44 1 4096 3808545 3133257 481854 252 60286 36 25671 0 180369 0 0 2097152 0 0
SEP
MEM simgrid-vm 1585872885 2020/04/03 00:14:45 1 4096 3808545 3133253 481856 252 60290 23 25671 0 180369 0 0 2097152 0 0
SEP
MEM simgrid-vm 1585872886 2020/04/03 00:14:46 1 4096 3808545 3133253 481856 252 60298 23 25671 0 180369 0 0 2097152 0 0
SEP
MEM simgrid-vm 1585872887 2020/04/03 00:14:47 1 4096 3808545 3133253 481858 252 60290 25 25671 0 180369 0 0 2097152 0 0
SEP
MEM simgrid-vm 1585872888 2020/04/03 00:14:48 1 4096 3808545 3133253 481858 254 60290 31 25671 0 180369 0 0 2097152 0 0
SEP
MEM simgrid-vm 1585872889 2020/04/03 00:14:49 1 4096 3808545 3133237 481858 254 60306 31 25683 0 180369 0 0 2097152 0 0
SEP
MEM simgrid-vm 1585872890 2020/04/03 00:14:50 1 4096 3808545 3133229 481860 254 60318 28 25692 0 180369 0 0 2097152 0 0
SEP
MEM simgrid-vm 1585872891 2020/04/03 00:14:51 1 4096 3808545 3133229 481860 254 60324 28 25692 0 180369 0 0 2097152 0 0
SEP
MEM simgrid-vm 1585872892 2020/04/03 00:14:52 1 4096 3808545 3133225 481860 254 60319 28 25692 0 180369 0 0 2097152 0 0
SEP
MEM simgrid-vm 1585872893 2020/04/03 00:14:53 1 4096 3808545 3133225 481860 254 60319 28 25692 0 180369 0 0 2097152 0 0
SEP
MEM simgrid-vm 1585872894 2020/04/03 00:14:54 1 4096 3808545 3133233 481860 256 60312 30 25693 0 180369 0 0 2097152 0 0
SEP
MEM simgrid-vm 1585872895 2020/04/03 00:14:55 1 4096 3808545 3133202 481862 256 60315 28 25696 0 180369 0 0 2097152 0 0
SEP
MEM simgrid-vm 1585872896 2020/04/03 00:14:56 1 4096 3808545 3133202 481866 256 60310 33 25691 0 180369 0 0 2097152 0 0
SEP
MEM simgrid-vm 1585872897 2020/04/03 00:14:57 1 4096 3808545 3133202 481868 256 60310 35 25691 0 180369 0 0 2097152 0 0
SEP
MEM simgrid-vm 1585872898 2020/04/03 00:14:58 1 4096 3808545 3132954 481870 256 60310 37 25691 0 180369 0 0 2097152 0 0
SEP
MEM simgrid-vm 1585872899 2020/04/03 00:14:59 1 4096 3808545 3133169 481869 258 60318 40 25691 0 180369 0 0 2097152 0 0
SEP
MEM simgrid-vm 1585872900 2020/04/03 00:15:00 1 4096 3808545 3133171 481875 258 60318 45 25691 0 180369 0 0 2097152 0 0
SEP
MEM simgrid-vm 1585872901 2020/04/03 00:15:01 1 4096 3808545 3133171 481875 258 60320 45 25691 0 180369 0 0 2097152 0 0
SEP
MEM simgrid-vm 1585872902 2020/04/03 00:15:02 1 4096 3808545 3133171 481875 258 60318 45 25691 0 180369 0 0 2097152 0 0
SEP
MEM simgrid-vm 1585872903 2020/04/03 00:15:03 1 4096 3808545 3133171 481875 258 60318 45 25691 0 180369 0 0 2097152 0 0
SEP
MEM simgrid-vm 1585872904 2020/04/03 00:15:04 1 4096 3808545 3133171 481879 258 60328 49 25691 0 180369 0 0 2097152 0 0
SEP
MEM simgrid-vm 1585872905 2020/04/03 00:15:05 1 4096 3808545 3133171 481879 260 60319 51 25691 0 180369 0 0 2097152 0 0
SEP
MEM simgrid-vm 1585872906 2020/04/03 00:15:06 1 4096 3808545 3133171 481879 260 60318 51 25691 0 180369 0 0 2097152 0 0
SEP
MEM simgrid-vm 1585872907 2020/04/03 00:15:07 1 4096 3808545 3133171 481880 260 60319 52 25691 0 180369 0 0 2097152 0 0
SEP
MEM simgrid-vm 1585872908 2020/04/03 00:15:08 1 4096 3808545 3133195 481882 260 60296 54 25667 0 180369 0 0 2097152 0 0
SEP
MEM simgrid-vm 1585872909 2020/04/03 00:15:09 1 4096 3808545 3133195 481882 260 60295 54 25668 0 180369 0 0 2097152 0 0
SEP
MEM simgrid-vm 1585872910 2020/04/03 00:15:10 1 4096 3808545 3133164 481882 262 60300 38 25672 0 180369 0 0 2097152 0 0
SEP
