RESET
MEM simgrid-vm 1586370028 2020/04/08 18:20:28 12714899 4096 3808545 3426006 193546 68 58405 55 23922 0 186513 0 0 2097152 0 0
SEP
MEM simgrid-vm 1586370029 2020/04/08 18:20:29 1 4096 3808545 3388368 220578 70 58379 56 23952 0 186513 0 0 2097152 0 0
SEP
MEM simgrid-vm 1586370030 2020/04/08 18:20:30 1 4096 3808545 3373813 229942 71 58402 56 23956 0 186513 0 0 2097152 0 0
SEP
MEM simgrid-vm 1586370031 2020/04/08 18:20:31 1 4096 3808545 3346370 251972 71 58084 53 23688 0 186513 0 0 2097152 0 0
SEP
MEM simgrid-vm 1586370032 2020/04/08 18:20:32 1 4096 3808545 3258812 333525 71 58151 53 23744 0 186513 0 0 2097152 0 0
SEP
MEM simgrid-vm 1586370033 2020/04/08 18:20:33 1 4096 3808545 3235434 349953 71 58475 53 24052 0 186513 0 0 2097152 0 0
SEP
MEM simgrid-vm 1586370034 2020/04/08 18:20:34 1 4096 3808545 3226201 352445 71 58839 53 24390 0 186513 0 0 2097152 0 0
SEP
MEM simgrid-vm 1586370035 2020/04/08 18:20:35 1 4096 3808545 3213519 360712 75 59408 56 24894 0 186513 0 0 2097152 0 0
SEP
MEM simgrid-vm 1586370036 2020/04/08 18:20:36 1 4096 3808545 3206441 362470 76 59913 52 25329 0 186513 0 0 2097152 0 0
SEP
MEM simgrid-vm 1586370037 2020/04/08 18:20:37 1 4096 3808545 3161859 387479 77 60070 54 25470 0 186513 0 0 2097152 0 0
SEP
MEM simgrid-vm 1586370038 2020/04/08 18:20:38 1 4096 3808545 3161859 387479 77 60072 54 25472 0 186513 0 0 2097152 0 0
SEP
MEM simgrid-vm 1586370039 2020/04/08 18:20:39 1 4096 3808545 3161851 387482 78 60091 57 25486 0 186513 0 0 2097152 0 0
SEP
MEM simgrid-vm 1586370040 2020/04/08 18:20:40 1 4096 3808545 3161851 387482 80 60100 59 25490 0 186513 0 0 2097152 0 0
SEP
MEM simgrid-vm 1586370041 2020/04/08 18:20:41 1 4096 3808545 3161851 387482 80 60106 59 25494 0 186513 0 0 2097152 0 0
SEP
MEM simgrid-vm 1586370042 2020/04/08 18:20:42 1 4096 3808545 3161820 387482 80 60111 59 25495 0 186513 0 0 2097152 0 0
SEP
MEM simgrid-vm 1586370043 2020/04/08 18:20:43 1 4096 3808545 3161820 387482 80 60104 59 25495 0 186513 0 0 2097152 0 0
SEP
MEM simgrid-vm 1586370044 2020/04/08 18:20:44 1 4096 3808545 3161820 387482 80 60101 59 25495 0 186513 0 0 2097152 0 0
SEP
MEM simgrid-vm 1586370045 2020/04/08 18:20:45 1 4096 3808545 3161820 387482 80 60116 59 25495 0 186513 0 0 2097152 0 0
SEP
MEM simgrid-vm 1586370046 2020/04/08 18:20:46 1 4096 3808545 3161816 387482 82 60118 29 25501 0 186513 0 0 2097152 0 0
SEP
MEM simgrid-vm 1586370047 2020/04/08 18:20:47 1 4096 3808545 3161812 387484 83 60125 31 25505 0 186513 0 0 2097152 0 0
SEP
MEM simgrid-vm 1586370048 2020/04/08 18:20:48 1 4096 3808545 3161812 387488 84 60120 35 25507 0 186513 0 0 2097152 0 0
SEP
MEM simgrid-vm 1586370049 2020/04/08 18:20:49 1 4096 3808545 3161812 387488 84 60123 35 25509 0 186513 0 0 2097152 0 0
SEP
MEM simgrid-vm 1586370050 2020/04/08 18:20:50 1 4096 3808545 3127701 397298 86 60156 35 25542 0 186513 0 0 2097152 0 0
SEP
MEM simgrid-vm 1586370051 2020/04/08 18:20:51 1 4096 3808545 3116223 398857 86 60135 30 25526 0 186513 0 0 2097152 0 0
SEP
MEM simgrid-vm 1586370052 2020/04/08 18:20:52 1 4096 3808545 3111371 398857 88 60135 35 25526 0 186513 0 0 2097152 0 0
SEP
MEM simgrid-vm 1586370053 2020/04/08 18:20:53 1 4096 3808545 3108023 398857 88 60136 35 25527 0 186513 0 0 2097152 0 0
SEP
MEM simgrid-vm 1586370054 2020/04/08 18:20:54 1 4096 3808545 3108019 398859 88 60137 37 25527 0 186513 0 0 2097152 0 0
SEP
MEM simgrid-vm 1586370055 2020/04/08 18:20:55 1 4096 3808545 3108023 398861 88 60135 39 25527 0 186513 0 0 2097152 0 0
SEP
MEM simgrid-vm 1586370056 2020/04/08 18:20:56 1 4096 3808545 3067643 400655 88 60127 39 25519 0 186513 0 0 2097152 0 0
SEP
MEM simgrid-vm 1586370057 2020/04/08 18:20:57 1 4096 3808545 3066588 400655 90 60139 39 25519 0 186513 0 0 2097152 0 0
SEP
MEM simgrid-vm 1586370058 2020/04/08 18:20:58 1 4096 3808545 3065921 400667 90 60131 39 25519 0 186513 0 0 2097152 0 0
SEP
MEM simgrid-vm 1586370059 2020/04/08 18:20:59 1 4096 3808545 3064897 400667 90 60138 39 25523 0 186513 0 0 2097152 0 0
SEP
MEM simgrid-vm 1586370060 2020/04/08 18:21:00 1 4096 3808545 3064862 400667 90 60142 39 25529 0 186513 0 0 2097152 0 0
SEP
MEM simgrid-vm 1586370061 2020/04/08 18:21:01 1 4096 3808545 3064816 400667 90 60121 33 25513 0 186513 0 0 2097152 0 0
SEP
MEM simgrid-vm 1586370062 2020/04/08 18:21:02 1 4096 3808545 3061217 400668 92 60122 36 25514 0 186513 0 0 2097152 0 0
SEP
MEM simgrid-vm 1586370063 2020/04/08 18:21:03 1 4096 3808545 3061186 400670 92 60133 38 25516 0 186513 0 0 2097152 0 0
SEP
MEM simgrid-vm 1586370064 2020/04/08 18:21:04 1 4096 3808545 3061031 400670 92 60132 38 25519 0 186513 0 0 2097152 0 0
SEP
MEM simgrid-vm 1586370065 2020/04/08 18:21:05 1 4096 3808545 3061019 400672 92 60147 40 25534 0 186513 0 0 2097152 0 0
SEP
MEM simgrid-vm 1586370066 2020/04/08 18:21:06 1 4096 3808545 3061015 400672 92 60158 39 25540 0 186513 0 0 2097152 0 0
SEP
MEM simgrid-vm 1586370067 2020/04/08 18:21:07 1 4096 3808545 3061007 400674 94 60163 42 25551 0 186513 0 0 2097152 0 0
SEP
MEM simgrid-vm 1586370068 2020/04/08 18:21:08 1 4096 3808545 3060999 400674 94 60181 42 25561 0 186513 0 0 2097152 0 0
SEP
MEM simgrid-vm 1586370069 2020/04/08 18:21:09 1 4096 3808545 3060929 400674 94 60167 42 25554 0 186513 0 0 2097152 0 0
SEP
MEM simgrid-vm 1586370070 2020/04/08 18:21:10 1 4096 3808545 3060945 400676 94 60154 45 25538 0 186513 0 0 2097152 0 0
SEP
MEM simgrid-vm 1586370071 2020/04/08 18:21:11 1 4096 3808545 3060914 400678 94 60164 39 25539 0 186513 0 0 2097152 0 0
SEP
MEM simgrid-vm 1586370072 2020/04/08 18:21:12 1 4096 3808545 3060914 400684 96 60156 50 25540 0 186513 0 0 2097152 0 0
SEP
MEM simgrid-vm 1586370073 2020/04/08 18:21:13 1 4096 3808545 3060914 400686 96 60155 52 25541 0 186513 0 0 2097152 0 0
SEP
MEM simgrid-vm 1586370074 2020/04/08 18:21:14 1 4096 3808545 3060914 400686 96 60157 52 25541 0 186513 0 0 2097152 0 0
SEP
MEM simgrid-vm 1586370075 2020/04/08 18:21:15 1 4096 3808545 3060914 400686 96 60153 52 25542 0 186513 0 0 2097152 0 0
SEP
MEM simgrid-vm 1586370076 2020/04/08 18:21:16 1 4096 3808545 3058354 400686 96 60163 52 25542 0 186513 0 0 2097152 0 0
SEP
MEM simgrid-vm 1586370077 2020/04/08 18:21:17 1 4096 3808545 3058323 400684 98 60175 52 25544 0 186513 0 0 2097152 0 0
SEP
MEM simgrid-vm 1586370078 2020/04/08 18:21:18 1 4096 3808545 3058320 400688 98 60143 54 25517 0 186513 0 0 2097152 0 0
SEP
MEM simgrid-vm 1586370079 2020/04/08 18:21:19 1 4096 3808545 3058320 400688 98 60131 54 25505 0 186513 0 0 2097152 0 0
SEP
MEM simgrid-vm 1586370080 2020/04/08 18:21:20 1 4096 3808545 3058289 400691 99 60112 58 25499 0 186513 0 0 2097152 0 0
SEP
MEM simgrid-vm 1586370081 2020/04/08 18:21:21 1 4096 3808545 3058289 400692 99 60120 29 25499 0 186513 0 0 2097152 0 0
SEP
MEM simgrid-vm 1586370082 2020/04/08 18:21:22 1 4096 3808545 3058289 400696 99 60114 33 25499 0 186513 0 0 2097152 0 0
SEP
MEM simgrid-vm 1586370083 2020/04/08 18:21:23 1 4096 3808545 3058289 400700 101 60112 48 25499 0 186513 0 0 2097152 0 0
SEP
MEM simgrid-vm 1586370084 2020/04/08 18:21:24 1 4096 3808545 3058281 400702 101 60122 50 25508 0 186513 0 0 2097152 0 0
SEP
MEM simgrid-vm 1586370085 2020/04/08 18:21:25 1 4096 3808545 3058273 400703 101 60146 51 25515 0 186513 0 0 2097152 0 0
SEP
MEM simgrid-vm 1586370086 2020/04/08 18:21:26 1 4096 3808545 3058269 400705 101 60138 47 25526 0 186513 0 0 2097152 0 0
SEP
MEM simgrid-vm 1586370087 2020/04/08 18:21:27 1 4096 3808545 3058277 400705 101 60131 47 25512 0 186513 0 0 2097152 0 0
SEP
MEM simgrid-vm 1586370088 2020/04/08 18:21:28 1 4096 3808545 3058277 400705 103 60125 49 25512 0 186513 0 0 2097152 0 0
SEP
MEM simgrid-vm 1586370089 2020/04/08 18:21:29 1 4096 3808545 3058277 400707 103 60150 51 25512 0 186513 0 0 2097152 0 0
SEP
MEM simgrid-vm 1586370090 2020/04/08 18:21:30 1 4096 3808545 3058277 400707 103 60142 51 25513 0 186513 0 0 2097152 0 0
SEP
MEM simgrid-vm 1586370091 2020/04/08 18:21:31 1 4096 3808545 3058277 400709 103 60131 53 25514 0 186513 0 0 2097152 0 0
SEP
MEM simgrid-vm 1586370092 2020/04/08 18:21:32 1 4096 3808545 3057389 400712 103 60135 56 25516 0 186513 0 0 2097152 0 0
SEP
MEM simgrid-vm 1586370093 2020/04/08 18:21:33 1 4096 3808545 3057350 400712 105 60130 56 25521 0 186513 0 0 2097152 0 0
SEP
MEM simgrid-vm 1586370094 2020/04/08 18:21:34 1 4096 3808545 3057346 400712 105 60132 56 25525 0 186513 0 0 2097152 0 0
SEP
MEM simgrid-vm 1586370095 2020/04/08 18:21:35 1 4096 3808545 3057346 400713 105 60136 57 25526 0 186513 0 0 2097152 0 0
SEP
MEM simgrid-vm 1586370096 2020/04/08 18:21:36 1 4096 3808545 3057342 400713 105 60139 52 25532 0 186513 0 0 2097152 0 0
SEP
MEM simgrid-vm 1586370097 2020/04/08 18:21:37 1 4096 3808545 3057342 400713 105 60142 52 25533 0 186513 0 0 2097152 0 0
SEP
MEM simgrid-vm 1586370098 2020/04/08 18:21:38 1 4096 3808545 3057342 400713 107 60154 56 25534 0 186513 0 0 2097152 0 0
SEP
MEM simgrid-vm 1586370099 2020/04/08 18:21:39 1 4096 3808545 3057338 400713 107 60147 56 25539 0 186513 0 0 2097152 0 0
SEP
MEM simgrid-vm 1586370100 2020/04/08 18:21:40 1 4096 3808545 3057330 400713 107 60160 56 25550 0 186513 0 0 2097152 0 0
SEP
MEM simgrid-vm 1586370101 2020/04/08 18:21:41 1 4096 3808545 3057326 400715 107 60174 52 25556 0 186513 0 0 2097152 0 0
SEP
MEM simgrid-vm 1586370102 2020/04/08 18:21:42 1 4096 3808545 3057318 400715 107 60178 52 25565 0 186513 0 0 2097152 0 0
SEP
MEM simgrid-vm 1586370103 2020/04/08 18:21:43 1 4096 3808545 3056644 401168 109 60202 58 25575 0 186513 0 0 2097152 0 0
SEP
MEM simgrid-vm 1586370104 2020/04/08 18:21:44 1 4096 3808545 3056678 401170 109 60207 61 25583 0 186513 0 0 2097152 0 0
SEP
MEM simgrid-vm 1586370105 2020/04/08 18:21:45 1 4096 3808545 3056678 401172 109 60193 63 25584 0 186513 0 0 2097152 0 0
SEP
MEM simgrid-vm 1586370106 2020/04/08 18:21:46 1 4096 3808545 3056678 401172 109 60193 43 25584 0 186513 0 0 2097152 0 0
SEP
MEM simgrid-vm 1586370107 2020/04/08 18:21:47 1 4096 3808545 3056702 401172 109 60172 43 25560 0 186513 0 0 2097152 0 0
SEP
MEM simgrid-vm 1586370108 2020/04/08 18:21:48 1 4096 3808545 3056702 401172 111 60170 47 25560 0 186513 0 0 2097152 0 0
SEP
MEM simgrid-vm 1586370109 2020/04/08 18:21:49 1 4096 3808545 3056702 401174 111 60176 49 25560 0 186513 0 0 2097152 0 0
SEP
MEM simgrid-vm 1586370110 2020/04/08 18:21:50 1 4096 3808545 3056702 401174 111 60172 49 25560 0 186513 0 0 2097152 0 0
SEP
MEM simgrid-vm 1586370111 2020/04/08 18:21:51 1 4096 3808545 3056698 401174 111 60177 6 25560 0 186513 0 0 2097152 0 0
SEP
MEM simgrid-vm 1586370112 2020/04/08 18:21:52 1 4096 3808545 3056702 401176 111 60171 8 25560 0 186513 0 0 2097152 0 0
SEP
MEM simgrid-vm 1586370113 2020/04/08 18:21:53 1 4096 3808545 3056698 401178 113 60189 27 25564 0 186513 0 0 2097152 0 0
SEP
MEM simgrid-vm 1586370114 2020/04/08 18:21:54 1 4096 3808545 3056694 401180 113 60182 29 25570 0 186513 0 0 2097152 0 0
SEP
MEM simgrid-vm 1586370115 2020/04/08 18:21:55 1 4096 3808545 3056686 401180 113 60191 29 25579 0 186513 0 0 2097152 0 0
SEP
MEM simgrid-vm 1586370116 2020/04/08 18:21:56 1 4096 3808545 3056682 401182 113 60203 31 25584 0 186513 0 0 2097152 0 0
SEP
MEM simgrid-vm 1586370117 2020/04/08 18:21:57 1 4096 3808545 3056674 401184 113 60210 33 25595 0 186513 0 0 2097152 0 0
SEP
MEM simgrid-vm 1586370118 2020/04/08 18:21:58 1 4096 3808545 3056674 401185 115 60203 35 25595 0 186513 0 0 2097152 0 0
SEP
MEM simgrid-vm 1586370119 2020/04/08 18:21:59 1 4096 3808545 3056639 401185 115 60220 35 25600 0 186513 0 0 2097152 0 0
SEP
MEM simgrid-vm 1586370120 2020/04/08 18:22:00 1 4096 3808545 3057160 401184 115 60240 33 25616 0 186513 0 0 2097152 0 0
SEP
MEM simgrid-vm 1586370121 2020/04/08 18:22:01 1 4096 3808545 3057172 401186 115 60225 35 25604 0 186513 0 0 2097152 0 0
SEP
MEM simgrid-vm 1586370122 2020/04/08 18:22:02 1 4096 3808545 3057172 401188 115 60226 37 25606 0 186513 0 0 2097152 0 0
SEP
MEM simgrid-vm 1586370123 2020/04/08 18:22:03 1 4096 3808545 3057204 401188 118 60197 41 25577 0 186513 0 0 2097152 0 0
SEP
MEM simgrid-vm 1586370124 2020/04/08 18:22:04 1 4096 3808545 3057177 401190 118 60200 43 25580 0 186513 0 0 2097152 0 0
SEP
MEM simgrid-vm 1586370125 2020/04/08 18:22:05 1 4096 3808545 3057173 401192 118 60199 45 25580 0 186513 0 0 2097152 0 0
SEP
MEM simgrid-vm 1586370126 2020/04/08 18:22:06 1 4096 3808545 3057174 401194 118 60166 6 25548 0 186513 0 0 2097152 0 0
SEP
MEM simgrid-vm 1586370127 2020/04/08 18:22:07 1 4096 3808545 3057143 401194 118 60168 7 25550 0 186513 0 0 2097152 0 0
SEP
MEM simgrid-vm 1586370128 2020/04/08 18:22:08 1 4096 3808545 3057143 401195 120 60168 22 25550 0 186513 0 0 2097152 0 0
SEP
MEM simgrid-vm 1586370129 2020/04/08 18:22:09 1 4096 3808545 3057143 401195 120 60178 22 25552 0 186513 0 0 2097152 0 0
SEP
MEM simgrid-vm 1586370130 2020/04/08 18:22:10 1 4096 3808545 3057143 401197 120 60173 24 25555 0 186513 0 0 2097152 0 0
SEP
MEM simgrid-vm 1586370131 2020/04/08 18:22:11 1 4096 3808545 3057143 401199 120 60173 4 25555 0 186513 0 0 2097152 0 0
SEP
MEM simgrid-vm 1586370132 2020/04/08 18:22:12 1 4096 3808545 3057139 401199 120 60177 5 25559 0 186513 0 0 2097152 0 0
SEP
MEM simgrid-vm 1586370133 2020/04/08 18:22:13 1 4096 3808545 3057135 401199 120 60190 3 25563 0 186513 0 0 2097152 0 0
SEP
MEM simgrid-vm 1586370134 2020/04/08 18:22:14 1 4096 3808545 3057131 401203 122 60185 16 25567 0 186513 0 0 2097152 0 0
SEP
MEM simgrid-vm 1586370135 2020/04/08 18:22:15 1 4096 3808545 3209863 401204 122 60139 17 25566 0 186513 0 0 2097152 0 0
SEP
MEM simgrid-vm 1586370136 2020/04/08 18:22:16 1 4096 3808545 3213935 401205 122 60079 19 25541 0 186513 0 0 2097152 0 0
SEP
MEM simgrid-vm 1586370137 2020/04/08 18:22:17 1 4096 3808545 3213982 401210 122 60065 24 25538 0 186513 0 0 2097152 0 0
SEP
MEM simgrid-vm 1586370138 2020/04/08 18:22:18 1 4096 3808545 3213980 401210 122 60067 1 25538 0 186513 0 0 2097152 0 0
SEP
MEM simgrid-vm 1586370139 2020/04/08 18:22:19 1 4096 3808545 3213980 401210 124 60067 19 25538 0 186513 0 0 2097152 0 0
SEP
MEM simgrid-vm 1586370140 2020/04/08 18:22:20 1 4096 3808545 3213980 401210 124 60067 19 25538 0 186513 0 0 2097152 0 0
SEP
MEM simgrid-vm 1586370141 2020/04/08 18:22:21 1 4096 3808545 3213980 401210 124 60067 19 25538 0 186513 0 0 2097152 0 0
SEP
MEM simgrid-vm 1586370142 2020/04/08 18:22:22 1 4096 3808545 3213980 401212 124 60070 21 25538 0 186513 0 0 2097152 0 0
SEP
MEM simgrid-vm 1586370143 2020/04/08 18:22:23 1 4096 3808545 3213980 401214 124 60070 23 25538 0 186513 0 0 2097152 0 0
SEP
MEM simgrid-vm 1586370144 2020/04/08 18:22:24 1 4096 3808545 3213980 401214 124 60067 0 25538 0 186513 0 0 2097152 0 0
SEP
MEM simgrid-vm 1586370145 2020/04/08 18:22:25 1 4096 3808545 3213980 401216 126 60069 11 25538 0 186513 0 0 2097152 0 0
SEP
MEM simgrid-vm 1586370146 2020/04/08 18:22:26 1 4096 3808545 3213980 401218 126 60069 13 25538 0 186513 0 0 2097152 0 0
SEP
MEM simgrid-vm 1586370147 2020/04/08 18:22:27 1 4096 3808545 3213949 401218 126 60065 13 25538 0 186513 0 0 2097152 0 0
SEP
MEM simgrid-vm 1586370148 2020/04/08 18:22:28 1 4096 3808545 3213949 401218 126 60065 13 25538 0 186513 0 0 2097152 0 0
SEP
MEM simgrid-vm 1586370149 2020/04/08 18:22:29 1 4096 3808545 3213949 401218 126 60065 13 25538 0 186513 0 0 2097152 0 0
SEP
MEM simgrid-vm 1586370150 2020/04/08 18:22:30 1 4096 3808545 3213949 401218 126 60066 1 25538 0 186513 0 0 2097152 0 0
SEP
MEM simgrid-vm 1586370151 2020/04/08 18:22:31 1 4096 3808545 3213949 401218 128 60065 9 25538 0 186513 0 0 2097152 0 0
SEP
MEM simgrid-vm 1586370152 2020/04/08 18:22:32 1 4096 3808545 3213949 401218 128 60065 9 25538 0 186513 0 0 2097152 0 0
SEP
MEM simgrid-vm 1586370153 2020/04/08 18:22:33 1 4096 3808545 3213949 401220 128 60064 11 25538 0 186513 0 0 2097152 0 0
SEP
MEM simgrid-vm 1586370154 2020/04/08 18:22:34 1 4096 3808545 3213949 401222 128 60064 13 25538 0 186513 0 0 2097152 0 0
SEP
MEM simgrid-vm 1586370155 2020/04/08 18:22:35 1 4096 3808545 3213949 401222 128 60064 13 25538 0 186513 0 0 2097152 0 0
SEP
MEM simgrid-vm 1586370156 2020/04/08 18:22:36 1 4096 3808545 3213949 401224 128 60064 16 25538 0 186513 0 0 2097152 0 0
SEP
MEM simgrid-vm 1586370157 2020/04/08 18:22:37 1 4096 3808545 3213949 401224 130 60064 16 25538 0 186513 0 0 2097152 0 0
SEP
MEM simgrid-vm 1586370158 2020/04/08 18:22:38 1 4096 3808545 3213949 401224 130 60064 16 25538 0 186513 0 0 2097152 0 0
SEP
MEM simgrid-vm 1586370159 2020/04/08 18:22:39 1 4096 3808545 3213949 401224 130 60064 16 25538 0 186513 0 0 2097152 0 0
SEP
MEM simgrid-vm 1586370160 2020/04/08 18:22:40 1 4096 3808545 3213949 401224 130 60064 16 25538 0 186513 0 0 2097152 0 0
SEP
MEM simgrid-vm 1586370161 2020/04/08 18:22:41 1 4096 3808545 3213949 401225 130 60064 17 25538 0 186513 0 0 2097152 0 0
SEP
MEM simgrid-vm 1586370162 2020/04/08 18:22:42 1 4096 3808545 3213949 401225 130 60064 17 25538 0 186513 0 0 2097152 0 0
SEP
MEM simgrid-vm 1586370163 2020/04/08 18:22:43 1 4096 3808545 3213945 401227 132 60068 19 25542 0 186513 0 0 2097152 0 0
SEP
MEM simgrid-vm 1586370164 2020/04/08 18:22:44 1 4096 3808545 3213929 401227 132 60085 19 25559 0 186513 0 0 2097152 0 0
SEP
MEM simgrid-vm 1586370165 2020/04/08 18:22:45 1 4096 3808545 3213929 401229 132 60085 21 25559 0 186513 0 0 2097152 0 0
SEP
MEM simgrid-vm 1586370166 2020/04/08 18:22:46 1 4096 3808545 3213929 401231 132 60085 23 25559 0 186513 0 0 2097152 0 0
SEP
MEM simgrid-vm 1586370167 2020/04/08 18:22:47 1 4096 3808545 3213929 401231 132 60088 23 25562 0 186513 0 0 2097152 0 0
SEP
MEM simgrid-vm 1586370168 2020/04/08 18:22:48 1 4096 3808545 3213929 401231 132 60087 23 25562 0 186513 0 0 2097152 0 0
SEP
MEM simgrid-vm 1586370169 2020/04/08 18:22:49 1 4096 3808545 3213929 401233 134 60087 25 25562 0 186513 0 0 2097152 0 0
SEP
MEM simgrid-vm 1586370170 2020/04/08 18:22:50 1 4096 3808545 3213929 401233 134 60087 25 25562 0 186513 0 0 2097152 0 0
SEP
MEM simgrid-vm 1586370171 2020/04/08 18:22:51 1 4096 3808545 3213929 401233 134 60087 25 25562 0 186513 0 0 2097152 0 0
SEP
MEM simgrid-vm 1586370172 2020/04/08 18:22:52 1 4096 3808545 3213929 401235 134 60084 27 25562 0 186513 0 0 2097152 0 0
SEP
MEM simgrid-vm 1586370173 2020/04/08 18:22:53 1 4096 3808545 3213929 401235 134 60084 27 25562 0 186513 0 0 2097152 0 0
SEP
MEM simgrid-vm 1586370174 2020/04/08 18:22:54 1 4096 3808545 3213929 401236 136 60093 29 25563 0 186513 0 0 2097152 0 0
SEP
MEM simgrid-vm 1586370175 2020/04/08 18:22:55 1 4096 3808545 3213929 401237 136 60093 30 25563 0 186513 0 0 2097152 0 0
SEP
MEM simgrid-vm 1586370176 2020/04/08 18:22:56 1 4096 3808545 3213968 401237 136 60061 30 25541 0 186513 0 0 2097152 0 0
SEP
MEM simgrid-vm 1586370177 2020/04/08 18:22:57 1 4096 3808545 3213972 401237 136 60057 30 25537 0 186513 0 0 2097152 0 0
SEP
MEM simgrid-vm 1586370178 2020/04/08 18:22:58 1 4096 3808545 3213972 401237 136 60057 30 25537 0 186513 0 0 2097152 0 0
SEP
MEM simgrid-vm 1586370179 2020/04/08 18:22:59 1 4096 3808545 3214003 401237 136 60043 30 25521 0 186513 0 0 2097152 0 0
SEP
MEM simgrid-vm 1586370180 2020/04/08 18:23:00 1 4096 3808545 3214003 401237 138 60040 28 25520 0 186513 0 0 2097152 0 0
SEP
MEM simgrid-vm 1586370181 2020/04/08 18:23:01 1 4096 3808545 3214003 401237 138 60039 29 25520 0 186513 0 0 2097152 0 0
SEP
MEM simgrid-vm 1586370182 2020/04/08 18:23:02 1 4096 3808545 3214003 401243 138 60038 35 25520 0 186513 0 0 2097152 0 0
SEP
MEM simgrid-vm 1586370183 2020/04/08 18:23:03 1 4096 3808545 3214003 401245 138 60038 37 25520 0 186513 0 0 2097152 0 0
SEP
MEM simgrid-vm 1586370184 2020/04/08 18:23:04 1 4096 3808545 3214003 401245 138 60038 37 25520 0 186513 0 0 2097152 0 0
SEP
MEM simgrid-vm 1586370185 2020/04/08 18:23:05 1 4096 3808545 3213999 401245 140 60042 47 25520 0 186513 0 0 2097152 0 0
SEP
MEM simgrid-vm 1586370186 2020/04/08 18:23:06 1 4096 3808545 3213999 401245 140 60048 29 25520 0 186513 0 0 2097152 0 0
SEP
MEM simgrid-vm 1586370187 2020/04/08 18:23:07 1 4096 3808545 3213995 401245 140 60055 29 25523 0 186513 0 0 2097152 0 0
SEP
MEM simgrid-vm 1586370188 2020/04/08 18:23:08 1 4096 3808545 3213995 401247 140 60049 31 25523 0 186513 0 0 2097152 0 0
SEP
MEM simgrid-vm 1586370189 2020/04/08 18:23:09 1 4096 3808545 3213968 401251 140 60046 35 25524 0 186513 0 0 2097152 0 0
SEP
MEM simgrid-vm 1586370190 2020/04/08 18:23:10 1 4096 3808545 3213968 401251 142 60046 3 25524 0 186513 0 0 2097152 0 0
SEP
MEM simgrid-vm 1586370191 2020/04/08 18:23:11 1 4096 3808545 3213968 401251 142 60048 4 25526 0 186513 0 0 2097152 0 0
SEP
MEM simgrid-vm 1586370192 2020/04/08 18:23:12 1 4096 3808545 3213968 401253 142 60051 6 25529 0 186513 0 0 2097152 0 0
SEP
MEM simgrid-vm 1586370193 2020/04/08 18:23:13 1 4096 3808545 3213960 401255 142 60061 9 25539 0 186513 0 0 2097152 0 0
SEP
MEM simgrid-vm 1586370194 2020/04/08 18:23:14 1 4096 3808545 3213960 401256 142 60061 10 25539 0 186513 0 0 2097152 0 0
SEP
MEM simgrid-vm 1586370195 2020/04/08 18:23:15 1 4096 3808545 3213960 401258 144 60061 25 25539 0 186513 0 0 2097152 0 0
SEP
MEM simgrid-vm 1586370196 2020/04/08 18:23:16 1 4096 3808545 3213956 401258 144 60065 25 25543 0 186513 0 0 2097152 0 0
SEP
MEM simgrid-vm 1586370197 2020/04/08 18:23:17 1 4096 3808545 3213952 401260 144 60070 29 25547 0 186513 0 0 2097152 0 0
SEP
MEM simgrid-vm 1586370198 2020/04/08 18:23:18 1 4096 3808545 3213952 401260 144 60071 29 25548 0 186513 0 0 2097152 0 0
SEP
MEM simgrid-vm 1586370199 2020/04/08 18:23:19 1 4096 3808545 3213952 401260 144 60071 29 25548 0 186513 0 0 2097152 0 0
SEP
MEM simgrid-vm 1586370200 2020/04/08 18:23:20 1 4096 3808545 3213952 401261 146 60071 2 25548 0 186513 0 0 2097152 0 0
SEP
MEM simgrid-vm 1586370201 2020/04/08 18:23:21 1 4096 3808545 3213956 401264 146 60068 13 25545 0 186513 0 0 2097152 0 0
SEP
MEM simgrid-vm 1586370202 2020/04/08 18:23:22 1 4096 3808545 3213964 401264 146 60063 13 25540 0 186513 0 0 2097152 0 0
SEP
MEM simgrid-vm 1586370203 2020/04/08 18:23:23 1 4096 3808545 3213964 401266 146 60063 15 25540 0 186513 0 0 2097152 0 0
SEP
MEM simgrid-vm 1586370204 2020/04/08 18:23:24 1 4096 3808545 3213964 401266 146 60063 15 25540 0 186513 0 0 2097152 0 0
SEP
MEM simgrid-vm 1586370205 2020/04/08 18:23:25 1 4096 3808545 3213964 401266 146 60063 0 25540 0 186513 0 0 2097152 0 0
SEP
MEM simgrid-vm 1586370206 2020/04/08 18:23:26 1 4096 3808545 3213964 401266 148 60063 10 25540 0 186513 0 0 2097152 0 0
SEP
MEM simgrid-vm 1586370207 2020/04/08 18:23:27 1 4096 3808545 3213964 401266 148 60064 10 25540 0 186513 0 0 2097152 0 0
SEP
MEM simgrid-vm 1586370208 2020/04/08 18:23:28 1 4096 3808545 3213988 401266 148 60040 10 25517 0 186513 0 0 2097152 0 0
SEP
MEM simgrid-vm 1586370209 2020/04/08 18:23:29 1 4096 3808545 3213988 401270 148 60040 14 25517 0 186513 0 0 2097152 0 0
SEP
MEM simgrid-vm 1586370210 2020/04/08 18:23:30 1 4096 3808545 3213988 401270 148 60040 14 25517 0 186513 0 0 2097152 0 0
SEP
MEM simgrid-vm 1586370211 2020/04/08 18:23:31 1 4096 3808545 3213988 401270 148 60040 14 25517 0 186513 0 0 2097152 0 0
SEP
MEM simgrid-vm 1586370212 2020/04/08 18:23:32 1 4096 3808545 3213988 401272 150 60040 16 25518 0 186513 0 0 2097152 0 0
SEP
MEM simgrid-vm 1586370213 2020/04/08 18:23:33 1 4096 3808545 3213988 401272 150 60042 16 25520 0 186513 0 0 2097152 0 0
SEP
MEM simgrid-vm 1586370214 2020/04/08 18:23:34 1 4096 3808545 3213992 401272 150 60038 16 25520 0 186513 0 0 2097152 0 0
SEP
MEM simgrid-vm 1586370215 2020/04/08 18:23:35 1 4096 3808545 3213992 401274 150 60039 18 25520 0 186513 0 0 2097152 0 0
SEP
MEM simgrid-vm 1586370216 2020/04/08 18:23:36 1 4096 3808545 3213992 401276 150 60038 20 25520 0 186513 0 0 2097152 0 0
SEP
MEM simgrid-vm 1586370217 2020/04/08 18:23:37 1 4096 3808545 3213992 401276 152 60039 20 25520 0 186513 0 0 2097152 0 0
SEP
MEM simgrid-vm 1586370218 2020/04/08 18:23:38 1 4096 3808545 3213992 401276 152 60038 21 25520 0 186513 0 0 2097152 0 0
SEP
MEM simgrid-vm 1586370219 2020/04/08 18:23:39 1 4096 3808545 3213992 401276 152 60041 21 25521 0 186513 0 0 2097152 0 0
SEP
MEM simgrid-vm 1586370220 2020/04/08 18:23:40 1 4096 3808545 3213992 401276 152 60041 21 25521 0 186513 0 0 2097152 0 0
SEP
MEM simgrid-vm 1586370221 2020/04/08 18:23:41 1 4096 3808545 3213992 401278 152 60040 23 25521 0 186513 0 0 2097152 0 0
SEP
MEM simgrid-vm 1586370222 2020/04/08 18:23:42 1 4096 3808545 3213992 401280 152 60041 25 25523 0 186513 0 0 2097152 0 0
SEP
MEM simgrid-vm 1586370223 2020/04/08 18:23:43 1 4096 3808545 3213992 401282 154 60041 28 25523 0 186513 0 0 2097152 0 0
SEP
MEM simgrid-vm 1586370224 2020/04/08 18:23:44 1 4096 3808545 3213992 401282 154 60041 28 25523 0 186513 0 0 2097152 0 0
SEP
MEM simgrid-vm 1586370225 2020/04/08 18:23:45 1 4096 3808545 3213992 401282 154 60041 28 25523 0 186513 0 0 2097152 0 0
SEP
MEM simgrid-vm 1586370226 2020/04/08 18:23:46 1 4096 3808545 3213992 401282 154 60041 28 25523 0 186513 0 0 2097152 0 0
SEP
MEM simgrid-vm 1586370227 2020/04/08 18:23:47 1 4096 3808545 3213957 401285 154 60041 31 25523 0 186513 0 0 2097152 0 0
SEP
MEM simgrid-vm 1586370228 2020/04/08 18:23:48 1 4096 3808545 3213957 401285 156 60041 31 25523 0 186513 0 0 2097152 0 0
SEP
MEM simgrid-vm 1586370229 2020/04/08 18:23:49 1 4096 3808545 3213957 401285 156 60045 31 25527 0 186513 0 0 2097152 0 0
SEP
MEM simgrid-vm 1586370230 2020/04/08 18:23:50 1 4096 3808545 3213969 401285 156 60033 31 25515 0 186513 0 0 2097152 0 0
SEP
MEM simgrid-vm 1586370231 2020/04/08 18:23:51 1 4096 3808545 3213969 401285 156 60033 31 25515 0 186513 0 0 2097152 0 0
SEP
MEM simgrid-vm 1586370232 2020/04/08 18:23:52 1 4096 3808545 3213969 401285 156 60033 31 25515 0 186513 0 0 2097152 0 0
SEP
MEM simgrid-vm 1586370233 2020/04/08 18:23:53 1 4096 3808545 3213973 401285 156 60029 31 25515 0 186513 0 0 2097152 0 0
SEP
MEM simgrid-vm 1586370234 2020/04/08 18:23:54 1 4096 3808545 3213973 401287 158 60028 34 25515 0 186513 0 0 2097152 0 0
SEP
MEM simgrid-vm 1586370235 2020/04/08 18:23:55 1 4096 3808545 3213973 401287 158 60028 34 25515 0 186513 0 0 2097152 0 0
SEP
MEM simgrid-vm 1586370236 2020/04/08 18:23:56 1 4096 3808545 3213973 401287 159 60028 21 25515 0 186513 0 0 2097152 0 0
SEP
MEM simgrid-vm 1586370237 2020/04/08 18:23:57 1 4096 3808545 3213973 401287 159 60028 22 25515 0 186513 0 0 2097152 0 0
SEP
MEM simgrid-vm 1586370238 2020/04/08 18:23:58 1 4096 3808545 3213973 401287 159 60028 22 25515 0 186513 0 0 2097152 0 0
SEP
MEM simgrid-vm 1586370239 2020/04/08 18:23:59 1 4096 3808545 3213973 401291 161 60030 33 25515 0 186513 0 0 2097152 0 0
SEP
MEM simgrid-vm 1586370240 2020/04/08 18:24:00 1 4096 3808545 3213973 401291 161 60028 34 25515 0 186513 0 0 2097152 0 0
SEP
MEM simgrid-vm 1586370241 2020/04/08 18:24:01 1 4096 3808545 3213973 401293 161 60028 2 25515 0 186513 0 0 2097152 0 0
SEP
MEM simgrid-vm 1586370242 2020/04/08 18:24:02 1 4096 3808545 3213973 401295 161 60028 5 25515 0 186513 0 0 2097152 0 0
SEP
MEM simgrid-vm 1586370243 2020/04/08 18:24:03 1 4096 3808545 3213973 401295 161 60028 5 25515 0 186513 0 0 2097152 0 0
SEP
MEM simgrid-vm 1586370244 2020/04/08 18:24:04 1 4096 3808545 3213973 401295 161 60028 5 25515 0 186513 0 0 2097152 0 0
SEP
MEM simgrid-vm 1586370245 2020/04/08 18:24:05 1 4096 3808545 3213969 401295 163 60032 26 25519 0 186513 0 0 2097152 0 0
SEP
MEM simgrid-vm 1586370246 2020/04/08 18:24:06 1 4096 3808545 3213965 401295 163 60036 26 25523 0 186513 0 0 2097152 0 0
SEP
MEM simgrid-vm 1586370247 2020/04/08 18:24:07 1 4096 3808545 3213961 401295 163 60041 26 25528 0 186513 0 0 2097152 0 0
SEP
MEM simgrid-vm 1586370248 2020/04/08 18:24:08 1 4096 3808545 3213961 401297 163 60041 28 25528 0 186513 0 0 2097152 0 0
SEP
MEM simgrid-vm 1586370249 2020/04/08 18:24:09 1 4096 3808545 3213961 401299 163 60041 30 25528 0 186513 0 0 2097152 0 0
SEP
MEM simgrid-vm 1586370250 2020/04/08 18:24:10 1 4096 3808545 3213961 401299 163 60041 30 25528 0 186513 0 0 2097152 0 0
SEP
MEM simgrid-vm 1586370251 2020/04/08 18:24:11 1 4096 3808545 3213961 401299 165 60041 31 25528 0 186513 0 0 2097152 0 0
SEP
MEM simgrid-vm 1586370252 2020/04/08 18:24:12 1 4096 3808545 3213957 401301 165 60045 33 25528 0 186513 0 0 2097152 0 0
SEP
MEM simgrid-vm 1586370253 2020/04/08 18:24:13 1 4096 3808545 3213957 401301 165 60045 33 25528 0 186513 0 0 2097152 0 0
SEP
MEM simgrid-vm 1586370254 2020/04/08 18:24:14 1 4096 3808545 3213957 401301 165 60045 33 25528 0 186513 0 0 2097152 0 0
SEP
MEM simgrid-vm 1586370255 2020/04/08 18:24:15 1 4096 3808545 3213957 401301 165 60045 33 25528 0 186513 0 0 2097152 0 0
SEP
MEM simgrid-vm 1586370256 2020/04/08 18:24:16 1 4096 3808545 3213957 401301 165 60046 33 25528 0 186513 0 0 2097152 0 0
SEP
MEM simgrid-vm 1586370257 2020/04/08 18:24:17 1 4096 3808545 3213926 401301 167 60049 33 25528 0 186513 0 0 2097152 0 0
SEP
MEM simgrid-vm 1586370258 2020/04/08 18:24:18 1 4096 3808545 3213926 401301 167 60047 33 25528 0 186513 0 0 2097152 0 0
SEP
MEM simgrid-vm 1586370259 2020/04/08 18:24:19 1 4096 3808545 3213926 401303 167 60045 35 25528 0 186513 0 0 2097152 0 0
SEP
MEM simgrid-vm 1586370260 2020/04/08 18:24:20 1 4096 3808545 3213926 401304 167 60045 36 25528 0 186513 0 0 2097152 0 0
SEP
MEM simgrid-vm 1586370261 2020/04/08 18:24:21 1 4096 3808545 3213926 401306 167 60045 38 25528 0 186513 0 0 2097152 0 0
SEP
MEM simgrid-vm 1586370262 2020/04/08 18:24:22 1 4096 3808545 3213926 401306 167 60045 38 25528 0 186513 0 0 2097152 0 0
SEP
MEM simgrid-vm 1586370263 2020/04/08 18:24:23 1 4096 3808545 3213926 401306 169 60046 38 25529 0 186513 0 0 2097152 0 0
SEP
MEM simgrid-vm 1586370264 2020/04/08 18:24:24 1 4096 3808545 3213926 401308 169 60046 41 25529 0 186513 0 0 2097152 0 0
SEP
MEM simgrid-vm 1586370265 2020/04/08 18:24:25 1 4096 3808545 3213922 401310 169 60052 43 25535 0 186513 0 0 2097152 0 0
SEP
MEM simgrid-vm 1586370266 2020/04/08 18:24:26 1 4096 3808545 3213922 401310 169 60052 43 25535 0 186513 0 0 2097152 0 0
SEP
MEM simgrid-vm 1586370267 2020/04/08 18:24:27 1 4096 3808545 3213914 401310 169 60055 43 25538 0 186513 0 0 2097152 0 0
SEP
MEM simgrid-vm 1586370268 2020/04/08 18:24:28 1 4096 3808545 3213910 401310 171 60058 43 25541 0 186513 0 0 2097152 0 0
SEP
MEM simgrid-vm 1586370269 2020/04/08 18:24:29 1 4096 3808545 3213910 401314 171 60063 47 25541 0 186513 0 0 2097152 0 0
SEP
MEM simgrid-vm 1586370270 2020/04/08 18:24:30 1 4096 3808545 3213906 401314 171 60064 47 25545 0 186513 0 0 2097152 0 0
SEP
MEM simgrid-vm 1586370271 2020/04/08 18:24:31 1 4096 3808545 3213906 401314 171 60062 47 25545 0 186513 0 0 2097152 0 0
SEP
MEM simgrid-vm 1586370272 2020/04/08 18:24:32 1 4096 3808545 3213910 401314 171 60064 45 25545 0 186513 0 0 2097152 0 0
SEP
MEM simgrid-vm 1586370273 2020/04/08 18:24:33 1 4096 3808545 3213910 401316 171 60063 48 25545 0 186513 0 0 2097152 0 0
SEP
MEM simgrid-vm 1586370274 2020/04/08 18:24:34 1 4096 3808545 3213910 401316 173 60058 49 25545 0 186513 0 0 2097152 0 0
SEP
MEM simgrid-vm 1586370275 2020/04/08 18:24:35 1 4096 3808545 3213910 401318 173 60058 51 25545 0 186513 0 0 2097152 0 0
SEP
MEM simgrid-vm 1586370276 2020/04/08 18:24:36 1 4096 3808545 3213910 401322 173 60058 28 25545 0 186513 0 0 2097152 0 0
SEP
MEM simgrid-vm 1586370277 2020/04/08 18:24:37 1 4096 3808545 3213910 401322 173 60058 28 25545 0 186513 0 0 2097152 0 0
SEP
MEM simgrid-vm 1586370278 2020/04/08 18:24:38 1 4096 3808545 3213910 401322 173 60062 29 25545 0 186513 0 0 2097152 0 0
SEP
MEM simgrid-vm 1586370279 2020/04/08 18:24:39 1 4096 3808545 3213910 401322 173 60058 29 25545 0 186513 0 0 2097152 0 0
SEP
MEM simgrid-vm 1586370280 2020/04/08 18:24:40 1 4096 3808545 3213926 401324 175 60042 38 25529 0 186513 0 0 2097152 0 0
SEP
MEM simgrid-vm 1586370281 2020/04/08 18:24:41 1 4096 3808545 3213926 401324 175 60042 39 25529 0 186513 0 0 2097152 0 0
SEP
MEM simgrid-vm 1586370282 2020/04/08 18:24:42 1 4096 3808545 3213926 401330 175 60048 35 25529 0 186513 0 0 2097152 0 0
SEP
MEM simgrid-vm 1586370283 2020/04/08 18:24:43 1 4096 3808545 3213926 401330 175 60043 35 25529 0 186513 0 0 2097152 0 0
SEP
MEM simgrid-vm 1586370284 2020/04/08 18:24:44 1 4096 3808545 3213862 401330 175 60042 35 25529 0 186513 0 0 2097152 0 0
SEP
MEM simgrid-vm 1586370285 2020/04/08 18:24:45 1 4096 3808545 3213864 401332 177 60044 42 25529 0 186513 0 0 2097152 0 0
SEP
MEM simgrid-vm 1586370286 2020/04/08 18:24:46 1 4096 3808545 3213864 401332 177 60044 42 25531 0 186513 0 0 2097152 0 0
SEP
MEM simgrid-vm 1586370287 2020/04/08 18:24:47 1 4096 3808545 3213864 401332 177 60039 36 25519 0 186513 0 0 2097152 0 0
SEP
MEM simgrid-vm 1586370288 2020/04/08 18:24:48 1 4096 3808545 3207984 404948 177 60089 46 25555 0 186521 0 0 2097152 0 0
SEP
