RESET
MEM simgrid-vm 1586297304 2020/04/07 22:08:24 12642175 4096 3808545 3429578 191542 77 58195 41 23712 0 184465 0 0 2097152 0 0
SEP
MEM simgrid-vm 1586297305 2020/04/07 22:08:25 1 4096 3808545 3404101 207801 78 58178 47 23743 0 184465 0 0 2097152 0 0
SEP
MEM simgrid-vm 1586297306 2020/04/07 22:08:26 1 4096 3808545 3383517 224239 78 58185 47 23743 0 184465 0 0 2097152 0 0
SEP
MEM simgrid-vm 1586297307 2020/04/07 22:08:27 1 4096 3808545 3369846 232375 79 58206 49 23743 0 184465 0 0 2097152 0 0
SEP
MEM simgrid-vm 1586297308 2020/04/07 22:08:28 1 4096 3808545 3320114 277191 82 58236 49 23746 0 184465 0 0 2097152 0 0
SEP
MEM simgrid-vm 1586297309 2020/04/07 22:08:29 1 4096 3808545 3263629 330471 84 58160 42 23730 0 184465 0 0 2097152 0 0
SEP
MEM simgrid-vm 1586297310 2020/04/07 22:08:30 1 4096 3808545 3244403 343854 84 58377 50 23926 0 184465 0 0 2097152 0 0
SEP
MEM simgrid-vm 1586297311 2020/04/07 22:08:31 1 4096 3808545 3233210 349352 84 58661 50 24182 0 184465 0 0 2097152 0 0
SEP
MEM simgrid-vm 1586297312 2020/04/07 22:08:32 1 4096 3808545 3218611 358136 84 59181 50 24656 0 184465 0 0 2097152 0 0
SEP
MEM simgrid-vm 1586297313 2020/04/07 22:08:33 1 4096 3808545 3213970 359400 84 59811 50 25196 0 184465 0 0 2097152 0 0
SEP
MEM simgrid-vm 1586297314 2020/04/07 22:08:34 1 4096 3808545 3191601 373165 90 60058 47 25403 0 184465 0 0 2097152 0 0
SEP
MEM simgrid-vm 1586297315 2020/04/07 22:08:35 1 4096 3808545 3128869 404689 92 60146 53 25487 0 184465 0 0 2097152 0 0
SEP
MEM simgrid-vm 1586297316 2020/04/07 22:08:36 1 4096 3808545 3057556 439995 92 60237 55 25569 0 184465 0 0 2097152 0 0
SEP
MEM simgrid-vm 1586297317 2020/04/07 22:08:37 1 4096 3808545 2983911 476596 92 60305 55 25638 0 184465 0 0 2097152 0 0
SEP
MEM simgrid-vm 1586297318 2020/04/07 22:08:38 1 4096 3808545 2919441 507906 93 60398 55 25734 0 184465 0 0 2097152 0 0
SEP
MEM simgrid-vm 1586297319 2020/04/07 22:08:39 1 4096 3808545 2919410 507947 93 60428 47 25744 0 184465 0 0 2097152 0 0
SEP
MEM simgrid-vm 1586297320 2020/04/07 22:08:40 1 4096 3808545 2919379 507947 93 60411 47 25745 0 184465 0 0 2097152 0 0
SEP
MEM simgrid-vm 1586297321 2020/04/07 22:08:41 1 4096 3808545 2919317 507947 95 60412 49 25749 0 184465 0 0 2097152 0 0
SEP
MEM simgrid-vm 1586297322 2020/04/07 22:08:42 1 4096 3808545 2919317 507949 95 60425 51 25750 0 184465 0 0 2097152 0 0
SEP
MEM simgrid-vm 1586297323 2020/04/07 22:08:43 1 4096 3808545 2919317 507951 95 60425 53 25751 0 184465 0 0 2097152 0 0
SEP
MEM simgrid-vm 1586297324 2020/04/07 22:08:44 1 4096 3808545 2919317 507953 97 60418 44 25753 0 184465 0 0 2097152 0 0
SEP
MEM simgrid-vm 1586297325 2020/04/07 22:08:45 1 4096 3808545 2919317 507953 97 60426 44 25755 0 184465 0 0 2097152 0 0
SEP
MEM simgrid-vm 1586297326 2020/04/07 22:08:46 1 4096 3808545 2919313 507955 98 60427 46 25755 0 184465 0 0 2097152 0 0
SEP
MEM simgrid-vm 1586297327 2020/04/07 22:08:47 1 4096 3808545 2919325 507957 100 60429 52 25763 0 184465 0 0 2097152 0 0
SEP
MEM simgrid-vm 1586297328 2020/04/07 22:08:48 1 4096 3808545 2919294 507957 100 60423 52 25764 0 184465 0 0 2097152 0 0
SEP
MEM simgrid-vm 1586297329 2020/04/07 22:08:49 1 4096 3808545 2904961 507957 100 60424 50 25767 0 184465 0 0 2097152 0 0
SEP
MEM simgrid-vm 1586297330 2020/04/07 22:08:50 1 4096 3808545 2935562 517759 100 60448 50 25787 0 184465 0 0 2097152 0 0
SEP
MEM simgrid-vm 1586297331 2020/04/07 22:08:51 1 4096 3808545 2933058 519324 101 60476 50 25811 0 184465 0 0 2097152 0 0
SEP
MEM simgrid-vm 1586297332 2020/04/07 22:08:52 1 4096 3808545 2920472 519325 103 60479 52 25817 0 184465 0 0 2097152 0 0
SEP
MEM simgrid-vm 1586297333 2020/04/07 22:08:53 1 4096 3808545 2912668 519327 103 60480 53 25818 0 184465 0 0 2097152 0 0
SEP
MEM simgrid-vm 1586297334 2020/04/07 22:08:54 1 4096 3808545 2912610 519329 103 60458 22 25806 0 184465 0 0 2097152 0 0
SEP
MEM simgrid-vm 1586297335 2020/04/07 22:08:55 1 4096 3808545 2912610 519331 104 60462 24 25806 0 184465 0 0 2097152 0 0
SEP
MEM simgrid-vm 1586297336 2020/04/07 22:08:56 1 4096 3808545 2854051 521125 104 60466 24 25807 0 184465 0 0 2097152 0 0
SEP
MEM simgrid-vm 1586297337 2020/04/07 22:08:57 1 4096 3808545 2852686 521127 105 60466 26 25808 0 184465 0 0 2097152 0 0
SEP
MEM simgrid-vm 1586297338 2020/04/07 22:08:58 1 4096 3808545 2851678 521130 107 60470 32 25808 0 184465 0 0 2097152 0 0
SEP
MEM simgrid-vm 1586297339 2020/04/07 22:08:59 1 4096 3808545 2839747 521132 107 60456 29 25795 0 184465 0 0 2097152 0 0
SEP
MEM simgrid-vm 1586297340 2020/04/07 22:09:00 1 4096 3808545 2839747 521132 107 60450 30 25794 0 184465 0 0 2097152 0 0
SEP
MEM simgrid-vm 1586297341 2020/04/07 22:09:01 1 4096 3808545 2839685 521134 107 60453 32 25794 0 184465 0 0 2097152 0 0
SEP
MEM simgrid-vm 1586297342 2020/04/07 22:09:02 1 4096 3808545 2839654 521146 107 60454 32 25794 0 184465 0 0 2097152 0 0
SEP
MEM simgrid-vm 1586297343 2020/04/07 22:09:03 1 4096 3808545 2839561 521146 109 60455 38 25794 0 184465 0 0 2097152 0 0
SEP
MEM simgrid-vm 1586297344 2020/04/07 22:09:04 1 4096 3808545 2839530 521148 109 60454 40 25794 0 184465 0 0 2097152 0 0
SEP
MEM simgrid-vm 1586297345 2020/04/07 22:09:05 1 4096 3808545 2839530 521148 109 60454 40 25794 0 184465 0 0 2097152 0 0
SEP
MEM simgrid-vm 1586297346 2020/04/07 22:09:06 1 4096 3808545 2839499 521148 109 60461 40 25795 0 184465 0 0 2097152 0 0
SEP
MEM simgrid-vm 1586297347 2020/04/07 22:09:07 1 4096 3808545 2839499 521150 110 60454 42 25795 0 184465 0 0 2097152 0 0
SEP
MEM simgrid-vm 1586297348 2020/04/07 22:09:08 1 4096 3808545 2839468 521152 112 60465 45 25797 0 184465 0 0 2097152 0 0
SEP
MEM simgrid-vm 1586297349 2020/04/07 22:09:09 1 4096 3808545 2839437 521152 112 60464 37 25798 0 184465 0 0 2097152 0 0
SEP
MEM simgrid-vm 1586297350 2020/04/07 22:09:10 1 4096 3808545 2839437 521152 112 60461 37 25798 0 184465 0 0 2097152 0 0
SEP
MEM simgrid-vm 1586297351 2020/04/07 22:09:11 1 4096 3808545 2838921 521156 112 60466 41 25799 0 184465 0 0 2097152 0 0
SEP
MEM simgrid-vm 1586297352 2020/04/07 22:09:12 1 4096 3808545 2838855 521158 113 60483 43 25804 0 184465 0 0 2097152 0 0
SEP
MEM simgrid-vm 1586297353 2020/04/07 22:09:13 1 4096 3808545 2838789 521158 115 60474 48 25808 0 184465 0 0 2097152 0 0
SEP
MEM simgrid-vm 1586297354 2020/04/07 22:09:14 1 4096 3808545 2838777 521158 115 60489 0 25825 0 184465 0 0 2097152 0 0
SEP
MEM simgrid-vm 1586297355 2020/04/07 22:09:15 1 4096 3808545 2838773 521158 115 60502 1 25825 0 184465 0 0 2097152 0 0
SEP
MEM simgrid-vm 1586297356 2020/04/07 22:09:16 1 4096 3808545 2838773 521158 115 60496 1 25826 0 184465 0 0 2097152 0 0
SEP
MEM simgrid-vm 1586297357 2020/04/07 22:09:17 1 4096 3808545 2838738 521158 115 60501 1 25827 0 184465 0 0 2097152 0 0
SEP
MEM simgrid-vm 1586297358 2020/04/07 22:09:18 1 4096 3808545 2838734 521164 117 60521 31 25833 0 184465 0 0 2097152 0 0
SEP
MEM simgrid-vm 1586297359 2020/04/07 22:09:19 1 4096 3808545 2838711 521166 117 60513 33 25829 0 184465 0 0 2097152 0 0
SEP
MEM simgrid-vm 1586297360 2020/04/07 22:09:20 1 4096 3808545 2838711 521166 117 60498 33 25829 0 184465 0 0 2097152 0 0
SEP
MEM simgrid-vm 1586297361 2020/04/07 22:09:21 1 4096 3808545 2838711 521166 117 60501 33 25829 0 184465 0 0 2097152 0 0
SEP
MEM simgrid-vm 1586297362 2020/04/07 22:09:22 1 4096 3808545 2838711 521166 117 60500 33 25829 0 184465 0 0 2097152 0 0
SEP
MEM simgrid-vm 1586297363 2020/04/07 22:09:23 1 4096 3808545 2838731 521168 119 60489 35 25812 0 184465 0 0 2097152 0 0
SEP
MEM simgrid-vm 1586297364 2020/04/07 22:09:24 1 4096 3808545 2838700 521168 119 60487 35 25816 0 184465 0 0 2097152 0 0
SEP
MEM simgrid-vm 1586297365 2020/04/07 22:09:25 1 4096 3808545 2838700 521168 119 60492 35 25816 0 184465 0 0 2097152 0 0
SEP
MEM simgrid-vm 1586297366 2020/04/07 22:09:26 1 4096 3808545 2838700 521168 119 60482 35 25816 0 184465 0 0 2097152 0 0
SEP
MEM simgrid-vm 1586297367 2020/04/07 22:09:27 1 4096 3808545 2838700 521168 119 60484 35 25818 0 184465 0 0 2097152 0 0
SEP
MEM simgrid-vm 1586297368 2020/04/07 22:09:28 1 4096 3808545 2838700 521166 121 60489 35 25819 0 184465 0 0 2097152 0 0
SEP
MEM simgrid-vm 1586297369 2020/04/07 22:09:29 1 4096 3808545 2838638 521170 121 60490 38 25821 0 184465 0 0 2097152 0 0
SEP
MEM simgrid-vm 1586297370 2020/04/07 22:09:30 1 4096 3808545 2838607 521170 121 60498 38 25822 0 184465 0 0 2097152 0 0
SEP
MEM simgrid-vm 1586297371 2020/04/07 22:09:31 1 4096 3808545 2838607 521173 121 60477 41 25806 0 184465 0 0 2097152 0 0
SEP
MEM simgrid-vm 1586297372 2020/04/07 22:09:32 1 4096 3808545 2838576 521175 121 60477 43 25805 0 184465 0 0 2097152 0 0
SEP
MEM simgrid-vm 1586297373 2020/04/07 22:09:33 1 4096 3808545 2838572 521178 122 60478 46 25809 0 184465 0 0 2097152 0 0
SEP
MEM simgrid-vm 1586297374 2020/04/07 22:09:34 1 4096 3808545 2838572 521178 124 60479 46 25809 0 184465 0 0 2097152 0 0
SEP
MEM simgrid-vm 1586297375 2020/04/07 22:09:35 1 4096 3808545 2838564 521178 124 60487 46 25817 0 184465 0 0 2097152 0 0
SEP
MEM simgrid-vm 1586297376 2020/04/07 22:09:36 1 4096 3808545 2838564 521178 124 60487 46 25817 0 184465 0 0 2097152 0 0
SEP
MEM simgrid-vm 1586297377 2020/04/07 22:09:37 1 4096 3808545 2838545 521178 124 60478 46 25805 0 184465 0 0 2097152 0 0
SEP
MEM simgrid-vm 1586297378 2020/04/07 22:09:38 1 4096 3808545 2838545 521178 124 60475 46 25805 0 184465 0 0 2097152 0 0
SEP
MEM simgrid-vm 1586297379 2020/04/07 22:09:39 1 4096 3808545 2838514 521178 126 60475 46 25805 0 184465 0 0 2097152 0 0
SEP
MEM simgrid-vm 1586297380 2020/04/07 22:09:40 1 4096 3808545 2838514 521178 126 60481 46 25805 0 184465 0 0 2097152 0 0
SEP
MEM simgrid-vm 1586297381 2020/04/07 22:09:41 1 4096 3808545 2838514 521178 126 60483 46 25805 0 184465 0 0 2097152 0 0
SEP
MEM simgrid-vm 1586297382 2020/04/07 22:09:42 1 4096 3808545 2838514 521182 126 60479 50 25805 0 184465 0 0 2097152 0 0
SEP
MEM simgrid-vm 1586297383 2020/04/07 22:09:43 1 4096 3808545 2838514 521182 126 60478 50 25805 0 184465 0 0 2097152 0 0
SEP
MEM simgrid-vm 1586297384 2020/04/07 22:09:44 1 4096 3808545 2838452 521182 128 60486 50 25805 0 184465 0 0 2097152 0 0
SEP
MEM simgrid-vm 1586297385 2020/04/07 22:09:45 1 4096 3808545 2838452 521182 128 60484 48 25805 0 184465 0 0 2097152 0 0
SEP
MEM simgrid-vm 1586297386 2020/04/07 22:09:46 1 4096 3808545 2838452 521182 128 60480 49 25805 0 184465 0 0 2097152 0 0
SEP
MEM simgrid-vm 1586297387 2020/04/07 22:09:47 1 4096 3808545 2838452 521184 128 60477 51 25805 0 184465 0 0 2097152 0 0
SEP
MEM simgrid-vm 1586297388 2020/04/07 22:09:48 1 4096 3808545 2838448 521186 128 60484 53 25805 0 184465 0 0 2097152 0 0
SEP
MEM simgrid-vm 1586297389 2020/04/07 22:09:49 1 4096 3808545 2838448 521186 130 60483 55 25807 0 184465 0 0 2097152 0 0
SEP
MEM simgrid-vm 1586297390 2020/04/07 22:09:50 1 4096 3808545 2838444 521186 130 60488 14 25807 0 184465 0 0 2097152 0 0
SEP
MEM simgrid-vm 1586297391 2020/04/07 22:09:51 1 4096 3808545 2838456 521186 130 60471 14 25807 0 184465 0 0 2097152 0 0
SEP
MEM simgrid-vm 1586297392 2020/04/07 22:09:52 1 4096 3808545 2838456 521188 130 60469 17 25794 0 184465 0 0 2097152 0 0
SEP
MEM simgrid-vm 1586297393 2020/04/07 22:09:53 1 4096 3808545 2838456 521190 130 60460 19 25794 0 184465 0 0 2097152 0 0
SEP
MEM simgrid-vm 1586297394 2020/04/07 22:09:54 1 4096 3808545 2838394 521190 132 60467 27 25794 0 184465 0 0 2097152 0 0
SEP
MEM simgrid-vm 1586297395 2020/04/07 22:09:55 1 4096 3808545 2838394 521192 132 60471 29 25794 0 184465 0 0 2097152 0 0
SEP
MEM simgrid-vm 1586297396 2020/04/07 22:09:56 1 4096 3808545 2838390 521192 132 60468 29 25798 0 184465 0 0 2097152 0 0
SEP
MEM simgrid-vm 1586297397 2020/04/07 22:09:57 1 4096 3808545 2838386 521192 132 60473 29 25803 0 184465 0 0 2097152 0 0
SEP
MEM simgrid-vm 1586297398 2020/04/07 22:09:58 1 4096 3808545 2838374 521192 132 60486 29 25816 0 184465 0 0 2097152 0 0
SEP
MEM simgrid-vm 1586297399 2020/04/07 22:09:59 1 4096 3808545 2838374 521192 134 60486 29 25817 0 184465 0 0 2097152 0 0
SEP
MEM simgrid-vm 1586297400 2020/04/07 22:10:00 1 4096 3808545 2838370 521192 134 60491 30 25822 0 184465 0 0 2097152 0 0
SEP
MEM simgrid-vm 1586297401 2020/04/07 22:10:01 1 4096 3808545 2838398 521192 134 60467 30 25796 0 184465 0 0 2097152 0 0
SEP
MEM simgrid-vm 1586297402 2020/04/07 22:10:02 1 4096 3808545 2838398 521194 134 60473 33 25798 0 184465 0 0 2097152 0 0
SEP
MEM simgrid-vm 1586297403 2020/04/07 22:10:03 1 4096 3808545 2838398 521194 134 60470 33 25795 0 184465 0 0 2097152 0 0
SEP
MEM simgrid-vm 1586297404 2020/04/07 22:10:04 1 4096 3808545 2838398 521195 134 60461 34 25793 0 184465 0 0 2097152 0 0
SEP
MEM simgrid-vm 1586297405 2020/04/07 22:10:05 1 4096 3808545 2838367 521197 136 60462 29 25793 0 184465 0 0 2097152 0 0
SEP
MEM simgrid-vm 1586297406 2020/04/07 22:10:06 1 4096 3808545 2838367 521203 136 60465 35 25794 0 184465 0 0 2097152 0 0
SEP
MEM simgrid-vm 1586297407 2020/04/07 22:10:07 1 4096 3808545 2838363 521203 136 60474 35 25801 0 184465 0 0 2097152 0 0
SEP
MEM simgrid-vm 1586297408 2020/04/07 22:10:08 1 4096 3808545 2838090 521203 136 60463 35 25778 0 184465 0 0 2097152 0 0
SEP
MEM simgrid-vm 1586297409 2020/04/07 22:10:09 1 4096 3808545 2838123 521205 136 60455 38 25781 0 184465 0 0 2097152 0 0
SEP
MEM simgrid-vm 1586297410 2020/04/07 22:10:10 1 4096 3808545 2838123 521205 138 60452 45 25781 0 184465 0 0 2097152 0 0
SEP
MEM simgrid-vm 1586297411 2020/04/07 22:10:11 1 4096 3808545 2838123 521205 138 60451 45 25783 0 184465 0 0 2097152 0 0
SEP
MEM simgrid-vm 1586297412 2020/04/07 22:10:12 1 4096 3808545 2838092 521209 138 60457 49 25786 0 184465 0 0 2097152 0 0
SEP
MEM simgrid-vm 1586297413 2020/04/07 22:10:13 1 4096 3808545 2838088 521211 138 60461 51 25792 0 184465 0 0 2097152 0 0
SEP
MEM simgrid-vm 1586297414 2020/04/07 22:10:14 1 4096 3808545 2838010 521213 138 60481 53 25812 0 184465 0 0 2097152 0 0
SEP
MEM simgrid-vm 1586297415 2020/04/07 22:10:15 1 4096 3808545 2838002 521213 138 60493 51 25822 0 184465 0 0 2097152 0 0
SEP
MEM simgrid-vm 1586297416 2020/04/07 22:10:16 1 4096 3808545 2838006 521213 140 60478 53 25807 0 184465 0 0 2097152 0 0
SEP
MEM simgrid-vm 1586297417 2020/04/07 22:10:17 1 4096 3808545 2838002 521213 140 60481 53 25805 0 184465 0 0 2097152 0 0
SEP
MEM simgrid-vm 1586297418 2020/04/07 22:10:18 1 4096 3808545 2837964 521213 140 60486 53 25805 0 184465 0 0 2097152 0 0
SEP
MEM simgrid-vm 1586297419 2020/04/07 22:10:19 1 4096 3808545 2837989 521217 140 60487 57 25807 0 184465 0 0 2097152 0 0
SEP
MEM simgrid-vm 1586297420 2020/04/07 22:10:20 1 4096 3808545 2838013 521221 140 60493 55 25812 0 184465 0 0 2097152 0 0
SEP
MEM simgrid-vm 1586297421 2020/04/07 22:10:21 1 4096 3808545 2838009 521225 142 60503 64 25812 0 184465 0 0 2097152 0 0
SEP
MEM simgrid-vm 1586297422 2020/04/07 22:10:22 1 4096 3808545 2838009 521225 142 60498 64 25812 0 184465 0 0 2097152 0 0
SEP
MEM simgrid-vm 1586297423 2020/04/07 22:10:23 1 4096 3808545 2838017 521225 142 60484 64 25812 0 184465 0 0 2097152 0 0
SEP
MEM simgrid-vm 1586297424 2020/04/07 22:10:24 1 4096 3808545 2838017 521227 142 60489 66 25812 0 184465 0 0 2097152 0 0
SEP
MEM simgrid-vm 1586297425 2020/04/07 22:10:25 1 4096 3808545 2838017 521229 142 60490 41 25812 0 184465 0 0 2097152 0 0
SEP
MEM simgrid-vm 1586297426 2020/04/07 22:10:26 1 4096 3808545 2838017 521227 144 60489 41 25812 0 184465 0 0 2097152 0 0
SEP
MEM simgrid-vm 1586297427 2020/04/07 22:10:27 1 4096 3808545 2837986 521229 144 60496 48 25812 0 184465 0 0 2097152 0 0
SEP
MEM simgrid-vm 1586297428 2020/04/07 22:10:28 1 4096 3808545 2837982 521229 144 60502 48 25818 0 184465 0 0 2097152 0 0
SEP
MEM simgrid-vm 1586297429 2020/04/07 22:10:29 1 4096 3808545 2837902 521229 144 60499 48 25818 0 184465 0 0 2097152 0 0
SEP
MEM simgrid-vm 1586297430 2020/04/07 22:10:30 1 4096 3808545 2837970 521231 144 60494 42 25817 0 184465 0 0 2097152 0 0
SEP
MEM simgrid-vm 1586297431 2020/04/07 22:10:31 1 4096 3808545 2837970 521231 144 60491 42 25817 0 184465 0 0 2097152 0 0
SEP
MEM simgrid-vm 1586297432 2020/04/07 22:10:32 1 4096 3808545 2837962 521233 146 60500 48 25825 0 184465 0 0 2097152 0 0
SEP
MEM simgrid-vm 1586297433 2020/04/07 22:10:33 1 4096 3808545 2837958 521233 146 60505 48 25830 0 184465 0 0 2097152 0 0
SEP
MEM simgrid-vm 1586297434 2020/04/07 22:10:34 1 4096 3808545 2837943 521235 146 60490 50 25815 0 184465 0 0 2097152 0 0
SEP
MEM simgrid-vm 1586297435 2020/04/07 22:10:35 1 4096 3808545 2837967 521235 146 60469 47 25793 0 184465 0 0 2097152 0 0
SEP
MEM simgrid-vm 1586297436 2020/04/07 22:10:36 1 4096 3808545 2837936 521237 146 60471 49 25797 0 184465 0 0 2097152 0 0
SEP
MEM simgrid-vm 1586297437 2020/04/07 22:10:37 1 4096 3808545 2837936 521240 148 60473 56 25798 0 184465 0 0 2097152 0 0
SEP
MEM simgrid-vm 1586297438 2020/04/07 22:10:38 1 4096 3808545 2837936 521240 148 60483 56 25801 0 184465 0 0 2097152 0 0
SEP
MEM simgrid-vm 1586297439 2020/04/07 22:10:39 1 4096 3808545 2837936 521242 148 60483 58 25805 0 184465 0 0 2097152 0 0
SEP
MEM simgrid-vm 1586297440 2020/04/07 22:10:40 1 4096 3808545 2837917 521242 148 60487 43 25808 0 184465 0 0 2097152 0 0
SEP
MEM simgrid-vm 1586297441 2020/04/07 22:10:41 1 4096 3808545 2837917 521242 148 60487 43 25808 0 184465 0 0 2097152 0 0
SEP
MEM simgrid-vm 1586297442 2020/04/07 22:10:42 1 4096 3808545 2837917 521242 150 60490 50 25811 0 184465 0 0 2097152 0 0
SEP
MEM simgrid-vm 1586297443 2020/04/07 22:10:43 1 4096 3808545 2837909 521242 150 60485 50 25810 0 184465 0 0 2097152 0 0
SEP
MEM simgrid-vm 1586297444 2020/04/07 22:10:44 1 4096 3808545 2837905 521242 150 60492 50 25814 0 184465 0 0 2097152 0 0
SEP
MEM simgrid-vm 1586297445 2020/04/07 22:10:45 1 4096 3808545 2837905 521242 150 60490 42 25814 0 184465 0 0 2097152 0 0
SEP
MEM simgrid-vm 1586297446 2020/04/07 22:10:46 1 4096 3808545 2837929 521244 150 60455 44 25777 0 184465 0 0 2097152 0 0
SEP
MEM simgrid-vm 1586297447 2020/04/07 22:10:47 1 4096 3808545 2837929 521244 152 60455 47 25777 0 184465 0 0 2097152 0 0
SEP
MEM simgrid-vm 1586297448 2020/04/07 22:10:48 1 4096 3808545 2837929 521244 152 60461 47 25777 0 184465 0 0 2097152 0 0
SEP
MEM simgrid-vm 1586297449 2020/04/07 22:10:49 1 4096 3808545 2837937 521246 152 60455 49 25779 0 184465 0 0 2097152 0 0
SEP
MEM simgrid-vm 1586297450 2020/04/07 22:10:50 1 4096 3808545 2837948 521248 152 60456 47 25785 0 184465 0 0 2097152 0 0
SEP
MEM simgrid-vm 1586297451 2020/04/07 22:10:51 1 4096 3808545 2837948 521250 152 60463 49 25785 0 184465 0 0 2097152 0 0
SEP
MEM simgrid-vm 1586297452 2020/04/07 22:10:52 1 4096 3808545 2837940 521250 154 60470 50 25796 0 184465 0 0 2097152 0 0
SEP
MEM simgrid-vm 1586297453 2020/04/07 22:10:53 1 4096 3808545 2837932 521250 154 60483 50 25808 0 184465 0 0 2097152 0 0
SEP
MEM simgrid-vm 1586297454 2020/04/07 22:10:54 1 4096 3808545 2837936 521250 154 60469 50 25793 0 184465 0 0 2097152 0 0
SEP
MEM simgrid-vm 1586297455 2020/04/07 22:10:55 1 4096 3808545 2837905 521250 154 60477 42 25793 0 184465 0 0 2097152 0 0
SEP
MEM simgrid-vm 1586297456 2020/04/07 22:10:56 1 4096 3808545 2837874 521254 154 60465 47 25793 0 184465 0 0 2097152 0 0
SEP
MEM simgrid-vm 1586297457 2020/04/07 22:10:57 1 4096 3808545 2837874 521256 154 60465 49 25793 0 184465 0 0 2097152 0 0
SEP
MEM simgrid-vm 1586297458 2020/04/07 22:10:58 1 4096 3808545 2837894 521258 156 60452 51 25776 0 184465 0 0 2097152 0 0
SEP
MEM simgrid-vm 1586297459 2020/04/07 22:10:59 1 4096 3808545 2837894 521258 156 60452 52 25778 0 184465 0 0 2097152 0 0
SEP
MEM simgrid-vm 1586297460 2020/04/07 22:11:00 1 4096 3808545 2837372 521258 156 60456 25 25778 0 184465 0 0 2097152 0 0
SEP
MEM simgrid-vm 1586297461 2020/04/07 22:11:01 1 4096 3808545 2837379 521258 156 60460 25 25781 0 184465 0 0 2097152 0 0
SEP
MEM simgrid-vm 1586297462 2020/04/07 22:11:02 1 4096 3808545 2837375 521258 156 60452 25 25775 0 184465 0 0 2097152 0 0
SEP
MEM simgrid-vm 1586297463 2020/04/07 22:11:03 1 4096 3808545 2837359 521258 158 60467 26 25791 0 184465 0 0 2097152 0 0
SEP
MEM simgrid-vm 1586297464 2020/04/07 22:11:04 1 4096 3808545 2837351 521258 158 60475 26 25799 0 184465 0 0 2097152 0 0
SEP
MEM simgrid-vm 1586297465 2020/04/07 22:11:05 1 4096 3808545 2837351 521258 158 60485 18 25799 0 184465 0 0 2097152 0 0
SEP
MEM simgrid-vm 1586297466 2020/04/07 22:11:06 1 4096 3808545 2837343 521258 158 60486 18 25807 0 184465 0 0 2097152 0 0
SEP
MEM simgrid-vm 1586297467 2020/04/07 22:11:07 1 4096 3808545 2837343 521260 158 60486 20 25807 0 184465 0 0 2097152 0 0
SEP
MEM simgrid-vm 1586297468 2020/04/07 22:11:08 1 4096 3808545 2837343 521262 160 60482 32 25807 0 184465 0 0 2097152 0 0
SEP
MEM simgrid-vm 1586297469 2020/04/07 22:11:09 1 4096 3808545 2837343 521262 160 60483 32 25809 0 184465 0 0 2097152 0 0
SEP
MEM simgrid-vm 1586297470 2020/04/07 22:11:10 1 4096 3808545 2837371 521265 160 60466 32 25784 0 184465 0 0 2097152 0 0
SEP
MEM simgrid-vm 1586297471 2020/04/07 22:11:11 1 4096 3808545 2837349 521267 160 60476 34 25787 0 184465 0 0 2097152 0 0
SEP
MEM simgrid-vm 1586297472 2020/04/07 22:11:12 1 4096 3808545 2837349 521267 160 60480 34 25791 0 184465 0 0 2097152 0 0
SEP
MEM simgrid-vm 1586297473 2020/04/07 22:11:13 1 4096 3808545 2837337 521269 162 60496 41 25805 0 184465 0 0 2097152 0 0
SEP
MEM simgrid-vm 1586297474 2020/04/07 22:11:14 1 4096 3808545 2837337 521269 162 60502 41 25805 0 184465 0 0 2097152 0 0
SEP
MEM simgrid-vm 1586297475 2020/04/07 22:11:15 1 4096 3808545 2837337 521269 162 60493 41 25806 0 184465 0 0 2097152 0 0
SEP
MEM simgrid-vm 1586297476 2020/04/07 22:11:16 1 4096 3808545 2837337 521269 162 60504 41 25807 0 184465 0 0 2097152 0 0
SEP
MEM simgrid-vm 1586297477 2020/04/07 22:11:17 1 4096 3808545 2837333 521269 162 60500 41 25807 0 184465 0 0 2097152 0 0
SEP
MEM simgrid-vm 1586297478 2020/04/07 22:11:18 1 4096 3808545 2837333 521269 164 60501 41 25808 0 184465 0 0 2097152 0 0
SEP
MEM simgrid-vm 1586297479 2020/04/07 22:11:19 1 4096 3808545 2837337 521269 164 60488 41 25791 0 184465 0 0 2097152 0 0
SEP
MEM simgrid-vm 1586297480 2020/04/07 22:11:20 1 4096 3808545 2837337 521273 164 60489 41 25791 0 184465 0 0 2097152 0 0
SEP
MEM simgrid-vm 1586297481 2020/04/07 22:11:21 1 4096 3808545 2837345 521277 164 60477 45 25791 0 184465 0 0 2097152 0 0
SEP
MEM simgrid-vm 1586297482 2020/04/07 22:11:22 1 4096 3808545 2837314 521277 164 60480 45 25791 0 184465 0 0 2097152 0 0
SEP
MEM simgrid-vm 1586297483 2020/04/07 22:11:23 1 4096 3808545 2837314 521277 166 60479 45 25791 0 184465 0 0 2097152 0 0
SEP
MEM simgrid-vm 1586297484 2020/04/07 22:11:24 1 4096 3808545 2837314 521277 166 60483 49 25791 0 184465 0 0 2097152 0 0
SEP
MEM simgrid-vm 1586297485 2020/04/07 22:11:25 1 4096 3808545 2837314 521279 166 60482 49 25791 0 184465 0 0 2097152 0 0
SEP
MEM simgrid-vm 1586297486 2020/04/07 22:11:26 1 4096 3808545 2837306 521281 166 60501 51 25799 0 184465 0 0 2097152 0 0
SEP
MEM simgrid-vm 1586297487 2020/04/07 22:11:27 1 4096 3808545 2837298 521281 166 60500 51 25799 0 184465 0 0 2097152 0 0
SEP
MEM simgrid-vm 1586297488 2020/04/07 22:11:28 1 4096 3808545 2837290 521281 166 60499 51 25807 0 184465 0 0 2097152 0 0
SEP
MEM simgrid-vm 1586297489 2020/04/07 22:11:29 1 4096 3808545 2837278 521281 168 60508 52 25819 0 184465 0 0 2097152 0 0
SEP
MEM simgrid-vm 1586297490 2020/04/07 22:11:30 1 4096 3808545 2837278 521283 168 60508 45 25819 0 184465 0 0 2097152 0 0
SEP
MEM simgrid-vm 1586297491 2020/04/07 22:11:31 1 4096 3808545 2837302 521285 168 60486 49 25796 0 184465 0 0 2097152 0 0
SEP
MEM simgrid-vm 1586297492 2020/04/07 22:11:32 1 4096 3808545 2837302 521287 168 60493 51 25797 0 184465 0 0 2097152 0 0
SEP
MEM simgrid-vm 1586297493 2020/04/07 22:11:33 1 4096 3808545 2837271 521289 168 60491 53 25798 0 184465 0 0 2097152 0 0
SEP
MEM simgrid-vm 1586297494 2020/04/07 22:11:34 1 4096 3808545 2837271 521289 170 60490 57 25800 0 184465 0 0 2097152 0 0
SEP
MEM simgrid-vm 1586297495 2020/04/07 22:11:35 1 4096 3808545 2837271 521289 170 60497 32 25802 0 184465 0 0 2097152 0 0
SEP
MEM simgrid-vm 1586297496 2020/04/07 22:11:36 1 4096 3808545 2837302 521289 170 60495 32 25793 0 184465 0 0 2097152 0 0
SEP
MEM simgrid-vm 1586297497 2020/04/07 22:11:37 1 4096 3808545 2837302 521289 170 60489 32 25793 0 184465 0 0 2097152 0 0
SEP
MEM simgrid-vm 1586297498 2020/04/07 22:11:38 1 4096 3808545 2837302 521289 170 60490 32 25793 0 184465 0 0 2097152 0 0
SEP
MEM simgrid-vm 1586297499 2020/04/07 22:11:39 1 4096 3808545 2837326 521291 172 60464 36 25769 0 184465 0 0 2097152 0 0
SEP
MEM simgrid-vm 1586297500 2020/04/07 22:11:40 1 4096 3808545 2837326 521291 172 60462 34 25770 0 184465 0 0 2097152 0 0
SEP
MEM simgrid-vm 1586297501 2020/04/07 22:11:41 1 4096 3808545 2837326 521293 172 60464 37 25774 0 184465 0 0 2097152 0 0
SEP
MEM simgrid-vm 1586297502 2020/04/07 22:11:42 1 4096 3808545 2837326 521293 172 60472 37 25776 0 184465 0 0 2097152 0 0
SEP
MEM simgrid-vm 1586297503 2020/04/07 22:11:43 1 4096 3808545 2837295 521294 172 60477 38 25778 0 184465 0 0 2097152 0 0
SEP
MEM simgrid-vm 1586297504 2020/04/07 22:11:44 1 4096 3808545 2837264 521294 172 60472 38 25778 0 184465 0 0 2097152 0 0
SEP
MEM simgrid-vm 1586297505 2020/04/07 22:11:45 1 4096 3808545 2837229 521294 174 60493 27 25781 0 184465 0 0 2097152 0 0
SEP
MEM simgrid-vm 1586297506 2020/04/07 22:11:46 1 4096 3808545 2837237 521294 174 60469 27 25786 0 184465 0 0 2097152 0 0
SEP
MEM simgrid-vm 1586297507 2020/04/07 22:11:47 1 4096 3808545 2837217 521294 174 60472 27 25789 0 184465 0 0 2097152 0 0
SEP
MEM simgrid-vm 1586297508 2020/04/07 22:11:48 1 4096 3808545 2837221 521294 174 60471 27 25785 0 184465 0 0 2097152 0 0
SEP
MEM simgrid-vm 1586297509 2020/04/07 22:11:49 1 4096 3808545 2837221 521294 174 60477 27 25785 0 184465 0 0 2097152 0 0
SEP
MEM simgrid-vm 1586297510 2020/04/07 22:11:50 1 4096 3808545 2837221 521296 176 60484 33 25785 0 184465 0 0 2097152 0 0
SEP
MEM simgrid-vm 1586297511 2020/04/07 22:11:51 1 4096 3808545 2837229 521296 176 60467 33 25777 0 184465 0 0 2097152 0 0
SEP
MEM simgrid-vm 1586297512 2020/04/07 22:11:52 1 4096 3808545 2837229 521298 176 60475 35 25780 0 184465 0 0 2097152 0 0
SEP
MEM simgrid-vm 1586297513 2020/04/07 22:11:53 1 4096 3808545 2837229 521300 176 60466 37 25781 0 184465 0 0 2097152 0 0
SEP
MEM simgrid-vm 1586297514 2020/04/07 22:11:54 1 4096 3808545 2837229 521300 176 60465 37 25781 0 184465 0 0 2097152 0 0
SEP
MEM simgrid-vm 1586297515 2020/04/07 22:11:55 1 4096 3808545 2837229 521300 178 60472 37 25784 0 184465 0 0 2097152 0 0
SEP
MEM simgrid-vm 1586297516 2020/04/07 22:11:56 1 4096 3808545 2837229 521300 178 60478 39 25784 0 184465 0 0 2097152 0 0
SEP
MEM simgrid-vm 1586297517 2020/04/07 22:11:57 1 4096 3808545 2837229 521302 178 60474 41 25787 0 184465 0 0 2097152 0 0
SEP
MEM simgrid-vm 1586297518 2020/04/07 22:11:58 1 4096 3808545 2837229 521302 178 60478 41 25791 0 184465 0 0 2097152 0 0
SEP
MEM simgrid-vm 1586297519 2020/04/07 22:11:59 1 4096 3808545 2837256 521302 178 60482 41 25797 0 184465 0 0 2097152 0 0
SEP
MEM simgrid-vm 1586297520 2020/04/07 22:12:00 1 4096 3808545 2837248 521306 178 60491 40 25808 0 184465 0 0 2097152 0 0
SEP
MEM simgrid-vm 1586297521 2020/04/07 22:12:01 1 4096 3808545 2837248 521306 180 60496 43 25808 0 184465 0 0 2097152 0 0
SEP
MEM simgrid-vm 1586297522 2020/04/07 22:12:02 1 4096 3808545 2837256 521306 180 60474 43 25789 0 184465 0 0 2097152 0 0
SEP
MEM simgrid-vm 1586297523 2020/04/07 22:12:03 1 4096 3808545 2837256 521312 180 60480 49 25789 0 184465 0 0 2097152 0 0
SEP
MEM simgrid-vm 1586297524 2020/04/07 22:12:04 1 4096 3808545 2837256 521314 180 60481 51 25789 0 184465 0 0 2097152 0 0
SEP
MEM simgrid-vm 1586297525 2020/04/07 22:12:05 1 4096 3808545 2837256 521314 180 60489 44 25789 0 184465 0 0 2097152 0 0
SEP
MEM simgrid-vm 1586297526 2020/04/07 22:12:06 1 4096 3808545 2837256 521314 182 60473 48 25789 0 184465 0 0 2097152 0 0
SEP
MEM simgrid-vm 1586297527 2020/04/07 22:12:07 1 4096 3808545 2837256 521314 182 60473 48 25789 0 184465 0 0 2097152 0 0
SEP
MEM simgrid-vm 1586297528 2020/04/07 22:12:08 1 4096 3808545 2837256 521316 182 60479 50 25789 0 184465 0 0 2097152 0 0
SEP
MEM simgrid-vm 1586297529 2020/04/07 22:12:09 1 4096 3808545 2837252 521320 182 60484 54 25791 0 184465 0 0 2097152 0 0
SEP
MEM simgrid-vm 1586297530 2020/04/07 22:12:10 1 4096 3808545 2837252 521320 182 60486 30 25785 0 184465 0 0 2097152 0 0
SEP
MEM simgrid-vm 1586297531 2020/04/07 22:12:11 1 4096 3808545 2837244 521320 184 60487 30 25789 0 184465 0 0 2097152 0 0
SEP
MEM simgrid-vm 1586297532 2020/04/07 22:12:12 1 4096 3808545 2837228 521322 184 60510 39 25808 0 184465 0 0 2097152 0 0
SEP
MEM simgrid-vm 1586297533 2020/04/07 22:12:13 1 4096 3808545 2837224 521324 184 60511 41 25812 0 184465 0 0 2097152 0 0
SEP
MEM simgrid-vm 1586297534 2020/04/07 22:12:14 1 4096 3808545 2837220 521326 184 60516 43 25815 0 184465 0 0 2097152 0 0
SEP
MEM simgrid-vm 1586297535 2020/04/07 22:12:15 1 4096 3808545 2837185 521328 184 60523 42 25821 0 184465 0 0 2097152 0 0
SEP
MEM simgrid-vm 1586297536 2020/04/07 22:12:16 1 4096 3808545 2837185 521331 184 60531 45 25824 0 184465 0 0 2097152 0 0
SEP
MEM simgrid-vm 1586297537 2020/04/07 22:12:17 1 4096 3808545 2837181 521333 186 60539 51 25827 0 184465 0 0 2097152 0 0
SEP
MEM simgrid-vm 1586297538 2020/04/07 22:12:18 1 4096 3808545 2837217 521333 186 60499 51 25799 0 184465 0 0 2097152 0 0
SEP
MEM simgrid-vm 1586297539 2020/04/07 22:12:19 1 4096 3808545 2837217 521333 186 60501 51 25799 0 184465 0 0 2097152 0 0
SEP
MEM simgrid-vm 1586297540 2020/04/07 22:12:20 1 4096 3808545 2837217 521333 186 60501 49 25802 0 184465 0 0 2097152 0 0
SEP
MEM simgrid-vm 1586297541 2020/04/07 22:12:21 1 4096 3808545 2837217 521337 186 60504 53 25802 0 184465 0 0 2097152 0 0
SEP
MEM simgrid-vm 1586297542 2020/04/07 22:12:22 1 4096 3808545 2837217 521337 186 60510 53 25805 0 184465 0 0 2097152 0 0
SEP
MEM simgrid-vm 1586297543 2020/04/07 22:12:23 1 4096 3808545 2837217 521339 188 60507 59 25806 0 184465 0 0 2097152 0 0
SEP
MEM simgrid-vm 1586297544 2020/04/07 22:12:24 1 4096 3808545 2837186 521339 188 60520 59 25806 0 184465 0 0 2097152 0 0
SEP
MEM simgrid-vm 1586297545 2020/04/07 22:12:25 1 4096 3808545 2837217 521341 188 60487 53 25793 0 184465 0 0 2097152 0 0
SEP
MEM simgrid-vm 1586297546 2020/04/07 22:12:26 1 4096 3808545 2837217 521343 188 60491 55 25793 0 184465 0 0 2097152 0 0
SEP
MEM simgrid-vm 1586297547 2020/04/07 22:12:27 1 4096 3808545 2837217 521343 188 60484 55 25793 0 184465 0 0 2097152 0 0
SEP
MEM simgrid-vm 1586297548 2020/04/07 22:12:28 1 4096 3808545 2837209 521343 190 60493 59 25801 0 184465 0 0 2097152 0 0
SEP
MEM simgrid-vm 1586297549 2020/04/07 22:12:29 1 4096 3808545 2837225 521345 190 60476 61 25785 0 184465 0 0 2097152 0 0
SEP
MEM simgrid-vm 1586297550 2020/04/07 22:12:30 1 4096 3808545 2837225 521347 190 60476 49 25785 0 184465 0 0 2097152 0 0
SEP
MEM simgrid-vm 1586297551 2020/04/07 22:12:31 1 4096 3808545 2837225 521347 190 60473 49 25785 0 184465 0 0 2097152 0 0
SEP
MEM simgrid-vm 1586297552 2020/04/07 22:12:32 1 4096 3808545 2837194 521347 190 60481 49 25788 0 184465 0 0 2097152 0 0
SEP
MEM simgrid-vm 1586297553 2020/04/07 22:12:33 1 4096 3808545 2837194 521345 192 60484 49 25790 0 184465 0 0 2097152 0 0
SEP
MEM simgrid-vm 1586297554 2020/04/07 22:12:34 1 4096 3808545 2837194 521349 192 60483 55 25791 0 184465 0 0 2097152 0 0
SEP
MEM simgrid-vm 1586297555 2020/04/07 22:12:35 1 4096 3808545 2837190 521349 192 60492 45 25797 0 184465 0 0 2097152 0 0
SEP
MEM simgrid-vm 1586297556 2020/04/07 22:12:36 1 4096 3808545 2837186 521353 192 60501 49 25804 0 184465 0 0 2097152 0 0
SEP
MEM simgrid-vm 1586297557 2020/04/07 22:12:37 1 4096 3808545 2837182 521353 192 60514 49 25808 0 184465 0 0 2097152 0 0
SEP
MEM simgrid-vm 1586297558 2020/04/07 22:12:38 1 4096 3808545 2837182 521353 192 60496 49 25808 0 184465 0 0 2097152 0 0
SEP
MEM simgrid-vm 1586297559 2020/04/07 22:12:39 1 4096 3808545 2837182 521353 194 60495 53 25808 0 184465 0 0 2097152 0 0
SEP
MEM simgrid-vm 1586297560 2020/04/07 22:12:40 1 4096 3808545 2837182 521355 194 60492 47 25797 0 184465 0 0 2097152 0 0
SEP
MEM simgrid-vm 1586297561 2020/04/07 22:12:41 1 4096 3808545 2837182 521355 194 60487 48 25797 0 184465 0 0 2097152 0 0
SEP
MEM simgrid-vm 1586297562 2020/04/07 22:12:42 1 4096 3808545 2837174 521355 194 60498 48 25801 0 184465 0 0 2097152 0 0
SEP
MEM simgrid-vm 1586297563 2020/04/07 22:12:43 1 4096 3808545 2837139 521355 194 60501 48 25805 0 184465 0 0 2097152 0 0
SEP
MEM simgrid-vm 1586297564 2020/04/07 22:12:44 1 4096 3808545 2837069 521355 196 60500 52 25818 0 184465 0 0 2097152 0 0
SEP
MEM simgrid-vm 1586297565 2020/04/07 22:12:45 1 4096 3808545 2837065 521355 196 60506 15 25822 0 184465 0 0 2097152 0 0
SEP
MEM simgrid-vm 1586297566 2020/04/07 22:12:46 1 4096 3808545 2837061 521355 196 60512 15 25828 0 184465 0 0 2097152 0 0
SEP
MEM simgrid-vm 1586297567 2020/04/07 22:12:47 1 4096 3808545 2837057 521357 196 60519 17 25832 0 184465 0 0 2097152 0 0
SEP
MEM simgrid-vm 1586297568 2020/04/07 22:12:48 1 4096 3808545 2837049 521357 196 60527 17 25842 0 184465 0 0 2097152 0 0
SEP
MEM simgrid-vm 1586297569 2020/04/07 22:12:49 1 4096 3808545 2837050 521356 198 60496 18 25811 0 184465 0 0 2097152 0 0
SEP
MEM simgrid-vm 1586297570 2020/04/07 22:12:50 1 4096 3808545 2837081 521360 198 60483 31 25797 0 184465 0 0 2097152 0 0
SEP
MEM simgrid-vm 1586297571 2020/04/07 22:12:51 1 4096 3808545 2837081 521362 198 60477 33 25797 0 184465 0 0 2097152 0 0
SEP
MEM simgrid-vm 1586297572 2020/04/07 22:12:52 1 4096 3808545 2837081 521362 198 60477 33 25797 0 184465 0 0 2097152 0 0
SEP
MEM simgrid-vm 1586297573 2020/04/07 22:12:53 1 4096 3808545 2837081 521364 198 60477 35 25797 0 184465 0 0 2097152 0 0
SEP
MEM simgrid-vm 1586297574 2020/04/07 22:12:54 1 4096 3808545 2837081 521364 198 60479 35 25799 0 184465 0 0 2097152 0 0
SEP
MEM simgrid-vm 1586297575 2020/04/07 22:12:55 1 4096 3808545 2837081 521366 200 60489 32 25799 0 184465 0 0 2097152 0 0
SEP
MEM simgrid-vm 1586297576 2020/04/07 22:12:56 1 4096 3808545 2837081 521366 200 60484 32 25800 0 184465 0 0 2097152 0 0
SEP
MEM simgrid-vm 1586297577 2020/04/07 22:12:57 1 4096 3808545 2837081 521366 200 60485 32 25799 0 184465 0 0 2097152 0 0
SEP
MEM simgrid-vm 1586297578 2020/04/07 22:12:58 1 4096 3808545 2837081 521366 200 60479 32 25799 0 184465 0 0 2097152 0 0
SEP
MEM simgrid-vm 1586297579 2020/04/07 22:12:59 1 4096 3808545 2837081 521370 200 60481 36 25799 0 184465 0 0 2097152 0 0
SEP
MEM simgrid-vm 1586297580 2020/04/07 22:13:00 1 4096 3808545 2837081 521370 202 60480 39 25799 0 184465 0 0 2097152 0 0
SEP
MEM simgrid-vm 1586297581 2020/04/07 22:13:01 1 4096 3808545 2837019 521370 202 60488 39 25800 0 184465 0 0 2097152 0 0
SEP
MEM simgrid-vm 1586297582 2020/04/07 22:13:02 1 4096 3808545 2836926 521370 202 60495 39 25800 0 184465 0 0 2097152 0 0
SEP
MEM simgrid-vm 1586297583 2020/04/07 22:13:03 1 4096 3808545 2836727 521374 202 60483 39 25801 0 184465 0 0 2097152 0 0
SEP
MEM simgrid-vm 1586297584 2020/04/07 22:13:04 1 4096 3808545 3093713 521402 202 60401 48 25801 0 184465 0 0 2097152 0 0
SEP
MEM simgrid-vm 1586297585 2020/04/07 22:13:05 1 4096 3808545 3093806 521402 204 60403 51 25804 0 184465 0 0 2097152 0 0
SEP
MEM simgrid-vm 1586297586 2020/04/07 22:13:06 1 4096 3808545 3093806 521402 204 60403 51 25804 0 184465 0 0 2097152 0 0
SEP
MEM simgrid-vm 1586297587 2020/04/07 22:13:07 1 4096 3808545 3093806 521402 204 60411 51 25806 0 184465 0 0 2097152 0 0
SEP
MEM simgrid-vm 1586297588 2020/04/07 22:13:08 1 4096 3808545 3093806 521402 204 60412 51 25807 0 184465 0 0 2097152 0 0
SEP
MEM simgrid-vm 1586297589 2020/04/07 22:13:09 1 4096 3808545 3093806 521404 204 60408 53 25808 0 184465 0 0 2097152 0 0
SEP
MEM simgrid-vm 1586297590 2020/04/07 22:13:10 1 4096 3808545 3093806 521406 204 60408 50 25808 0 184465 0 0 2097152 0 0
SEP
MEM simgrid-vm 1586297591 2020/04/07 22:13:11 1 4096 3808545 3093808 521406 206 60408 53 25808 0 184465 0 0 2097152 0 0
SEP
MEM simgrid-vm 1586297592 2020/04/07 22:13:12 1 4096 3808545 3093804 521406 206 60412 53 25808 0 184465 0 0 2097152 0 0
SEP
MEM simgrid-vm 1586297593 2020/04/07 22:13:13 1 4096 3808545 3093804 521406 206 60405 53 25801 0 184465 0 0 2097152 0 0
SEP
MEM simgrid-vm 1586297594 2020/04/07 22:13:14 1 4096 3808545 3093800 521408 206 60409 56 25801 0 184465 0 0 2097152 0 0
SEP
MEM simgrid-vm 1586297595 2020/04/07 22:13:15 1 4096 3808545 3093800 521408 206 60409 54 25801 0 184465 0 0 2097152 0 0
SEP
MEM simgrid-vm 1586297596 2020/04/07 22:13:16 1 4096 3808545 3093808 521408 206 60401 55 25801 0 184465 0 0 2097152 0 0
SEP
MEM simgrid-vm 1586297597 2020/04/07 22:13:17 1 4096 3808545 3093808 521410 208 60401 57 25801 0 184465 0 0 2097152 0 0
SEP
MEM simgrid-vm 1586297598 2020/04/07 22:13:18 1 4096 3808545 3093808 521410 208 60401 57 25801 0 184465 0 0 2097152 0 0
SEP
MEM simgrid-vm 1586297599 2020/04/07 22:13:19 1 4096 3808545 3093808 521410 208 60401 58 25801 0 184465 0 0 2097152 0 0
SEP
MEM simgrid-vm 1586297600 2020/04/07 22:13:20 1 4096 3808545 3093808 521410 208 60403 58 25802 0 184465 0 0 2097152 0 0
SEP
MEM simgrid-vm 1586297601 2020/04/07 22:13:21 1 4096 3808545 3093808 521412 208 60420 29 25802 0 184465 0 0 2097152 0 0
SEP
MEM simgrid-vm 1586297602 2020/04/07 22:13:22 1 4096 3808545 3093808 521413 210 60403 35 25803 0 184465 0 0 2097152 0 0
SEP
MEM simgrid-vm 1586297603 2020/04/07 22:13:23 1 4096 3808545 3093808 521413 210 60403 35 25803 0 184465 0 0 2097152 0 0
SEP
MEM simgrid-vm 1586297604 2020/04/07 22:13:24 1 4096 3808545 3093808 521415 210 60407 37 25804 0 184465 0 0 2097152 0 0
SEP
MEM simgrid-vm 1586297605 2020/04/07 22:13:25 1 4096 3808545 3093808 521415 210 60404 31 25804 0 184465 0 0 2097152 0 0
SEP
MEM simgrid-vm 1586297606 2020/04/07 22:13:26 1 4096 3808545 3093808 521417 210 60405 33 25804 0 184465 0 0 2097152 0 0
SEP
MEM simgrid-vm 1586297607 2020/04/07 22:13:27 1 4096 3808545 3093808 521419 210 60405 36 25804 0 184465 0 0 2097152 0 0
SEP
MEM simgrid-vm 1586297608 2020/04/07 22:13:28 1 4096 3808545 3093808 521417 212 60402 36 25804 0 184465 0 0 2097152 0 0
SEP
MEM simgrid-vm 1586297609 2020/04/07 22:13:29 1 4096 3808545 3093808 521421 212 60402 45 25804 0 184465 0 0 2097152 0 0
SEP
MEM simgrid-vm 1586297610 2020/04/07 22:13:30 1 4096 3808545 3093808 521421 212 60402 45 25804 0 184465 0 0 2097152 0 0
SEP
MEM simgrid-vm 1586297611 2020/04/07 22:13:31 1 4096 3808545 3093808 521423 212 60405 47 25804 0 184465 0 0 2097152 0 0
SEP
MEM simgrid-vm 1586297612 2020/04/07 22:13:32 1 4096 3808545 3093808 521423 212 60406 47 25804 0 184465 0 0 2097152 0 0
SEP
MEM simgrid-vm 1586297613 2020/04/07 22:13:33 1 4096 3808545 3093808 521425 212 60403 49 25804 0 184465 0 0 2097152 0 0
SEP
MEM simgrid-vm 1586297614 2020/04/07 22:13:34 1 4096 3808545 3093777 521423 214 60417 49 25805 0 184465 0 0 2097152 0 0
SEP
MEM simgrid-vm 1586297615 2020/04/07 22:13:35 1 4096 3808545 3093777 521424 215 60415 50 25806 0 184465 0 0 2097152 0 0
SEP
MEM simgrid-vm 1586297616 2020/04/07 22:13:36 1 4096 3808545 3093777 521429 215 60402 43 25804 0 184465 0 0 2097152 0 0
SEP
MEM simgrid-vm 1586297617 2020/04/07 22:13:37 1 4096 3808545 3093777 521429 215 60399 43 25794 0 184465 0 0 2097152 0 0
SEP
MEM simgrid-vm 1586297618 2020/04/07 22:13:38 1 4096 3808545 3093777 521431 215 60400 45 25794 0 184465 0 0 2097152 0 0
SEP
MEM simgrid-vm 1586297619 2020/04/07 22:13:39 1 4096 3808545 3093789 521433 215 60380 47 25778 0 184465 0 0 2097152 0 0
SEP
MEM simgrid-vm 1586297620 2020/04/07 22:13:40 1 4096 3808545 3093789 521434 217 60384 49 25778 0 184465 0 0 2097152 0 0
SEP
MEM simgrid-vm 1586297621 2020/04/07 22:13:41 1 4096 3808545 3093785 521435 217 60399 50 25778 0 184465 0 0 2097152 0 0
SEP
MEM simgrid-vm 1586297622 2020/04/07 22:13:42 1 4096 3808545 3093793 521435 217 60377 50 25778 0 184465 0 0 2097152 0 0
SEP
MEM simgrid-vm 1586297623 2020/04/07 22:13:43 1 4096 3808545 3093793 521435 217 60378 50 25778 0 184465 0 0 2097152 0 0
SEP
MEM simgrid-vm 1586297624 2020/04/07 22:13:44 1 4096 3808545 3093793 521437 217 60376 52 25778 0 184465 0 0 2097152 0 0
SEP
MEM simgrid-vm 1586297625 2020/04/07 22:13:45 1 4096 3808545 3093793 521435 219 60376 52 25778 0 184465 0 0 2097152 0 0
SEP
MEM simgrid-vm 1586297626 2020/04/07 22:13:46 1 4096 3808545 3093793 521437 219 60376 53 25778 0 184465 0 0 2097152 0 0
SEP
MEM simgrid-vm 1586297627 2020/04/07 22:13:47 1 4096 3808545 3093793 521437 219 60378 53 25780 0 184465 0 0 2097152 0 0
SEP
MEM simgrid-vm 1586297628 2020/04/07 22:13:48 1 4096 3808545 3093793 521439 219 60378 55 25780 0 184465 0 0 2097152 0 0
SEP
MEM simgrid-vm 1586297629 2020/04/07 22:13:49 1 4096 3808545 3093793 521439 219 60384 55 25782 0 184465 0 0 2097152 0 0
SEP
MEM simgrid-vm 1586297630 2020/04/07 22:13:50 1 4096 3808545 3093793 521439 219 60383 55 25782 0 184465 0 0 2097152 0 0
SEP
MEM simgrid-vm 1586297631 2020/04/07 22:13:51 1 4096 3808545 3093793 521439 221 60386 47 25784 0 184465 0 0 2097152 0 0
SEP
MEM simgrid-vm 1586297632 2020/04/07 22:13:52 1 4096 3808545 3093797 521441 221 60382 50 25784 0 184465 0 0 2097152 0 0
SEP
MEM simgrid-vm 1586297633 2020/04/07 22:13:53 1 4096 3808545 3093797 521441 221 60388 50 25784 0 184465 0 0 2097152 0 0
SEP
MEM simgrid-vm 1586297634 2020/04/07 22:13:54 1 4096 3808545 3093797 521441 221 60382 50 25784 0 184465 0 0 2097152 0 0
SEP
MEM simgrid-vm 1586297635 2020/04/07 22:13:55 1 4096 3808545 3093797 521446 221 60395 55 25784 0 184465 0 0 2097152 0 0
SEP
MEM simgrid-vm 1586297636 2020/04/07 22:13:56 1 4096 3808545 3093797 521446 221 60394 25 25784 0 184465 0 0 2097152 0 0
SEP
MEM simgrid-vm 1586297637 2020/04/07 22:13:57 1 4096 3808545 3093797 521448 223 60383 37 25784 0 184465 0 0 2097152 0 0
SEP
MEM simgrid-vm 1586297638 2020/04/07 22:13:58 1 4096 3808545 3093793 521448 223 60388 37 25790 0 184465 0 0 2097152 0 0
SEP
MEM simgrid-vm 1586297639 2020/04/07 22:13:59 1 4096 3808545 3093793 521448 223 60400 37 25790 0 184465 0 0 2097152 0 0
SEP
MEM simgrid-vm 1586297640 2020/04/07 22:14:00 1 4096 3808545 3093793 521452 223 60400 41 25791 0 184465 0 0 2097152 0 0
SEP
MEM simgrid-vm 1586297641 2020/04/07 22:14:01 1 4096 3808545 3093793 521452 223 60387 38 25791 0 184465 0 0 2097152 0 0
SEP
MEM simgrid-vm 1586297642 2020/04/07 22:14:02 1 4096 3808545 3093762 521452 225 60388 42 25792 0 184465 0 0 2097152 0 0
SEP
MEM simgrid-vm 1586297643 2020/04/07 22:14:03 1 4096 3808545 3093758 521452 225 60402 42 25796 0 184465 0 0 2097152 0 0
SEP
MEM simgrid-vm 1586297644 2020/04/07 22:14:04 1 4096 3808545 3093770 521452 225 60390 42 25785 0 184465 0 0 2097152 0 0
SEP
MEM simgrid-vm 1586297645 2020/04/07 22:14:05 1 4096 3808545 3093766 521454 225 60385 36 25785 0 184465 0 0 2097152 0 0
SEP
MEM simgrid-vm 1586297646 2020/04/07 22:14:06 1 4096 3808545 3093766 521458 225 60385 40 25785 0 184465 0 0 2097152 0 0
SEP
MEM simgrid-vm 1586297647 2020/04/07 22:14:07 1 4096 3808545 3093766 521458 225 60386 40 25785 0 184465 0 0 2097152 0 0
SEP
MEM simgrid-vm 1586297648 2020/04/07 22:14:08 1 4096 3808545 3093766 521460 227 60386 47 25785 0 184465 0 0 2097152 0 0
SEP
MEM simgrid-vm 1586297649 2020/04/07 22:14:09 1 4096 3808545 3093762 521462 227 60399 49 25785 0 184465 0 0 2097152 0 0
SEP
MEM simgrid-vm 1586297650 2020/04/07 22:14:10 1 4096 3808545 3093762 521462 227 60399 49 25785 0 184465 0 0 2097152 0 0
SEP
MEM simgrid-vm 1586297651 2020/04/07 22:14:11 1 4096 3808545 3093762 521462 227 60391 41 25785 0 184465 0 0 2097152 0 0
SEP
MEM simgrid-vm 1586297652 2020/04/07 22:14:12 1 4096 3808545 3093758 521462 227 60395 41 25785 0 184465 0 0 2097152 0 0
SEP
MEM simgrid-vm 1586297653 2020/04/07 22:14:13 1 4096 3808545 3093758 521462 229 60395 43 25786 0 184465 0 0 2097152 0 0
SEP
MEM simgrid-vm 1586297654 2020/04/07 22:14:14 1 4096 3808545 3093766 521464 229 60391 45 25786 0 184465 0 0 2097152 0 0
SEP
MEM simgrid-vm 1586297655 2020/04/07 22:14:15 1 4096 3808545 3093766 521466 229 60388 47 25786 0 184465 0 0 2097152 0 0
SEP
MEM simgrid-vm 1586297656 2020/04/07 22:14:16 1 4096 3808545 3093766 521468 229 60387 49 25786 0 184465 0 0 2097152 0 0
SEP
MEM simgrid-vm 1586297657 2020/04/07 22:14:17 1 4096 3808545 3093766 521468 229 60387 49 25786 0 184465 0 0 2097152 0 0
SEP
MEM simgrid-vm 1586297658 2020/04/07 22:14:18 1 4096 3808545 3093766 521468 229 60389 49 25786 0 184465 0 0 2097152 0 0
SEP
MEM simgrid-vm 1586297659 2020/04/07 22:14:19 1 4096 3808545 3093766 521468 231 60387 49 25786 0 184465 0 0 2097152 0 0
SEP
MEM simgrid-vm 1586297660 2020/04/07 22:14:20 1 4096 3808545 3093766 521468 231 60387 49 25786 0 184465 0 0 2097152 0 0
SEP
MEM simgrid-vm 1586297661 2020/04/07 22:14:21 1 4096 3808545 3093778 521470 231 60377 50 25774 0 184465 0 0 2097152 0 0
SEP
MEM simgrid-vm 1586297662 2020/04/07 22:14:22 1 4096 3808545 3093774 521470 231 60377 50 25774 0 184465 0 0 2097152 0 0
SEP
MEM simgrid-vm 1586297663 2020/04/07 22:14:23 1 4096 3808545 3093774 521470 231 60376 50 25774 0 184465 0 0 2097152 0 0
SEP
MEM simgrid-vm 1586297664 2020/04/07 22:14:24 1 4096 3808545 3093774 521472 231 60386 52 25777 0 184465 0 0 2097152 0 0
SEP
MEM simgrid-vm 1586297665 2020/04/07 22:14:25 1 4096 3808545 3093774 521472 233 60381 47 25779 0 184465 0 0 2097152 0 0
SEP
MEM simgrid-vm 1586297666 2020/04/07 22:14:26 1 4096 3808545 3093774 521474 233 60381 50 25779 0 184465 0 0 2097152 0 0
SEP
MEM simgrid-vm 1586297667 2020/04/07 22:14:27 1 4096 3808545 3093766 521474 233 60392 50 25789 0 184465 0 0 2097152 0 0
SEP
MEM simgrid-vm 1586297668 2020/04/07 22:14:28 1 4096 3808545 3093762 521475 233 60381 51 25779 0 184465 0 0 2097152 0 0
SEP
MEM simgrid-vm 1586297669 2020/04/07 22:14:29 1 4096 3808545 3093754 521475 233 60389 51 25787 0 184465 0 0 2097152 0 0
SEP
MEM simgrid-vm 1586297670 2020/04/07 22:14:30 1 4096 3808545 3093750 521474 235 60393 48 25791 0 184465 0 0 2097152 0 0
SEP
MEM simgrid-vm 1586297671 2020/04/07 22:14:31 1 4096 3808545 3093758 521479 235 60388 38 25783 0 184465 0 0 2097152 0 0
SEP
MEM simgrid-vm 1586297672 2020/04/07 22:14:32 1 4096 3808545 3093758 521479 235 60390 38 25783 0 184465 0 0 2097152 0 0
SEP
MEM simgrid-vm 1586297673 2020/04/07 22:14:33 1 4096 3808545 3093758 521483 235 60386 42 25783 0 184465 0 0 2097152 0 0
SEP
MEM simgrid-vm 1586297674 2020/04/07 22:14:34 1 4096 3808545 3093758 521483 235 60390 42 25783 0 184465 0 0 2097152 0 0
SEP
MEM simgrid-vm 1586297675 2020/04/07 22:14:35 1 4096 3808545 3093758 521483 237 60402 41 25783 0 184465 0 0 2097152 0 0
SEP
MEM simgrid-vm 1586297676 2020/04/07 22:14:36 1 4096 3808545 3093754 521485 237 60390 43 25783 0 184465 0 0 2097152 0 0
SEP
MEM simgrid-vm 1586297677 2020/04/07 22:14:37 1 4096 3808545 3093754 521485 237 60405 43 25783 0 184465 0 0 2097152 0 0
SEP
MEM simgrid-vm 1586297678 2020/04/07 22:14:38 1 4096 3808545 3093723 521485 237 60395 43 25784 0 184465 0 0 2097152 0 0
SEP
MEM simgrid-vm 1586297679 2020/04/07 22:14:39 1 4096 3808545 3093735 521485 237 60384 43 25780 0 184465 0 0 2097152 0 0
SEP
MEM simgrid-vm 1586297680 2020/04/07 22:14:40 1 4096 3808545 3093759 521485 237 60355 39 25756 0 184465 0 0 2097152 0 0
SEP
MEM simgrid-vm 1586297681 2020/04/07 22:14:41 1 4096 3808545 3093759 521485 239 60358 43 25759 0 184465 0 0 2097152 0 0
SEP
MEM simgrid-vm 1586297682 2020/04/07 22:14:42 1 4096 3808545 3093759 521487 239 60371 45 25760 0 184465 0 0 2097152 0 0
SEP
MEM simgrid-vm 1586297683 2020/04/07 22:14:43 1 4096 3808545 3093759 521487 239 60360 45 25761 0 184465 0 0 2097152 0 0
SEP
MEM simgrid-vm 1586297684 2020/04/07 22:14:44 1 4096 3808545 3093759 521487 239 60363 45 25764 0 184465 0 0 2097152 0 0
SEP
MEM simgrid-vm 1586297685 2020/04/07 22:14:45 1 4096 3808545 3093751 521489 239 60382 43 25773 0 184465 0 0 2097152 0 0
SEP
MEM simgrid-vm 1586297686 2020/04/07 22:14:46 1 4096 3808545 3093751 521489 239 60376 43 25773 0 184465 0 0 2097152 0 0
SEP
MEM simgrid-vm 1586297687 2020/04/07 22:14:47 1 4096 3808545 3093778 521489 241 60360 44 25760 0 184465 0 0 2097152 0 0
SEP
MEM simgrid-vm 1586297688 2020/04/07 22:14:48 1 4096 3808545 3093778 521489 241 60359 44 25760 0 184465 0 0 2097152 0 0
SEP
MEM simgrid-vm 1586297689 2020/04/07 22:14:49 1 4096 3808545 3093778 521489 241 60368 44 25760 0 184465 0 0 2097152 0 0
SEP
MEM simgrid-vm 1586297690 2020/04/07 22:14:50 1 4096 3808545 3093778 521491 241 60361 44 25760 0 184465 0 0 2097152 0 0
SEP
MEM simgrid-vm 1586297691 2020/04/07 22:14:51 1 4096 3808545 3093778 521491 241 60364 44 25761 0 184465 0 0 2097152 0 0
SEP
MEM simgrid-vm 1586297692 2020/04/07 22:14:52 1 4096 3808545 3093778 521495 241 60363 49 25761 0 184465 0 0 2097152 0 0
SEP
MEM simgrid-vm 1586297693 2020/04/07 22:14:53 1 4096 3808545 3093778 521495 243 60362 50 25761 0 184465 0 0 2097152 0 0
SEP
MEM simgrid-vm 1586297694 2020/04/07 22:14:54 1 4096 3808545 3093778 521495 243 60362 50 25761 0 184465 0 0 2097152 0 0
SEP
MEM simgrid-vm 1586297695 2020/04/07 22:14:55 1 4096 3808545 3093778 521495 243 60362 0 25761 0 184465 0 0 2097152 0 0
SEP
MEM simgrid-vm 1586297696 2020/04/07 22:14:56 1 4096 3808545 3093778 521495 243 60363 1 25762 0 184465 0 0 2097152 0 0
SEP
MEM simgrid-vm 1586297697 2020/04/07 22:14:57 1 4096 3808545 3093778 521495 243 60363 1 25762 0 184465 0 0 2097152 0 0
SEP
MEM simgrid-vm 1586297698 2020/04/07 22:14:58 1 4096 3808545 3093778 521495 243 60365 1 25762 0 184465 0 0 2097152 0 0
SEP
MEM simgrid-vm 1586297699 2020/04/07 22:14:59 1 4096 3808545 3093778 521495 245 60361 4 25755 0 184465 0 0 2097152 0 0
SEP
MEM simgrid-vm 1586297700 2020/04/07 22:15:00 1 4096 3808545 3093778 521497 245 60357 24 25755 0 184465 0 0 2097152 0 0
SEP
MEM simgrid-vm 1586297701 2020/04/07 22:15:01 1 4096 3808545 3093778 521498 245 60359 25 25755 0 184465 0 0 2097152 0 0
SEP
MEM simgrid-vm 1586297702 2020/04/07 22:15:02 1 4096 3808545 3093766 521498 245 60370 25 25763 0 184465 0 0 2097152 0 0
SEP
MEM simgrid-vm 1586297703 2020/04/07 22:15:03 1 4096 3808545 3093762 521498 245 60373 25 25767 0 184465 0 0 2097152 0 0
SEP
MEM simgrid-vm 1586297704 2020/04/07 22:15:04 1 4096 3808545 3093727 521500 247 60379 27 25773 0 184465 0 0 2097152 0 0
SEP
MEM simgrid-vm 1586297705 2020/04/07 22:15:05 1 4096 3808545 3093727 521500 247 60379 27 25777 0 184465 0 0 2097152 0 0
SEP
MEM simgrid-vm 1586297706 2020/04/07 22:15:06 1 4096 3808545 3093723 521500 247 60384 27 25782 0 184465 0 0 2097152 0 0
SEP
MEM simgrid-vm 1586297707 2020/04/07 22:15:07 1 4096 3808545 3093723 521500 247 60390 27 25782 0 184465 0 0 2097152 0 0
SEP
MEM simgrid-vm 1586297708 2020/04/07 22:15:08 1 4096 3808545 3093723 521500 247 60390 27 25782 0 184465 0 0 2097152 0 0
SEP
MEM simgrid-vm 1586297709 2020/04/07 22:15:09 1 4096 3808545 3093723 521500 247 60393 27 25783 0 184465 0 0 2097152 0 0
SEP
MEM simgrid-vm 1586297710 2020/04/07 22:15:10 1 4096 3808545 3093723 521500 249 60393 27 25784 0 184465 0 0 2097152 0 0
SEP
MEM simgrid-vm 1586297711 2020/04/07 22:15:11 1 4096 3808545 3093723 521500 249 60398 27 25788 0 184465 0 0 2097152 0 0
SEP
MEM simgrid-vm 1586297712 2020/04/07 22:15:12 1 4096 3808545 3093723 521502 249 60397 29 25790 0 184465 0 0 2097152 0 0
SEP
MEM simgrid-vm 1586297713 2020/04/07 22:15:13 1 4096 3808545 3093723 521502 249 60398 29 25791 0 184465 0 0 2097152 0 0
SEP
MEM simgrid-vm 1586297714 2020/04/07 22:15:14 1 4096 3808545 3093723 521504 249 60398 31 25792 0 184465 0 0 2097152 0 0
SEP
MEM simgrid-vm 1586297715 2020/04/07 22:15:15 1 4096 3808545 3093723 521506 249 60398 33 25792 0 184465 0 0 2097152 0 0
SEP
MEM simgrid-vm 1586297716 2020/04/07 22:15:16 1 4096 3808545 3093723 521506 251 60399 34 25793 0 184465 0 0 2097152 0 0
SEP
MEM simgrid-vm 1586297717 2020/04/07 22:15:17 1 4096 3808545 3093723 521506 251 60401 34 25795 0 184465 0 0 2097152 0 0
SEP
MEM simgrid-vm 1586297718 2020/04/07 22:15:18 1 4096 3808545 3093723 521506 251 60399 34 25795 0 184465 0 0 2097152 0 0
SEP
MEM simgrid-vm 1586297719 2020/04/07 22:15:19 1 4096 3808545 3093723 521508 251 60404 36 25795 0 184465 0 0 2097152 0 0
SEP
MEM simgrid-vm 1586297720 2020/04/07 22:15:20 1 4096 3808545 3093723 521508 251 60400 36 25795 0 184465 0 0 2097152 0 0
SEP
MEM simgrid-vm 1586297721 2020/04/07 22:15:21 1 4096 3808545 3093723 521508 251 60399 36 25795 0 184465 0 0 2097152 0 0
SEP
MEM simgrid-vm 1586297722 2020/04/07 22:15:22 1 4096 3808545 3093723 521508 253 60400 36 25796 0 184465 0 0 2097152 0 0
SEP
MEM simgrid-vm 1586297723 2020/04/07 22:15:23 1 4096 3808545 3093739 521510 253 60384 38 25780 0 184465 0 0 2097152 0 0
SEP
MEM simgrid-vm 1586297724 2020/04/07 22:15:24 1 4096 3808545 3093739 521514 253 60383 43 25780 0 184465 0 0 2097152 0 0
SEP
MEM simgrid-vm 1586297725 2020/04/07 22:15:25 1 4096 3808545 3093739 521514 253 60383 43 25780 0 184465 0 0 2097152 0 0
SEP
MEM simgrid-vm 1586297726 2020/04/07 22:15:26 1 4096 3808545 3093739 521514 253 60383 41 25780 0 184465 0 0 2097152 0 0
SEP
MEM simgrid-vm 1586297727 2020/04/07 22:15:27 1 4096 3808545 3093739 521518 253 60384 46 25780 0 184465 0 0 2097152 0 0
SEP
MEM simgrid-vm 1586297728 2020/04/07 22:15:28 1 4096 3808545 3093739 521520 255 60383 49 25780 0 184465 0 0 2097152 0 0
SEP
MEM simgrid-vm 1586297729 2020/04/07 22:15:29 1 4096 3808545 3093739 521520 255 60383 50 25780 0 184465 0 0 2097152 0 0
SEP
MEM simgrid-vm 1586297730 2020/04/07 22:15:30 1 4096 3808545 3093735 521520 255 60392 50 25780 0 184465 0 0 2097152 0 0
SEP
MEM simgrid-vm 1586297731 2020/04/07 22:15:31 1 4096 3808545 3093735 521524 255 60389 29 25780 0 184465 0 0 2097152 0 0
SEP
MEM simgrid-vm 1586297732 2020/04/07 22:15:32 1 4096 3808545 3093735 521524 255 60400 29 25781 0 184465 0 0 2097152 0 0
SEP
MEM simgrid-vm 1586297733 2020/04/07 22:15:33 1 4096 3808545 3093731 521526 255 60393 31 25781 0 184465 0 0 2097152 0 0
SEP
MEM simgrid-vm 1586297734 2020/04/07 22:15:34 1 4096 3808545 3093719 521529 257 60406 39 25795 0 184465 0 0 2097152 0 0
SEP
MEM simgrid-vm 1586297735 2020/04/07 22:15:35 1 4096 3808545 3093711 521529 257 60419 39 25800 0 184465 0 0 2097152 0 0
SEP
MEM simgrid-vm 1586297736 2020/04/07 22:15:36 1 4096 3808545 3093723 521529 257 60411 37 25790 0 184465 0 0 2097152 0 0
SEP
MEM simgrid-vm 1586297737 2020/04/07 22:15:37 1 4096 3808545 3093731 521529 257 60388 37 25780 0 184465 0 0 2097152 0 0
SEP
MEM simgrid-vm 1586297738 2020/04/07 22:15:38 1 4096 3808545 3093731 521529 257 60391 37 25780 0 184465 0 0 2097152 0 0
SEP
MEM simgrid-vm 1586297739 2020/04/07 22:15:39 1 4096 3808545 3093731 521530 259 60388 39 25780 0 184465 0 0 2097152 0 0
SEP
MEM simgrid-vm 1586297740 2020/04/07 22:15:40 1 4096 3808545 3093731 521535 259 60388 49 25780 0 184465 0 0 2097152 0 0
SEP
MEM simgrid-vm 1586297741 2020/04/07 22:15:41 1 4096 3808545 3093731 521535 259 60390 49 25780 0 184465 0 0 2097152 0 0
SEP
MEM simgrid-vm 1586297742 2020/04/07 22:15:42 1 4096 3808545 3093731 521535 259 60392 49 25780 0 184465 0 0 2097152 0 0
SEP
MEM simgrid-vm 1586297743 2020/04/07 22:15:43 1 4096 3808545 3093731 521535 259 60388 49 25780 0 184465 0 0 2097152 0 0
SEP
MEM simgrid-vm 1586297744 2020/04/07 22:15:44 1 4096 3808545 3093731 521537 261 60388 51 25780 0 184465 0 0 2097152 0 0
SEP
MEM simgrid-vm 1586297745 2020/04/07 22:15:45 1 4096 3808545 3093731 521537 261 60387 51 25780 0 184465 0 0 2097152 0 0
SEP
MEM simgrid-vm 1586297746 2020/04/07 22:15:46 1 4096 3808545 3093727 521537 261 60394 35 25786 0 184465 0 0 2097152 0 0
SEP
MEM simgrid-vm 1586297747 2020/04/07 22:15:47 1 4096 3808545 3093727 521537 261 60393 35 25786 0 184465 0 0 2097152 0 0
SEP
MEM simgrid-vm 1586297748 2020/04/07 22:15:48 1 4096 3808545 3093723 521543 261 60397 41 25790 0 184465 0 0 2097152 0 0
SEP
MEM simgrid-vm 1586297749 2020/04/07 22:15:49 1 4096 3808545 3093719 521543 261 60404 41 25796 0 184465 0 0 2097152 0 0
SEP
MEM simgrid-vm 1586297750 2020/04/07 22:15:50 1 4096 3808545 3093719 521543 263 60404 48 25796 0 184465 0 0 2097152 0 0
SEP
MEM simgrid-vm 1586297751 2020/04/07 22:15:51 1 4096 3808545 3093719 521543 263 60405 42 25796 0 184465 0 0 2097152 0 0
SEP
MEM simgrid-vm 1586297752 2020/04/07 22:15:52 1 4096 3808545 3093715 521543 263 60411 42 25803 0 184465 0 0 2097152 0 0
SEP
MEM simgrid-vm 1586297753 2020/04/07 22:15:53 1 4096 3808545 3093711 521545 263 60420 44 25809 0 184465 0 0 2097152 0 0
SEP
MEM simgrid-vm 1586297754 2020/04/07 22:15:54 1 4096 3808545 3093707 521547 263 60422 46 25813 0 184465 0 0 2097152 0 0
SEP
MEM simgrid-vm 1586297755 2020/04/07 22:15:55 1 4096 3808545 3093707 521547 263 60423 46 25814 0 184465 0 0 2097152 0 0
SEP
MEM simgrid-vm 1586297756 2020/04/07 22:15:56 1 4096 3808545 3093723 521547 265 60408 42 25799 0 184465 0 0 2097152 0 0
SEP
MEM simgrid-vm 1586297757 2020/04/07 22:15:57 1 4096 3808545 3093723 521547 265 60410 42 25799 0 184465 0 0 2097152 0 0
SEP
MEM simgrid-vm 1586297758 2020/04/07 22:15:58 1 4096 3808545 3093723 521551 265 60408 46 25799 0 184465 0 0 2097152 0 0
SEP
MEM simgrid-vm 1586297759 2020/04/07 22:15:59 1 4096 3808545 3093723 521551 265 60420 46 25799 0 184465 0 0 2097152 0 0
SEP
MEM simgrid-vm 1586297760 2020/04/07 22:16:00 1 4096 3808545 3093723 521551 265 60409 46 25799 0 184465 0 0 2097152 0 0
SEP
MEM simgrid-vm 1586297761 2020/04/07 22:16:01 1 4096 3808545 3093719 521551 267 60413 46 25799 0 184465 0 0 2097152 0 0
SEP
MEM simgrid-vm 1586297762 2020/04/07 22:16:02 1 4096 3808545 3093731 521551 267 60400 47 25799 0 184465 0 0 2097152 0 0
SEP
MEM simgrid-vm 1586297763 2020/04/07 22:16:03 1 4096 3808545 3093700 521553 267 60399 49 25799 0 184465 0 0 2097152 0 0
SEP
MEM simgrid-vm 1586297764 2020/04/07 22:16:04 1 4096 3808545 3093700 521553 267 60399 49 25799 0 184465 0 0 2097152 0 0
SEP
MEM simgrid-vm 1586297765 2020/04/07 22:16:05 1 4096 3808545 3093700 521553 267 60399 49 25799 0 184465 0 0 2097152 0 0
SEP
MEM simgrid-vm 1586297766 2020/04/07 22:16:06 1 4096 3808545 3093700 521555 269 60399 36 25799 0 184465 0 0 2097152 0 0
SEP
MEM simgrid-vm 1586297767 2020/04/07 22:16:07 1 4096 3808545 3093731 521556 269 60387 37 25787 0 184465 0 0 2097152 0 0
SEP
MEM simgrid-vm 1586297768 2020/04/07 22:16:08 1 4096 3808545 3093731 521556 269 60387 37 25787 0 184465 0 0 2097152 0 0
SEP
MEM simgrid-vm 1586297769 2020/04/07 22:16:09 1 4096 3808545 3093727 521556 269 60391 37 25791 0 184465 0 0 2097152 0 0
SEP
MEM simgrid-vm 1586297770 2020/04/07 22:16:10 1 4096 3808545 3093727 521556 269 60391 37 25791 0 184465 0 0 2097152 0 0
SEP
MEM simgrid-vm 1586297771 2020/04/07 22:16:11 1 4096 3808545 3093719 521558 269 60400 35 25799 0 184465 0 0 2097152 0 0
SEP
MEM simgrid-vm 1586297772 2020/04/07 22:16:12 1 4096 3808545 3093715 521560 271 60416 41 25803 0 184465 0 0 2097152 0 0
SEP
MEM simgrid-vm 1586297773 2020/04/07 22:16:13 1 4096 3808545 3093715 521560 271 60403 41 25803 0 184465 0 0 2097152 0 0
SEP
MEM simgrid-vm 1586297774 2020/04/07 22:16:14 1 4096 3808545 3093719 521560 271 60400 41 25800 0 184465 0 0 2097152 0 0
SEP
MEM simgrid-vm 1586297775 2020/04/07 22:16:15 1 4096 3808545 3093719 521562 271 60402 43 25802 0 184465 0 0 2097152 0 0
SEP
MEM simgrid-vm 1586297776 2020/04/07 22:16:16 1 4096 3808545 3093719 521562 271 60411 0 25802 0 184465 0 0 2097152 0 0
SEP
MEM simgrid-vm 1586297777 2020/04/07 22:16:17 1 4096 3808545 3093719 521562 271 60410 1 25802 0 184465 0 0 2097152 0 0
SEP
MEM simgrid-vm 1586297778 2020/04/07 22:16:18 1 4096 3808545 3093739 521562 273 60393 24 25783 0 184465 0 0 2097152 0 0
SEP
MEM simgrid-vm 1586297779 2020/04/07 22:16:19 1 4096 3808545 3093739 521562 273 60393 25 25783 0 184465 0 0 2097152 0 0
SEP
MEM simgrid-vm 1586297780 2020/04/07 22:16:20 1 4096 3808545 3093739 521564 273 60387 27 25786 0 184465 0 0 2097152 0 0
SEP
MEM simgrid-vm 1586297781 2020/04/07 22:16:21 1 4096 3808545 3093739 521564 273 60378 27 25776 0 184465 0 0 2097152 0 0
SEP
MEM simgrid-vm 1586297782 2020/04/07 22:16:22 1 4096 3808545 3093739 521564 273 60376 27 25775 0 184465 0 0 2097152 0 0
SEP
MEM simgrid-vm 1586297783 2020/04/07 22:16:23 1 4096 3808545 3093739 521564 273 60376 27 25775 0 184465 0 0 2097152 0 0
SEP
MEM simgrid-vm 1586297784 2020/04/07 22:16:24 1 4096 3808545 3093735 521566 275 60381 29 25775 0 184465 0 0 2097152 0 0
SEP
MEM simgrid-vm 1586297785 2020/04/07 22:16:25 1 4096 3808545 3093735 521566 275 60387 29 25775 0 184465 0 0 2097152 0 0
SEP
MEM simgrid-vm 1586297786 2020/04/07 22:16:26 1 4096 3808545 3093731 521566 275 60390 29 25775 0 184465 0 0 2097152 0 0
SEP
MEM simgrid-vm 1586297787 2020/04/07 22:16:27 1 4096 3808545 3093731 521566 275 60389 29 25775 0 184465 0 0 2097152 0 0
SEP
MEM simgrid-vm 1586297788 2020/04/07 22:16:28 1 4096 3808545 3093731 521566 275 60376 29 25765 0 184465 0 0 2097152 0 0
SEP
MEM simgrid-vm 1586297789 2020/04/07 22:16:29 1 4096 3808545 3093731 521566 277 60388 29 25765 0 184465 0 0 2097152 0 0
SEP
MEM simgrid-vm 1586297790 2020/04/07 22:16:30 1 4096 3808545 3093727 521568 277 60384 31 25765 0 184465 0 0 2097152 0 0
SEP
MEM simgrid-vm 1586297791 2020/04/07 22:16:31 1 4096 3808545 3093727 521570 277 60382 33 25768 0 184465 0 0 2097152 0 0
SEP
MEM simgrid-vm 1586297792 2020/04/07 22:16:32 1 4096 3808545 3093739 521570 277 60373 33 25755 0 184465 0 0 2097152 0 0
SEP
MEM simgrid-vm 1586297793 2020/04/07 22:16:33 1 4096 3808545 3093739 521570 277 60375 33 25757 0 184465 0 0 2097152 0 0
SEP
MEM simgrid-vm 1586297794 2020/04/07 22:16:34 1 4096 3808545 3093747 521572 277 60368 36 25759 0 184465 0 0 2097152 0 0
SEP
MEM simgrid-vm 1586297795 2020/04/07 22:16:35 1 4096 3808545 3093747 521574 279 60370 39 25761 0 184465 0 0 2097152 0 0
SEP
MEM simgrid-vm 1586297796 2020/04/07 22:16:36 1 4096 3808545 3093747 521574 279 60385 39 25763 0 184465 0 0 2097152 0 0
SEP
MEM simgrid-vm 1586297797 2020/04/07 22:16:37 1 4096 3808545 3093747 521574 279 60387 0 25766 0 184465 0 0 2097152 0 0
SEP
MEM simgrid-vm 1586297798 2020/04/07 22:16:38 1 4096 3808545 3093716 521574 279 60387 1 25768 0 184465 0 0 2097152 0 0
SEP
MEM simgrid-vm 1586297799 2020/04/07 22:16:39 1 4096 3808545 3093716 521578 279 60383 6 25770 0 184465 0 0 2097152 0 0
SEP
MEM simgrid-vm 1586297800 2020/04/07 22:16:40 1 4096 3808545 3093716 521578 281 60381 7 25770 0 184465 0 0 2097152 0 0
SEP
MEM simgrid-vm 1586297801 2020/04/07 22:16:41 1 4096 3808545 3093716 521579 281 60381 24 25770 0 184465 0 0 2097152 0 0
SEP
MEM simgrid-vm 1586297802 2020/04/07 22:16:42 1 4096 3808545 3093716 521579 281 60387 24 25772 0 184465 0 0 2097152 0 0
SEP
MEM simgrid-vm 1586297803 2020/04/07 22:16:43 1 4096 3808545 3093716 521579 281 60387 0 25773 0 184465 0 0 2097152 0 0
SEP
