RESET
MEM simgrid-vm 1586369190 2020/04/08 18:06:30 12714061 4096 3808545 3426863 193570 78 58233 60 23872 0 186513 0 0 2097152 0 0
SEP
MEM simgrid-vm 1586369191 2020/04/08 18:06:31 1 4096 3808545 3389047 220738 78 57700 65 23408 0 186513 0 0 2097152 0 0
SEP
MEM simgrid-vm 1586369192 2020/04/08 18:06:32 1 4096 3808545 3372056 231911 78 57651 65 23372 0 186513 0 0 2097152 0 0
SEP
MEM simgrid-vm 1586369193 2020/04/08 18:06:33 1 4096 3808545 3323972 273100 80 57878 65 23556 0 186513 0 0 2097152 0 0
SEP
MEM simgrid-vm 1586369194 2020/04/08 18:06:34 1 4096 3808545 3257245 334092 80 58093 66 23752 0 186513 0 0 2097152 0 0
SEP
MEM simgrid-vm 1586369195 2020/04/08 18:06:35 1 4096 3808545 3234067 350467 80 58446 56 24068 0 186513 0 0 2097152 0 0
SEP
MEM simgrid-vm 1586369196 2020/04/08 18:06:36 1 4096 3808545 3225179 352925 80 58831 59 24410 0 186513 0 0 2097152 0 0
SEP
MEM simgrid-vm 1586369197 2020/04/08 18:06:37 1 4096 3808545 3213138 360937 80 59530 61 25048 0 186513 0 0 2097152 0 0
SEP
MEM simgrid-vm 1586369198 2020/04/08 18:06:38 1 4096 3808545 3198448 369195 80 59852 61 25338 0 186513 0 0 2097152 0 0
SEP
MEM simgrid-vm 1586369199 2020/04/08 18:06:39 1 4096 3808545 3126845 406069 82 60041 66 25468 0 186513 0 0 2097152 0 0
SEP
MEM simgrid-vm 1586369200 2020/04/08 18:06:40 1 4096 3808545 3058757 439937 82 60094 66 25508 0 186513 0 0 2097152 0 0
SEP
MEM simgrid-vm 1586369201 2020/04/08 18:06:41 1 4096 3808545 2992775 472919 82 60212 68 25623 0 186513 0 0 2097152 0 0
SEP
MEM simgrid-vm 1586369202 2020/04/08 18:06:42 1 4096 3808545 2922990 507851 82 60293 68 25718 0 186513 0 0 2097152 0 0
SEP
MEM simgrid-vm 1586369203 2020/04/08 18:06:43 1 4096 3808545 2877779 529523 82 60343 68 25766 0 186513 0 0 2097152 0 0
SEP
MEM simgrid-vm 1586369204 2020/04/08 18:06:44 1 4096 3808545 2877744 529498 86 60376 42 25803 0 186513 0 0 2097152 0 0
SEP
MEM simgrid-vm 1586369205 2020/04/08 18:06:45 1 4096 3808545 2877713 529500 86 60386 44 25804 0 186513 0 0 2097152 0 0
SEP
MEM simgrid-vm 1586369206 2020/04/08 18:06:46 1 4096 3808545 2877682 529500 86 60411 44 25804 0 186513 0 0 2097152 0 0
SEP
MEM simgrid-vm 1586369207 2020/04/08 18:06:47 1 4096 3808545 2877682 529500 86 60390 44 25804 0 186513 0 0 2097152 0 0
SEP
MEM simgrid-vm 1586369208 2020/04/08 18:06:48 1 4096 3808545 2877670 529502 86 60400 46 25819 0 186513 0 0 2097152 0 0
SEP
MEM simgrid-vm 1586369209 2020/04/08 18:06:49 1 4096 3808545 2877655 529502 87 60387 43 25805 0 186513 0 0 2097152 0 0
SEP
MEM simgrid-vm 1586369210 2020/04/08 18:06:50 1 4096 3808545 2877655 529502 89 60383 48 25805 0 186513 0 0 2097152 0 0
SEP
MEM simgrid-vm 1586369211 2020/04/08 18:06:51 1 4096 3808545 2877651 529502 89 60385 48 25806 0 186513 0 0 2097152 0 0
SEP
MEM simgrid-vm 1586369212 2020/04/08 18:06:52 1 4096 3808545 2877651 529502 89 60391 48 25806 0 186513 0 0 2097152 0 0
SEP
MEM simgrid-vm 1586369213 2020/04/08 18:06:53 1 4096 3808545 2877651 529502 89 60391 48 25812 0 186513 0 0 2097152 0 0
SEP
MEM simgrid-vm 1586369214 2020/04/08 18:06:54 1 4096 3808545 2877651 529502 89 60393 48 25812 0 186513 0 0 2097152 0 0
SEP
MEM simgrid-vm 1586369215 2020/04/08 18:06:55 1 4096 3808545 2938511 529501 92 60390 52 25812 0 186513 0 0 2097152 0 0
SEP
MEM simgrid-vm 1586369216 2020/04/08 18:06:56 1 4096 3808545 2876403 540121 92 60422 52 25840 0 186513 0 0 2097152 0 0
SEP
MEM simgrid-vm 1586369217 2020/04/08 18:06:57 1 4096 3808545 2861227 540876 92 60435 54 25848 0 186513 0 0 2097152 0 0
SEP
MEM simgrid-vm 1586369218 2020/04/08 18:06:58 1 4096 3808545 2851677 540876 92 60435 54 25848 0 186513 0 0 2097152 0 0
SEP
MEM simgrid-vm 1586369219 2020/04/08 18:06:59 1 4096 3808545 2850096 540876 93 60445 39 25848 0 186513 0 0 2097152 0 0
SEP
MEM simgrid-vm 1586369220 2020/04/08 18:07:00 1 4096 3808545 2850100 540876 93 60448 39 25848 0 186513 0 0 2097152 0 0
SEP
MEM simgrid-vm 1586369221 2020/04/08 18:07:01 1 4096 3808545 2850069 540879 96 60437 45 25848 0 186513 0 0 2097152 0 0
SEP
MEM simgrid-vm 1586369222 2020/04/08 18:07:02 1 4096 3808545 2782638 542673 96 60447 45 25839 0 186513 0 0 2097152 0 0
SEP
MEM simgrid-vm 1586369223 2020/04/08 18:07:03 1 4096 3808545 2780000 542673 96 60452 45 25854 0 186513 0 0 2097152 0 0
SEP
MEM simgrid-vm 1586369224 2020/04/08 18:07:04 1 4096 3808545 2776909 542676 96 60425 43 25842 0 186513 0 0 2097152 0 0
SEP
MEM simgrid-vm 1586369225 2020/04/08 18:07:05 1 4096 3808545 2774799 542676 96 60430 44 25843 0 186513 0 0 2097152 0 0
SEP
MEM simgrid-vm 1586369226 2020/04/08 18:07:06 1 4096 3808545 2774737 542676 98 60430 44 25843 0 186513 0 0 2097152 0 0
SEP
MEM simgrid-vm 1586369227 2020/04/08 18:07:07 1 4096 3808545 2774737 542678 98 60427 47 25843 0 186513 0 0 2097152 0 0
SEP
MEM simgrid-vm 1586369228 2020/04/08 18:07:08 1 4096 3808545 2774644 542692 98 60432 49 25844 0 186513 0 0 2097152 0 0
SEP
MEM simgrid-vm 1586369229 2020/04/08 18:07:09 1 4096 3808545 2774551 542693 99 60432 48 25846 0 186513 0 0 2097152 0 0
SEP
MEM simgrid-vm 1586369230 2020/04/08 18:07:10 1 4096 3808545 2773527 542695 100 60428 50 25847 0 186513 0 0 2097152 0 0
SEP
MEM simgrid-vm 1586369231 2020/04/08 18:07:11 1 4096 3808545 2773512 542695 102 60426 50 25832 0 186513 0 0 2097152 0 0
SEP
MEM simgrid-vm 1586369232 2020/04/08 18:07:12 1 4096 3808545 2772938 542695 102 60426 52 25835 0 186513 0 0 2097152 0 0
SEP
MEM simgrid-vm 1586369233 2020/04/08 18:07:13 1 4096 3808545 2772938 542695 102 60425 52 25825 0 186513 0 0 2097152 0 0
SEP
MEM simgrid-vm 1586369234 2020/04/08 18:07:14 1 4096 3808545 2772907 542697 102 60430 52 25825 0 186513 0 0 2097152 0 0
SEP
MEM simgrid-vm 1586369235 2020/04/08 18:07:15 1 4096 3808545 2772845 542697 102 60413 52 25821 0 186513 0 0 2097152 0 0
SEP
MEM simgrid-vm 1586369236 2020/04/08 18:07:16 1 4096 3808545 2772845 542697 102 60428 52 25823 0 186513 0 0 2097152 0 0
SEP
MEM simgrid-vm 1586369237 2020/04/08 18:07:17 1 4096 3808545 2772783 542697 104 60425 53 25824 0 186513 0 0 2097152 0 0
SEP
MEM simgrid-vm 1586369238 2020/04/08 18:07:18 1 4096 3808545 2772783 542699 104 60425 55 25827 0 186513 0 0 2097152 0 0
SEP
MEM simgrid-vm 1586369239 2020/04/08 18:07:19 1 4096 3808545 2772779 542699 104 60434 22 25831 0 186513 0 0 2097152 0 0
SEP
MEM simgrid-vm 1586369240 2020/04/08 18:07:20 1 4096 3808545 2772752 542699 104 60428 22 25829 0 186513 0 0 2097152 0 0
SEP
MEM simgrid-vm 1586369241 2020/04/08 18:07:21 1 4096 3808545 2767477 542699 104 60428 22 25833 0 186513 0 0 2097152 0 0
SEP
MEM simgrid-vm 1586369242 2020/04/08 18:07:22 1 4096 3808545 2767260 542699 106 60425 27 25833 0 186513 0 0 2097152 0 0
SEP
MEM simgrid-vm 1586369243 2020/04/08 18:07:23 1 4096 3808545 2767229 542699 106 60425 27 25833 0 186513 0 0 2097152 0 0
SEP
MEM simgrid-vm 1586369244 2020/04/08 18:07:24 1 4096 3808545 2767198 542703 106 60424 30 25833 0 186513 0 0 2097152 0 0
SEP
MEM simgrid-vm 1586369245 2020/04/08 18:07:25 1 4096 3808545 2767132 542703 106 60433 30 25839 0 186513 0 0 2097152 0 0
SEP
MEM simgrid-vm 1586369246 2020/04/08 18:07:26 1 4096 3808545 2767074 542703 106 60429 30 25836 0 186513 0 0 2097152 0 0
SEP
MEM simgrid-vm 1586369247 2020/04/08 18:07:27 1 4096 3808545 2767074 542703 108 60439 34 25840 0 186513 0 0 2097152 0 0
SEP
MEM simgrid-vm 1586369248 2020/04/08 18:07:28 1 4096 3808545 2767074 542707 108 60439 39 25840 0 186513 0 0 2097152 0 0
SEP
MEM simgrid-vm 1586369249 2020/04/08 18:07:29 1 4096 3808545 2767043 542707 108 60436 31 25841 0 186513 0 0 2097152 0 0
SEP
MEM simgrid-vm 1586369250 2020/04/08 18:07:30 1 4096 3808545 2767012 542710 108 60437 34 25842 0 186513 0 0 2097152 0 0
SEP
MEM simgrid-vm 1586369251 2020/04/08 18:07:31 1 4096 3808545 2767012 542710 108 60435 34 25843 0 186513 0 0 2097152 0 0
SEP
MEM simgrid-vm 1586369252 2020/04/08 18:07:32 1 4096 3808545 2766975 542712 110 60443 43 25847 0 186513 0 0 2097152 0 0
SEP
MEM simgrid-vm 1586369254 2020/04/08 18:07:34 2 4096 3808545 2766940 542712 110 60450 43 25853 0 186513 0 0 2097152 0 0
SEP
MEM simgrid-vm 1586369255 2020/04/08 18:07:35 1 4096 3808545 2766385 542716 110 60462 44 25865 0 186513 0 0 2097152 0 0
SEP
MEM simgrid-vm 1586369256 2020/04/08 18:07:36 1 4096 3808545 2763317 542716 110 60455 44 25861 0 186513 0 0 2097152 0 0
SEP
MEM simgrid-vm 1586369257 2020/04/08 18:07:37 1 4096 3808545 2763317 542716 110 60464 44 25862 0 186513 0 0 2097152 0 0
SEP
MEM simgrid-vm 1586369258 2020/04/08 18:07:38 1 4096 3808545 2763317 542717 112 60458 46 25862 0 186513 0 0 2097152 0 0
SEP
MEM simgrid-vm 1586369259 2020/04/08 18:07:39 1 4096 3808545 2763286 542717 112 60463 46 25862 0 186513 0 0 2097152 0 0
SEP
MEM simgrid-vm 1586369260 2020/04/08 18:07:40 1 4096 3808545 2763286 542721 112 60461 46 25862 0 186513 0 0 2097152 0 0
SEP
MEM simgrid-vm 1586369261 2020/04/08 18:07:41 1 4096 3808545 2763282 542723 112 60469 49 25866 0 186513 0 0 2097152 0 0
SEP
MEM simgrid-vm 1586369262 2020/04/08 18:07:42 1 4096 3808545 2763286 542723 112 60455 49 25866 0 186513 0 0 2097152 0 0
SEP
MEM simgrid-vm 1586369263 2020/04/08 18:07:43 1 4096 3808545 2763286 542726 114 60473 53 25867 0 186513 0 0 2097152 0 0
SEP
MEM simgrid-vm 1586369264 2020/04/08 18:07:44 1 4096 3808545 2763286 542726 114 60463 54 25867 0 186513 0 0 2097152 0 0
SEP
MEM simgrid-vm 1586369265 2020/04/08 18:07:45 1 4096 3808545 2763255 542726 114 60461 44 25869 0 186513 0 0 2097152 0 0
SEP
MEM simgrid-vm 1586369266 2020/04/08 18:07:46 1 4096 3808545 2763255 542726 114 60460 44 25869 0 186513 0 0 2097152 0 0
SEP
MEM simgrid-vm 1586369267 2020/04/08 18:07:47 1 4096 3808545 2763255 542726 114 60468 44 25872 0 186513 0 0 2097152 0 0
SEP
MEM simgrid-vm 1586369268 2020/04/08 18:07:48 1 4096 3808545 2763255 542726 116 60479 46 25874 0 186513 0 0 2097152 0 0
SEP
MEM simgrid-vm 1586369269 2020/04/08 18:07:49 1 4096 3808545 2763255 542730 116 60466 50 25875 0 186513 0 0 2097152 0 0
SEP
MEM simgrid-vm 1586369270 2020/04/08 18:07:50 1 4096 3808545 2763251 542730 116 60472 48 25880 0 186513 0 0 2097152 0 0
SEP
MEM simgrid-vm 1586369271 2020/04/08 18:07:51 1 4096 3808545 2763220 542732 116 60480 50 25880 0 186513 0 0 2097152 0 0
SEP
MEM simgrid-vm 1586369272 2020/04/08 18:07:52 1 4096 3808545 2763220 542732 116 60489 50 25880 0 186513 0 0 2097152 0 0
SEP
MEM simgrid-vm 1586369273 2020/04/08 18:07:53 1 4096 3808545 2763220 542732 118 60482 51 25880 0 186513 0 0 2097152 0 0
SEP
MEM simgrid-vm 1586369274 2020/04/08 18:07:54 1 4096 3808545 2762677 542736 118 60487 55 25880 0 186513 0 0 2097152 0 0
SEP
MEM simgrid-vm 1586369275 2020/04/08 18:07:55 1 4096 3808545 2762677 542736 118 60452 28 25862 0 186513 0 0 2097152 0 0
SEP
MEM simgrid-vm 1586369276 2020/04/08 18:07:56 1 4096 3808545 2762677 542736 118 60458 28 25862 0 186513 0 0 2097152 0 0
SEP
MEM simgrid-vm 1586369277 2020/04/08 18:07:57 1 4096 3808545 2762669 542736 118 60461 28 25870 0 186513 0 0 2097152 0 0
SEP
MEM simgrid-vm 1586369278 2020/04/08 18:07:58 1 4096 3808545 2762669 542738 120 60470 38 25870 0 186513 0 0 2097152 0 0
SEP
MEM simgrid-vm 1586369279 2020/04/08 18:07:59 1 4096 3808545 2762677 542738 120 60463 38 25862 0 186513 0 0 2097152 0 0
SEP
MEM simgrid-vm 1586369280 2020/04/08 18:08:00 1 4096 3808545 2762677 542740 120 60461 35 25862 0 186513 0 0 2097152 0 0
SEP
MEM simgrid-vm 1586369281 2020/04/08 18:08:01 1 4096 3808545 2762650 542742 120 60463 37 25863 0 186513 0 0 2097152 0 0
SEP
MEM simgrid-vm 1586369282 2020/04/08 18:08:02 1 4096 3808545 2762650 542742 120 60464 37 25863 0 186513 0 0 2097152 0 0
SEP
MEM simgrid-vm 1586369283 2020/04/08 18:08:03 1 4096 3808545 2762650 542742 122 60467 42 25865 0 186513 0 0 2097152 0 0
SEP
MEM simgrid-vm 1586369284 2020/04/08 18:08:04 1 4096 3808545 2762650 542744 122 60468 44 25866 0 186513 0 0 2097152 0 0
SEP
MEM simgrid-vm 1586369285 2020/04/08 18:08:05 1 4096 3808545 2762619 542746 122 60464 35 25867 0 186513 0 0 2097152 0 0
SEP
MEM simgrid-vm 1586369286 2020/04/08 18:08:06 1 4096 3808545 2762588 542746 122 60467 35 25870 0 186513 0 0 2097152 0 0
SEP
MEM simgrid-vm 1586369287 2020/04/08 18:08:07 1 4096 3808545 2762588 542746 122 60466 35 25871 0 186513 0 0 2097152 0 0
SEP
MEM simgrid-vm 1586369288 2020/04/08 18:08:08 1 4096 3808545 2762592 542748 124 60443 42 25850 0 186513 0 0 2097152 0 0
SEP
MEM simgrid-vm 1586369289 2020/04/08 18:08:09 1 4096 3808545 2762592 542750 124 60442 44 25850 0 186513 0 0 2097152 0 0
SEP
MEM simgrid-vm 1586369290 2020/04/08 18:08:10 1 4096 3808545 2762592 542750 124 60454 42 25850 0 186513 0 0 2097152 0 0
SEP
MEM simgrid-vm 1586369291 2020/04/08 18:08:11 1 4096 3808545 2762592 542751 124 60444 43 25850 0 186513 0 0 2097152 0 0
SEP
MEM simgrid-vm 1586369292 2020/04/08 18:08:12 1 4096 3808545 2762592 542751 124 60439 43 25850 0 186513 0 0 2097152 0 0
SEP
MEM simgrid-vm 1586369293 2020/04/08 18:08:13 1 4096 3808545 2762592 542751 126 60454 45 25853 0 186513 0 0 2097152 0 0
SEP
MEM simgrid-vm 1586369294 2020/04/08 18:08:14 1 4096 3808545 2762592 542755 126 60437 50 25854 0 186513 0 0 2097152 0 0
SEP
MEM simgrid-vm 1586369295 2020/04/08 18:08:15 1 4096 3808545 2762561 542755 126 60450 48 25855 0 186513 0 0 2097152 0 0
SEP
MEM simgrid-vm 1586369296 2020/04/08 18:08:16 1 4096 3808545 2762561 542758 126 60444 52 25855 0 186513 0 0 2097152 0 0
SEP
MEM simgrid-vm 1586369297 2020/04/08 18:08:17 1 4096 3808545 2762561 542758 126 60448 52 25855 0 186513 0 0 2097152 0 0
SEP
MEM simgrid-vm 1586369298 2020/04/08 18:08:18 1 4096 3808545 2762561 542760 126 60458 54 25855 0 186513 0 0 2097152 0 0
SEP
MEM simgrid-vm 1586369299 2020/04/08 18:08:19 1 4096 3808545 2762549 542762 128 60469 57 25867 0 186513 0 0 2097152 0 0
SEP
MEM simgrid-vm 1586369300 2020/04/08 18:08:20 1 4096 3808545 2762545 542762 128 60463 51 25873 0 186513 0 0 2097152 0 0
SEP
MEM simgrid-vm 1586369301 2020/04/08 18:08:21 1 4096 3808545 2762537 542762 128 60482 51 25883 0 186513 0 0 2097152 0 0
SEP
MEM simgrid-vm 1586369302 2020/04/08 18:08:22 1 4096 3808545 2762541 542762 128 60466 51 25881 0 186513 0 0 2097152 0 0
SEP
MEM simgrid-vm 1586369303 2020/04/08 18:08:23 1 4096 3808545 2762541 542762 128 60477 51 25882 0 186513 0 0 2097152 0 0
SEP
MEM simgrid-vm 1586369304 2020/04/08 18:08:24 1 4096 3808545 2762541 542764 130 60481 54 25885 0 186513 0 0 2097152 0 0
SEP
MEM simgrid-vm 1586369305 2020/04/08 18:08:25 1 4096 3808545 2762541 542766 130 60475 44 25887 0 186513 0 0 2097152 0 0
SEP
MEM simgrid-vm 1586369306 2020/04/08 18:08:26 1 4096 3808545 2762530 542770 130 60458 49 25867 0 186513 0 0 2097152 0 0
SEP
MEM simgrid-vm 1586369307 2020/04/08 18:08:27 1 4096 3808545 2762468 542772 130 60456 51 25870 0 186513 0 0 2097152 0 0
SEP
MEM simgrid-vm 1586369308 2020/04/08 18:08:28 1 4096 3808545 2762437 542772 130 60444 51 25854 0 186513 0 0 2097152 0 0
SEP
MEM simgrid-vm 1586369309 2020/04/08 18:08:29 1 4096 3808545 2762437 542772 132 60443 53 25854 0 186513 0 0 2097152 0 0
SEP
MEM simgrid-vm 1586369310 2020/04/08 18:08:30 1 4096 3808545 2759365 542774 132 60446 28 25854 0 186513 0 0 2097152 0 0
SEP
MEM simgrid-vm 1586369311 2020/04/08 18:08:31 1 4096 3808545 2759365 542774 132 60448 28 25854 0 186513 0 0 2097152 0 0
SEP
MEM simgrid-vm 1586369312 2020/04/08 18:08:32 1 4096 3808545 2759381 542774 132 60439 28 25839 0 186513 0 0 2097152 0 0
SEP
MEM simgrid-vm 1586369313 2020/04/08 18:08:33 1 4096 3808545 2759381 542774 132 60410 28 25824 0 186513 0 0 2097152 0 0
SEP
MEM simgrid-vm 1586369314 2020/04/08 18:08:34 1 4096 3808545 2759381 542776 134 60421 37 25824 0 186513 0 0 2097152 0 0
SEP
MEM simgrid-vm 1586369315 2020/04/08 18:08:35 1 4096 3808545 2759381 542778 134 60412 37 25825 0 186513 0 0 2097152 0 0
SEP
MEM simgrid-vm 1586369316 2020/04/08 18:08:36 1 4096 3808545 2759350 542782 134 60415 41 25828 0 186513 0 0 2097152 0 0
SEP
MEM simgrid-vm 1586369317 2020/04/08 18:08:37 1 4096 3808545 2759342 542782 134 60436 41 25839 0 186513 0 0 2097152 0 0
SEP
MEM simgrid-vm 1586369318 2020/04/08 18:08:38 1 4096 3808545 2759338 542782 134 60435 41 25846 0 186513 0 0 2097152 0 0
SEP
MEM simgrid-vm 1586369319 2020/04/08 18:08:39 1 4096 3808545 2759330 542782 136 60435 45 25846 0 186513 0 0 2097152 0 0
SEP
MEM simgrid-vm 1586369320 2020/04/08 18:08:40 1 4096 3808545 2759330 542782 136 60433 41 25843 0 186513 0 0 2097152 0 0
SEP
MEM simgrid-vm 1586369321 2020/04/08 18:08:41 1 4096 3808545 2759330 542786 136 60430 45 25843 0 186513 0 0 2097152 0 0
SEP
MEM simgrid-vm 1586369322 2020/04/08 18:08:42 1 4096 3808545 2759330 542786 136 60431 45 25843 0 186513 0 0 2097152 0 0
SEP
MEM simgrid-vm 1586369323 2020/04/08 18:08:43 1 4096 3808545 2759330 542788 136 60435 47 25843 0 186513 0 0 2097152 0 0
SEP
MEM simgrid-vm 1586369324 2020/04/08 18:08:44 1 4096 3808545 2759330 542791 138 60432 54 25843 0 186513 0 0 2097152 0 0
SEP
MEM simgrid-vm 1586369325 2020/04/08 18:08:45 1 4096 3808545 2759330 542791 138 60440 49 25843 0 186513 0 0 2097152 0 0
SEP
MEM simgrid-vm 1586369326 2020/04/08 18:08:46 1 4096 3808545 2759299 542791 138 60449 49 25845 0 186513 0 0 2097152 0 0
SEP
MEM simgrid-vm 1586369327 2020/04/08 18:08:47 1 4096 3808545 2759319 542793 138 60416 51 25825 0 186513 0 0 2097152 0 0
SEP
MEM simgrid-vm 1586369328 2020/04/08 18:08:48 1 4096 3808545 2759319 542793 138 60421 51 25826 0 186513 0 0 2097152 0 0
SEP
MEM simgrid-vm 1586369329 2020/04/08 18:08:49 1 4096 3808545 2759319 542792 140 60425 52 25827 0 186513 0 0 2097152 0 0
SEP
MEM simgrid-vm 1586369330 2020/04/08 18:08:50 1 4096 3808545 2759319 542794 140 60426 50 25829 0 186513 0 0 2097152 0 0
SEP
MEM simgrid-vm 1586369331 2020/04/08 18:08:51 1 4096 3808545 2759319 542794 140 60428 51 25831 0 186513 0 0 2097152 0 0
SEP
MEM simgrid-vm 1586369332 2020/04/08 18:08:52 1 4096 3808545 2759817 542794 140 60432 51 25837 0 186513 0 0 2097152 0 0
SEP
MEM simgrid-vm 1586369333 2020/04/08 18:08:53 1 4096 3808545 2759770 542794 140 60462 51 25858 0 186513 0 0 2097152 0 0
SEP
MEM simgrid-vm 1586369334 2020/04/08 18:08:54 1 4096 3808545 2759762 542794 140 60462 51 25869 0 186513 0 0 2097152 0 0
SEP
MEM simgrid-vm 1586369335 2020/04/08 18:08:55 1 4096 3808545 2759762 542794 143 60466 49 25870 0 186513 0 0 2097152 0 0
SEP
MEM simgrid-vm 1586369336 2020/04/08 18:08:56 1 4096 3808545 2759723 542794 143 60471 49 25879 0 186513 0 0 2097152 0 0
SEP
MEM simgrid-vm 1586369337 2020/04/08 18:08:57 1 4096 3808545 2759723 542794 143 60464 49 25867 0 186513 0 0 2097152 0 0
SEP
MEM simgrid-vm 1586369338 2020/04/08 18:08:58 1 4096 3808545 2759692 542796 143 60464 51 25867 0 186513 0 0 2097152 0 0
SEP
MEM simgrid-vm 1586369339 2020/04/08 18:08:59 1 4096 3808545 2759692 542798 143 60463 54 25865 0 186513 0 0 2097152 0 0
SEP
MEM simgrid-vm 1586369340 2020/04/08 18:09:00 1 4096 3808545 2759704 542798 145 60452 51 25853 0 186513 0 0 2097152 0 0
SEP
MEM simgrid-vm 1586369341 2020/04/08 18:09:01 1 4096 3808545 2759704 542798 145 60447 51 25853 0 186513 0 0 2097152 0 0
SEP
MEM simgrid-vm 1586369342 2020/04/08 18:09:02 1 4096 3808545 2759704 542798 145 60457 51 25853 0 186513 0 0 2097152 0 0
SEP
MEM simgrid-vm 1586369343 2020/04/08 18:09:03 1 4096 3808545 2759704 542798 145 60452 51 25853 0 186513 0 0 2097152 0 0
SEP
MEM simgrid-vm 1586369344 2020/04/08 18:09:04 1 4096 3808545 2759704 542798 145 60448 51 25853 0 186513 0 0 2097152 0 0
SEP
MEM simgrid-vm 1586369345 2020/04/08 18:09:05 1 4096 3808545 2759704 542798 147 60446 14 25853 0 186513 0 0 2097152 0 0
SEP
MEM simgrid-vm 1586369346 2020/04/08 18:09:06 1 4096 3808545 2759673 542798 147 60446 14 25853 0 186513 0 0 2097152 0 0
SEP
MEM simgrid-vm 1586369347 2020/04/08 18:09:07 1 4096 3808545 2759673 542798 147 60449 14 25853 0 186513 0 0 2097152 0 0
SEP
MEM simgrid-vm 1586369348 2020/04/08 18:09:08 1 4096 3808545 2759681 542802 147 60442 18 25849 0 186513 0 0 2097152 0 0
SEP
MEM simgrid-vm 1586369349 2020/04/08 18:09:09 1 4096 3808545 2759681 542802 147 60442 18 25849 0 186513 0 0 2097152 0 0
SEP
MEM simgrid-vm 1586369350 2020/04/08 18:09:10 1 4096 3808545 2759681 542806 149 60448 29 25849 0 186513 0 0 2097152 0 0
SEP
MEM simgrid-vm 1586369351 2020/04/08 18:09:11 1 4096 3808545 2759681 542806 149 60439 29 25839 0 186513 0 0 2097152 0 0
SEP
MEM simgrid-vm 1586369352 2020/04/08 18:09:12 1 4096 3808545 2759681 542806 149 60433 29 25835 0 186513 0 0 2097152 0 0
SEP
MEM simgrid-vm 1586369353 2020/04/08 18:09:13 1 4096 3808545 2759685 542806 149 60425 29 25831 0 186513 0 0 2097152 0 0
SEP
MEM simgrid-vm 1586369354 2020/04/08 18:09:14 1 4096 3808545 2759685 542806 149 60425 29 25831 0 186513 0 0 2097152 0 0
SEP
MEM simgrid-vm 1586369355 2020/04/08 18:09:15 1 4096 3808545 2759685 542806 151 60430 30 25836 0 186513 0 0 2097152 0 0
SEP
MEM simgrid-vm 1586369356 2020/04/08 18:09:16 1 4096 3808545 2759685 542806 151 60436 30 25836 0 186513 0 0 2097152 0 0
SEP
MEM simgrid-vm 1586369357 2020/04/08 18:09:17 1 4096 3808545 2759681 542809 151 60435 33 25841 0 186513 0 0 2097152 0 0
SEP
MEM simgrid-vm 1586369358 2020/04/08 18:09:18 1 4096 3808545 2759677 542809 151 60454 33 25847 0 186513 0 0 2097152 0 0
SEP
MEM simgrid-vm 1586369359 2020/04/08 18:09:19 1 4096 3808545 2759677 542809 151 60441 33 25847 0 186513 0 0 2097152 0 0
SEP
MEM simgrid-vm 1586369360 2020/04/08 18:09:20 1 4096 3808545 2759677 542809 151 60446 33 25847 0 186513 0 0 2097152 0 0
SEP
MEM simgrid-vm 1586369361 2020/04/08 18:09:21 1 4096 3808545 2759673 542807 153 60453 33 25851 0 186513 0 0 2097152 0 0
SEP
MEM simgrid-vm 1586369362 2020/04/08 18:09:22 1 4096 3808545 2759661 542809 153 60463 33 25867 0 186513 0 0 2097152 0 0
SEP
MEM simgrid-vm 1586369363 2020/04/08 18:09:23 1 4096 3808545 2759673 542809 153 60451 33 25855 0 186513 0 0 2097152 0 0
SEP
MEM simgrid-vm 1586369364 2020/04/08 18:09:24 1 4096 3808545 2759673 542809 153 60451 33 25855 0 186513 0 0 2097152 0 0
SEP
MEM simgrid-vm 1586369365 2020/04/08 18:09:25 1 4096 3808545 2759673 542809 153 60453 31 25857 0 186513 0 0 2097152 0 0
SEP
MEM simgrid-vm 1586369366 2020/04/08 18:09:26 1 4096 3808545 2759673 542809 153 60447 32 25850 0 186513 0 0 2097152 0 0
SEP
MEM simgrid-vm 1586369367 2020/04/08 18:09:27 1 4096 3808545 2759673 542813 155 60448 40 25850 0 186513 0 0 2097152 0 0
SEP
MEM simgrid-vm 1586369368 2020/04/08 18:09:28 1 4096 3808545 2759673 542815 155 60446 43 25850 0 186513 0 0 2097152 0 0
SEP
MEM simgrid-vm 1586369369 2020/04/08 18:09:29 1 4096 3808545 2759665 542815 155 60457 43 25858 0 186513 0 0 2097152 0 0
SEP
MEM simgrid-vm 1586369370 2020/04/08 18:09:30 1 4096 3808545 2759665 542815 155 60460 38 25858 0 186513 0 0 2097152 0 0
SEP
MEM simgrid-vm 1586369371 2020/04/08 18:09:31 1 4096 3808545 2759661 542815 155 60460 38 25862 0 186513 0 0 2097152 0 0
SEP
MEM simgrid-vm 1586369372 2020/04/08 18:09:32 1 4096 3808545 2759661 542819 157 60464 45 25862 0 186513 0 0 2097152 0 0
SEP
MEM simgrid-vm 1586369373 2020/04/08 18:09:33 1 4096 3808545 2759661 542825 157 60461 52 25862 0 186513 0 0 2097152 0 0
SEP
MEM simgrid-vm 1586369374 2020/04/08 18:09:34 1 4096 3808545 2751871 542825 157 60463 52 25865 0 186513 0 0 2097152 0 0
SEP
MEM simgrid-vm 1586369375 2020/04/08 18:09:35 1 4096 3808545 2750304 542827 157 60469 54 25867 0 186513 0 0 2097152 0 0
SEP
MEM simgrid-vm 1586369376 2020/04/08 18:09:36 1 4096 3808545 2750335 542827 157 60468 54 25868 0 186513 0 0 2097152 0 0
SEP
MEM simgrid-vm 1586369377 2020/04/08 18:09:37 1 4096 3808545 2750351 542829 157 60455 56 25855 0 186513 0 0 2097152 0 0
SEP
MEM simgrid-vm 1586369378 2020/04/08 18:09:38 1 4096 3808545 2750351 542831 159 60465 58 25858 0 186513 0 0 2097152 0 0
SEP
MEM simgrid-vm 1586369379 2020/04/08 18:09:39 1 4096 3808545 2750351 542833 159 60460 60 25858 0 186513 0 0 2097152 0 0
SEP
MEM simgrid-vm 1586369380 2020/04/08 18:09:40 1 4096 3808545 2750351 542833 159 60461 28 25860 0 186513 0 0 2097152 0 0
SEP
MEM simgrid-vm 1586369381 2020/04/08 18:09:41 1 4096 3808545 2750367 542835 159 60444 30 25845 0 186513 0 0 2097152 0 0
SEP
MEM simgrid-vm 1586369382 2020/04/08 18:09:42 1 4096 3808545 2750367 542841 159 60438 36 25835 0 186513 0 0 2097152 0 0
SEP
MEM simgrid-vm 1586369383 2020/04/08 18:09:43 1 4096 3808545 2750367 542841 161 60436 48 25835 0 186513 0 0 2097152 0 0
SEP
MEM simgrid-vm 1586369384 2020/04/08 18:09:44 1 4096 3808545 2750033 542843 161 60436 50 25835 0 186513 0 0 2097152 0 0
SEP
MEM simgrid-vm 1586369385 2020/04/08 18:09:45 1 4096 3808545 2750086 542845 161 60441 52 25835 0 186513 0 0 2097152 0 0
SEP
MEM simgrid-vm 1586369386 2020/04/08 18:09:46 1 4096 3808545 2750142 542847 161 60441 54 25839 0 186513 0 0 2097152 0 0
SEP
MEM simgrid-vm 1586369387 2020/04/08 18:09:47 1 4096 3808545 2750142 542847 161 60443 54 25839 0 186513 0 0 2097152 0 0
SEP
MEM simgrid-vm 1586369388 2020/04/08 18:09:48 1 4096 3808545 2750095 542847 163 60467 55 25856 0 186513 0 0 2097152 0 0
SEP
MEM simgrid-vm 1586369389 2020/04/08 18:09:49 1 4096 3808545 2750103 542847 163 60458 55 25848 0 186513 0 0 2097152 0 0
SEP
MEM simgrid-vm 1586369390 2020/04/08 18:09:50 1 4096 3808545 2750072 542848 163 60461 48 25848 0 186513 0 0 2097152 0 0
SEP
MEM simgrid-vm 1586369391 2020/04/08 18:09:51 1 4096 3808545 2750072 542848 163 60451 48 25848 0 186513 0 0 2097152 0 0
SEP
MEM simgrid-vm 1586369392 2020/04/08 18:09:52 1 4096 3808545 2750072 542850 163 60456 51 25848 0 186513 0 0 2097152 0 0
SEP
MEM simgrid-vm 1586369393 2020/04/08 18:09:53 1 4096 3808545 2750072 542852 163 60450 53 25848 0 186513 0 0 2097152 0 0
SEP
MEM simgrid-vm 1586369394 2020/04/08 18:09:54 1 4096 3808545 2750072 542852 165 60452 54 25848 0 186513 0 0 2097152 0 0
SEP
MEM simgrid-vm 1586369395 2020/04/08 18:09:55 1 4096 3808545 2750040 542852 165 60453 54 25849 0 186513 0 0 2097152 0 0
SEP
MEM simgrid-vm 1586369396 2020/04/08 18:09:56 1 4096 3808545 2750033 542852 165 60458 54 25855 0 186513 0 0 2097152 0 0
SEP
MEM simgrid-vm 1586369397 2020/04/08 18:09:57 1 4096 3808545 2750064 542854 165 60457 56 25855 0 186513 0 0 2097152 0 0
SEP
MEM simgrid-vm 1586369398 2020/04/08 18:09:58 1 4096 3808545 2750056 542856 165 60472 58 25865 0 186513 0 0 2097152 0 0
SEP
MEM simgrid-vm 1586369399 2020/04/08 18:09:59 1 4096 3808545 2750097 542856 167 60477 59 25874 0 186513 0 0 2097152 0 0
SEP
MEM simgrid-vm 1586369400 2020/04/08 18:10:00 1 4096 3808545 2750095 542856 167 60455 47 25849 0 186513 0 0 2097152 0 0
SEP
MEM simgrid-vm 1586369401 2020/04/08 18:10:01 1 4096 3808545 2750119 542856 167 60428 48 25825 0 186513 0 0 2097152 0 0
SEP
MEM simgrid-vm 1586369402 2020/04/08 18:10:02 1 4096 3808545 2750119 542856 167 60427 48 25825 0 186513 0 0 2097152 0 0
SEP
MEM simgrid-vm 1586369403 2020/04/08 18:10:03 1 4096 3808545 2750119 542858 167 60432 50 25825 0 186513 0 0 2097152 0 0
SEP
MEM simgrid-vm 1586369404 2020/04/08 18:10:04 1 4096 3808545 2750119 542858 167 60428 50 25825 0 186513 0 0 2097152 0 0
SEP
MEM simgrid-vm 1586369405 2020/04/08 18:10:05 1 4096 3808545 2750115 542860 169 60436 56 25829 0 186513 0 0 2097152 0 0
SEP
MEM simgrid-vm 1586369406 2020/04/08 18:10:06 1 4096 3808545 2750072 542860 169 60442 40 25837 0 186513 0 0 2097152 0 0
SEP
MEM simgrid-vm 1586369407 2020/04/08 18:10:07 1 4096 3808545 2750106 542860 169 60432 40 25821 0 186513 0 0 2097152 0 0
SEP
MEM simgrid-vm 1586369408 2020/04/08 18:10:08 1 4096 3808545 2750106 542860 169 60432 40 25823 0 186513 0 0 2097152 0 0
SEP
MEM simgrid-vm 1586369409 2020/04/08 18:10:09 1 4096 3808545 2750106 542860 169 60430 40 25824 0 186513 0 0 2097152 0 0
SEP
MEM simgrid-vm 1586369410 2020/04/08 18:10:10 1 4096 3808545 2750106 542860 171 60435 42 25824 0 186513 0 0 2097152 0 0
SEP
MEM simgrid-vm 1586369411 2020/04/08 18:10:11 1 4096 3808545 2750106 542862 171 60433 43 25824 0 186513 0 0 2097152 0 0
SEP
MEM simgrid-vm 1586369412 2020/04/08 18:10:12 1 4096 3808545 2750102 542864 171 60425 45 25817 0 186513 0 0 2097152 0 0
SEP
MEM simgrid-vm 1586369413 2020/04/08 18:10:13 1 4096 3808545 2750102 542866 171 60429 47 25817 0 186513 0 0 2097152 0 0
SEP
MEM simgrid-vm 1586369414 2020/04/08 18:10:14 1 4096 3808545 2750102 542866 171 60423 47 25817 0 186513 0 0 2097152 0 0
SEP
MEM simgrid-vm 1586369415 2020/04/08 18:10:15 1 4096 3808545 2750102 542870 171 60427 51 25817 0 186513 0 0 2097152 0 0
SEP
MEM simgrid-vm 1586369416 2020/04/08 18:10:16 1 4096 3808545 2750080 542870 173 60423 32 25817 0 186513 0 0 2097152 0 0
SEP
MEM simgrid-vm 1586369417 2020/04/08 18:10:17 1 4096 3808545 2750117 542870 173 60425 32 25817 0 186513 0 0 2097152 0 0
SEP
MEM simgrid-vm 1586369418 2020/04/08 18:10:18 1 4096 3808545 2750117 542872 173 60425 34 25817 0 186513 0 0 2097152 0 0
SEP
MEM simgrid-vm 1586369419 2020/04/08 18:10:19 1 4096 3808545 2750117 542872 173 60425 34 25817 0 186513 0 0 2097152 0 0
SEP
MEM simgrid-vm 1586369420 2020/04/08 18:10:20 1 4096 3808545 2750117 542872 173 60425 34 25813 0 186513 0 0 2097152 0 0
SEP
MEM simgrid-vm 1586369421 2020/04/08 18:10:21 1 4096 3808545 2750113 542874 175 60424 36 25817 0 186513 0 0 2097152 0 0
SEP
MEM simgrid-vm 1586369422 2020/04/08 18:10:22 1 4096 3808545 2750105 542876 175 60432 38 25825 0 186513 0 0 2097152 0 0
SEP
MEM simgrid-vm 1586369423 2020/04/08 18:10:23 1 4096 3808545 2750093 542877 175 60455 39 25837 0 186513 0 0 2097152 0 0
SEP
MEM simgrid-vm 1586369424 2020/04/08 18:10:24 1 4096 3808545 2750101 542877 175 60437 39 25829 0 186513 0 0 2097152 0 0
SEP
MEM simgrid-vm 1586369425 2020/04/08 18:10:25 1 4096 3808545 2750070 542881 175 60439 43 25829 0 186513 0 0 2097152 0 0
SEP
MEM simgrid-vm 1586369426 2020/04/08 18:10:26 1 4096 3808545 2749979 542881 177 60437 40 25829 0 186513 0 0 2097152 0 0
SEP
MEM simgrid-vm 1586369427 2020/04/08 18:10:27 1 4096 3808545 2749975 542881 177 60448 40 25832 0 186513 0 0 2097152 0 0
SEP
MEM simgrid-vm 1586369428 2020/04/08 18:10:28 1 4096 3808545 2749975 542885 177 60438 44 25831 0 186513 0 0 2097152 0 0
SEP
MEM simgrid-vm 1586369429 2020/04/08 18:10:29 1 4096 3808545 2749975 542885 177 60442 44 25831 0 186513 0 0 2097152 0 0
SEP
MEM simgrid-vm 1586369430 2020/04/08 18:10:30 1 4096 3808545 2749983 542885 177 60430 44 25823 0 186513 0 0 2097152 0 0
SEP
MEM simgrid-vm 1586369431 2020/04/08 18:10:31 1 4096 3808545 2749983 542885 179 60430 45 25823 0 186513 0 0 2097152 0 0
SEP
MEM simgrid-vm 1586369432 2020/04/08 18:10:32 1 4096 3808545 2749983 542885 179 60438 45 25823 0 186513 0 0 2097152 0 0
SEP
MEM simgrid-vm 1586369433 2020/04/08 18:10:33 1 4096 3808545 2749983 542887 179 60435 48 25826 0 186513 0 0 2097152 0 0
SEP
MEM simgrid-vm 1586369434 2020/04/08 18:10:34 1 4096 3808545 2749983 542887 179 60436 48 25826 0 186513 0 0 2097152 0 0
SEP
MEM simgrid-vm 1586369435 2020/04/08 18:10:35 1 4096 3808545 2749979 542887 179 60441 48 25832 0 186513 0 0 2097152 0 0
SEP
MEM simgrid-vm 1586369436 2020/04/08 18:10:36 1 4096 3808545 2749983 542889 181 60443 49 25830 0 186513 0 0 2097152 0 0
SEP
MEM simgrid-vm 1586369437 2020/04/08 18:10:37 1 4096 3808545 2749935 542891 181 60443 51 25832 0 186513 0 0 2097152 0 0
SEP
MEM simgrid-vm 1586369438 2020/04/08 18:10:38 1 4096 3808545 2749995 542891 181 60443 51 25834 0 186513 0 0 2097152 0 0
SEP
MEM simgrid-vm 1586369439 2020/04/08 18:10:39 1 4096 3808545 2749995 542891 181 60444 51 25836 0 186513 0 0 2097152 0 0
SEP
MEM simgrid-vm 1586369440 2020/04/08 18:10:40 1 4096 3808545 2749995 542891 181 60443 51 25831 0 186513 0 0 2097152 0 0
SEP
MEM simgrid-vm 1586369441 2020/04/08 18:10:41 1 4096 3808545 2749991 542891 183 60440 49 25832 0 186513 0 0 2097152 0 0
SEP
MEM simgrid-vm 1586369442 2020/04/08 18:10:42 1 4096 3808545 2749987 542891 183 60443 49 25836 0 186513 0 0 2097152 0 0
SEP
MEM simgrid-vm 1586369443 2020/04/08 18:10:43 1 4096 3808545 2749987 542895 183 60449 53 25836 0 186513 0 0 2097152 0 0
SEP
MEM simgrid-vm 1586369444 2020/04/08 18:10:44 1 4096 3808545 2749987 542895 183 60444 53 25836 0 186513 0 0 2097152 0 0
SEP
MEM simgrid-vm 1586369445 2020/04/08 18:10:45 1 4096 3808545 2749987 542895 183 60450 53 25838 0 186513 0 0 2097152 0 0
SEP
MEM simgrid-vm 1586369446 2020/04/08 18:10:46 1 4096 3808545 2749987 542897 185 60449 48 25841 0 186513 0 0 2097152 0 0
SEP
MEM simgrid-vm 1586369447 2020/04/08 18:10:47 1 4096 3808545 2749987 542899 185 60454 50 25842 0 186513 0 0 2097152 0 0
SEP
MEM simgrid-vm 1586369448 2020/04/08 18:10:48 1 4096 3808545 2749983 542899 185 60456 50 25847 0 186513 0 0 2097152 0 0
SEP
MEM simgrid-vm 1586369449 2020/04/08 18:10:49 1 4096 3808545 2749971 542901 185 60472 53 25861 0 186513 0 0 2097152 0 0
SEP
MEM simgrid-vm 1586369450 2020/04/08 18:10:50 1 4096 3808545 2749963 542901 185 60490 53 25872 0 186513 0 0 2097152 0 0
SEP
MEM simgrid-vm 1586369451 2020/04/08 18:10:51 1 4096 3808545 2749967 542901 187 60482 28 25871 0 186513 0 0 2097152 0 0
SEP
MEM simgrid-vm 1586369452 2020/04/08 18:10:52 1 4096 3808545 2749967 542901 187 60482 28 25872 0 186513 0 0 2097152 0 0
SEP
MEM simgrid-vm 1586369453 2020/04/08 18:10:53 1 4096 3808545 2749967 542901 187 60481 28 25873 0 186513 0 0 2097152 0 0
SEP
MEM simgrid-vm 1586369454 2020/04/08 18:10:54 1 4096 3808545 2749967 542901 187 60492 28 25873 0 186513 0 0 2097152 0 0
SEP
MEM simgrid-vm 1586369455 2020/04/08 18:10:55 1 4096 3808545 2749967 542903 187 60496 30 25875 0 186513 0 0 2097152 0 0
SEP
MEM simgrid-vm 1586369456 2020/04/08 18:10:56 1 4096 3808545 2749455 542906 189 60488 33 25875 0 186513 0 0 2097152 0 0
SEP
MEM simgrid-vm 1586369457 2020/04/08 18:10:57 1 4096 3808545 2749455 542906 189 60487 33 25875 0 186513 0 0 2097152 0 0
SEP
MEM simgrid-vm 1586369458 2020/04/08 18:10:58 1 4096 3808545 2749455 542906 189 60488 33 25875 0 186513 0 0 2097152 0 0
SEP
MEM simgrid-vm 1586369459 2020/04/08 18:10:59 1 4096 3808545 2749455 542906 189 60487 33 25875 0 186513 0 0 2097152 0 0
SEP
MEM simgrid-vm 1586369460 2020/04/08 18:11:00 1 4096 3808545 2749475 542906 189 60472 33 25856 0 186513 0 0 2097152 0 0
SEP
MEM simgrid-vm 1586369461 2020/04/08 18:11:01 1 4096 3808545 2749475 542906 191 60466 35 25856 0 186513 0 0 2097152 0 0
SEP
MEM simgrid-vm 1586369462 2020/04/08 18:11:02 1 4096 3808545 2749475 542906 191 60468 35 25857 0 186513 0 0 2097152 0 0
SEP
MEM simgrid-vm 1586369463 2020/04/08 18:11:03 1 4096 3808545 2749475 542906 191 60471 35 25859 0 186513 0 0 2097152 0 0
SEP
MEM simgrid-vm 1586369464 2020/04/08 18:11:04 1 4096 3808545 2749475 542906 191 60471 35 25859 0 186513 0 0 2097152 0 0
SEP
MEM simgrid-vm 1586369465 2020/04/08 18:11:05 1 4096 3808545 2749475 542908 191 60479 37 25861 0 186513 0 0 2097152 0 0
SEP
MEM simgrid-vm 1586369466 2020/04/08 18:11:06 1 4096 3808545 2749444 542908 193 60475 35 25863 0 186513 0 0 2097152 0 0
SEP
MEM simgrid-vm 1586369467 2020/04/08 18:11:07 1 4096 3808545 2749444 542910 193 60437 37 25846 0 186513 0 0 2097152 0 0
SEP
MEM simgrid-vm 1586369468 2020/04/08 18:11:08 1 4096 3808545 2749444 542910 193 60437 37 25846 0 186513 0 0 2097152 0 0
SEP
MEM simgrid-vm 1586369469 2020/04/08 18:11:09 1 4096 3808545 2749444 542910 193 60436 37 25846 0 186513 0 0 2097152 0 0
SEP
MEM simgrid-vm 1586369470 2020/04/08 18:11:10 1 4096 3808545 2749444 542912 193 60449 39 25846 0 186513 0 0 2097152 0 0
SEP
MEM simgrid-vm 1586369471 2020/04/08 18:11:11 1 4096 3808545 2749440 542912 195 60446 34 25850 0 186513 0 0 2097152 0 0
SEP
MEM simgrid-vm 1586369472 2020/04/08 18:11:12 1 4096 3808545 2749440 542914 195 60445 36 25850 0 186513 0 0 2097152 0 0
SEP
MEM simgrid-vm 1586369473 2020/04/08 18:11:13 1 4096 3808545 2749440 542916 195 60448 38 25852 0 186513 0 0 2097152 0 0
SEP
MEM simgrid-vm 1586369474 2020/04/08 18:11:14 1 4096 3808545 2749428 542916 195 60464 38 25867 0 186513 0 0 2097152 0 0
SEP
MEM simgrid-vm 1586369475 2020/04/08 18:11:15 1 4096 3808545 2749428 542916 195 60461 38 25867 0 186513 0 0 2097152 0 0
SEP
MEM simgrid-vm 1586369476 2020/04/08 18:11:16 1 4096 3808545 2749428 542920 197 60462 43 25868 0 186513 0 0 2097152 0 0
SEP
MEM simgrid-vm 1586369477 2020/04/08 18:11:17 1 4096 3808545 2749420 542920 197 60477 43 25878 0 186513 0 0 2097152 0 0
SEP
MEM simgrid-vm 1586369478 2020/04/08 18:11:18 1 4096 3808545 2749412 542920 197 60475 43 25873 0 186513 0 0 2097152 0 0
SEP
MEM simgrid-vm 1586369479 2020/04/08 18:11:19 1 4096 3808545 2749412 542922 197 60474 45 25873 0 186513 0 0 2097152 0 0
SEP
MEM simgrid-vm 1586369480 2020/04/08 18:11:20 1 4096 3808545 2749432 542926 197 60446 49 25853 0 186513 0 0 2097152 0 0
SEP
MEM simgrid-vm 1586369481 2020/04/08 18:11:21 1 4096 3808545 2749432 542926 199 60447 47 25853 0 186513 0 0 2097152 0 0
SEP
MEM simgrid-vm 1586369482 2020/04/08 18:11:22 1 4096 3808545 2749432 542926 199 60445 47 25853 0 186513 0 0 2097152 0 0
SEP
MEM simgrid-vm 1586369483 2020/04/08 18:11:23 1 4096 3808545 2749432 542928 199 60446 49 25853 0 186513 0 0 2097152 0 0
SEP
MEM simgrid-vm 1586369484 2020/04/08 18:11:24 1 4096 3808545 2749432 542928 199 60446 49 25853 0 186513 0 0 2097152 0 0
SEP
MEM simgrid-vm 1586369485 2020/04/08 18:11:25 1 4096 3808545 2749432 542928 199 60449 49 25853 0 186513 0 0 2097152 0 0
SEP
MEM simgrid-vm 1586369486 2020/04/08 18:11:26 1 4096 3808545 2749432 542928 201 60455 27 25853 0 186513 0 0 2097152 0 0
SEP
MEM simgrid-vm 1586369487 2020/04/08 18:11:27 1 4096 3808545 2749432 542928 201 60447 27 25853 0 186513 0 0 2097152 0 0
SEP
MEM simgrid-vm 1586369488 2020/04/08 18:11:28 1 4096 3808545 2749432 542928 201 60445 27 25853 0 186513 0 0 2097152 0 0
SEP
MEM simgrid-vm 1586369489 2020/04/08 18:11:29 1 4096 3808545 2749401 542935 201 60460 34 25856 0 186513 0 0 2097152 0 0
SEP
MEM simgrid-vm 1586369490 2020/04/08 18:11:30 1 4096 3808545 2749401 542939 201 60464 39 25858 0 186513 0 0 2097152 0 0
SEP
MEM simgrid-vm 1586369491 2020/04/08 18:11:31 1 4096 3808545 2749397 542938 203 60470 36 25864 0 186513 0 0 2097152 0 0
SEP
MEM simgrid-vm 1586369492 2020/04/08 18:11:32 1 4096 3808545 2749397 542939 203 60459 41 25864 0 186513 0 0 2097152 0 0
SEP
MEM simgrid-vm 1586369493 2020/04/08 18:11:33 1 4096 3808545 2749397 542939 203 60464 41 25865 0 186513 0 0 2097152 0 0
SEP
MEM simgrid-vm 1586369494 2020/04/08 18:11:34 1 4096 3808545 2749393 542941 203 60471 44 25875 0 186513 0 0 2097152 0 0
SEP
MEM simgrid-vm 1586369495 2020/04/08 18:11:35 1 4096 3808545 2749393 542943 203 60476 46 25877 0 186513 0 0 2097152 0 0
SEP
MEM simgrid-vm 1586369496 2020/04/08 18:11:36 1 4096 3808545 2749385 542945 203 60487 46 25888 0 186513 0 0 2097152 0 0
SEP
MEM simgrid-vm 1586369497 2020/04/08 18:11:37 1 4096 3808545 2749401 542947 205 60475 50 25872 0 186513 0 0 2097152 0 0
SEP
MEM simgrid-vm 1586369498 2020/04/08 18:11:38 1 4096 3808545 2749401 542949 205 60474 52 25875 0 186513 0 0 2097152 0 0
SEP
MEM simgrid-vm 1586369499 2020/04/08 18:11:39 1 4096 3808545 2749401 542949 205 60472 52 25875 0 186513 0 0 2097152 0 0
SEP
MEM simgrid-vm 1586369500 2020/04/08 18:11:40 1 4096 3808545 2749401 542949 205 60472 52 25875 0 186513 0 0 2097152 0 0
SEP
MEM simgrid-vm 1586369501 2020/04/08 18:11:41 1 4096 3808545 3067979 542950 205 60424 43 25876 0 186513 0 0 2097152 0 0
SEP
MEM simgrid-vm 1586369502 2020/04/08 18:11:42 1 4096 3808545 3072075 542956 207 60394 57 25876 0 186513 0 0 2097152 0 0
SEP
MEM simgrid-vm 1586369503 2020/04/08 18:11:43 1 4096 3808545 3072079 542958 207 60394 59 25876 0 186513 0 0 2097152 0 0
SEP
MEM simgrid-vm 1586369504 2020/04/08 18:11:44 1 4096 3808545 3072079 542958 207 60379 59 25861 0 186513 0 0 2097152 0 0
SEP
MEM simgrid-vm 1586369505 2020/04/08 18:11:45 1 4096 3808545 3072079 542962 207 60371 56 25861 0 186513 0 0 2097152 0 0
SEP
MEM simgrid-vm 1586369506 2020/04/08 18:11:46 1 4096 3808545 3072079 542962 207 60370 57 25861 0 186513 0 0 2097152 0 0
SEP
MEM simgrid-vm 1586369507 2020/04/08 18:11:47 1 4096 3808545 3072079 542960 209 60370 57 25861 0 186513 0 0 2097152 0 0
SEP
MEM simgrid-vm 1586369508 2020/04/08 18:11:48 1 4096 3808545 3072081 542964 209 60370 64 25861 0 186513 0 0 2097152 0 0
SEP
MEM simgrid-vm 1586369509 2020/04/08 18:11:49 1 4096 3808545 3072081 542964 209 60370 64 25861 0 186513 0 0 2097152 0 0
SEP
MEM simgrid-vm 1586369510 2020/04/08 18:11:50 1 4096 3808545 3072081 542964 209 60370 64 25861 0 186513 0 0 2097152 0 0
SEP
MEM simgrid-vm 1586369511 2020/04/08 18:11:51 1 4096 3808545 3072093 542966 209 60358 51 25849 0 186513 0 0 2097152 0 0
SEP
MEM simgrid-vm 1586369512 2020/04/08 18:11:52 1 4096 3808545 3072093 542966 209 60358 51 25849 0 186513 0 0 2097152 0 0
SEP
MEM simgrid-vm 1586369513 2020/04/08 18:11:53 1 4096 3808545 3072097 542970 211 60358 61 25849 0 186513 0 0 2097152 0 0
SEP
MEM simgrid-vm 1586369514 2020/04/08 18:11:54 1 4096 3808545 3072097 542970 211 60358 61 25849 0 186513 0 0 2097152 0 0
SEP
MEM simgrid-vm 1586369515 2020/04/08 18:11:55 1 4096 3808545 3072097 542970 211 60358 61 25849 0 186513 0 0 2097152 0 0
SEP
MEM simgrid-vm 1586369516 2020/04/08 18:11:56 1 4096 3808545 3070769 543712 211 60339 61 25849 0 186513 0 0 2097152 0 0
SEP
MEM simgrid-vm 1586369517 2020/04/08 18:11:57 1 4096 3808545 3063563 547908 211 60571 68 26014 0 186521 0 0 2097152 0 0
SEP
