RESET
MEM simgrid-vm 1585860188 2020/04/02 20:43:08 12205059 4096 3808545 3434293 187470 70 57491 40 23114 0 180369 0 0 2097152 0 0
SEP
MEM simgrid-vm 1585860189 2020/04/02 20:43:09 1 4096 3808545 3396207 214564 71 57606 45 23202 0 180369 0 0 2097152 0 0
SEP
MEM simgrid-vm 1585860190 2020/04/02 20:43:10 1 4096 3808545 3379541 225607 76 57659 49 23246 0 180369 0 0 2097152 0 0
SEP
MEM simgrid-vm 1585860191 2020/04/02 20:43:11 1 4096 3808545 3338157 260544 76 57852 49 23402 0 180369 0 0 2097152 0 0
SEP
MEM simgrid-vm 1585860192 2020/04/02 20:43:12 1 4096 3808545 3260422 331683 79 58183 59 23714 0 180369 0 0 2097152 0 0
SEP
MEM simgrid-vm 1585860193 2020/04/02 20:43:13 1 4096 3808545 3240997 344369 79 58494 58 24002 0 180369 0 0 2097152 0 0
SEP
MEM simgrid-vm 1585860194 2020/04/02 20:43:14 1 4096 3808545 3231882 346794 82 58930 55 24387 0 180369 0 0 2097152 0 0
SEP
MEM simgrid-vm 1585860195 2020/04/02 20:43:15 1 4096 3808545 3220132 354802 82 59586 55 24965 0 180369 0 0 2097152 0 0
SEP
MEM simgrid-vm 1585860196 2020/04/02 20:43:16 1 4096 3808545 3175197 377717 82 59908 55 25259 0 180369 0 0 2097152 0 0
SEP
MEM simgrid-vm 1585860197 2020/04/02 20:43:17 1 4096 3808545 3099420 415290 84 59957 55 25299 0 180369 0 0 2097152 0 0
SEP
MEM simgrid-vm 1585860198 2020/04/02 20:43:18 1 4096 3808545 3031729 448931 84 60079 56 25427 0 180369 0 0 2097152 0 0
SEP
MEM simgrid-vm 1585860199 2020/04/02 20:43:19 1 4096 3808545 3009710 459147 85 60114 48 25460 0 180369 0 0 2097152 0 0
SEP
MEM simgrid-vm 1585860200 2020/04/02 20:43:20 1 4096 3808545 3009722 459147 85 60115 48 25450 0 180369 0 0 2097152 0 0
SEP
MEM simgrid-vm 1585860201 2020/04/02 20:43:21 1 4096 3808545 3009710 459147 85 60118 48 25461 0 180369 0 0 2097152 0 0
SEP
MEM simgrid-vm 1585860202 2020/04/02 20:43:22 1 4096 3808545 3009710 459147 85 60128 48 25464 0 180369 0 0 2097152 0 0
SEP
MEM simgrid-vm 1585860203 2020/04/02 20:43:23 1 4096 3808545 3009714 459149 87 60118 54 25464 0 180369 0 0 2097152 0 0
SEP
MEM simgrid-vm 1585860204 2020/04/02 20:43:24 1 4096 3808545 3009714 459149 87 60117 54 25464 0 180369 0 0 2097152 0 0
SEP
MEM simgrid-vm 1585860205 2020/04/02 20:43:25 1 4096 3808545 3009714 459149 87 60121 54 25464 0 180369 0 0 2097152 0 0
SEP
MEM simgrid-vm 1585860206 2020/04/02 20:43:26 1 4096 3808545 3009714 459151 87 60118 56 25464 0 180369 0 0 2097152 0 0
SEP
MEM simgrid-vm 1585860207 2020/04/02 20:43:27 1 4096 3808545 3009714 459151 87 60125 56 25464 0 180369 0 0 2097152 0 0
SEP
MEM simgrid-vm 1585860208 2020/04/02 20:43:28 1 4096 3808545 3009714 459150 89 60120 56 25465 0 180369 0 0 2097152 0 0
SEP
MEM simgrid-vm 1585860209 2020/04/02 20:43:29 1 4096 3808545 3009683 459151 89 60121 27 25465 0 180369 0 0 2097152 0 0
SEP
MEM simgrid-vm 1585860210 2020/04/02 20:43:30 1 4096 3808545 3009621 459153 89 60124 29 25469 0 180369 0 0 2097152 0 0
SEP
MEM simgrid-vm 1585860211 2020/04/02 20:43:31 1 4096 3808545 3023171 468520 89 60124 29 25469 0 180369 0 0 2097152 0 0
SEP
MEM simgrid-vm 1585860212 2020/04/02 20:43:32 1 4096 3808545 3010502 469784 89 60167 29 25502 0 180369 0 0 2097152 0 0
SEP
MEM simgrid-vm 1585860213 2020/04/02 20:43:33 1 4096 3808545 2996505 470521 89 60175 29 25507 0 180369 0 0 2097152 0 0
SEP
MEM simgrid-vm 1585860214 2020/04/02 20:43:34 1 4096 3808545 2989805 470521 93 60172 23 25513 0 180369 0 0 2097152 0 0
SEP
MEM simgrid-vm 1585860215 2020/04/02 20:43:35 1 4096 3808545 2988189 470528 95 60185 30 25524 0 180369 0 0 2097152 0 0
SEP
MEM simgrid-vm 1585860216 2020/04/02 20:43:36 1 4096 3808545 2988189 470528 95 60184 30 25524 0 180369 0 0 2097152 0 0
SEP
MEM simgrid-vm 1585860217 2020/04/02 20:43:37 1 4096 3808545 2962280 472097 95 60198 34 25541 0 180369 0 0 2097152 0 0
SEP
MEM simgrid-vm 1585860218 2020/04/02 20:43:38 1 4096 3808545 2934303 472328 96 60216 36 25555 0 180369 0 0 2097152 0 0
SEP
MEM simgrid-vm 1585860219 2020/04/02 20:43:39 1 4096 3808545 2933460 472328 98 60210 41 25547 0 180369 0 0 2097152 0 0
SEP
MEM simgrid-vm 1585860220 2020/04/02 20:43:40 1 4096 3808545 2933429 472328 98 60217 42 25551 0 180369 0 0 2097152 0 0
SEP
MEM simgrid-vm 1585860221 2020/04/02 20:43:41 1 4096 3808545 2932343 472328 98 60216 42 25552 0 180369 0 0 2097152 0 0
SEP
MEM simgrid-vm 1585860222 2020/04/02 20:43:42 1 4096 3808545 2932304 472331 98 60224 45 25562 0 180369 0 0 2097152 0 0
SEP
MEM simgrid-vm 1585860223 2020/04/02 20:43:43 1 4096 3808545 2927677 472842 98 60229 45 25567 0 180369 0 0 2097152 0 0
SEP
MEM simgrid-vm 1585860224 2020/04/02 20:43:44 1 4096 3808545 2927642 472844 99 60234 36 25572 0 180369 0 0 2097152 0 0
SEP
MEM simgrid-vm 1585860225 2020/04/02 20:43:45 1 4096 3808545 2927472 472858 102 60223 45 25560 0 180369 0 0 2097152 0 0
SEP
MEM simgrid-vm 1585860226 2020/04/02 20:43:46 1 4096 3808545 2927472 472858 102 60226 45 25563 0 180369 0 0 2097152 0 0
SEP
MEM simgrid-vm 1585860227 2020/04/02 20:43:47 1 4096 3808545 2927472 472860 102 60221 47 25555 0 180369 0 0 2097152 0 0
SEP
MEM simgrid-vm 1585860228 2020/04/02 20:43:48 1 4096 3808545 2927414 472860 102 60214 47 25555 0 180369 0 0 2097152 0 0
SEP
MEM simgrid-vm 1585860229 2020/04/02 20:43:49 1 4096 3808545 2927422 472860 102 60210 47 25547 0 180369 0 0 2097152 0 0
SEP
MEM simgrid-vm 1585860230 2020/04/02 20:43:50 1 4096 3808545 2927391 472860 104 60205 48 25547 0 180369 0 0 2097152 0 0
SEP
MEM simgrid-vm 1585860231 2020/04/02 20:43:51 1 4096 3808545 2927391 472860 104 60208 48 25547 0 180369 0 0 2097152 0 0
SEP
MEM simgrid-vm 1585860232 2020/04/02 20:43:52 1 4096 3808545 2927360 472862 104 60212 50 25547 0 180369 0 0 2097152 0 0
SEP
MEM simgrid-vm 1585860233 2020/04/02 20:43:53 1 4096 3808545 2927360 472862 104 60212 50 25547 0 180369 0 0 2097152 0 0
SEP
MEM simgrid-vm 1585860234 2020/04/02 20:43:54 1 4096 3808545 2927360 472864 104 60213 50 25547 0 180369 0 0 2097152 0 0
SEP
MEM simgrid-vm 1585860235 2020/04/02 20:43:55 1 4096 3808545 2927329 472866 106 60208 54 25547 0 180369 0 0 2097152 0 0
SEP
MEM simgrid-vm 1585860236 2020/04/02 20:43:56 1 4096 3808545 2927329 472866 106 60211 54 25547 0 180369 0 0 2097152 0 0
SEP
MEM simgrid-vm 1585860237 2020/04/02 20:43:57 1 4096 3808545 2927201 472866 106 60214 54 25552 0 180369 0 0 2097152 0 0
SEP
MEM simgrid-vm 1585860238 2020/04/02 20:43:58 1 4096 3808545 2927189 472866 106 60207 54 25545 0 180369 0 0 2097152 0 0
SEP
MEM simgrid-vm 1585860239 2020/04/02 20:43:59 1 4096 3808545 2927112 472866 106 60191 46 25529 0 180369 0 0 2097152 0 0
SEP
MEM simgrid-vm 1585860240 2020/04/02 20:44:00 1 4096 3808545 2927112 472868 106 60187 48 25526 0 180369 0 0 2097152 0 0
SEP
MEM simgrid-vm 1585860241 2020/04/02 20:44:01 1 4096 3808545 2927050 472870 108 60187 54 25526 0 180369 0 0 2097152 0 0
SEP
MEM simgrid-vm 1585860242 2020/04/02 20:44:02 1 4096 3808545 2927050 472872 108 60189 56 25526 0 180369 0 0 2097152 0 0
SEP
MEM simgrid-vm 1585860243 2020/04/02 20:44:03 1 4096 3808545 2927050 472872 108 60186 56 25526 0 180369 0 0 2097152 0 0
SEP
MEM simgrid-vm 1585860244 2020/04/02 20:44:04 1 4096 3808545 2926988 472872 108 60193 29 25529 0 180369 0 0 2097152 0 0
SEP
MEM simgrid-vm 1585860245 2020/04/02 20:44:05 1 4096 3808545 2926988 472872 108 60190 29 25529 0 180369 0 0 2097152 0 0
SEP
MEM simgrid-vm 1585860246 2020/04/02 20:44:06 1 4096 3808545 2926988 472871 110 60194 29 25530 0 180369 0 0 2097152 0 0
SEP
MEM simgrid-vm 1585860247 2020/04/02 20:44:07 1 4096 3808545 2926988 472872 110 60191 31 25530 0 180369 0 0 2097152 0 0
SEP
MEM simgrid-vm 1585860248 2020/04/02 20:44:08 1 4096 3808545 2926988 472878 110 60192 37 25531 0 180369 0 0 2097152 0 0
SEP
MEM simgrid-vm 1585860249 2020/04/02 20:44:09 1 4096 3808545 2926957 472878 111 60194 20 25534 0 180369 0 0 2097152 0 0
SEP
MEM simgrid-vm 1585860250 2020/04/02 20:44:10 1 4096 3808545 2926953 472880 111 60204 22 25534 0 180369 0 0 2097152 0 0
SEP
MEM simgrid-vm 1585860251 2020/04/02 20:44:11 1 4096 3808545 2926922 472880 111 60200 22 25535 0 180369 0 0 2097152 0 0
SEP
MEM simgrid-vm 1585860252 2020/04/02 20:44:12 1 4096 3808545 2926903 472880 113 60191 35 25526 0 180369 0 0 2097152 0 0
SEP
MEM simgrid-vm 1585860253 2020/04/02 20:44:13 1 4096 3808545 2926868 472884 113 60208 39 25528 0 180369 0 0 2097152 0 0
SEP
MEM simgrid-vm 1585860254 2020/04/02 20:44:14 1 4096 3808545 2926872 472888 113 60195 42 25528 0 180369 0 0 2097152 0 0
SEP
MEM simgrid-vm 1585860255 2020/04/02 20:44:15 1 4096 3808545 2926872 472891 113 60200 46 25528 0 180369 0 0 2097152 0 0
SEP
MEM simgrid-vm 1585860256 2020/04/02 20:44:16 1 4096 3808545 2926872 472891 113 60197 46 25530 0 180369 0 0 2097152 0 0
SEP
MEM simgrid-vm 1585860257 2020/04/02 20:44:17 1 4096 3808545 2926841 472891 115 60191 47 25519 0 180369 0 0 2097152 0 0
SEP
MEM simgrid-vm 1585860258 2020/04/02 20:44:18 1 4096 3808545 2926841 472891 115 60201 47 25519 0 180369 0 0 2097152 0 0
SEP
MEM simgrid-vm 1585860259 2020/04/02 20:44:19 1 4096 3808545 2926837 472891 115 60193 43 25523 0 180369 0 0 2097152 0 0
SEP
MEM simgrid-vm 1585860260 2020/04/02 20:44:20 1 4096 3808545 2926841 472893 115 60187 46 25519 0 180369 0 0 2097152 0 0
SEP
MEM simgrid-vm 1585860261 2020/04/02 20:44:21 1 4096 3808545 2926810 472893 115 60186 46 25519 0 180369 0 0 2097152 0 0
SEP
MEM simgrid-vm 1585860262 2020/04/02 20:44:22 1 4096 3808545 2926810 472895 117 60189 51 25519 0 180369 0 0 2097152 0 0
SEP
MEM simgrid-vm 1585860263 2020/04/02 20:44:23 1 4096 3808545 2926810 472895 117 60188 51 25520 0 180369 0 0 2097152 0 0
SEP
MEM simgrid-vm 1585860264 2020/04/02 20:44:24 1 4096 3808545 2926779 472895 117 60189 51 25520 0 180369 0 0 2097152 0 0
SEP
MEM simgrid-vm 1585860265 2020/04/02 20:44:25 1 4096 3808545 2926783 472897 117 60194 53 25518 0 180369 0 0 2097152 0 0
SEP
MEM simgrid-vm 1585860266 2020/04/02 20:44:26 1 4096 3808545 2926752 472897 117 60191 53 25521 0 180369 0 0 2097152 0 0
SEP
MEM simgrid-vm 1585860267 2020/04/02 20:44:27 1 4096 3808545 2926752 472897 119 60196 53 25524 0 180369 0 0 2097152 0 0
SEP
MEM simgrid-vm 1585860268 2020/04/02 20:44:28 1 4096 3808545 2926752 472897 119 60198 53 25527 0 180369 0 0 2097152 0 0
SEP
MEM simgrid-vm 1585860269 2020/04/02 20:44:29 1 4096 3808545 2926752 472897 119 60200 51 25529 0 180369 0 0 2097152 0 0
SEP
MEM simgrid-vm 1585860270 2020/04/02 20:44:30 1 4096 3808545 2926721 472897 119 60206 51 25529 0 180369 0 0 2097152 0 0
SEP
MEM simgrid-vm 1585860271 2020/04/02 20:44:31 1 4096 3808545 2926717 472897 119 60209 51 25537 0 180369 0 0 2097152 0 0
SEP
MEM simgrid-vm 1585860272 2020/04/02 20:44:32 1 4096 3808545 2926709 472899 119 60207 53 25532 0 180369 0 0 2097152 0 0
SEP
MEM simgrid-vm 1585860273 2020/04/02 20:44:33 1 4096 3808545 2926709 472897 121 60204 53 25530 0 180369 0 0 2097152 0 0
SEP
MEM simgrid-vm 1585860274 2020/04/02 20:44:34 1 4096 3808545 2926709 472899 121 60207 45 25530 0 180369 0 0 2097152 0 0
SEP
MEM simgrid-vm 1585860275 2020/04/02 20:44:35 1 4096 3808545 2926709 472899 121 60208 45 25530 0 180369 0 0 2097152 0 0
SEP
MEM simgrid-vm 1585860276 2020/04/02 20:44:36 1 4096 3808545 2926709 472899 121 60189 45 25511 0 180369 0 0 2097152 0 0
SEP
MEM simgrid-vm 1585860277 2020/04/02 20:44:37 1 4096 3808545 2926709 472903 121 60187 49 25511 0 180369 0 0 2097152 0 0
SEP
MEM simgrid-vm 1585860278 2020/04/02 20:44:38 1 4096 3808545 2926709 472905 121 60185 51 25511 0 180369 0 0 2097152 0 0
SEP
MEM simgrid-vm 1585860279 2020/04/02 20:44:39 1 4096 3808545 2926705 472905 123 60191 21 25512 0 180369 0 0 2097152 0 0
SEP
MEM simgrid-vm 1585860280 2020/04/02 20:44:40 1 4096 3808545 2926713 472905 123 60186 21 25512 0 180369 0 0 2097152 0 0
SEP
MEM simgrid-vm 1585860281 2020/04/02 20:44:41 1 4096 3808545 2926709 472907 123 60190 23 25516 0 180369 0 0 2097152 0 0
SEP
MEM simgrid-vm 1585860282 2020/04/02 20:44:42 1 4096 3808545 2926643 472911 123 60191 27 25520 0 180369 0 0 2097152 0 0
SEP
MEM simgrid-vm 1585860283 2020/04/02 20:44:43 1 4096 3808545 2926635 472911 123 60207 27 25530 0 180369 0 0 2097152 0 0
SEP
MEM simgrid-vm 1585860284 2020/04/02 20:44:44 1 4096 3808545 2926635 472911 125 60204 29 25531 0 180369 0 0 2097152 0 0
SEP
MEM simgrid-vm 1585860285 2020/04/02 20:44:45 1 4096 3808545 2926627 472911 125 60219 29 25541 0 180369 0 0 2097152 0 0
SEP
MEM simgrid-vm 1585860286 2020/04/02 20:44:46 1 4096 3808545 2926596 472913 125 60213 32 25541 0 180369 0 0 2097152 0 0
SEP
MEM simgrid-vm 1585860287 2020/04/02 20:44:47 1 4096 3808545 2926596 472913 125 60212 32 25541 0 180369 0 0 2097152 0 0
SEP
MEM simgrid-vm 1585860288 2020/04/02 20:44:48 1 4096 3808545 2926581 472916 125 60201 35 25525 0 180369 0 0 2097152 0 0
SEP
MEM simgrid-vm 1585860289 2020/04/02 20:44:49 1 4096 3808545 2926581 472918 127 60202 32 25528 0 180369 0 0 2097152 0 0
SEP
MEM simgrid-vm 1585860290 2020/04/02 20:44:50 1 4096 3808545 2926581 472920 127 60203 35 25529 0 180369 0 0 2097152 0 0
SEP
MEM simgrid-vm 1585860291 2020/04/02 20:44:51 1 4096 3808545 2926581 472920 127 60200 35 25529 0 180369 0 0 2097152 0 0
SEP
MEM simgrid-vm 1585860292 2020/04/02 20:44:52 1 4096 3808545 2926581 472920 127 60202 35 25530 0 180369 0 0 2097152 0 0
SEP
MEM simgrid-vm 1585860293 2020/04/02 20:44:53 1 4096 3808545 2926546 472924 127 60210 39 25534 0 180369 0 0 2097152 0 0
SEP
MEM simgrid-vm 1585860294 2020/04/02 20:44:54 1 4096 3808545 2926542 472924 129 60211 42 25538 0 180369 0 0 2097152 0 0
SEP
MEM simgrid-vm 1585860295 2020/04/02 20:44:55 1 4096 3808545 2926542 472924 129 60216 42 25538 0 180369 0 0 2097152 0 0
SEP
MEM simgrid-vm 1585860296 2020/04/02 20:44:56 1 4096 3808545 2926542 472924 129 60211 42 25539 0 180369 0 0 2097152 0 0
SEP
MEM simgrid-vm 1585860297 2020/04/02 20:44:57 1 4096 3808545 2926542 472924 129 60219 42 25542 0 180369 0 0 2097152 0 0
SEP
MEM simgrid-vm 1585860298 2020/04/02 20:44:58 1 4096 3808545 2926538 472926 129 60223 44 25550 0 180369 0 0 2097152 0 0
SEP
MEM simgrid-vm 1585860299 2020/04/02 20:44:59 1 4096 3808545 2926530 472926 131 60232 45 25559 0 180369 0 0 2097152 0 0
SEP
MEM simgrid-vm 1585860300 2020/04/02 20:45:00 1 4096 3808545 2926495 472928 131 60238 47 25565 0 180369 0 0 2097152 0 0
SEP
MEM simgrid-vm 1585860301 2020/04/02 20:45:01 1 4096 3808545 2926479 472928 131 60245 47 25564 0 180369 0 0 2097152 0 0
SEP
MEM simgrid-vm 1585860302 2020/04/02 20:45:02 1 4096 3808545 2926479 472928 131 60244 47 25565 0 180369 0 0 2097152 0 0
SEP
MEM simgrid-vm 1585860303 2020/04/02 20:45:03 1 4096 3808545 2926479 472930 131 60246 49 25567 0 180369 0 0 2097152 0 0
SEP
MEM simgrid-vm 1585860304 2020/04/02 20:45:04 1 4096 3808545 2926483 472934 133 60242 53 25560 0 180369 0 0 2097152 0 0
SEP
MEM simgrid-vm 1585860305 2020/04/02 20:45:05 1 4096 3808545 2926487 472934 133 60242 53 25562 0 180369 0 0 2097152 0 0
SEP
MEM simgrid-vm 1585860306 2020/04/02 20:45:06 1 4096 3808545 2926487 472934 133 60243 53 25563 0 180369 0 0 2097152 0 0
SEP
MEM simgrid-vm 1585860307 2020/04/02 20:45:07 1 4096 3808545 2926523 472934 133 60213 53 25530 0 180369 0 0 2097152 0 0
SEP
MEM simgrid-vm 1585860308 2020/04/02 20:45:08 1 4096 3808545 2926523 472934 133 60210 53 25531 0 180369 0 0 2097152 0 0
SEP
MEM simgrid-vm 1585860309 2020/04/02 20:45:09 1 4096 3808545 2926523 472936 135 60214 54 25531 0 180369 0 0 2097152 0 0
SEP
MEM simgrid-vm 1585860310 2020/04/02 20:45:10 1 4096 3808545 2926523 472936 135 60212 54 25533 0 180369 0 0 2097152 0 0
SEP
MEM simgrid-vm 1585860311 2020/04/02 20:45:11 1 4096 3808545 2926523 472936 135 60218 54 25533 0 180369 0 0 2097152 0 0
SEP
MEM simgrid-vm 1585860312 2020/04/02 20:45:12 1 4096 3808545 2926519 472936 135 60219 54 25538 0 180369 0 0 2097152 0 0
SEP
MEM simgrid-vm 1585860313 2020/04/02 20:45:13 1 4096 3808545 2926535 472936 135 60208 54 25524 0 180369 0 0 2097152 0 0
SEP
MEM simgrid-vm 1585860314 2020/04/02 20:45:14 1 4096 3808545 2926535 472942 137 60206 28 25524 0 180369 0 0 2097152 0 0
SEP
MEM simgrid-vm 1585860315 2020/04/02 20:45:15 1 4096 3808545 2926535 472942 137 60208 28 25526 0 180369 0 0 2097152 0 0
SEP
MEM simgrid-vm 1585860316 2020/04/02 20:45:16 1 4096 3808545 2926535 472946 137 60208 33 25527 0 180369 0 0 2097152 0 0
SEP
MEM simgrid-vm 1585860317 2020/04/02 20:45:17 1 4096 3808545 2926496 472948 137 60219 35 25538 0 180369 0 0 2097152 0 0
SEP
MEM simgrid-vm 1585860318 2020/04/02 20:45:18 1 4096 3808545 2926461 472948 137 60227 35 25545 0 180369 0 0 2097152 0 0
SEP
MEM simgrid-vm 1585860319 2020/04/02 20:45:19 1 4096 3808545 2926461 472948 139 60228 44 25545 0 180369 0 0 2097152 0 0
SEP
MEM simgrid-vm 1585860320 2020/04/02 20:45:20 1 4096 3808545 2926453 472948 139 60245 44 25553 0 180369 0 0 2097152 0 0
SEP
MEM simgrid-vm 1585860321 2020/04/02 20:45:21 1 4096 3808545 2926453 472951 139 60247 47 25553 0 180369 0 0 2097152 0 0
SEP
MEM simgrid-vm 1585860322 2020/04/02 20:45:22 1 4096 3808545 2926449 472951 139 60225 47 25541 0 180369 0 0 2097152 0 0
SEP
MEM simgrid-vm 1585860323 2020/04/02 20:45:23 1 4096 3808545 2926449 472951 139 60224 47 25541 0 180369 0 0 2097152 0 0
SEP
MEM simgrid-vm 1585860324 2020/04/02 20:45:24 1 4096 3808545 2926457 472951 141 60219 44 25543 0 180369 0 0 2097152 0 0
SEP
MEM simgrid-vm 1585860325 2020/04/02 20:45:25 1 4096 3808545 2926457 472951 141 60222 45 25543 0 180369 0 0 2097152 0 0
SEP
MEM simgrid-vm 1585860326 2020/04/02 20:45:26 1 4096 3808545 2926457 472953 141 60236 47 25546 0 180369 0 0 2097152 0 0
SEP
MEM simgrid-vm 1585860327 2020/04/02 20:45:27 1 4096 3808545 2926457 472953 141 60225 47 25546 0 180369 0 0 2097152 0 0
SEP
MEM simgrid-vm 1585860328 2020/04/02 20:45:28 1 4096 3808545 2926457 472953 141 60228 47 25546 0 180369 0 0 2097152 0 0
SEP
MEM simgrid-vm 1585860329 2020/04/02 20:45:29 1 4096 3808545 2926449 472953 141 60233 43 25554 0 180369 0 0 2097152 0 0
SEP
MEM simgrid-vm 1585860330 2020/04/02 20:45:30 1 4096 3808545 2926418 472953 143 60230 44 25554 0 180369 0 0 2097152 0 0
SEP
MEM simgrid-vm 1585860331 2020/04/02 20:45:31 1 4096 3808545 2926418 472953 143 60216 44 25538 0 180369 0 0 2097152 0 0
SEP
MEM simgrid-vm 1585860332 2020/04/02 20:45:32 1 4096 3808545 2926418 472955 143 60215 47 25538 0 180369 0 0 2097152 0 0
SEP
MEM simgrid-vm 1585860333 2020/04/02 20:45:33 1 4096 3808545 2926379 472957 143 60225 49 25546 0 180369 0 0 2097152 0 0
SEP
MEM simgrid-vm 1585860334 2020/04/02 20:45:34 1 4096 3808545 2926379 472959 143 60225 41 25546 0 180369 0 0 2097152 0 0
SEP
MEM simgrid-vm 1585860335 2020/04/02 20:45:35 1 4096 3808545 2926379 472959 145 60230 46 25546 0 180369 0 0 2097152 0 0
SEP
MEM simgrid-vm 1585860336 2020/04/02 20:45:36 1 4096 3808545 2926379 472959 145 60227 46 25546 0 180369 0 0 2097152 0 0
SEP
MEM simgrid-vm 1585860337 2020/04/02 20:45:37 1 4096 3808545 2925867 472959 145 60223 46 25546 0 180369 0 0 2097152 0 0
SEP
MEM simgrid-vm 1585860338 2020/04/02 20:45:38 1 4096 3808545 2925863 472961 145 60233 48 25550 0 180369 0 0 2097152 0 0
SEP
MEM simgrid-vm 1585860339 2020/04/02 20:45:39 1 4096 3808545 2925859 472965 145 60237 52 25554 0 180369 0 0 2097152 0 0
SEP
MEM simgrid-vm 1585860340 2020/04/02 20:45:40 1 4096 3808545 2925859 472967 147 60235 54 25555 0 180369 0 0 2097152 0 0
SEP
MEM simgrid-vm 1585860341 2020/04/02 20:45:41 1 4096 3808545 2925859 472967 147 60241 54 25559 0 180369 0 0 2097152 0 0
SEP
MEM simgrid-vm 1585860342 2020/04/02 20:45:42 1 4096 3808545 2925859 472969 147 60245 56 25562 0 180369 0 0 2097152 0 0
SEP
MEM simgrid-vm 1585860343 2020/04/02 20:45:43 1 4096 3808545 2925828 472969 147 60248 56 25565 0 180369 0 0 2097152 0 0
SEP
MEM simgrid-vm 1585860344 2020/04/02 20:45:44 1 4096 3808545 2925828 472969 147 60250 52 25567 0 180369 0 0 2097152 0 0
SEP
MEM simgrid-vm 1585860345 2020/04/02 20:45:45 1 4096 3808545 2925828 472969 149 60263 54 25571 0 180369 0 0 2097152 0 0
SEP
MEM simgrid-vm 1585860346 2020/04/02 20:45:46 1 4096 3808545 2925816 472969 149 60278 54 25587 0 180369 0 0 2097152 0 0
SEP
MEM simgrid-vm 1585860347 2020/04/02 20:45:47 1 4096 3808545 2925812 472969 149 60279 54 25594 0 180369 0 0 2097152 0 0
SEP
MEM simgrid-vm 1585860348 2020/04/02 20:45:48 1 4096 3808545 2925804 472969 149 60277 54 25588 0 180369 0 0 2097152 0 0
SEP
MEM simgrid-vm 1585860349 2020/04/02 20:45:49 1 4096 3808545 2925796 472973 149 60287 22 25596 0 180369 0 0 2097152 0 0
SEP
MEM simgrid-vm 1585860350 2020/04/02 20:45:50 1 4096 3808545 2925796 472973 151 60288 30 25596 0 180369 0 0 2097152 0 0
SEP
MEM simgrid-vm 1585860351 2020/04/02 20:45:51 1 4096 3808545 2925796 472973 151 60289 30 25596 0 180369 0 0 2097152 0 0
SEP
MEM simgrid-vm 1585860352 2020/04/02 20:45:52 1 4096 3808545 2925796 472975 151 60287 32 25596 0 180369 0 0 2097152 0 0
SEP
MEM simgrid-vm 1585860353 2020/04/02 20:45:53 1 4096 3808545 2925796 472975 151 60287 32 25596 0 180369 0 0 2097152 0 0
SEP
MEM simgrid-vm 1585860354 2020/04/02 20:45:54 1 4096 3808545 2925796 472978 151 60287 35 25596 0 180369 0 0 2097152 0 0
SEP
MEM simgrid-vm 1585860355 2020/04/02 20:45:55 1 4096 3808545 2925796 472978 153 60290 35 25596 0 180369 0 0 2097152 0 0
SEP
MEM simgrid-vm 1585860356 2020/04/02 20:45:56 1 4096 3808545 2925284 472978 153 60289 35 25596 0 180369 0 0 2097152 0 0
SEP
MEM simgrid-vm 1585860357 2020/04/02 20:45:57 1 4096 3808545 2925284 472978 153 60292 35 25596 0 180369 0 0 2097152 0 0
SEP
MEM simgrid-vm 1585860358 2020/04/02 20:45:58 1 4096 3808545 2925284 472978 153 60288 35 25596 0 180369 0 0 2097152 0 0
SEP
MEM simgrid-vm 1585860359 2020/04/02 20:45:59 1 4096 3808545 2925284 472980 153 60289 34 25596 0 180369 0 0 2097152 0 0
SEP
MEM simgrid-vm 1585860360 2020/04/02 20:46:00 1 4096 3808545 2925253 472980 155 60289 38 25596 0 180369 0 0 2097152 0 0
SEP
MEM simgrid-vm 1585860361 2020/04/02 20:46:01 1 4096 3808545 2925277 472980 155 60264 38 25572 0 180369 0 0 2097152 0 0
SEP
MEM simgrid-vm 1585860362 2020/04/02 20:46:02 1 4096 3808545 2925277 472980 155 60265 38 25572 0 180369 0 0 2097152 0 0
SEP
MEM simgrid-vm 1585860363 2020/04/02 20:46:03 1 4096 3808545 2925305 472980 155 60236 38 25544 0 180369 0 0 2097152 0 0
SEP
MEM simgrid-vm 1585860364 2020/04/02 20:46:04 1 4096 3808545 2924793 472982 155 60235 35 25544 0 180369 0 0 2097152 0 0
SEP
MEM simgrid-vm 1585860365 2020/04/02 20:46:05 1 4096 3808545 2924793 472986 157 60241 46 25544 0 180369 0 0 2097152 0 0
SEP
MEM simgrid-vm 1585860366 2020/04/02 20:46:06 1 4096 3808545 2924250 472986 157 60240 46 25544 0 180369 0 0 2097152 0 0
SEP
MEM simgrid-vm 1585860367 2020/04/02 20:46:07 1 4096 3808545 2924250 472986 157 60235 46 25544 0 180369 0 0 2097152 0 0
SEP
MEM simgrid-vm 1585860368 2020/04/02 20:46:08 1 4096 3808545 2924250 472986 157 60235 46 25544 0 180369 0 0 2097152 0 0
SEP
MEM simgrid-vm 1585860369 2020/04/02 20:46:09 1 4096 3808545 2924250 472986 157 60237 36 25544 0 180369 0 0 2097152 0 0
SEP
MEM simgrid-vm 1585860370 2020/04/02 20:46:10 1 4096 3808545 2923290 473304 159 60269 40 25560 0 180369 0 0 2097152 0 0
SEP
MEM simgrid-vm 1585860371 2020/04/02 20:46:11 1 4096 3808545 2923220 473340 159 60281 48 25570 0 180369 0 0 2097152 0 0
SEP
MEM simgrid-vm 1585860372 2020/04/02 20:46:12 1 4096 3808545 2923368 473413 159 60265 50 25559 0 180369 0 0 2097152 0 0
SEP
MEM simgrid-vm 1585860373 2020/04/02 20:46:13 1 4096 3808545 2923399 473413 159 60264 50 25561 0 180369 0 0 2097152 0 0
SEP
MEM simgrid-vm 1585860374 2020/04/02 20:46:14 1 4096 3808545 2923395 473413 159 60267 44 25561 0 180369 0 0 2097152 0 0
SEP
MEM simgrid-vm 1585860375 2020/04/02 20:46:15 1 4096 3808545 2923395 473411 161 60266 44 25561 0 180369 0 0 2097152 0 0
SEP
MEM simgrid-vm 1585860376 2020/04/02 20:46:16 1 4096 3808545 2923399 473417 161 60266 50 25563 0 180369 0 0 2097152 0 0
SEP
MEM simgrid-vm 1585860377 2020/04/02 20:46:17 1 4096 3808545 2923399 473421 161 60265 55 25563 0 180369 0 0 2097152 0 0
SEP
MEM simgrid-vm 1585860378 2020/04/02 20:46:18 1 4096 3808545 2923403 473421 161 60261 55 25560 0 180369 0 0 2097152 0 0
SEP
MEM simgrid-vm 1585860379 2020/04/02 20:46:19 1 4096 3808545 2923403 473423 161 60263 55 25562 0 180369 0 0 2097152 0 0
SEP
MEM simgrid-vm 1585860380 2020/04/02 20:46:20 1 4096 3808545 2923372 473423 161 60267 55 25563 0 180369 0 0 2097152 0 0
SEP
MEM simgrid-vm 1585860381 2020/04/02 20:46:21 1 4096 3808545 2923372 473427 163 60278 60 25564 0 180369 0 0 2097152 0 0
SEP
MEM simgrid-vm 1585860382 2020/04/02 20:46:22 1 4096 3808545 2923372 473427 163 60267 60 25566 0 180369 0 0 2097152 0 0
SEP
MEM simgrid-vm 1585860383 2020/04/02 20:46:23 1 4096 3808545 2923364 473427 163 60263 60 25563 0 180369 0 0 2097152 0 0
SEP
MEM simgrid-vm 1585860384 2020/04/02 20:46:24 1 4096 3808545 2923360 473427 163 60275 35 25567 0 180369 0 0 2097152 0 0
SEP
MEM simgrid-vm 1585860385 2020/04/02 20:46:25 1 4096 3808545 2923356 473429 163 60271 38 25571 0 180369 0 0 2097152 0 0
SEP
MEM simgrid-vm 1585860386 2020/04/02 20:46:26 1 4096 3808545 2923348 473428 165 60280 38 25579 0 180369 0 0 2097152 0 0
SEP
MEM simgrid-vm 1585860387 2020/04/02 20:46:27 1 4096 3808545 2923340 473430 165 60289 42 25588 0 180369 0 0 2097152 0 0
SEP
MEM simgrid-vm 1585860388 2020/04/02 20:46:28 1 4096 3808545 2923360 473434 165 60269 46 25568 0 180369 0 0 2097152 0 0
SEP
MEM simgrid-vm 1585860389 2020/04/02 20:46:29 1 4096 3808545 2923360 473434 165 60273 43 25568 0 180369 0 0 2097152 0 0
SEP
MEM simgrid-vm 1585860390 2020/04/02 20:46:30 1 4096 3808545 2923360 473434 165 60269 43 25568 0 180369 0 0 2097152 0 0
SEP
MEM simgrid-vm 1585860391 2020/04/02 20:46:31 1 4096 3808545 2923360 473434 165 60275 43 25568 0 180369 0 0 2097152 0 0
SEP
MEM simgrid-vm 1585860392 2020/04/02 20:46:32 1 4096 3808545 2923360 473436 167 60275 49 25569 0 180369 0 0 2097152 0 0
SEP
MEM simgrid-vm 1585860393 2020/04/02 20:46:33 1 4096 3808545 2923360 473436 167 60280 49 25570 0 180369 0 0 2097152 0 0
SEP
MEM simgrid-vm 1585860394 2020/04/02 20:46:34 1 4096 3808545 2923360 473438 167 60276 45 25572 0 180369 0 0 2097152 0 0
SEP
MEM simgrid-vm 1585860395 2020/04/02 20:46:35 1 4096 3808545 2923317 473438 167 60275 46 25572 0 180369 0 0 2097152 0 0
SEP
MEM simgrid-vm 1585860396 2020/04/02 20:46:36 1 4096 3808545 2923313 473438 167 60281 46 25576 0 180369 0 0 2097152 0 0
SEP
MEM simgrid-vm 1585860397 2020/04/02 20:46:37 1 4096 3808545 2923321 473438 169 60270 50 25568 0 180369 0 0 2097152 0 0
SEP
MEM simgrid-vm 1585860398 2020/04/02 20:46:38 1 4096 3808545 2923321 473440 169 60270 53 25568 0 180369 0 0 2097152 0 0
SEP
MEM simgrid-vm 1585860399 2020/04/02 20:46:39 1 4096 3808545 2923317 473440 169 60274 45 25568 0 180369 0 0 2097152 0 0
SEP
MEM simgrid-vm 1585860400 2020/04/02 20:46:40 1 4096 3808545 2923317 473444 169 60274 49 25568 0 180369 0 0 2097152 0 0
SEP
MEM simgrid-vm 1585860401 2020/04/02 20:46:41 1 4096 3808545 2923321 473444 169 60271 47 25568 0 180369 0 0 2097152 0 0
SEP
MEM simgrid-vm 1585860402 2020/04/02 20:46:42 1 4096 3808545 2922869 473444 169 60270 47 25568 0 180369 0 0 2097152 0 0
SEP
MEM simgrid-vm 1585860403 2020/04/02 20:46:43 1 4096 3808545 2922954 473448 171 60255 56 25544 0 180369 0 0 2097152 0 0
SEP
MEM simgrid-vm 1585860404 2020/04/02 20:46:44 1 4096 3808545 2921418 473448 171 60249 46 25547 0 180369 0 0 2097152 0 0
SEP
MEM simgrid-vm 1585860405 2020/04/02 20:46:45 1 4096 3808545 2921418 473448 171 60256 46 25548 0 180369 0 0 2097152 0 0
SEP
MEM simgrid-vm 1585860406 2020/04/02 20:46:46 1 4096 3808545 2921418 473448 171 60259 44 25549 0 180369 0 0 2097152 0 0
SEP
MEM simgrid-vm 1585860407 2020/04/02 20:46:47 1 4096 3808545 2921414 473450 171 60257 46 25553 0 180369 0 0 2097152 0 0
SEP
MEM simgrid-vm 1585860408 2020/04/02 20:46:48 1 4096 3808545 2921414 473450 173 60255 48 25553 0 180369 0 0 2097152 0 0
SEP
MEM simgrid-vm 1585860409 2020/04/02 20:46:49 1 4096 3808545 2921379 473450 173 60266 41 25559 0 180369 0 0 2097152 0 0
SEP
MEM simgrid-vm 1585860410 2020/04/02 20:46:50 1 4096 3808545 2921375 473452 173 60273 43 25565 0 180369 0 0 2097152 0 0
SEP
MEM simgrid-vm 1585860411 2020/04/02 20:46:51 1 4096 3808545 2921371 473452 173 60276 43 25570 0 180369 0 0 2097152 0 0
SEP
MEM simgrid-vm 1585860412 2020/04/02 20:46:52 1 4096 3808545 2921357 473452 173 60265 43 25564 0 180369 0 0 2097152 0 0
SEP
MEM simgrid-vm 1585860413 2020/04/02 20:46:53 1 4096 3808545 2921240 473456 175 60268 51 25566 0 180369 0 0 2097152 0 0
SEP
MEM simgrid-vm 1585860414 2020/04/02 20:46:54 1 4096 3808545 2921282 473456 175 60267 43 25566 0 180369 0 0 2097152 0 0
SEP
MEM simgrid-vm 1585860415 2020/04/02 20:46:55 1 4096 3808545 2921282 473460 175 60267 47 25566 0 180369 0 0 2097152 0 0
SEP
MEM simgrid-vm 1585860416 2020/04/02 20:46:56 1 4096 3808545 2921282 473462 175 60267 49 25566 0 180369 0 0 2097152 0 0
SEP
MEM simgrid-vm 1585860417 2020/04/02 20:46:57 1 4096 3808545 2921282 473464 175 60272 51 25566 0 180369 0 0 2097152 0 0
SEP
MEM simgrid-vm 1585860418 2020/04/02 20:46:58 1 4096 3808545 2921313 473464 177 60254 53 25552 0 180369 0 0 2097152 0 0
SEP
MEM simgrid-vm 1585860419 2020/04/02 20:46:59 1 4096 3808545 2921313 473464 177 60263 23 25552 0 180369 0 0 2097152 0 0
SEP
MEM simgrid-vm 1585860420 2020/04/02 20:47:00 1 4096 3808545 2921313 473467 177 60259 26 25554 0 180369 0 0 2097152 0 0
SEP
MEM simgrid-vm 1585860421 2020/04/02 20:47:01 1 4096 3808545 2921317 473467 177 60260 26 25556 0 180369 0 0 2097152 0 0
SEP
MEM simgrid-vm 1585860422 2020/04/02 20:47:02 1 4096 3808545 2921309 473467 177 60267 26 25565 0 180369 0 0 2097152 0 0
SEP
MEM simgrid-vm 1585860423 2020/04/02 20:47:03 1 4096 3808545 2921232 473467 177 60255 26 25556 0 180369 0 0 2097152 0 0
SEP
MEM simgrid-vm 1585860424 2020/04/02 20:47:04 1 4096 3808545 2921273 473467 179 60259 34 25561 0 180369 0 0 2097152 0 0
SEP
MEM simgrid-vm 1585860425 2020/04/02 20:47:05 1 4096 3808545 2921273 473469 179 60261 36 25563 0 180369 0 0 2097152 0 0
SEP
MEM simgrid-vm 1585860426 2020/04/02 20:47:06 1 4096 3808545 2921273 473469 179 60262 36 25564 0 180369 0 0 2097152 0 0
SEP
MEM simgrid-vm 1585860427 2020/04/02 20:47:07 1 4096 3808545 2921273 473469 179 60261 36 25564 0 180369 0 0 2097152 0 0
SEP
MEM simgrid-vm 1585860428 2020/04/02 20:47:08 1 4096 3808545 2921304 473469 179 60247 36 25550 0 180369 0 0 2097152 0 0
SEP
MEM simgrid-vm 1585860429 2020/04/02 20:47:09 1 4096 3808545 2921304 473469 181 60260 32 25550 0 180369 0 0 2097152 0 0
SEP
MEM simgrid-vm 1585860430 2020/04/02 20:47:10 1 4096 3808545 2921304 473469 181 60251 33 25550 0 180369 0 0 2097152 0 0
SEP
MEM simgrid-vm 1585860431 2020/04/02 20:47:11 1 4096 3808545 2921300 473469 181 60251 33 25554 0 180369 0 0 2097152 0 0
SEP
MEM simgrid-vm 1585860432 2020/04/02 20:47:12 1 4096 3808545 2921304 473473 181 60256 37 25550 0 180369 0 0 2097152 0 0
SEP
MEM simgrid-vm 1585860433 2020/04/02 20:47:13 1 4096 3808545 2921273 473475 181 60250 39 25552 0 180369 0 0 2097152 0 0
SEP
MEM simgrid-vm 1585860434 2020/04/02 20:47:14 1 4096 3808545 2921226 473475 183 60250 38 25553 0 180369 0 0 2097152 0 0
SEP
MEM simgrid-vm 1585860435 2020/04/02 20:47:15 1 4096 3808545 2921226 473475 183 60256 39 25554 0 180369 0 0 2097152 0 0
SEP
MEM simgrid-vm 1585860436 2020/04/02 20:47:16 1 4096 3808545 2921226 473475 183 60254 39 25556 0 180369 0 0 2097152 0 0
SEP
MEM simgrid-vm 1585860437 2020/04/02 20:47:17 1 4096 3808545 2921226 473477 183 60254 41 25556 0 180369 0 0 2097152 0 0
SEP
MEM simgrid-vm 1585860438 2020/04/02 20:47:18 1 4096 3808545 2921226 473483 183 60262 48 25557 0 180369 0 0 2097152 0 0
SEP
MEM simgrid-vm 1585860439 2020/04/02 20:47:19 1 4096 3808545 2921226 473485 185 60269 51 25559 0 180369 0 0 2097152 0 0
SEP
MEM simgrid-vm 1585860440 2020/04/02 20:47:20 1 4096 3808545 2921226 473485 185 60257 51 25559 0 180369 0 0 2097152 0 0
SEP
MEM simgrid-vm 1585860441 2020/04/02 20:47:21 1 4096 3808545 2921222 473485 185 60262 51 25563 0 180369 0 0 2097152 0 0
SEP
MEM simgrid-vm 1585860442 2020/04/02 20:47:22 1 4096 3808545 2921222 473485 185 60261 51 25563 0 180369 0 0 2097152 0 0
SEP
MEM simgrid-vm 1585860443 2020/04/02 20:47:23 1 4096 3808545 2921214 473485 185 60269 51 25571 0 180369 0 0 2097152 0 0
SEP
MEM simgrid-vm 1585860444 2020/04/02 20:47:24 1 4096 3808545 2921074 473485 185 60258 45 25554 0 180369 0 0 2097152 0 0
SEP
MEM simgrid-vm 1585860445 2020/04/02 20:47:25 1 4096 3808545 2921074 473485 187 60260 50 25554 0 180369 0 0 2097152 0 0
SEP
MEM simgrid-vm 1585860446 2020/04/02 20:47:26 1 4096 3808545 2921070 473485 187 60261 50 25554 0 180369 0 0 2097152 0 0
SEP
MEM simgrid-vm 1585860447 2020/04/02 20:47:27 1 4096 3808545 2921070 473487 187 60265 52 25554 0 180369 0 0 2097152 0 0
SEP
MEM simgrid-vm 1585860448 2020/04/02 20:47:28 1 4096 3808545 2921070 473487 187 60272 52 25554 0 180369 0 0 2097152 0 0
SEP
MEM simgrid-vm 1585860449 2020/04/02 20:47:29 1 4096 3808545 2921070 473491 187 60259 45 25554 0 180369 0 0 2097152 0 0
SEP
MEM simgrid-vm 1585860450 2020/04/02 20:47:30 1 4096 3808545 2921070 473490 189 60264 45 25554 0 180369 0 0 2097152 0 0
SEP
MEM simgrid-vm 1585860451 2020/04/02 20:47:31 1 4096 3808545 2921070 473493 189 60262 50 25557 0 180369 0 0 2097152 0 0
SEP
MEM simgrid-vm 1585860452 2020/04/02 20:47:32 1 4096 3808545 2921070 473493 189 60263 50 25557 0 180369 0 0 2097152 0 0
SEP
MEM simgrid-vm 1585860453 2020/04/02 20:47:33 1 4096 3808545 2921094 473494 189 60252 51 25533 0 180369 0 0 2097152 0 0
SEP
MEM simgrid-vm 1585860454 2020/04/02 20:47:34 1 4096 3808545 2921078 473494 189 60244 24 25535 0 180369 0 0 2097152 0 0
SEP
MEM simgrid-vm 1585860455 2020/04/02 20:47:35 1 4096 3808545 2921078 473494 189 60240 24 25535 0 180369 0 0 2097152 0 0
SEP
MEM simgrid-vm 1585860456 2020/04/02 20:47:36 1 4096 3808545 2921074 473494 191 60254 25 25541 0 180369 0 0 2097152 0 0
SEP
MEM simgrid-vm 1585860457 2020/04/02 20:47:37 1 4096 3808545 2921070 473496 191 60251 28 25546 0 180369 0 0 2097152 0 0
SEP
MEM simgrid-vm 1585860458 2020/04/02 20:47:38 1 4096 3808545 2921062 473496 191 60259 28 25554 0 180369 0 0 2097152 0 0
SEP
MEM simgrid-vm 1585860459 2020/04/02 20:47:39 1 4096 3808545 2921062 473498 191 60259 28 25554 0 180369 0 0 2097152 0 0
SEP
MEM simgrid-vm 1585860460 2020/04/02 20:47:40 1 4096 3808545 2921109 473498 191 60233 28 25527 0 180369 0 0 2097152 0 0
SEP
MEM simgrid-vm 1585860461 2020/04/02 20:47:41 1 4096 3808545 2921109 473502 193 60239 36 25527 0 180369 0 0 2097152 0 0
SEP
MEM simgrid-vm 1585860462 2020/04/02 20:47:42 1 4096 3808545 2921109 473502 193 60236 36 25527 0 180369 0 0 2097152 0 0
SEP
MEM simgrid-vm 1585860463 2020/04/02 20:47:43 1 4096 3808545 2921109 473502 193 60241 36 25527 0 180369 0 0 2097152 0 0
SEP
MEM simgrid-vm 1585860464 2020/04/02 20:47:44 1 4096 3808545 2921100 473502 193 60250 32 25535 0 180369 0 0 2097152 0 0
SEP
MEM simgrid-vm 1585860465 2020/04/02 20:47:45 1 4096 3808545 2921100 473502 193 60241 33 25535 0 180369 0 0 2097152 0 0
SEP
MEM simgrid-vm 1585860466 2020/04/02 20:47:46 1 4096 3808545 2921100 473502 193 60244 33 25535 0 180369 0 0 2097152 0 0
SEP
MEM simgrid-vm 1585860467 2020/04/02 20:47:47 1 4096 3808545 2921073 473502 195 60238 38 25531 0 180369 0 0 2097152 0 0
SEP
MEM simgrid-vm 1585860468 2020/04/02 20:47:48 1 4096 3808545 2921073 473502 195 60245 38 25531 0 180369 0 0 2097152 0 0
SEP
MEM simgrid-vm 1585860469 2020/04/02 20:47:49 1 4096 3808545 2921073 473502 195 60240 25 25533 0 180369 0 0 2097152 0 0
SEP
MEM simgrid-vm 1585860470 2020/04/02 20:47:50 1 4096 3808545 2921073 473504 195 60251 27 25538 0 180369 0 0 2097152 0 0
SEP
MEM simgrid-vm 1585860471 2020/04/02 20:47:51 1 4096 3808545 2921069 473504 195 60251 27 25539 0 180369 0 0 2097152 0 0
SEP
MEM simgrid-vm 1585860472 2020/04/02 20:47:52 1 4096 3808545 2921073 473506 197 60247 37 25544 0 180369 0 0 2097152 0 0
SEP
MEM simgrid-vm 1585860473 2020/04/02 20:47:53 1 4096 3808545 2921065 473506 197 60263 37 25555 0 180369 0 0 2097152 0 0
SEP
MEM simgrid-vm 1585860474 2020/04/02 20:47:54 1 4096 3808545 2920864 473506 197 60248 37 25545 0 180369 0 0 2097152 0 0
SEP
MEM simgrid-vm 1585860475 2020/04/02 20:47:55 1 4096 3808545 2920933 473508 197 60248 39 25545 0 180369 0 0 2097152 0 0
SEP
MEM simgrid-vm 1585860476 2020/04/02 20:47:56 1 4096 3808545 2920902 473508 197 60252 39 25545 0 180369 0 0 2097152 0 0
SEP
MEM simgrid-vm 1585860477 2020/04/02 20:47:57 1 4096 3808545 2920902 473510 199 60249 42 25545 0 180369 0 0 2097152 0 0
SEP
MEM simgrid-vm 1585860478 2020/04/02 20:47:58 1 4096 3808545 2920902 473510 199 60253 42 25545 0 180369 0 0 2097152 0 0
SEP
MEM simgrid-vm 1585860479 2020/04/02 20:47:59 1 4096 3808545 2920902 473512 199 60252 39 25545 0 180369 0 0 2097152 0 0
SEP
MEM simgrid-vm 1585860480 2020/04/02 20:48:00 1 4096 3808545 2920902 473514 199 60257 41 25545 0 180369 0 0 2097152 0 0
SEP
MEM simgrid-vm 1585860481 2020/04/02 20:48:01 1 4096 3808545 2920894 473514 199 60267 41 25555 0 180369 0 0 2097152 0 0
SEP
MEM simgrid-vm 1585860482 2020/04/02 20:48:02 1 4096 3808545 2920894 473518 201 60260 49 25555 0 180369 0 0 2097152 0 0
SEP
MEM simgrid-vm 1585860483 2020/04/02 20:48:03 1 4096 3808545 2920890 473518 201 60265 49 25560 0 180369 0 0 2097152 0 0
SEP
MEM simgrid-vm 1585860484 2020/04/02 20:48:04 1 4096 3808545 2920890 473520 201 60266 52 25561 0 180369 0 0 2097152 0 0
SEP
MEM simgrid-vm 1585860485 2020/04/02 20:48:05 1 4096 3808545 2920833 473520 201 60262 52 25554 0 180369 0 0 2097152 0 0
SEP
MEM simgrid-vm 1585860486 2020/04/02 20:48:06 1 4096 3808545 2920833 473523 201 60265 55 25557 0 180369 0 0 2097152 0 0
SEP
MEM simgrid-vm 1585860487 2020/04/02 20:48:07 1 4096 3808545 2920833 473525 203 60261 57 25557 0 180369 0 0 2097152 0 0
SEP
MEM simgrid-vm 1585860488 2020/04/02 20:48:08 1 4096 3808545 2920833 473527 203 60264 59 25560 0 180369 0 0 2097152 0 0
SEP
MEM simgrid-vm 1585860489 2020/04/02 20:48:09 1 4096 3808545 2920833 473527 203 60253 31 25546 0 180369 0 0 2097152 0 0
SEP
MEM simgrid-vm 1585860490 2020/04/02 20:48:10 1 4096 3808545 2920825 473527 203 60258 31 25554 0 180369 0 0 2097152 0 0
SEP
MEM simgrid-vm 1585860491 2020/04/02 20:48:11 1 4096 3808545 2920821 473529 203 60261 33 25562 0 180369 0 0 2097152 0 0
SEP
MEM simgrid-vm 1585860492 2020/04/02 20:48:12 1 4096 3808545 2920821 473529 205 60264 41 25562 0 180369 0 0 2097152 0 0
SEP
MEM simgrid-vm 1585860493 2020/04/02 20:48:13 1 4096 3808545 2920817 473531 205 60271 43 25567 0 180369 0 0 2097152 0 0
SEP
MEM simgrid-vm 1585860494 2020/04/02 20:48:14 1 4096 3808545 2920813 473531 205 60277 35 25573 0 180369 0 0 2097152 0 0
SEP
MEM simgrid-vm 1585860495 2020/04/02 20:48:15 1 4096 3808545 2920774 473531 205 60286 35 25584 0 180369 0 0 2097152 0 0
SEP
MEM simgrid-vm 1585860496 2020/04/02 20:48:16 1 4096 3808545 2920786 473533 205 60274 37 25574 0 180369 0 0 2097152 0 0
SEP
MEM simgrid-vm 1585860497 2020/04/02 20:48:17 1 4096 3808545 2920786 473533 207 60274 39 25575 0 180369 0 0 2097152 0 0
SEP
MEM simgrid-vm 1585860498 2020/04/02 20:48:18 1 4096 3808545 2920786 473535 207 60282 41 25578 0 180369 0 0 2097152 0 0
SEP
MEM simgrid-vm 1585860499 2020/04/02 20:48:19 1 4096 3808545 2920786 473539 207 60277 44 25578 0 180369 0 0 2097152 0 0
SEP
MEM simgrid-vm 1585860500 2020/04/02 20:48:20 1 4096 3808545 2920786 473539 207 60279 45 25580 0 180369 0 0 2097152 0 0
SEP
MEM simgrid-vm 1585860501 2020/04/02 20:48:21 1 4096 3808545 2920786 473541 207 60279 47 25580 0 180369 0 0 2097152 0 0
SEP
MEM simgrid-vm 1585860502 2020/04/02 20:48:22 1 4096 3808545 2920786 473543 209 60287 53 25582 0 180369 0 0 2097152 0 0
SEP
MEM simgrid-vm 1585860503 2020/04/02 20:48:23 1 4096 3808545 2920786 473543 209 60286 53 25583 0 180369 0 0 2097152 0 0
SEP
MEM simgrid-vm 1585860504 2020/04/02 20:48:24 1 4096 3808545 2920786 473543 209 60283 49 25584 0 180369 0 0 2097152 0 0
SEP
MEM simgrid-vm 1585860505 2020/04/02 20:48:25 1 4096 3808545 2920786 473543 209 60283 49 25584 0 180369 0 0 2097152 0 0
SEP
MEM simgrid-vm 1585860506 2020/04/02 20:48:26 1 4096 3808545 2920786 473543 209 60284 49 25585 0 180369 0 0 2097152 0 0
SEP
MEM simgrid-vm 1585860507 2020/04/02 20:48:27 1 4096 3808545 2920724 473543 211 60284 51 25585 0 180369 0 0 2097152 0 0
SEP
MEM simgrid-vm 1585860508 2020/04/02 20:48:28 1 4096 3808545 2920752 473547 211 60264 51 25561 0 180369 0 0 2097152 0 0
SEP
MEM simgrid-vm 1585860509 2020/04/02 20:48:29 1 4096 3808545 3141730 473549 211 60213 46 25561 0 180369 0 0 2097152 0 0
SEP
MEM simgrid-vm 1585860510 2020/04/02 20:48:30 1 4096 3808545 3141890 473576 211 60183 54 25561 0 180369 0 0 2097152 0 0
SEP
MEM simgrid-vm 1585860511 2020/04/02 20:48:31 1 4096 3808545 3141890 473578 211 60170 56 25546 0 180369 0 0 2097152 0 0
SEP
MEM simgrid-vm 1585860512 2020/04/02 20:48:32 1 4096 3808545 3141890 473578 213 60179 58 25546 0 180369 0 0 2097152 0 0
SEP
MEM simgrid-vm 1585860513 2020/04/02 20:48:33 1 4096 3808545 3141894 473580 213 60165 63 25542 0 180369 0 0 2097152 0 0
SEP
MEM simgrid-vm 1585860514 2020/04/02 20:48:34 1 4096 3808545 3141910 473580 213 60152 46 25522 0 180369 0 0 2097152 0 0
SEP
MEM simgrid-vm 1585860515 2020/04/02 20:48:35 1 4096 3808545 3141912 473580 213 60158 46 25522 0 180369 0 0 2097152 0 0
SEP
MEM simgrid-vm 1585860516 2020/04/02 20:48:36 1 4096 3808545 3141908 473584 213 60152 50 25522 0 180369 0 0 2097152 0 0
SEP
MEM simgrid-vm 1585860517 2020/04/02 20:48:37 1 4096 3808545 3141908 473584 213 60152 50 25522 0 180369 0 0 2097152 0 0
SEP
MEM simgrid-vm 1585860518 2020/04/02 20:48:38 1 4096 3808545 3141908 473582 215 60152 50 25522 0 180369 0 0 2097152 0 0
SEP
MEM simgrid-vm 1585860519 2020/04/02 20:48:39 1 4096 3808545 3141908 473587 215 60152 56 25522 0 180369 0 0 2097152 0 0
SEP
MEM simgrid-vm 1585860520 2020/04/02 20:48:40 1 4096 3808545 3141908 473587 215 60152 56 25522 0 180369 0 0 2097152 0 0
SEP
MEM simgrid-vm 1585860521 2020/04/02 20:48:41 1 4096 3808545 3141908 473587 215 60159 56 25522 0 180369 0 0 2097152 0 0
SEP
MEM simgrid-vm 1585860522 2020/04/02 20:48:42 1 4096 3808545 3141904 473587 215 60150 56 25520 0 180369 0 0 2097152 0 0
SEP
MEM simgrid-vm 1585860523 2020/04/02 20:48:43 1 4096 3808545 3141900 473589 215 60153 58 25522 0 180369 0 0 2097152 0 0
SEP
MEM simgrid-vm 1585860524 2020/04/02 20:48:44 1 4096 3808545 3141900 473589 217 60152 31 25522 0 180369 0 0 2097152 0 0
SEP
MEM simgrid-vm 1585860525 2020/04/02 20:48:45 1 4096 3808545 3141892 473591 217 60160 33 25530 0 180369 0 0 2097152 0 0
SEP
MEM simgrid-vm 1585860526 2020/04/02 20:48:46 1 4096 3808545 3141888 473591 217 60164 33 25534 0 180369 0 0 2097152 0 0
SEP
MEM simgrid-vm 1585860527 2020/04/02 20:48:47 1 4096 3808545 3141884 473591 217 60169 33 25538 0 180369 0 0 2097152 0 0
SEP
MEM simgrid-vm 1585860528 2020/04/02 20:48:48 1 4096 3808545 3141880 473591 217 60177 33 25543 0 180369 0 0 2097152 0 0
SEP
MEM simgrid-vm 1585860529 2020/04/02 20:48:49 1 4096 3808545 3141880 473590 219 60175 29 25543 0 180369 0 0 2097152 0 0
SEP
MEM simgrid-vm 1585860530 2020/04/02 20:48:50 1 4096 3808545 3141884 473591 219 60172 27 25541 0 180369 0 0 2097152 0 0
SEP
MEM simgrid-vm 1585860531 2020/04/02 20:48:51 1 4096 3808545 3141884 473593 219 60171 29 25540 0 180369 0 0 2097152 0 0
SEP
MEM simgrid-vm 1585860532 2020/04/02 20:48:52 1 4096 3808545 3141884 473597 219 60174 33 25540 0 180369 0 0 2097152 0 0
SEP
MEM simgrid-vm 1585860533 2020/04/02 20:48:53 1 4096 3808545 3141884 473597 219 60174 33 25540 0 180369 0 0 2097152 0 0
SEP
MEM simgrid-vm 1585860534 2020/04/02 20:48:54 1 4096 3808545 3141884 473597 221 60172 37 25540 0 180369 0 0 2097152 0 0
SEP
MEM simgrid-vm 1585860535 2020/04/02 20:48:55 1 4096 3808545 3141884 473597 221 60172 38 25540 0 180369 0 0 2097152 0 0
SEP
MEM simgrid-vm 1585860536 2020/04/02 20:48:56 1 4096 3808545 3141884 473601 221 60172 42 25540 0 180369 0 0 2097152 0 0
SEP
MEM simgrid-vm 1585860537 2020/04/02 20:48:57 1 4096 3808545 3141884 473601 221 60172 42 25540 0 180369 0 0 2097152 0 0
SEP
MEM simgrid-vm 1585860538 2020/04/02 20:48:58 1 4096 3808545 3141880 473603 221 60173 44 25540 0 180369 0 0 2097152 0 0
SEP
MEM simgrid-vm 1585860539 2020/04/02 20:48:59 1 4096 3808545 3141880 473605 223 60183 44 25540 0 180369 0 0 2097152 0 0
SEP
MEM simgrid-vm 1585860540 2020/04/02 20:49:00 1 4096 3808545 3141876 473607 223 60177 46 25540 0 180369 0 0 2097152 0 0
SEP
MEM simgrid-vm 1585860541 2020/04/02 20:49:01 1 4096 3808545 3141876 473607 223 60179 46 25543 0 180369 0 0 2097152 0 0
SEP
MEM simgrid-vm 1585860542 2020/04/02 20:49:02 1 4096 3808545 3141884 473607 223 60171 46 25543 0 180369 0 0 2097152 0 0
SEP
MEM simgrid-vm 1585860543 2020/04/02 20:49:03 1 4096 3808545 3141900 473607 223 60148 46 25520 0 180369 0 0 2097152 0 0
SEP
MEM simgrid-vm 1585860544 2020/04/02 20:49:04 1 4096 3808545 3141900 473605 225 60148 40 25520 0 180369 0 0 2097152 0 0
SEP
MEM simgrid-vm 1585860545 2020/04/02 20:49:05 1 4096 3808545 3141900 473607 225 60162 42 25520 0 180369 0 0 2097152 0 0
SEP
MEM simgrid-vm 1585860546 2020/04/02 20:49:06 1 4096 3808545 3141900 473607 225 60153 42 25520 0 180369 0 0 2097152 0 0
SEP
MEM simgrid-vm 1585860547 2020/04/02 20:49:07 1 4096 3808545 3141900 473609 225 60148 44 25520 0 180369 0 0 2097152 0 0
SEP
MEM simgrid-vm 1585860548 2020/04/02 20:49:08 1 4096 3808545 3141900 473609 225 60147 44 25521 0 180369 0 0 2097152 0 0
SEP
MEM simgrid-vm 1585860549 2020/04/02 20:49:09 1 4096 3808545 3141900 473607 227 60153 40 25521 0 180369 0 0 2097152 0 0
SEP
MEM simgrid-vm 1585860550 2020/04/02 20:49:10 1 4096 3808545 3141900 473609 227 60157 44 25524 0 180369 0 0 2097152 0 0
SEP
MEM simgrid-vm 1585860551 2020/04/02 20:49:11 1 4096 3808545 3141900 473611 227 60154 46 25528 0 180369 0 0 2097152 0 0
SEP
MEM simgrid-vm 1585860552 2020/04/02 20:49:12 1 4096 3808545 3141485 473613 227 60154 49 25528 0 180369 0 0 2097152 0 0
SEP
MEM simgrid-vm 1585860553 2020/04/02 20:49:13 1 4096 3808545 3134326 477844 227 60377 52 25710 0 180377 0 0 2097152 0 0
SEP
