RESET
MEM simgrid-vm 1586299058 2020/04/07 22:37:38 12643929 4096 3808545 3428861 191583 83 58216 48 23769 0 184465 0 0 2097152 0 0
SEP
MEM simgrid-vm 1586299059 2020/04/07 22:37:39 1 4096 3808545 3391619 218511 83 57842 56 23388 0 184465 0 0 2097152 0 0
SEP
MEM simgrid-vm 1586299060 2020/04/07 22:37:40 1 4096 3808545 3374653 229617 83 57788 56 23372 0 184465 0 0 2097152 0 0
SEP
MEM simgrid-vm 1586299061 2020/04/07 22:37:41 1 4096 3808545 3334392 263626 86 57930 56 23488 0 184465 0 0 2097152 0 0
SEP
MEM simgrid-vm 1586299062 2020/04/07 22:37:42 1 4096 3808545 3256148 335121 86 58253 56 23788 0 184465 0 0 2097152 0 0
SEP
MEM simgrid-vm 1586299063 2020/04/07 22:37:43 1 4096 3808545 3235680 348498 86 58499 56 24024 0 184465 0 0 2097152 0 0
SEP
MEM simgrid-vm 1586299064 2020/04/07 22:37:44 1 4096 3808545 3227106 350810 86 58872 51 24360 0 184465 0 0 2097152 0 0
SEP
MEM simgrid-vm 1586299065 2020/04/07 22:37:45 1 4096 3808545 3214816 358970 86 59592 51 25036 0 184465 0 0 2097152 0 0
SEP
MEM simgrid-vm 1586299066 2020/04/07 22:37:46 1 4096 3808545 3194873 371097 88 60022 51 25371 0 184465 0 0 2097152 0 0
SEP
MEM simgrid-vm 1586299067 2020/04/07 22:37:47 1 4096 3808545 3120478 408091 88 60131 52 25461 0 184465 0 0 2097152 0 0
SEP
MEM simgrid-vm 1586299068 2020/04/07 22:37:48 1 4096 3808545 3056640 439887 88 60204 52 25539 0 184465 0 0 2097152 0 0
SEP
MEM simgrid-vm 1586299069 2020/04/07 22:37:49 1 4096 3808545 2988755 473833 88 60277 52 25615 0 184465 0 0 2097152 0 0
SEP
MEM simgrid-vm 1586299070 2020/04/07 22:37:50 1 4096 3808545 2909177 513810 88 60361 52 25687 0 184465 0 0 2097152 0 0
SEP
MEM simgrid-vm 1586299071 2020/04/07 22:37:51 1 4096 3808545 2838911 548800 89 60460 48 25789 0 184465 0 0 2097152 0 0
SEP
MEM simgrid-vm 1586299072 2020/04/07 22:37:52 1 4096 3808545 2816023 559247 91 60542 49 25869 0 184465 0 0 2097152 0 0
SEP
MEM simgrid-vm 1586299073 2020/04/07 22:37:53 1 4096 3808545 2816019 559247 91 60551 49 25870 0 184465 0 0 2097152 0 0
SEP
MEM simgrid-vm 1586299074 2020/04/07 22:37:54 1 4096 3808545 2816019 559247 91 60549 49 25870 0 184465 0 0 2097152 0 0
SEP
MEM simgrid-vm 1586299075 2020/04/07 22:37:55 1 4096 3808545 2816019 559249 91 60550 51 25873 0 184465 0 0 2097152 0 0
SEP
MEM simgrid-vm 1586299076 2020/04/07 22:37:56 1 4096 3808545 2815988 559250 95 60554 43 25875 0 184465 0 0 2097152 0 0
SEP
MEM simgrid-vm 1586299077 2020/04/07 22:37:57 1 4096 3808545 2816213 559251 95 60556 11 25875 0 184465 0 0 2097152 0 0
SEP
MEM simgrid-vm 1586299078 2020/04/07 22:37:58 1 4096 3808545 2816213 559250 98 60551 25 25875 0 184465 0 0 2097152 0 0
SEP
MEM simgrid-vm 1586299079 2020/04/07 22:37:59 1 4096 3808545 2816209 559259 98 60559 33 25875 0 184465 0 0 2097152 0 0
SEP
MEM simgrid-vm 1586299080 2020/04/07 22:38:00 1 4096 3808545 2816209 559259 98 60559 33 25875 0 184465 0 0 2097152 0 0
SEP
MEM simgrid-vm 1586299081 2020/04/07 22:38:01 1 4096 3808545 2816221 559259 98 60549 33 25876 0 184465 0 0 2097152 0 0
SEP
MEM simgrid-vm 1586299082 2020/04/07 22:38:02 1 4096 3808545 2816221 559261 98 60543 35 25876 0 184465 0 0 2097152 0 0
SEP
MEM simgrid-vm 1586299083 2020/04/07 22:38:03 1 4096 3808545 2816221 559261 98 60544 35 25874 0 184465 0 0 2097152 0 0
SEP
MEM simgrid-vm 1586299084 2020/04/07 22:38:04 1 4096 3808545 2829998 568558 100 60545 35 25874 0 184465 0 0 2097152 0 0
SEP
MEM simgrid-vm 1586299085 2020/04/07 22:38:05 1 4096 3808545 2823733 569874 100 60563 35 25898 0 184465 0 0 2097152 0 0
SEP
MEM simgrid-vm 1586299086 2020/04/07 22:38:06 1 4096 3808545 2808107 570629 103 60570 31 25902 0 184465 0 0 2097152 0 0
SEP
MEM simgrid-vm 1586299087 2020/04/07 22:38:07 1 4096 3808545 2798417 570629 103 60571 31 25902 0 184465 0 0 2097152 0 0
SEP
MEM simgrid-vm 1586299088 2020/04/07 22:38:08 1 4096 3808545 2797208 570629 103 60567 31 25902 0 184465 0 0 2097152 0 0
SEP
MEM simgrid-vm 1586299089 2020/04/07 22:38:09 1 4096 3808545 2797212 570633 103 60569 35 25902 0 184465 0 0 2097152 0 0
SEP
MEM simgrid-vm 1586299090 2020/04/07 22:38:10 1 4096 3808545 2796836 571012 105 60580 40 25902 0 184465 0 0 2097152 0 0
SEP
MEM simgrid-vm 1586299091 2020/04/07 22:38:11 1 4096 3808545 2724406 572429 105 60567 39 25902 0 184465 0 0 2097152 0 0
SEP
MEM simgrid-vm 1586299092 2020/04/07 22:38:12 1 4096 3808545 2723196 572430 105 60568 41 25902 0 184465 0 0 2097152 0 0
SEP
MEM simgrid-vm 1586299093 2020/04/07 22:38:13 1 4096 3808545 2720574 572430 105 60570 41 25902 0 184465 0 0 2097152 0 0
SEP
MEM simgrid-vm 1586299094 2020/04/07 22:38:14 1 4096 3808545 2714942 572434 105 60567 45 25904 0 184465 0 0 2097152 0 0
SEP
MEM simgrid-vm 1586299095 2020/04/07 22:38:15 1 4096 3808545 2714880 572432 107 60577 45 25904 0 184465 0 0 2097152 0 0
SEP
MEM simgrid-vm 1586299096 2020/04/07 22:38:16 1 4096 3808545 2714880 572436 107 60568 40 25904 0 184465 0 0 2097152 0 0
SEP
MEM simgrid-vm 1586299097 2020/04/07 22:38:17 1 4096 3808545 2714818 572438 107 60570 42 25907 0 184465 0 0 2097152 0 0
SEP
MEM simgrid-vm 1586299098 2020/04/07 22:38:18 1 4096 3808545 2714682 572437 108 60579 42 25913 0 184465 0 0 2097152 0 0
SEP
MEM simgrid-vm 1586299099 2020/04/07 22:38:19 1 4096 3808545 2714620 572453 108 60590 45 25922 0 184465 0 0 2097152 0 0
SEP
MEM simgrid-vm 1586299100 2020/04/07 22:38:20 1 4096 3808545 2714597 572453 108 60586 45 25918 0 184465 0 0 2097152 0 0
SEP
MEM simgrid-vm 1586299101 2020/04/07 22:38:21 1 4096 3808545 2714621 572451 110 60563 45 25896 0 184465 0 0 2097152 0 0
SEP
MEM simgrid-vm 1586299102 2020/04/07 22:38:22 1 4096 3808545 2714621 572455 110 60556 48 25891 0 184465 0 0 2097152 0 0
SEP
MEM simgrid-vm 1586299103 2020/04/07 22:38:23 1 4096 3808545 2714621 572455 110 60561 48 25891 0 184465 0 0 2097152 0 0
SEP
MEM simgrid-vm 1586299104 2020/04/07 22:38:24 1 4096 3808545 2714621 572455 110 60551 48 25880 0 184465 0 0 2097152 0 0
SEP
MEM simgrid-vm 1586299105 2020/04/07 22:38:25 1 4096 3808545 2714586 572455 110 60552 48 25880 0 184465 0 0 2097152 0 0
SEP
MEM simgrid-vm 1586299106 2020/04/07 22:38:26 1 4096 3808545 2713531 572457 110 60551 48 25880 0 184465 0 0 2097152 0 0
SEP
MEM simgrid-vm 1586299107 2020/04/07 22:38:27 1 4096 3808545 2709148 572457 112 60553 49 25884 0 184465 0 0 2097152 0 0
SEP
MEM simgrid-vm 1586299108 2020/04/07 22:38:28 1 4096 3808545 2707061 572457 112 60566 49 25892 0 184465 0 0 2097152 0 0
SEP
MEM simgrid-vm 1586299109 2020/04/07 22:38:29 1 4096 3808545 2707053 572457 112 60575 49 25897 0 184465 0 0 2097152 0 0
SEP
MEM simgrid-vm 1586299110 2020/04/07 22:38:30 1 4096 3808545 2707049 572459 112 60575 51 25903 0 184465 0 0 2097152 0 0
SEP
MEM simgrid-vm 1586299111 2020/04/07 22:38:31 1 4096 3808545 2707041 572458 113 60589 51 25909 0 184465 0 0 2097152 0 0
SEP
MEM simgrid-vm 1586299112 2020/04/07 22:38:32 1 4096 3808545 2707057 572461 115 60573 32 25894 0 184465 0 0 2097152 0 0
SEP
MEM simgrid-vm 1586299113 2020/04/07 22:38:33 1 4096 3808545 2700355 572461 115 60566 32 25898 0 184465 0 0 2097152 0 0
SEP
MEM simgrid-vm 1586299114 2020/04/07 22:38:34 1 4096 3808545 2700293 572463 115 60564 34 25900 0 184465 0 0 2097152 0 0
SEP
MEM simgrid-vm 1586299115 2020/04/07 22:38:35 1 4096 3808545 2696225 572463 115 60532 34 25873 0 184465 0 0 2097152 0 0
SEP
MEM simgrid-vm 1586299116 2020/04/07 22:38:36 1 4096 3808545 2696225 572463 115 60538 34 25874 0 184465 0 0 2097152 0 0
SEP
MEM simgrid-vm 1586299117 2020/04/07 22:38:37 1 4096 3808545 2696225 572461 117 60544 34 25874 0 184465 0 0 2097152 0 0
SEP
MEM simgrid-vm 1586299118 2020/04/07 22:38:38 1 4096 3808545 2696194 572463 117 60539 35 25874 0 184465 0 0 2097152 0 0
SEP
MEM simgrid-vm 1586299119 2020/04/07 22:38:39 1 4096 3808545 2696194 572465 117 60537 37 25874 0 184465 0 0 2097152 0 0
SEP
MEM simgrid-vm 1586299120 2020/04/07 22:38:40 1 4096 3808545 2696194 572467 117 60536 39 25874 0 184465 0 0 2097152 0 0
SEP
MEM simgrid-vm 1586299121 2020/04/07 22:38:41 1 4096 3808545 2696194 572469 117 60544 41 25874 0 184465 0 0 2097152 0 0
SEP
MEM simgrid-vm 1586299122 2020/04/07 22:38:42 1 4096 3808545 2696124 572469 117 60545 39 25882 0 184465 0 0 2097152 0 0
SEP
MEM simgrid-vm 1586299123 2020/04/07 22:38:43 1 4096 3808545 2696124 572469 119 60556 41 25882 0 184465 0 0 2097152 0 0
SEP
MEM simgrid-vm 1586299124 2020/04/07 22:38:44 1 4096 3808545 2696124 572469 119 60544 41 25882 0 184465 0 0 2097152 0 0
SEP
MEM simgrid-vm 1586299125 2020/04/07 22:38:45 1 4096 3808545 2696124 572470 119 60551 42 25885 0 184465 0 0 2097152 0 0
SEP
MEM simgrid-vm 1586299126 2020/04/07 22:38:46 1 4096 3808545 2696089 572470 119 60554 42 25889 0 184465 0 0 2097152 0 0
SEP
MEM simgrid-vm 1586299127 2020/04/07 22:38:47 1 4096 3808545 2696085 572474 119 60550 41 25886 0 184465 0 0 2097152 0 0
SEP
MEM simgrid-vm 1586299128 2020/04/07 22:38:48 1 4096 3808545 2696085 572481 119 60546 48 25886 0 184465 0 0 2097152 0 0
SEP
MEM simgrid-vm 1586299129 2020/04/07 22:38:49 1 4096 3808545 2696093 572481 121 60544 52 25878 0 184465 0 0 2097152 0 0
SEP
MEM simgrid-vm 1586299130 2020/04/07 22:38:50 1 4096 3808545 2696062 572481 121 60549 52 25878 0 184465 0 0 2097152 0 0
SEP
MEM simgrid-vm 1586299131 2020/04/07 22:38:51 1 4096 3808545 2696031 572481 121 60543 52 25879 0 184465 0 0 2097152 0 0
SEP
MEM simgrid-vm 1586299132 2020/04/07 22:38:52 1 4096 3808545 2696031 572483 121 60549 45 25879 0 184465 0 0 2097152 0 0
SEP
MEM simgrid-vm 1586299133 2020/04/07 22:38:53 1 4096 3808545 2696031 572485 121 60547 47 25880 0 184465 0 0 2097152 0 0
SEP
MEM simgrid-vm 1586299134 2020/04/07 22:38:54 1 4096 3808545 2695996 572485 123 60549 51 25880 0 184465 0 0 2097152 0 0
SEP
MEM simgrid-vm 1586299135 2020/04/07 22:38:55 1 4096 3808545 2695934 572485 123 60549 51 25880 0 184465 0 0 2097152 0 0
SEP
MEM simgrid-vm 1586299136 2020/04/07 22:38:56 1 4096 3808545 2695717 572485 123 60549 45 25880 0 184465 0 0 2097152 0 0
SEP
MEM simgrid-vm 1586299137 2020/04/07 22:38:57 1 4096 3808545 2695713 572489 123 60560 49 25880 0 184465 0 0 2097152 0 0
SEP
MEM simgrid-vm 1586299138 2020/04/07 22:38:58 1 4096 3808545 2695682 572489 123 60556 49 25880 0 184465 0 0 2097152 0 0
SEP
MEM simgrid-vm 1586299139 2020/04/07 22:38:59 1 4096 3808545 2695682 572487 125 60550 49 25880 0 184465 0 0 2097152 0 0
SEP
MEM simgrid-vm 1586299140 2020/04/07 22:39:00 1 4096 3808545 2695682 572489 125 60551 51 25880 0 184465 0 0 2097152 0 0
SEP
MEM simgrid-vm 1586299141 2020/04/07 22:39:01 1 4096 3808545 2695674 572493 125 60564 56 25884 0 184465 0 0 2097152 0 0
SEP
MEM simgrid-vm 1586299142 2020/04/07 22:39:02 1 4096 3808545 2695674 572495 125 60563 56 25875 0 184465 0 0 2097152 0 0
SEP
MEM simgrid-vm 1586299143 2020/04/07 22:39:03 1 4096 3808545 2695662 572495 125 60566 56 25883 0 184465 0 0 2097152 0 0
SEP
MEM simgrid-vm 1586299144 2020/04/07 22:39:04 1 4096 3808545 2695627 572497 125 60574 58 25887 0 184465 0 0 2097152 0 0
SEP
MEM simgrid-vm 1586299145 2020/04/07 22:39:05 1 4096 3808545 2695627 572499 127 60570 61 25899 0 184465 0 0 2097152 0 0
SEP
MEM simgrid-vm 1586299146 2020/04/07 22:39:06 1 4096 3808545 2695627 572501 127 60573 63 25899 0 184465 0 0 2097152 0 0
SEP
MEM simgrid-vm 1586299147 2020/04/07 22:39:07 1 4096 3808545 2695627 572501 127 60572 35 25900 0 184465 0 0 2097152 0 0
SEP
MEM simgrid-vm 1586299148 2020/04/07 22:39:08 1 4096 3808545 2695647 572501 127 60553 35 25882 0 184465 0 0 2097152 0 0
SEP
MEM simgrid-vm 1586299149 2020/04/07 22:39:09 1 4096 3808545 2695647 572501 127 60566 35 25884 0 184465 0 0 2097152 0 0
SEP
MEM simgrid-vm 1586299150 2020/04/07 22:39:10 1 4096 3808545 2695647 572499 129 60559 35 25887 0 184465 0 0 2097152 0 0
SEP
MEM simgrid-vm 1586299151 2020/04/07 22:39:11 1 4096 3808545 2695647 572503 129 60558 40 25884 0 184465 0 0 2097152 0 0
SEP
MEM simgrid-vm 1586299152 2020/04/07 22:39:12 1 4096 3808545 2695639 572507 129 60561 34 25889 0 184465 0 0 2097152 0 0
SEP
MEM simgrid-vm 1586299153 2020/04/07 22:39:13 1 4096 3808545 2695631 572507 129 60567 34 25897 0 184465 0 0 2097152 0 0
SEP
MEM simgrid-vm 1586299154 2020/04/07 22:39:14 1 4096 3808545 2695627 572507 129 60572 34 25901 0 184465 0 0 2097152 0 0
SEP
MEM simgrid-vm 1586299155 2020/04/07 22:39:15 1 4096 3808545 2695623 572509 129 60579 36 25905 0 184465 0 0 2097152 0 0
SEP
MEM simgrid-vm 1586299156 2020/04/07 22:39:16 1 4096 3808545 2695647 572509 131 60561 48 25881 0 184465 0 0 2097152 0 0
SEP
MEM simgrid-vm 1586299157 2020/04/07 22:39:17 1 4096 3808545 2695616 572509 131 60563 48 25881 0 184465 0 0 2097152 0 0
SEP
MEM simgrid-vm 1586299158 2020/04/07 22:39:18 1 4096 3808545 2695608 572510 131 60558 49 25885 0 184465 0 0 2097152 0 0
SEP
MEM simgrid-vm 1586299159 2020/04/07 22:39:19 1 4096 3808545 2695600 572510 131 60569 49 25893 0 184465 0 0 2097152 0 0
SEP
MEM simgrid-vm 1586299160 2020/04/07 22:39:20 1 4096 3808545 2695608 572512 131 60559 51 25885 0 184465 0 0 2097152 0 0
SEP
MEM simgrid-vm 1586299161 2020/04/07 22:39:21 1 4096 3808545 2695608 572516 133 60556 55 25885 0 184465 0 0 2097152 0 0
SEP
MEM simgrid-vm 1586299162 2020/04/07 22:39:22 1 4096 3808545 2695608 572516 133 60560 49 25885 0 184465 0 0 2097152 0 0
SEP
MEM simgrid-vm 1586299163 2020/04/07 22:39:23 1 4096 3808545 2695608 572518 133 60556 51 25885 0 184465 0 0 2097152 0 0
SEP
MEM simgrid-vm 1586299164 2020/04/07 22:39:24 1 4096 3808545 2695636 572518 133 60528 51 25858 0 184465 0 0 2097152 0 0
SEP
MEM simgrid-vm 1586299165 2020/04/07 22:39:25 1 4096 3808545 2695636 572518 133 60530 51 25861 0 184465 0 0 2097152 0 0
SEP
MEM simgrid-vm 1586299166 2020/04/07 22:39:26 1 4096 3808545 2695636 572516 135 60534 51 25863 0 184465 0 0 2097152 0 0
SEP
MEM simgrid-vm 1586299167 2020/04/07 22:39:27 1 4096 3808545 2695628 572520 135 60547 57 25871 0 184465 0 0 2097152 0 0
SEP
MEM simgrid-vm 1586299168 2020/04/07 22:39:28 1 4096 3808545 2695589 572520 135 60552 57 25879 0 184465 0 0 2097152 0 0
SEP
MEM simgrid-vm 1586299169 2020/04/07 22:39:29 1 4096 3808545 2695585 572520 135 60562 57 25884 0 184465 0 0 2097152 0 0
SEP
MEM simgrid-vm 1586299170 2020/04/07 22:39:30 1 4096 3808545 2695581 572520 135 60565 57 25890 0 184465 0 0 2097152 0 0
SEP
MEM simgrid-vm 1586299171 2020/04/07 22:39:31 1 4096 3808545 2695573 572520 135 60575 57 25899 0 184465 0 0 2097152 0 0
SEP
MEM simgrid-vm 1586299172 2020/04/07 22:39:32 1 4096 3808545 2695573 572520 137 60572 51 25899 0 184465 0 0 2097152 0 0
SEP
MEM simgrid-vm 1586299173 2020/04/07 22:39:33 1 4096 3808545 2695538 572522 137 60576 53 25899 0 184465 0 0 2097152 0 0
SEP
MEM simgrid-vm 1586299174 2020/04/07 22:39:34 1 4096 3808545 2695538 572522 137 60576 53 25900 0 184465 0 0 2097152 0 0
SEP
MEM simgrid-vm 1586299175 2020/04/07 22:39:35 1 4096 3808545 2695534 572524 137 60584 55 25901 0 184465 0 0 2097152 0 0
SEP
MEM simgrid-vm 1586299176 2020/04/07 22:39:36 1 4096 3808545 2695526 572524 137 60603 55 25912 0 184465 0 0 2097152 0 0
SEP
MEM simgrid-vm 1586299177 2020/04/07 22:39:37 1 4096 3808545 2695511 572524 139 60583 45 25913 0 184465 0 0 2097152 0 0
SEP
MEM simgrid-vm 1586299178 2020/04/07 22:39:38 1 4096 3808545 2695507 572528 139 60585 50 25920 0 184465 0 0 2097152 0 0
SEP
MEM simgrid-vm 1586299179 2020/04/07 22:39:39 1 4096 3808545 2695503 572528 139 60592 50 25925 0 184465 0 0 2097152 0 0
SEP
MEM simgrid-vm 1586299180 2020/04/07 22:39:40 1 4096 3808545 2695503 572528 139 60592 50 25926 0 184465 0 0 2097152 0 0
SEP
MEM simgrid-vm 1586299181 2020/04/07 22:39:41 1 4096 3808545 2695472 572530 139 60598 52 25927 0 184465 0 0 2097152 0 0
SEP
MEM simgrid-vm 1586299182 2020/04/07 22:39:42 1 4096 3808545 2695460 572530 139 60615 22 25943 0 184465 0 0 2097152 0 0
SEP
MEM simgrid-vm 1586299183 2020/04/07 22:39:43 1 4096 3808545 2695460 572530 141 60606 27 25943 0 184465 0 0 2097152 0 0
SEP
MEM simgrid-vm 1586299184 2020/04/07 22:39:44 1 4096 3808545 2695464 572530 141 60610 27 25941 0 184465 0 0 2097152 0 0
SEP
MEM simgrid-vm 1586299185 2020/04/07 22:39:45 1 4096 3808545 2695464 572530 141 60603 27 25941 0 184465 0 0 2097152 0 0
SEP
MEM simgrid-vm 1586299186 2020/04/07 22:39:46 1 4096 3808545 2695433 572532 141 60610 29 25941 0 184465 0 0 2097152 0 0
SEP
MEM simgrid-vm 1586299187 2020/04/07 22:39:47 1 4096 3808545 2695433 572532 141 60619 27 25941 0 184465 0 0 2097152 0 0
SEP
MEM simgrid-vm 1586299188 2020/04/07 22:39:48 1 4096 3808545 2695433 572534 143 60604 33 25941 0 184465 0 0 2097152 0 0
SEP
MEM simgrid-vm 1586299189 2020/04/07 22:39:49 1 4096 3808545 2695433 572534 143 60610 33 25942 0 184465 0 0 2097152 0 0
SEP
MEM simgrid-vm 1586299190 2020/04/07 22:39:50 1 4096 3808545 2695433 572534 143 60607 33 25942 0 184465 0 0 2097152 0 0
SEP
MEM simgrid-vm 1586299191 2020/04/07 22:39:51 1 4096 3808545 2695433 572535 143 60609 34 25942 0 184465 0 0 2097152 0 0
SEP
MEM simgrid-vm 1586299192 2020/04/07 22:39:52 1 4096 3808545 2695433 572535 143 60601 24 25938 0 184465 0 0 2097152 0 0
SEP
MEM simgrid-vm 1586299193 2020/04/07 22:39:53 1 4096 3808545 2695433 572535 145 60607 30 25938 0 184465 0 0 2097152 0 0
SEP
MEM simgrid-vm 1586299194 2020/04/07 22:39:54 1 4096 3808545 2695433 572537 145 60603 32 25938 0 184465 0 0 2097152 0 0
SEP
MEM simgrid-vm 1586299195 2020/04/07 22:39:55 1 4096 3808545 2695433 572537 145 60604 32 25938 0 184465 0 0 2097152 0 0
SEP
MEM simgrid-vm 1586299196 2020/04/07 22:39:56 1 4096 3808545 2695433 572541 145 60610 37 25938 0 184465 0 0 2097152 0 0
SEP
MEM simgrid-vm 1586299197 2020/04/07 22:39:57 1 4096 3808545 2695437 572541 145 60609 36 25938 0 184465 0 0 2097152 0 0
SEP
MEM simgrid-vm 1586299198 2020/04/07 22:39:58 1 4096 3808545 2695433 572543 147 60611 38 25938 0 184465 0 0 2097152 0 0
SEP
MEM simgrid-vm 1586299199 2020/04/07 22:39:59 1 4096 3808545 2695433 572543 147 60609 38 25938 0 184465 0 0 2097152 0 0
SEP
MEM simgrid-vm 1586299200 2020/04/07 22:40:00 1 4096 3808545 2695433 572543 147 60614 38 25938 0 184465 0 0 2097152 0 0
SEP
MEM simgrid-vm 1586299201 2020/04/07 22:40:01 1 4096 3808545 2695429 572543 147 60629 38 25938 0 184465 0 0 2097152 0 0
SEP
MEM simgrid-vm 1586299202 2020/04/07 22:40:02 1 4096 3808545 2695429 572545 147 60635 41 25938 0 184465 0 0 2097152 0 0
SEP
MEM simgrid-vm 1586299203 2020/04/07 22:40:03 1 4096 3808545 2695429 572545 149 60620 41 25938 0 184465 0 0 2097152 0 0
SEP
MEM simgrid-vm 1586299204 2020/04/07 22:40:04 1 4096 3808545 2695429 572545 149 60616 41 25938 0 184465 0 0 2097152 0 0
SEP
MEM simgrid-vm 1586299205 2020/04/07 22:40:05 1 4096 3808545 2695425 572549 149 60631 45 25939 0 184465 0 0 2097152 0 0
SEP
MEM simgrid-vm 1586299206 2020/04/07 22:40:06 1 4096 3808545 2695425 572549 149 60609 45 25927 0 184465 0 0 2097152 0 0
SEP
MEM simgrid-vm 1586299207 2020/04/07 22:40:07 1 4096 3808545 2695445 572549 149 60588 43 25902 0 184465 0 0 2097152 0 0
SEP
MEM simgrid-vm 1586299208 2020/04/07 22:40:08 1 4096 3808545 2695445 572547 151 60589 43 25902 0 184465 0 0 2097152 0 0
SEP
MEM simgrid-vm 1586299209 2020/04/07 22:40:09 1 4096 3808545 2695347 572549 151 60581 44 25902 0 184465 0 0 2097152 0 0
SEP
MEM simgrid-vm 1586299210 2020/04/07 22:40:10 1 4096 3808545 2695316 572551 151 60583 46 25902 0 184465 0 0 2097152 0 0
SEP
MEM simgrid-vm 1586299211 2020/04/07 22:40:11 1 4096 3808545 2695316 572553 151 60574 48 25902 0 184465 0 0 2097152 0 0
SEP
MEM simgrid-vm 1586299212 2020/04/07 22:40:12 1 4096 3808545 2695316 572555 151 60572 41 25902 0 184465 0 0 2097152 0 0
SEP
MEM simgrid-vm 1586299213 2020/04/07 22:40:13 1 4096 3808545 2695316 572561 151 60575 47 25902 0 184465 0 0 2097152 0 0
SEP
MEM simgrid-vm 1586299214 2020/04/07 22:40:14 1 4096 3808545 2695316 572561 153 60573 52 25902 0 184465 0 0 2097152 0 0
SEP
MEM simgrid-vm 1586299215 2020/04/07 22:40:15 1 4096 3808545 2695281 572561 153 60580 52 25906 0 184465 0 0 2097152 0 0
SEP
MEM simgrid-vm 1586299216 2020/04/07 22:40:16 1 4096 3808545 2695277 572563 153 60580 54 25910 0 184465 0 0 2097152 0 0
SEP
MEM simgrid-vm 1586299217 2020/04/07 22:40:17 1 4096 3808545 2695277 572565 153 60582 35 25910 0 184465 0 0 2097152 0 0
SEP
MEM simgrid-vm 1586299218 2020/04/07 22:40:18 1 4096 3808545 2695242 572567 153 60591 37 25914 0 184465 0 0 2097152 0 0
SEP
MEM simgrid-vm 1586299219 2020/04/07 22:40:19 1 4096 3808545 2695228 572567 155 60571 40 25898 0 184465 0 0 2097152 0 0
SEP
MEM simgrid-vm 1586299220 2020/04/07 22:40:20 1 4096 3808545 2694868 572567 155 60572 40 25901 0 184465 0 0 2097152 0 0
SEP
MEM simgrid-vm 1586299221 2020/04/07 22:40:21 1 4096 3808545 2694944 572567 155 60575 40 25901 0 184465 0 0 2097152 0 0
SEP
MEM simgrid-vm 1586299222 2020/04/07 22:40:22 1 4096 3808545 2694972 572567 155 60551 32 25876 0 184465 0 0 2097152 0 0
SEP
MEM simgrid-vm 1586299223 2020/04/07 22:40:23 1 4096 3808545 2694972 572567 155 60552 32 25878 0 184465 0 0 2097152 0 0
SEP
MEM simgrid-vm 1586299224 2020/04/07 22:40:24 1 4096 3808545 2694972 572570 155 60548 35 25878 0 184465 0 0 2097152 0 0
SEP
MEM simgrid-vm 1586299225 2020/04/07 22:40:25 1 4096 3808545 2694972 572570 157 60563 37 25880 0 184465 0 0 2097152 0 0
SEP
MEM simgrid-vm 1586299226 2020/04/07 22:40:26 1 4096 3808545 2694972 572574 157 60555 42 25881 0 184465 0 0 2097152 0 0
SEP
MEM simgrid-vm 1586299227 2020/04/07 22:40:27 1 4096 3808545 2694968 572576 157 60551 33 25877 0 184465 0 0 2097152 0 0
SEP
MEM simgrid-vm 1586299228 2020/04/07 22:40:28 1 4096 3808545 2694960 572576 157 60559 33 25885 0 184465 0 0 2097152 0 0
SEP
MEM simgrid-vm 1586299229 2020/04/07 22:40:29 1 4096 3808545 2694956 572578 157 60561 35 25889 0 184465 0 0 2097152 0 0
SEP
MEM simgrid-vm 1586299230 2020/04/07 22:40:30 1 4096 3808545 2694877 572578 157 60567 35 25893 0 184465 0 0 2097152 0 0
SEP
MEM simgrid-vm 1586299231 2020/04/07 22:40:31 1 4096 3808545 2694917 572578 159 60580 43 25893 0 184465 0 0 2097152 0 0
SEP
MEM simgrid-vm 1586299232 2020/04/07 22:40:32 1 4096 3808545 2693412 572580 159 60568 42 25893 0 184465 0 0 2097152 0 0
SEP
MEM simgrid-vm 1586299233 2020/04/07 22:40:33 1 4096 3808545 2693408 572580 159 60570 42 25893 0 184465 0 0 2097152 0 0
SEP
MEM simgrid-vm 1586299234 2020/04/07 22:40:34 1 4096 3808545 2693408 572582 159 60577 44 25893 0 184465 0 0 2097152 0 0
SEP
MEM simgrid-vm 1586299235 2020/04/07 22:40:35 1 4096 3808545 2693346 572582 159 60571 44 25893 0 184465 0 0 2097152 0 0
SEP
MEM simgrid-vm 1586299236 2020/04/07 22:40:36 1 4096 3808545 2693346 572580 161 60573 44 25893 0 184465 0 0 2097152 0 0
SEP
MEM simgrid-vm 1586299237 2020/04/07 22:40:37 1 4096 3808545 2693342 572582 161 60576 47 25893 0 184465 0 0 2097152 0 0
SEP
MEM simgrid-vm 1586299238 2020/04/07 22:40:38 1 4096 3808545 2693342 572582 161 60580 47 25893 0 184465 0 0 2097152 0 0
SEP
MEM simgrid-vm 1586299239 2020/04/07 22:40:39 1 4096 3808545 2693307 572582 161 60581 47 25893 0 184465 0 0 2097152 0 0
SEP
MEM simgrid-vm 1586299240 2020/04/07 22:40:40 1 4096 3808545 2693307 572586 161 60594 51 25893 0 184465 0 0 2097152 0 0
SEP
MEM simgrid-vm 1586299241 2020/04/07 22:40:41 1 4096 3808545 2693322 572586 161 60565 51 25893 0 184465 0 0 2097152 0 0
SEP
MEM simgrid-vm 1586299242 2020/04/07 22:40:42 1 4096 3808545 2693322 572588 163 60566 49 25893 0 184465 0 0 2097152 0 0
SEP
MEM simgrid-vm 1586299243 2020/04/07 22:40:43 1 4096 3808545 2693322 572588 163 60559 49 25885 0 184465 0 0 2097152 0 0
SEP
MEM simgrid-vm 1586299244 2020/04/07 22:40:44 1 4096 3808545 2693322 572592 163 60557 53 25885 0 184465 0 0 2097152 0 0
SEP
MEM simgrid-vm 1586299245 2020/04/07 22:40:45 1 4096 3808545 2693322 572594 163 60560 56 25885 0 184465 0 0 2097152 0 0
SEP
MEM simgrid-vm 1586299246 2020/04/07 22:40:46 1 4096 3808545 2693322 572594 163 60560 56 25885 0 184465 0 0 2097152 0 0
SEP
MEM simgrid-vm 1586299247 2020/04/07 22:40:47 1 4096 3808545 2693322 572592 165 60560 54 25885 0 184465 0 0 2097152 0 0
SEP
MEM simgrid-vm 1586299248 2020/04/07 22:40:48 1 4096 3808545 2693322 572594 165 60557 55 25885 0 184465 0 0 2097152 0 0
SEP
MEM simgrid-vm 1586299249 2020/04/07 22:40:49 1 4096 3808545 2693322 572596 165 60555 57 25885 0 184465 0 0 2097152 0 0
SEP
MEM simgrid-vm 1586299250 2020/04/07 22:40:50 1 4096 3808545 2693291 572598 165 60560 59 25885 0 184465 0 0 2097152 0 0
SEP
MEM simgrid-vm 1586299251 2020/04/07 22:40:51 1 4096 3808545 2693306 572598 165 60559 59 25885 0 184465 0 0 2097152 0 0
SEP
MEM simgrid-vm 1586299252 2020/04/07 22:40:52 1 4096 3808545 2693302 572598 165 60566 26 25889 0 184465 0 0 2097152 0 0
SEP
MEM simgrid-vm 1586299253 2020/04/07 22:40:53 1 4096 3808545 2693294 572598 167 60576 36 25897 0 184465 0 0 2097152 0 0
SEP
MEM simgrid-vm 1586299254 2020/04/07 22:40:54 1 4096 3808545 2693290 572600 167 60573 38 25901 0 184465 0 0 2097152 0 0
SEP
MEM simgrid-vm 1586299255 2020/04/07 22:40:55 1 4096 3808545 2693294 572600 167 60573 38 25899 0 184465 0 0 2097152 0 0
SEP
MEM simgrid-vm 1586299256 2020/04/07 22:40:56 1 4096 3808545 2693294 572600 167 60572 34 25900 0 184465 0 0 2097152 0 0
SEP
MEM simgrid-vm 1586299257 2020/04/07 22:40:57 1 4096 3808545 2693294 572601 167 60578 35 25898 0 184465 0 0 2097152 0 0
SEP
MEM simgrid-vm 1586299258 2020/04/07 22:40:58 1 4096 3808545 2693294 572601 167 60571 35 25898 0 184465 0 0 2097152 0 0
SEP
MEM simgrid-vm 1586299259 2020/04/07 22:40:59 1 4096 3808545 2693294 572603 169 60580 40 25898 0 184465 0 0 2097152 0 0
SEP
MEM simgrid-vm 1586299260 2020/04/07 22:41:00 1 4096 3808545 2693294 572603 169 60572 40 25898 0 184465 0 0 2097152 0 0
SEP
MEM simgrid-vm 1586299261 2020/04/07 22:41:01 1 4096 3808545 2693216 572603 169 60571 40 25898 0 184465 0 0 2097152 0 0
SEP
MEM simgrid-vm 1586299262 2020/04/07 22:41:02 1 4096 3808545 2693242 572603 169 60575 38 25898 0 184465 0 0 2097152 0 0
SEP
MEM simgrid-vm 1586299263 2020/04/07 22:41:03 1 4096 3808545 2693242 572605 169 60576 41 25898 0 184465 0 0 2097152 0 0
SEP
MEM simgrid-vm 1586299264 2020/04/07 22:41:04 1 4096 3808545 2693242 572606 171 60578 44 25898 0 184465 0 0 2097152 0 0
SEP
MEM simgrid-vm 1586299265 2020/04/07 22:41:05 1 4096 3808545 2692561 572972 171 60588 44 25898 0 184465 0 0 2097152 0 0
SEP
MEM simgrid-vm 1586299266 2020/04/07 22:41:06 1 4096 3808545 2692460 572988 171 60608 47 25918 0 184465 0 0 2097152 0 0
SEP
MEM simgrid-vm 1586299267 2020/04/07 22:41:07 1 4096 3808545 2692637 573061 171 60609 40 25918 0 184465 0 0 2097152 0 0
SEP
MEM simgrid-vm 1586299268 2020/04/07 22:41:08 1 4096 3808545 2692683 573063 171 60607 43 25922 0 184465 0 0 2097152 0 0
SEP
MEM simgrid-vm 1586299269 2020/04/07 22:41:09 1 4096 3808545 2692679 573063 173 60610 41 25922 0 184465 0 0 2097152 0 0
SEP
MEM simgrid-vm 1586299270 2020/04/07 22:41:10 1 4096 3808545 2692679 573063 173 60610 41 25922 0 184465 0 0 2097152 0 0
SEP
MEM simgrid-vm 1586299271 2020/04/07 22:41:11 1 4096 3808545 2692670 573063 173 60614 41 25922 0 184465 0 0 2097152 0 0
SEP
MEM simgrid-vm 1586299272 2020/04/07 22:41:12 1 4096 3808545 2692696 573063 173 60615 37 25922 0 184465 0 0 2097152 0 0
SEP
MEM simgrid-vm 1586299273 2020/04/07 22:41:13 1 4096 3808545 2692679 573065 173 60612 39 25924 0 184465 0 0 2097152 0 0
SEP
MEM simgrid-vm 1586299274 2020/04/07 22:41:14 1 4096 3808545 2692671 573069 175 60628 44 25933 0 184465 0 0 2097152 0 0
SEP
MEM simgrid-vm 1586299275 2020/04/07 22:41:15 1 4096 3808545 2692671 573069 175 60622 44 25933 0 184465 0 0 2097152 0 0
SEP
MEM simgrid-vm 1586299276 2020/04/07 22:41:16 1 4096 3808545 2692671 573069 175 60623 44 25933 0 184465 0 0 2097152 0 0
SEP
MEM simgrid-vm 1586299277 2020/04/07 22:41:17 1 4096 3808545 2692671 573073 175 60628 42 25933 0 184465 0 0 2097152 0 0
SEP
MEM simgrid-vm 1586299278 2020/04/07 22:41:18 1 4096 3808545 2692671 573079 175 60627 48 25933 0 184465 0 0 2097152 0 0
SEP
MEM simgrid-vm 1586299279 2020/04/07 22:41:19 1 4096 3808545 2692671 573079 177 60623 54 25933 0 184465 0 0 2097152 0 0
SEP
MEM simgrid-vm 1586299280 2020/04/07 22:41:20 1 4096 3808545 2692671 573079 177 60622 54 25933 0 184465 0 0 2097152 0 0
SEP
MEM simgrid-vm 1586299281 2020/04/07 22:41:21 1 4096 3808545 2692671 573079 177 60623 54 25933 0 184465 0 0 2097152 0 0
SEP
MEM simgrid-vm 1586299282 2020/04/07 22:41:22 1 4096 3808545 2692606 573079 177 60623 52 25933 0 184465 0 0 2097152 0 0
SEP
MEM simgrid-vm 1586299283 2020/04/07 22:41:23 1 4096 3808545 2692659 573079 177 60607 52 25913 0 184465 0 0 2097152 0 0
SEP
MEM simgrid-vm 1586299284 2020/04/07 22:41:24 1 4096 3808545 2692628 573081 179 60602 56 25909 0 184465 0 0 2097152 0 0
SEP
MEM simgrid-vm 1586299285 2020/04/07 22:41:25 1 4096 3808545 2692628 573085 179 60607 59 25909 0 184465 0 0 2097152 0 0
SEP
MEM simgrid-vm 1586299286 2020/04/07 22:41:26 1 4096 3808545 2692628 573085 179 60593 59 25908 0 184465 0 0 2097152 0 0
SEP
MEM simgrid-vm 1586299287 2020/04/07 22:41:27 1 4096 3808545 2692686 573085 179 60595 31 25908 0 184465 0 0 2097152 0 0
SEP
MEM simgrid-vm 1586299288 2020/04/07 22:41:28 1 4096 3808545 2692686 573085 179 60594 31 25908 0 184465 0 0 2097152 0 0
SEP
MEM simgrid-vm 1586299289 2020/04/07 22:41:29 1 4096 3808545 2692686 573085 179 60601 31 25908 0 184465 0 0 2097152 0 0
SEP
MEM simgrid-vm 1586299290 2020/04/07 22:41:30 1 4096 3808545 2692682 573086 181 60600 37 25912 0 184465 0 0 2097152 0 0
SEP
MEM simgrid-vm 1586299291 2020/04/07 22:41:31 1 4096 3808545 2692682 573086 181 60602 37 25912 0 184465 0 0 2097152 0 0
SEP
MEM simgrid-vm 1586299292 2020/04/07 22:41:32 1 4096 3808545 2692678 573088 181 60603 37 25916 0 184465 0 0 2097152 0 0
SEP
MEM simgrid-vm 1586299293 2020/04/07 22:41:33 1 4096 3808545 2692647 573088 181 60607 37 25918 0 184465 0 0 2097152 0 0
SEP
MEM simgrid-vm 1586299294 2020/04/07 22:41:34 1 4096 3808545 2692647 573090 181 60607 40 25918 0 184465 0 0 2097152 0 0
SEP
MEM simgrid-vm 1586299295 2020/04/07 22:41:35 1 4096 3808545 2692643 573092 183 60609 46 25923 0 184465 0 0 2097152 0 0
SEP
MEM simgrid-vm 1586299296 2020/04/07 22:41:36 1 4096 3808545 2692643 573094 183 60612 48 25923 0 184465 0 0 2097152 0 0
SEP
MEM simgrid-vm 1586299297 2020/04/07 22:41:37 1 4096 3808545 2692643 573094 183 60616 37 25923 0 184465 0 0 2097152 0 0
SEP
MEM simgrid-vm 1586299298 2020/04/07 22:41:38 1 4096 3808545 2692643 573094 183 60610 37 25923 0 184465 0 0 2097152 0 0
SEP
MEM simgrid-vm 1586299299 2020/04/07 22:41:39 1 4096 3808545 2692635 573094 183 60619 37 25931 0 184465 0 0 2097152 0 0
SEP
MEM simgrid-vm 1586299300 2020/04/07 22:41:40 1 4096 3808545 2692631 573094 183 60625 37 25931 0 184465 0 0 2097152 0 0
SEP
MEM simgrid-vm 1586299301 2020/04/07 22:41:41 1 4096 3808545 2692631 573094 185 60623 39 25931 0 184465 0 0 2097152 0 0
SEP
MEM simgrid-vm 1586299302 2020/04/07 22:41:42 1 4096 3808545 2692623 573096 185 60638 38 25935 0 184465 0 0 2097152 0 0
SEP
MEM simgrid-vm 1586299303 2020/04/07 22:41:43 1 4096 3808545 2692619 573098 185 60643 40 25939 0 184465 0 0 2097152 0 0
SEP
MEM simgrid-vm 1586299304 2020/04/07 22:41:44 1 4096 3808545 2692607 573100 185 60662 42 25947 0 184465 0 0 2097152 0 0
SEP
MEM simgrid-vm 1586299305 2020/04/07 22:41:45 1 4096 3808545 2692619 573100 185 60639 42 25951 0 184465 0 0 2097152 0 0
SEP
MEM simgrid-vm 1586299306 2020/04/07 22:41:46 1 4096 3808545 2692619 573098 187 60640 42 25951 0 184465 0 0 2097152 0 0
SEP
MEM simgrid-vm 1586299307 2020/04/07 22:41:47 1 4096 3808545 2692619 573100 187 60637 45 25951 0 184465 0 0 2097152 0 0
SEP
MEM simgrid-vm 1586299308 2020/04/07 22:41:48 1 4096 3808545 2692619 573102 187 60643 47 25951 0 184465 0 0 2097152 0 0
SEP
MEM simgrid-vm 1586299309 2020/04/07 22:41:49 1 4096 3808545 2692619 573102 187 60635 47 25951 0 184465 0 0 2097152 0 0
SEP
MEM simgrid-vm 1586299310 2020/04/07 22:41:50 1 4096 3808545 2692611 573104 187 60651 49 25961 0 184465 0 0 2097152 0 0
SEP
MEM simgrid-vm 1586299311 2020/04/07 22:41:51 1 4096 3808545 2692603 573106 187 60659 51 25971 0 184465 0 0 2097152 0 0
SEP
MEM simgrid-vm 1586299312 2020/04/07 22:41:52 1 4096 3808545 2692615 573108 189 60640 43 25955 0 184465 0 0 2097152 0 0
SEP
MEM simgrid-vm 1586299313 2020/04/07 22:41:53 1 4096 3808545 2692615 573108 189 60641 43 25955 0 184465 0 0 2097152 0 0
SEP
MEM simgrid-vm 1586299314 2020/04/07 22:41:54 1 4096 3808545 2692615 573108 189 60638 43 25955 0 184465 0 0 2097152 0 0
SEP
MEM simgrid-vm 1586299315 2020/04/07 22:41:55 1 4096 3808545 2692635 573110 189 60624 45 25935 0 184465 0 0 2097152 0 0
SEP
MEM simgrid-vm 1586299316 2020/04/07 22:41:56 1 4096 3808545 2692635 573112 189 60627 47 25935 0 184465 0 0 2097152 0 0
SEP
MEM simgrid-vm 1586299317 2020/04/07 22:41:57 1 4096 3808545 2692635 573112 191 60630 48 25935 0 184465 0 0 2097152 0 0
SEP
MEM simgrid-vm 1586299318 2020/04/07 22:41:58 1 4096 3808545 2692635 573112 191 60625 48 25935 0 184465 0 0 2097152 0 0
SEP
MEM simgrid-vm 1586299319 2020/04/07 22:41:59 1 4096 3808545 2692635 573112 191 60626 48 25935 0 184465 0 0 2097152 0 0
SEP
MEM simgrid-vm 1586299320 2020/04/07 22:42:00 1 4096 3808545 2692635 573114 191 60623 50 25935 0 184465 0 0 2097152 0 0
SEP
MEM simgrid-vm 1586299321 2020/04/07 22:42:01 1 4096 3808545 2692635 573114 191 60630 50 25935 0 184465 0 0 2097152 0 0
SEP
MEM simgrid-vm 1586299322 2020/04/07 22:42:02 1 4096 3808545 2692635 573114 193 60627 27 25935 0 184465 0 0 2097152 0 0
SEP
MEM simgrid-vm 1586299323 2020/04/07 22:42:03 1 4096 3808545 2692635 573117 193 60628 30 25935 0 184465 0 0 2097152 0 0
SEP
MEM simgrid-vm 1586299324 2020/04/07 22:42:04 1 4096 3808545 2692635 573119 193 60621 33 25935 0 184465 0 0 2097152 0 0
SEP
MEM simgrid-vm 1586299325 2020/04/07 22:42:05 1 4096 3808545 2692635 573121 193 60620 35 25935 0 184465 0 0 2097152 0 0
SEP
MEM simgrid-vm 1586299326 2020/04/07 22:42:06 1 4096 3808545 2692631 573123 193 60624 37 25936 0 184465 0 0 2097152 0 0
SEP
MEM simgrid-vm 1586299327 2020/04/07 22:42:07 1 4096 3808545 2692080 573127 195 60622 40 25937 0 184465 0 0 2097152 0 0
SEP
MEM simgrid-vm 1586299328 2020/04/07 22:42:08 1 4096 3808545 2692076 573129 195 60635 42 25947 0 184465 0 0 2097152 0 0
SEP
MEM simgrid-vm 1586299329 2020/04/07 22:42:09 1 4096 3808545 2692100 573129 195 60608 42 25923 0 184465 0 0 2097152 0 0
SEP
MEM simgrid-vm 1586299330 2020/04/07 22:42:10 1 4096 3808545 2692096 573131 195 60615 44 25923 0 184465 0 0 2097152 0 0
SEP
MEM simgrid-vm 1586299331 2020/04/07 22:42:11 1 4096 3808545 2692096 573133 195 60613 46 25923 0 184465 0 0 2097152 0 0
SEP
MEM simgrid-vm 1586299332 2020/04/07 22:42:12 1 4096 3808545 2692092 573133 197 60620 46 25927 0 184465 0 0 2097152 0 0
SEP
MEM simgrid-vm 1586299333 2020/04/07 22:42:13 1 4096 3808545 2692076 573133 197 60638 46 25940 0 184465 0 0 2097152 0 0
SEP
MEM simgrid-vm 1586299334 2020/04/07 22:42:14 1 4096 3808545 2692084 573135 197 60633 48 25934 0 184465 0 0 2097152 0 0
SEP
MEM simgrid-vm 1586299335 2020/04/07 22:42:15 1 4096 3808545 2692080 573137 197 60633 50 25935 0 184465 0 0 2097152 0 0
SEP
MEM simgrid-vm 1586299336 2020/04/07 22:42:16 1 4096 3808545 2692080 573137 197 60640 50 25936 0 184465 0 0 2097152 0 0
SEP
MEM simgrid-vm 1586299337 2020/04/07 22:42:17 1 4096 3808545 2692092 573139 199 60622 54 25936 0 184465 0 0 2097152 0 0
SEP
MEM simgrid-vm 1586299338 2020/04/07 22:42:18 1 4096 3808545 2692092 573139 199 60627 55 25936 0 184465 0 0 2097152 0 0
SEP
MEM simgrid-vm 1586299339 2020/04/07 22:42:19 1 4096 3808545 2692084 573143 199 60630 59 25944 0 184465 0 0 2097152 0 0
SEP
MEM simgrid-vm 1586299340 2020/04/07 22:42:20 1 4096 3808545 2692080 573143 199 60639 59 25948 0 184465 0 0 2097152 0 0
SEP
MEM simgrid-vm 1586299341 2020/04/07 22:42:21 1 4096 3808545 2692072 573145 199 60650 61 25956 0 184465 0 0 2097152 0 0
SEP
MEM simgrid-vm 1586299342 2020/04/07 22:42:22 1 4096 3808545 2692064 573145 199 60657 49 25965 0 184465 0 0 2097152 0 0
SEP
MEM simgrid-vm 1586299343 2020/04/07 22:42:23 1 4096 3808545 2692084 573147 201 60636 55 25946 0 184465 0 0 2097152 0 0
SEP
MEM simgrid-vm 1586299344 2020/04/07 22:42:24 1 4096 3808545 2692084 573147 201 60636 55 25948 0 184465 0 0 2097152 0 0
SEP
MEM simgrid-vm 1586299345 2020/04/07 22:42:25 1 4096 3808545 2692084 573147 201 60636 55 25949 0 184465 0 0 2097152 0 0
SEP
MEM simgrid-vm 1586299346 2020/04/07 22:42:26 1 4096 3808545 2692084 573147 201 60638 55 25951 0 184465 0 0 2097152 0 0
SEP
MEM simgrid-vm 1586299347 2020/04/07 22:42:27 1 4096 3808545 2692053 573151 201 60648 51 25951 0 184465 0 0 2097152 0 0
SEP
MEM simgrid-vm 1586299348 2020/04/07 22:42:28 1 4096 3808545 2692053 573151 203 60645 54 25951 0 184465 0 0 2097152 0 0
SEP
MEM simgrid-vm 1586299349 2020/04/07 22:42:29 1 4096 3808545 2692053 573151 203 60650 54 25952 0 184465 0 0 2097152 0 0
SEP
MEM simgrid-vm 1586299350 2020/04/07 22:42:30 1 4096 3808545 2692053 573151 203 60653 54 25953 0 184465 0 0 2097152 0 0
SEP
MEM simgrid-vm 1586299351 2020/04/07 22:42:31 1 4096 3808545 2692053 573151 203 60647 54 25953 0 184465 0 0 2097152 0 0
SEP
MEM simgrid-vm 1586299352 2020/04/07 22:42:32 1 4096 3808545 2692053 573151 203 60638 52 25942 0 184465 0 0 2097152 0 0
SEP
MEM simgrid-vm 1586299353 2020/04/07 22:42:33 1 4096 3808545 2692053 573151 205 60633 53 25942 0 184465 0 0 2097152 0 0
SEP
MEM simgrid-vm 1586299354 2020/04/07 22:42:34 1 4096 3808545 2692053 573151 205 60639 53 25942 0 184465 0 0 2097152 0 0
SEP
MEM simgrid-vm 1586299355 2020/04/07 22:42:35 1 4096 3808545 2692053 573151 205 60637 53 25942 0 184465 0 0 2097152 0 0
SEP
MEM simgrid-vm 1586299356 2020/04/07 22:42:36 1 4096 3808545 2692053 573152 205 60635 54 25936 0 184465 0 0 2097152 0 0
SEP
MEM simgrid-vm 1586299357 2020/04/07 22:42:37 1 4096 3808545 2692053 573154 205 60625 24 25936 0 184465 0 0 2097152 0 0
SEP
MEM simgrid-vm 1586299358 2020/04/07 22:42:38 1 4096 3808545 2692053 573154 207 60631 32 25936 0 184465 0 0 2097152 0 0
SEP
MEM simgrid-vm 1586299359 2020/04/07 22:42:39 1 4096 3808545 2692049 573154 207 60633 32 25936 0 184465 0 0 2097152 0 0
SEP
MEM simgrid-vm 1586299360 2020/04/07 22:42:40 1 4096 3808545 2692049 573154 207 60629 32 25936 0 184465 0 0 2097152 0 0
SEP
MEM simgrid-vm 1586299361 2020/04/07 22:42:41 1 4096 3808545 2692049 573154 207 60633 32 25936 0 184465 0 0 2097152 0 0
SEP
MEM simgrid-vm 1586299362 2020/04/07 22:42:42 1 4096 3808545 2692045 573156 207 60631 27 25936 0 184465 0 0 2097152 0 0
SEP
MEM simgrid-vm 1586299363 2020/04/07 22:42:43 1 4096 3808545 2692061 573156 209 60629 30 25936 0 184465 0 0 2097152 0 0
SEP
MEM simgrid-vm 1586299364 2020/04/07 22:42:44 1 4096 3808545 2692061 573158 209 60636 32 25936 0 184465 0 0 2097152 0 0
SEP
MEM simgrid-vm 1586299365 2020/04/07 22:42:45 1 4096 3808545 2692061 573158 209 60632 32 25936 0 184465 0 0 2097152 0 0
SEP
MEM simgrid-vm 1586299366 2020/04/07 22:42:46 1 4096 3808545 2692061 573158 209 60631 32 25936 0 184465 0 0 2097152 0 0
SEP
MEM simgrid-vm 1586299367 2020/04/07 22:42:47 1 4096 3808545 2692061 573158 209 60630 30 25936 0 184465 0 0 2097152 0 0
SEP
MEM simgrid-vm 1586299368 2020/04/07 22:42:48 1 4096 3808545 2692030 573158 209 60632 30 25936 0 184465 0 0 2097152 0 0
SEP
MEM simgrid-vm 1586299369 2020/04/07 22:42:49 1 4096 3808545 2692030 573158 211 60624 32 25936 0 184465 0 0 2097152 0 0
SEP
MEM simgrid-vm 1586299370 2020/04/07 22:42:50 1 4096 3808545 2692030 573158 211 60622 32 25936 0 184465 0 0 2097152 0 0
SEP
MEM simgrid-vm 1586299371 2020/04/07 22:42:51 1 4096 3808545 2692030 573162 211 60619 36 25936 0 184465 0 0 2097152 0 0
SEP
MEM simgrid-vm 1586299372 2020/04/07 22:42:52 1 4096 3808545 2692030 573164 211 60621 31 25936 0 184465 0 0 2097152 0 0
SEP
MEM simgrid-vm 1586299373 2020/04/07 22:42:53 1 4096 3808545 2692030 573164 211 60619 31 25936 0 184465 0 0 2097152 0 0
SEP
MEM simgrid-vm 1586299374 2020/04/07 22:42:54 1 4096 3808545 2692038 573164 213 60614 38 25928 0 184465 0 0 2097152 0 0
SEP
MEM simgrid-vm 1586299375 2020/04/07 22:42:55 1 4096 3808545 2692007 573164 213 60618 38 25928 0 184465 0 0 2097152 0 0
SEP
MEM simgrid-vm 1586299376 2020/04/07 22:42:56 1 4096 3808545 2692007 573166 213 60610 41 25929 0 184465 0 0 2097152 0 0
SEP
MEM simgrid-vm 1586299377 2020/04/07 22:42:57 1 4096 3808545 2692007 573166 213 60616 41 25931 0 184465 0 0 2097152 0 0
SEP
MEM simgrid-vm 1586299378 2020/04/07 22:42:58 1 4096 3808545 2692007 573166 213 60620 41 25933 0 184465 0 0 2097152 0 0
SEP
MEM simgrid-vm 1586299379 2020/04/07 22:42:59 1 4096 3808545 2692003 573166 215 60628 41 25940 0 184465 0 0 2097152 0 0
SEP
MEM simgrid-vm 1586299380 2020/04/07 22:43:00 1 4096 3808545 2691995 573166 215 60645 41 25952 0 184465 0 0 2097152 0 0
SEP
MEM simgrid-vm 1586299381 2020/04/07 22:43:01 1 4096 3808545 2691991 573170 215 60650 45 25958 0 184465 0 0 2097152 0 0
SEP
MEM simgrid-vm 1586299382 2020/04/07 22:43:02 1 4096 3808545 2691983 573170 215 60651 39 25964 0 184465 0 0 2097152 0 0
SEP
MEM simgrid-vm 1586299383 2020/04/07 22:43:03 1 4096 3808545 2691983 573170 215 60649 39 25964 0 184465 0 0 2097152 0 0
SEP
MEM simgrid-vm 1586299384 2020/04/07 22:43:04 1 4096 3808545 2691983 573170 217 60656 42 25964 0 184465 0 0 2097152 0 0
SEP
MEM simgrid-vm 1586299385 2020/04/07 22:43:05 1 4096 3808545 2691979 573172 217 60657 45 25964 0 184465 0 0 2097152 0 0
SEP
MEM simgrid-vm 1586299386 2020/04/07 22:43:06 1 4096 3808545 2691979 573172 217 60661 45 25964 0 184465 0 0 2097152 0 0
SEP
MEM simgrid-vm 1586299387 2020/04/07 22:43:07 1 4096 3808545 2691979 573172 217 60663 45 25964 0 184465 0 0 2097152 0 0
SEP
MEM simgrid-vm 1586299388 2020/04/07 22:43:08 1 4096 3808545 2691975 573174 217 60657 47 25964 0 184465 0 0 2097152 0 0
SEP
MEM simgrid-vm 1586299389 2020/04/07 22:43:09 1 4096 3808545 2691975 573173 219 60656 48 25964 0 184465 0 0 2097152 0 0
SEP
MEM simgrid-vm 1586299390 2020/04/07 22:43:10 1 4096 3808545 2691975 573175 219 60656 48 25964 0 184465 0 0 2097152 0 0
SEP
MEM simgrid-vm 1586299391 2020/04/07 22:43:11 1 4096 3808545 2691971 573177 219 60663 51 25964 0 184465 0 0 2097152 0 0
SEP
MEM simgrid-vm 1586299392 2020/04/07 22:43:12 1 4096 3808545 2691971 573177 219 60663 26 25964 0 184465 0 0 2097152 0 0
SEP
MEM simgrid-vm 1586299393 2020/04/07 22:43:13 1 4096 3808545 2691967 573177 219 60675 26 25964 0 184465 0 0 2097152 0 0
SEP
MEM simgrid-vm 1586299394 2020/04/07 22:43:14 1 4096 3808545 2691963 573181 219 60674 30 25968 0 184465 0 0 2097152 0 0
SEP
MEM simgrid-vm 1586299395 2020/04/07 22:43:15 1 4096 3808545 2691987 573187 221 60646 42 25952 0 184465 0 0 2097152 0 0
SEP
MEM simgrid-vm 1586299396 2020/04/07 22:43:16 1 4096 3808545 2691987 573189 221 60645 44 25952 0 184465 0 0 2097152 0 0
SEP
MEM simgrid-vm 1586299397 2020/04/07 22:43:17 1 4096 3808545 2691987 573189 221 60648 39 25952 0 184465 0 0 2097152 0 0
SEP
MEM simgrid-vm 1586299398 2020/04/07 22:43:18 1 4096 3808545 2691987 573189 221 60637 39 25941 0 184465 0 0 2097152 0 0
SEP
MEM simgrid-vm 1586299399 2020/04/07 22:43:19 1 4096 3808545 2691987 573189 221 60635 39 25941 0 184465 0 0 2097152 0 0
SEP
MEM simgrid-vm 1586299400 2020/04/07 22:43:20 1 4096 3808545 2691987 573191 223 60636 47 25941 0 184465 0 0 2097152 0 0
SEP
MEM simgrid-vm 1586299401 2020/04/07 22:43:21 1 4096 3808545 2691987 573193 223 60633 49 25941 0 184465 0 0 2097152 0 0
SEP
MEM simgrid-vm 1586299402 2020/04/07 22:43:22 1 4096 3808545 2691987 573193 223 60636 47 25941 0 184465 0 0 2097152 0 0
SEP
MEM simgrid-vm 1586299403 2020/04/07 22:43:23 1 4096 3808545 2691987 573195 223 60634 49 25941 0 184465 0 0 2097152 0 0
SEP
MEM simgrid-vm 1586299404 2020/04/07 22:43:24 1 4096 3808545 2691983 573195 223 60639 49 25943 0 184465 0 0 2097152 0 0
SEP
MEM simgrid-vm 1586299405 2020/04/07 22:43:25 1 4096 3808545 2691979 573195 225 60656 51 25947 0 184465 0 0 2097152 0 0
SEP
MEM simgrid-vm 1586299406 2020/04/07 22:43:26 1 4096 3808545 2691975 573195 225 60652 51 25951 0 184465 0 0 2097152 0 0
SEP
MEM simgrid-vm 1586299407 2020/04/07 22:43:27 1 4096 3808545 2691999 573197 225 60627 45 25927 0 184465 0 0 2097152 0 0
SEP
MEM simgrid-vm 1586299408 2020/04/07 22:43:28 1 4096 3808545 2691999 573199 225 60624 47 25927 0 184465 0 0 2097152 0 0
SEP
MEM simgrid-vm 1586299409 2020/04/07 22:43:29 1 4096 3808545 2691999 573201 225 60623 49 25927 0 184465 0 0 2097152 0 0
SEP
MEM simgrid-vm 1586299410 2020/04/07 22:43:30 1 4096 3808545 2691999 573201 227 60623 54 25927 0 184465 0 0 2097152 0 0
SEP
MEM simgrid-vm 1586299411 2020/04/07 22:43:31 1 4096 3808545 2691964 573203 227 60631 57 25931 0 184465 0 0 2097152 0 0
SEP
MEM simgrid-vm 1586299412 2020/04/07 22:43:32 1 4096 3808545 2691964 573205 227 60639 57 25931 0 184465 0 0 2097152 0 0
SEP
MEM simgrid-vm 1586299413 2020/04/07 22:43:33 1 4096 3808545 2691964 573205 227 60637 57 25931 0 184465 0 0 2097152 0 0
SEP
MEM simgrid-vm 1586299414 2020/04/07 22:43:34 1 4096 3808545 2691960 573207 227 60631 59 25935 0 184465 0 0 2097152 0 0
SEP
MEM simgrid-vm 1586299415 2020/04/07 22:43:35 1 4096 3808545 2691956 573207 227 60634 59 25938 0 184465 0 0 2097152 0 0
SEP
MEM simgrid-vm 1586299416 2020/04/07 22:43:36 1 4096 3808545 2691964 573207 229 60626 63 25930 0 184465 0 0 2097152 0 0
SEP
MEM simgrid-vm 1586299417 2020/04/07 22:43:37 1 4096 3808545 2691964 573207 229 60625 60 25930 0 184465 0 0 2097152 0 0
SEP
MEM simgrid-vm 1586299418 2020/04/07 22:43:38 1 4096 3808545 2691996 573209 229 60599 62 25898 0 184465 0 0 2097152 0 0
SEP
MEM simgrid-vm 1586299419 2020/04/07 22:43:39 1 4096 3808545 2691996 573209 229 60598 62 25898 0 184465 0 0 2097152 0 0
SEP
MEM simgrid-vm 1586299420 2020/04/07 22:43:40 1 4096 3808545 2691996 573211 229 60590 64 25898 0 184465 0 0 2097152 0 0
SEP
MEM simgrid-vm 1586299421 2020/04/07 22:43:41 1 4096 3808545 2691992 573209 231 60596 64 25898 0 184465 0 0 2097152 0 0
SEP
MEM simgrid-vm 1586299422 2020/04/07 22:43:42 1 4096 3808545 2691992 573212 231 60598 56 25898 0 184465 0 0 2097152 0 0
SEP
MEM simgrid-vm 1586299423 2020/04/07 22:43:43 1 4096 3808545 2691988 573212 231 60615 56 25905 0 184465 0 0 2097152 0 0
SEP
MEM simgrid-vm 1586299424 2020/04/07 22:43:44 1 4096 3808545 2691980 573216 231 60615 60 25910 0 184465 0 0 2097152 0 0
SEP
MEM simgrid-vm 1586299425 2020/04/07 22:43:45 1 4096 3808545 2691976 573220 231 60621 64 25914 0 184465 0 0 2097152 0 0
SEP
MEM simgrid-vm 1586299426 2020/04/07 22:43:46 1 4096 3808545 2691968 573218 233 60632 64 25918 0 184465 0 0 2097152 0 0
SEP
MEM simgrid-vm 1586299427 2020/04/07 22:43:47 1 4096 3808545 2691953 573220 233 60608 28 25918 0 184465 0 0 2097152 0 0
SEP
MEM simgrid-vm 1586299428 2020/04/07 22:43:48 1 4096 3808545 2691922 573222 233 60613 30 25918 0 184465 0 0 2097152 0 0
SEP
MEM simgrid-vm 1586299429 2020/04/07 22:43:49 1 4096 3808545 2691918 573222 233 60617 30 25923 0 184465 0 0 2097152 0 0
SEP
MEM simgrid-vm 1586299430 2020/04/07 22:43:50 1 4096 3808545 2691910 573224 233 60625 32 25932 0 184465 0 0 2097152 0 0
SEP
MEM simgrid-vm 1586299431 2020/04/07 22:43:51 1 4096 3808545 2691902 573224 235 60641 41 25943 0 184465 0 0 2097152 0 0
SEP
MEM simgrid-vm 1586299432 2020/04/07 22:43:52 1 4096 3808545 2691914 573226 235 60627 43 25931 0 184465 0 0 2097152 0 0
SEP
MEM simgrid-vm 1586299433 2020/04/07 22:43:53 1 4096 3808545 2691914 573226 235 60624 43 25931 0 184465 0 0 2097152 0 0
SEP
MEM simgrid-vm 1586299434 2020/04/07 22:43:54 1 4096 3808545 2691914 573226 235 60621 43 25931 0 184465 0 0 2097152 0 0
SEP
MEM simgrid-vm 1586299435 2020/04/07 22:43:55 1 4096 3808545 2691914 573228 235 60624 45 25931 0 184465 0 0 2097152 0 0
SEP
MEM simgrid-vm 1586299436 2020/04/07 22:43:56 1 4096 3808545 2691914 573228 235 60627 45 25931 0 184465 0 0 2097152 0 0
SEP
MEM simgrid-vm 1586299437 2020/04/07 22:43:57 1 4096 3808545 2691914 573228 237 60621 47 25925 0 184465 0 0 2097152 0 0
SEP
MEM simgrid-vm 1586299438 2020/04/07 22:43:58 1 4096 3808545 3037159 573233 237 60569 52 25925 0 184465 0 0 2097152 0 0
SEP
MEM simgrid-vm 1586299439 2020/04/07 22:43:59 1 4096 3808545 3041361 573236 237 60532 56 25921 0 184465 0 0 2097152 0 0
SEP
MEM simgrid-vm 1586299440 2020/04/07 22:44:00 1 4096 3808545 3041378 573236 237 60539 56 25921 0 184465 0 0 2097152 0 0
SEP
MEM simgrid-vm 1586299441 2020/04/07 22:44:01 1 4096 3808545 3041378 573236 237 60532 56 25921 0 184465 0 0 2097152 0 0
SEP
MEM simgrid-vm 1586299442 2020/04/07 22:44:02 1 4096 3808545 3041378 573237 239 60530 54 25921 0 184465 0 0 2097152 0 0
SEP
MEM simgrid-vm 1586299443 2020/04/07 22:44:03 1 4096 3808545 3041380 573240 239 60530 61 25921 0 184465 0 0 2097152 0 0
SEP
MEM simgrid-vm 1586299444 2020/04/07 22:44:04 1 4096 3808545 3041380 573240 239 60530 61 25921 0 184465 0 0 2097152 0 0
SEP
MEM simgrid-vm 1586299445 2020/04/07 22:44:05 1 4096 3808545 3041380 573244 239 60530 65 25921 0 184465 0 0 2097152 0 0
SEP
MEM simgrid-vm 1586299446 2020/04/07 22:44:06 1 4096 3808545 3041380 573244 239 60527 0 25921 0 184465 0 0 2097152 0 0
SEP
MEM simgrid-vm 1586299447 2020/04/07 22:44:07 1 4096 3808545 3041380 573246 241 60528 1 25921 0 184465 0 0 2097152 0 0
SEP
MEM simgrid-vm 1586299448 2020/04/07 22:44:08 1 4096 3808545 3041380 573250 241 60528 34 25921 0 184465 0 0 2097152 0 0
SEP
MEM simgrid-vm 1586299449 2020/04/07 22:44:09 1 4096 3808545 3041380 573250 241 60528 34 25921 0 184465 0 0 2097152 0 0
SEP
MEM simgrid-vm 1586299450 2020/04/07 22:44:10 1 4096 3808545 3041376 573252 241 60532 36 25921 0 184465 0 0 2097152 0 0
SEP
MEM simgrid-vm 1586299451 2020/04/07 22:44:11 1 4096 3808545 3041376 573252 241 60532 36 25921 0 184465 0 0 2097152 0 0
SEP
MEM simgrid-vm 1586299452 2020/04/07 22:44:12 1 4096 3808545 3041372 573252 241 60535 36 25921 0 184465 0 0 2097152 0 0
SEP
MEM simgrid-vm 1586299453 2020/04/07 22:44:13 1 4096 3808545 3041372 573252 243 60538 36 25921 0 184465 0 0 2097152 0 0
SEP
MEM simgrid-vm 1586299454 2020/04/07 22:44:14 1 4096 3808545 3041368 573252 243 60541 36 25921 0 184465 0 0 2097152 0 0
SEP
MEM simgrid-vm 1586299455 2020/04/07 22:44:15 1 4096 3808545 3041368 573253 243 60549 37 25921 0 184465 0 0 2097152 0 0
SEP
MEM simgrid-vm 1586299456 2020/04/07 22:44:16 1 4096 3808545 3041368 573253 243 60544 37 25921 0 184465 0 0 2097152 0 0
SEP
MEM simgrid-vm 1586299457 2020/04/07 22:44:17 1 4096 3808545 3041364 573255 243 60549 39 25921 0 184465 0 0 2097152 0 0
SEP
MEM simgrid-vm 1586299458 2020/04/07 22:44:18 1 4096 3808545 3041364 573257 243 60549 41 25921 0 184465 0 0 2097152 0 0
SEP
MEM simgrid-vm 1586299459 2020/04/07 22:44:19 1 4096 3808545 3041380 573257 245 60529 41 25921 0 184465 0 0 2097152 0 0
SEP
MEM simgrid-vm 1586299460 2020/04/07 22:44:20 1 4096 3808545 3041380 573257 245 60529 41 25921 0 184465 0 0 2097152 0 0
SEP
MEM simgrid-vm 1586299461 2020/04/07 22:44:21 1 4096 3808545 3041380 573257 245 60529 41 25921 0 184465 0 0 2097152 0 0
SEP
MEM simgrid-vm 1586299462 2020/04/07 22:44:22 1 4096 3808545 3041380 573257 245 60529 41 25921 0 184465 0 0 2097152 0 0
SEP
MEM simgrid-vm 1586299463 2020/04/07 22:44:23 1 4096 3808545 3041380 573259 245 60529 43 25921 0 184465 0 0 2097152 0 0
SEP
MEM simgrid-vm 1586299464 2020/04/07 22:44:24 1 4096 3808545 3041345 573259 245 60531 43 25925 0 184465 0 0 2097152 0 0
SEP
MEM simgrid-vm 1586299465 2020/04/07 22:44:25 1 4096 3808545 3041345 573259 247 60527 43 25922 0 184465 0 0 2097152 0 0
SEP
MEM simgrid-vm 1586299466 2020/04/07 22:44:26 1 4096 3808545 3041345 573259 247 60528 43 25922 0 184465 0 0 2097152 0 0
SEP
MEM simgrid-vm 1586299467 2020/04/07 22:44:27 1 4096 3808545 3041357 573259 247 60516 43 25910 0 184465 0 0 2097152 0 0
SEP
MEM simgrid-vm 1586299468 2020/04/07 22:44:28 1 4096 3808545 3041361 573259 247 60515 43 25906 0 184465 0 0 2097152 0 0
SEP
MEM simgrid-vm 1586299469 2020/04/07 22:44:29 1 4096 3808545 3041361 573259 247 60514 43 25906 0 184465 0 0 2097152 0 0
SEP
MEM simgrid-vm 1586299470 2020/04/07 22:44:30 1 4096 3808545 3041361 573260 249 60517 45 25909 0 184465 0 0 2097152 0 0
SEP
MEM simgrid-vm 1586299471 2020/04/07 22:44:31 1 4096 3808545 3041361 573263 249 60518 47 25909 0 184465 0 0 2097152 0 0
SEP
MEM simgrid-vm 1586299472 2020/04/07 22:44:32 1 4096 3808545 3041361 573263 249 60520 47 25909 0 184465 0 0 2097152 0 0
SEP
MEM simgrid-vm 1586299473 2020/04/07 22:44:33 1 4096 3808545 3041361 573263 249 60518 47 25909 0 184465 0 0 2097152 0 0
SEP
MEM simgrid-vm 1586299474 2020/04/07 22:44:34 1 4096 3808545 3041361 573263 249 60517 47 25909 0 184465 0 0 2097152 0 0
SEP
MEM simgrid-vm 1586299475 2020/04/07 22:44:35 1 4096 3808545 3041361 573265 249 60520 50 25912 0 184465 0 0 2097152 0 0
SEP
MEM simgrid-vm 1586299476 2020/04/07 22:44:36 1 4096 3808545 3041361 573265 251 60521 50 25913 0 184465 0 0 2097152 0 0
SEP
MEM simgrid-vm 1586299477 2020/04/07 22:44:37 1 4096 3808545 3041361 573265 251 60513 48 25905 0 184465 0 0 2097152 0 0
SEP
MEM simgrid-vm 1586299478 2020/04/07 22:44:38 1 4096 3808545 3041353 573267 251 60521 52 25913 0 184465 0 0 2097152 0 0
SEP
MEM simgrid-vm 1586299479 2020/04/07 22:44:39 1 4096 3808545 3041341 573267 251 60532 52 25921 0 184465 0 0 2097152 0 0
SEP
MEM simgrid-vm 1586299480 2020/04/07 22:44:40 1 4096 3808545 3041353 573269 251 60521 54 25909 0 184465 0 0 2097152 0 0
SEP
MEM simgrid-vm 1586299481 2020/04/07 22:44:41 1 4096 3808545 3041318 573269 251 60532 54 25909 0 184465 0 0 2097152 0 0
SEP
MEM simgrid-vm 1586299482 2020/04/07 22:44:42 1 4096 3808545 3041338 573269 253 60515 13 25889 0 184465 0 0 2097152 0 0
SEP
MEM simgrid-vm 1586299483 2020/04/07 22:44:43 1 4096 3808545 3041334 573269 253 60515 13 25889 0 184465 0 0 2097152 0 0
SEP
MEM simgrid-vm 1586299484 2020/04/07 22:44:44 1 4096 3808545 3041350 573269 253 60494 13 25889 0 184465 0 0 2097152 0 0
SEP
MEM simgrid-vm 1586299485 2020/04/07 22:44:45 1 4096 3808545 3041350 573269 253 60496 13 25889 0 184465 0 0 2097152 0 0
SEP
MEM simgrid-vm 1586299486 2020/04/07 22:44:46 1 4096 3808545 3041350 573269 253 60498 13 25889 0 184465 0 0 2097152 0 0
SEP
MEM simgrid-vm 1586299487 2020/04/07 22:44:47 1 4096 3808545 3041350 573269 255 60496 18 25889 0 184465 0 0 2097152 0 0
SEP
MEM simgrid-vm 1586299488 2020/04/07 22:44:48 1 4096 3808545 3041350 573272 255 60496 21 25889 0 184465 0 0 2097152 0 0
SEP
MEM simgrid-vm 1586299489 2020/04/07 22:44:49 1 4096 3808545 3041350 573272 255 60496 21 25889 0 184465 0 0 2097152 0 0
SEP
MEM simgrid-vm 1586299490 2020/04/07 22:44:50 1 4096 3808545 3041350 573272 255 60497 21 25889 0 184465 0 0 2097152 0 0
SEP
MEM simgrid-vm 1586299491 2020/04/07 22:44:51 1 4096 3808545 3041350 573276 255 60492 26 25889 0 184465 0 0 2097152 0 0
SEP
MEM simgrid-vm 1586299492 2020/04/07 22:44:52 1 4096 3808545 3041350 573278 257 60491 29 25889 0 184465 0 0 2097152 0 0
SEP
MEM simgrid-vm 1586299493 2020/04/07 22:44:53 1 4096 3808545 3041350 573278 257 60493 29 25889 0 184465 0 0 2097152 0 0
SEP
MEM simgrid-vm 1586299494 2020/04/07 22:44:54 1 4096 3808545 3041350 573278 257 60493 29 25889 0 184465 0 0 2097152 0 0
SEP
MEM simgrid-vm 1586299495 2020/04/07 22:44:55 1 4096 3808545 3041350 573278 257 60504 29 25890 0 184465 0 0 2097152 0 0
SEP
MEM simgrid-vm 1586299496 2020/04/07 22:44:56 1 4096 3808545 3041350 573278 257 60501 29 25892 0 184465 0 0 2097152 0 0
SEP
MEM simgrid-vm 1586299497 2020/04/07 22:44:57 1 4096 3808545 3041350 573278 257 60500 29 25892 0 184465 0 0 2097152 0 0
SEP
MEM simgrid-vm 1586299498 2020/04/07 22:44:58 1 4096 3808545 3041350 573280 259 60496 32 25892 0 184465 0 0 2097152 0 0
SEP
MEM simgrid-vm 1586299499 2020/04/07 22:44:59 1 4096 3808545 3041342 573280 259 60507 32 25901 0 184465 0 0 2097152 0 0
SEP
MEM simgrid-vm 1586299500 2020/04/07 22:45:00 1 4096 3808545 3041342 573280 259 60508 32 25901 0 184465 0 0 2097152 0 0
SEP
MEM simgrid-vm 1586299501 2020/04/07 22:45:01 1 4096 3808545 3041338 573280 259 60514 32 25906 0 184465 0 0 2097152 0 0
SEP
MEM simgrid-vm 1586299502 2020/04/07 22:45:02 1 4096 3808545 3041334 573282 259 60522 30 25911 0 184465 0 0 2097152 0 0
SEP
MEM simgrid-vm 1586299503 2020/04/07 22:45:03 1 4096 3808545 3041330 573282 259 60525 30 25915 0 184465 0 0 2097152 0 0
SEP
MEM simgrid-vm 1586299504 2020/04/07 22:45:04 1 4096 3808545 3041361 573282 261 60515 33 25915 0 184465 0 0 2097152 0 0
SEP
MEM simgrid-vm 1586299505 2020/04/07 22:45:05 1 4096 3808545 3041361 573282 261 60517 33 25915 0 184465 0 0 2097152 0 0
SEP
MEM simgrid-vm 1586299506 2020/04/07 22:45:06 1 4096 3808545 3041357 573282 261 60521 33 25919 0 184465 0 0 2097152 0 0
SEP
MEM simgrid-vm 1586299507 2020/04/07 22:45:07 1 4096 3808545 3041353 573284 261 60525 32 25919 0 184465 0 0 2097152 0 0
SEP
MEM simgrid-vm 1586299508 2020/04/07 22:45:08 1 4096 3808545 3041353 573284 261 60526 32 25919 0 184465 0 0 2097152 0 0
SEP
MEM simgrid-vm 1586299509 2020/04/07 22:45:09 1 4096 3808545 3041361 573286 261 60519 34 25907 0 184465 0 0 2097152 0 0
SEP
MEM simgrid-vm 1586299510 2020/04/07 22:45:10 1 4096 3808545 3041361 573288 263 60519 37 25907 0 184465 0 0 2097152 0 0
SEP
MEM simgrid-vm 1586299511 2020/04/07 22:45:11 1 4096 3808545 3041361 573288 263 60518 37 25907 0 184465 0 0 2097152 0 0
SEP
MEM simgrid-vm 1586299512 2020/04/07 22:45:12 1 4096 3808545 3041357 573292 263 60526 36 25907 0 184465 0 0 2097152 0 0
SEP
MEM simgrid-vm 1586299513 2020/04/07 22:45:13 1 4096 3808545 3041357 573296 263 60521 42 25903 0 184465 0 0 2097152 0 0
SEP
MEM simgrid-vm 1586299514 2020/04/07 22:45:14 1 4096 3808545 3041353 573296 263 60526 42 25903 0 184465 0 0 2097152 0 0
SEP
MEM simgrid-vm 1586299515 2020/04/07 22:45:15 1 4096 3808545 3041353 573298 263 60526 44 25903 0 184465 0 0 2097152 0 0
SEP
MEM simgrid-vm 1586299516 2020/04/07 22:45:16 1 4096 3808545 3041365 573298 265 60509 50 25903 0 184465 0 0 2097152 0 0
SEP
MEM simgrid-vm 1586299517 2020/04/07 22:45:17 1 4096 3808545 3041365 573298 265 60509 31 25903 0 184465 0 0 2097152 0 0
SEP
MEM simgrid-vm 1586299518 2020/04/07 22:45:18 1 4096 3808545 3041365 573302 265 60510 35 25903 0 184465 0 0 2097152 0 0
SEP
MEM simgrid-vm 1586299519 2020/04/07 22:45:19 1 4096 3808545 3041365 573302 265 60512 35 25903 0 184465 0 0 2097152 0 0
SEP
MEM simgrid-vm 1586299520 2020/04/07 22:45:20 1 4096 3808545 3041365 573302 265 60512 35 25903 0 184465 0 0 2097152 0 0
SEP
MEM simgrid-vm 1586299521 2020/04/07 22:45:21 1 4096 3808545 3041365 573303 265 60510 36 25901 0 184465 0 0 2097152 0 0
SEP
MEM simgrid-vm 1586299522 2020/04/07 22:45:22 1 4096 3808545 3041365 573307 267 60515 35 25901 0 184465 0 0 2097152 0 0
SEP
MEM simgrid-vm 1586299523 2020/04/07 22:45:23 1 4096 3808545 3041365 573307 267 60508 35 25900 0 184465 0 0 2097152 0 0
SEP
MEM simgrid-vm 1586299524 2020/04/07 22:45:24 1 4096 3808545 3041365 573309 267 60508 37 25900 0 184465 0 0 2097152 0 0
SEP
MEM simgrid-vm 1586299525 2020/04/07 22:45:25 1 4096 3808545 3041334 573315 267 60510 43 25900 0 184465 0 0 2097152 0 0
SEP
MEM simgrid-vm 1586299526 2020/04/07 22:45:26 1 4096 3808545 3041334 573315 267 60511 43 25900 0 184465 0 0 2097152 0 0
SEP
MEM simgrid-vm 1586299527 2020/04/07 22:45:27 1 4096 3808545 3041334 573317 269 60511 53 25900 0 184465 0 0 2097152 0 0
SEP
MEM simgrid-vm 1586299528 2020/04/07 22:45:28 1 4096 3808545 3041334 573317 269 60512 53 25900 0 184465 0 0 2097152 0 0
SEP
MEM simgrid-vm 1586299529 2020/04/07 22:45:29 1 4096 3808545 3041334 573319 269 60513 55 25900 0 184465 0 0 2097152 0 0
SEP
MEM simgrid-vm 1586299530 2020/04/07 22:45:30 1 4096 3808545 3041334 573321 269 60510 57 25900 0 184465 0 0 2097152 0 0
SEP
MEM simgrid-vm 1586299531 2020/04/07 22:45:31 1 4096 3808545 3041334 573321 269 60509 57 25901 0 184465 0 0 2097152 0 0
SEP
MEM simgrid-vm 1586299532 2020/04/07 22:45:32 1 4096 3808545 3041334 573321 269 60506 47 25897 0 184465 0 0 2097152 0 0
SEP
MEM simgrid-vm 1586299533 2020/04/07 22:45:33 1 4096 3808545 3041334 573321 271 60507 51 25897 0 184465 0 0 2097152 0 0
SEP
MEM simgrid-vm 1586299534 2020/04/07 22:45:34 1 4096 3808545 3041334 573321 271 60508 51 25897 0 184465 0 0 2097152 0 0
SEP
MEM simgrid-vm 1586299535 2020/04/07 22:45:35 1 4096 3808545 3041334 573321 271 60508 51 25897 0 184465 0 0 2097152 0 0
SEP
MEM simgrid-vm 1586299536 2020/04/07 22:45:36 1 4096 3808545 3041334 573321 271 60501 51 25897 0 184465 0 0 2097152 0 0
SEP
MEM simgrid-vm 1586299537 2020/04/07 22:45:37 1 4096 3808545 3041326 573323 271 60512 51 25905 0 184465 0 0 2097152 0 0
SEP
MEM simgrid-vm 1586299538 2020/04/07 22:45:38 1 4096 3808545 3041326 573323 271 60511 51 25905 0 184465 0 0 2097152 0 0
SEP
MEM simgrid-vm 1586299539 2020/04/07 22:45:39 1 4096 3808545 3041322 573325 273 60516 54 25909 0 184465 0 0 2097152 0 0
SEP
MEM simgrid-vm 1586299540 2020/04/07 22:45:40 1 4096 3808545 3041306 573327 273 60533 56 25922 0 184465 0 0 2097152 0 0
SEP
MEM simgrid-vm 1586299541 2020/04/07 22:45:41 1 4096 3808545 3041326 573327 273 60514 56 25902 0 184465 0 0 2097152 0 0
SEP
MEM simgrid-vm 1586299542 2020/04/07 22:45:42 1 4096 3808545 3041326 573327 273 60512 46 25903 0 184465 0 0 2097152 0 0
SEP
MEM simgrid-vm 1586299543 2020/04/07 22:45:43 1 4096 3808545 3041326 573327 273 60510 46 25900 0 184465 0 0 2097152 0 0
SEP
MEM simgrid-vm 1586299544 2020/04/07 22:45:44 1 4096 3808545 3041322 573327 273 60515 46 25900 0 184465 0 0 2097152 0 0
SEP
MEM simgrid-vm 1586299545 2020/04/07 22:45:45 1 4096 3808545 3041322 573329 275 60517 51 25900 0 184465 0 0 2097152 0 0
SEP
MEM simgrid-vm 1586299546 2020/04/07 22:45:46 1 4096 3808545 3041318 573329 275 60521 51 25900 0 184465 0 0 2097152 0 0
SEP
MEM simgrid-vm 1586299547 2020/04/07 22:45:47 1 4096 3808545 3041318 573331 275 60526 40 25900 0 184465 0 0 2097152 0 0
SEP
MEM simgrid-vm 1586299548 2020/04/07 22:45:48 1 4096 3808545 3041334 573331 275 60502 41 25900 0 184465 0 0 2097152 0 0
SEP
MEM simgrid-vm 1586299549 2020/04/07 22:45:49 1 4096 3808545 3041334 573331 275 60502 41 25900 0 184465 0 0 2097152 0 0
SEP
MEM simgrid-vm 1586299550 2020/04/07 22:45:50 1 4096 3808545 3041330 573331 275 60514 41 25904 0 184465 0 0 2097152 0 0
SEP
MEM simgrid-vm 1586299551 2020/04/07 22:45:51 1 4096 3808545 3041326 573331 277 60515 47 25909 0 184465 0 0 2097152 0 0
SEP
MEM simgrid-vm 1586299552 2020/04/07 22:45:52 1 4096 3808545 3041326 573331 277 60515 17 25909 0 184465 0 0 2097152 0 0
SEP
MEM simgrid-vm 1586299553 2020/04/07 22:45:53 1 4096 3808545 3041326 573331 277 60515 17 25909 0 184465 0 0 2097152 0 0
SEP
MEM simgrid-vm 1586299554 2020/04/07 22:45:54 1 4096 3808545 3041326 573332 277 60521 18 25909 0 184465 0 0 2097152 0 0
SEP
MEM simgrid-vm 1586299555 2020/04/07 22:45:55 1 4096 3808545 3041338 573332 277 60506 18 25900 0 184465 0 0 2097152 0 0
SEP
MEM simgrid-vm 1586299556 2020/04/07 22:45:56 1 4096 3808545 3041338 573332 277 60507 18 25900 0 184465 0 0 2097152 0 0
SEP
MEM simgrid-vm 1586299557 2020/04/07 22:45:57 1 4096 3808545 3041307 573332 279 60517 15 25901 0 184465 0 0 2097152 0 0
SEP
