RESET
MEM simgrid-vm 1586368313 2020/04/08 17:51:53 12713184 4096 3808545 3427729 193425 75 57423 55 23134 0 186513 0 0 2097152 0 0
SEP
MEM simgrid-vm 1586368314 2020/04/08 17:51:54 1 4096 3808545 3390003 220617 75 57420 37 23178 0 186513 0 0 2097152 0 0
SEP
MEM simgrid-vm 1586368315 2020/04/08 17:51:55 1 4096 3808545 3373942 230815 75 57502 41 23230 0 186513 0 0 2097152 0 0
SEP
MEM simgrid-vm 1586368316 2020/04/08 17:51:56 1 4096 3808545 3341327 256944 78 57764 43 23414 0 186513 0 0 2097152 0 0
SEP
MEM simgrid-vm 1586368317 2020/04/08 17:51:57 1 4096 3808545 3257523 334025 78 58079 45 23738 0 186513 0 0 2097152 0 0
SEP
MEM simgrid-vm 1586368318 2020/04/08 17:51:58 1 4096 3808545 3234834 350359 80 58358 45 23978 0 186513 0 0 2097152 0 0
SEP
MEM simgrid-vm 1586368319 2020/04/08 17:51:59 1 4096 3808545 3225655 352801 84 58717 48 24307 0 186513 0 0 2097152 0 0
SEP
MEM simgrid-vm 1586368320 2020/04/08 17:52:00 1 4096 3808545 3213618 360916 84 59457 52 24980 0 186513 0 0 2097152 0 0
SEP
MEM simgrid-vm 1586368321 2020/04/08 17:52:01 1 4096 3808545 3200938 367193 84 59895 54 25334 0 186513 0 0 2097152 0 0
SEP
MEM simgrid-vm 1586368322 2020/04/08 17:52:02 1 4096 3808545 3150342 393459 84 60011 56 25443 0 186513 0 0 2097152 0 0
SEP
MEM simgrid-vm 1586368323 2020/04/08 17:52:03 1 4096 3808545 3150338 393528 84 60036 56 25465 0 186513 0 0 2097152 0 0
SEP
MEM simgrid-vm 1586368324 2020/04/08 17:52:04 1 4096 3808545 3150338 393526 86 60034 50 25465 0 186513 0 0 2097152 0 0
SEP
MEM simgrid-vm 1586368325 2020/04/08 17:52:05 1 4096 3808545 3150338 393530 86 60034 56 25465 0 186513 0 0 2097152 0 0
SEP
MEM simgrid-vm 1586368326 2020/04/08 17:52:06 1 4096 3808545 3150338 393530 86 60038 56 25467 0 186513 0 0 2097152 0 0
SEP
MEM simgrid-vm 1586368327 2020/04/08 17:52:07 1 4096 3808545 3150338 393530 86 60037 56 25468 0 186513 0 0 2097152 0 0
SEP
MEM simgrid-vm 1586368328 2020/04/08 17:52:08 1 4096 3808545 3150334 393531 87 60052 58 25478 0 186513 0 0 2097152 0 0
SEP
MEM simgrid-vm 1586368329 2020/04/08 17:52:09 1 4096 3808545 3150334 393534 87 60058 53 25478 0 186513 0 0 2097152 0 0
SEP
MEM simgrid-vm 1586368330 2020/04/08 17:52:10 1 4096 3808545 3150334 393534 89 60068 56 25478 0 186513 0 0 2097152 0 0
SEP
MEM simgrid-vm 1586368331 2020/04/08 17:52:11 1 4096 3808545 3150334 393534 89 60066 56 25478 0 186513 0 0 2097152 0 0
SEP
MEM simgrid-vm 1586368332 2020/04/08 17:52:12 1 4096 3808545 3150334 393534 89 60055 56 25478 0 186513 0 0 2097152 0 0
SEP
MEM simgrid-vm 1586368333 2020/04/08 17:52:13 1 4096 3808545 3150272 393536 89 60067 58 25478 0 186513 0 0 2097152 0 0
SEP
MEM simgrid-vm 1586368334 2020/04/08 17:52:14 1 4096 3808545 3118836 403253 89 60056 58 25478 0 186513 0 0 2097152 0 0
SEP
MEM simgrid-vm 1586368335 2020/04/08 17:52:15 1 4096 3808545 3116197 404908 91 60082 58 25506 0 186513 0 0 2097152 0 0
SEP
MEM simgrid-vm 1586368336 2020/04/08 17:52:16 1 4096 3808545 3104232 404907 92 60095 58 25510 0 186513 0 0 2097152 0 0
SEP
MEM simgrid-vm 1586368337 2020/04/08 17:52:17 1 4096 3808545 3096304 404910 92 60089 60 25516 0 186513 0 0 2097152 0 0
SEP
MEM simgrid-vm 1586368338 2020/04/08 17:52:18 1 4096 3808545 3096273 404910 92 60099 60 25516 0 186513 0 0 2097152 0 0
SEP
MEM simgrid-vm 1586368339 2020/04/08 17:52:19 1 4096 3808545 3096234 404910 92 60119 58 25526 0 186513 0 0 2097152 0 0
SEP
MEM simgrid-vm 1586368340 2020/04/08 17:52:20 1 4096 3808545 3043345 406704 92 60120 58 25534 0 186513 0 0 2097152 0 0
SEP
MEM simgrid-vm 1586368341 2020/04/08 17:52:21 1 4096 3808545 3043248 406704 94 60134 60 25540 0 186513 0 0 2097152 0 0
SEP
MEM simgrid-vm 1586368342 2020/04/08 17:52:22 1 4096 3808545 3042538 406706 94 60138 62 25551 0 186513 0 0 2097152 0 0
SEP
MEM simgrid-vm 1586368343 2020/04/08 17:52:23 1 4096 3808545 3042476 406718 94 60141 62 25556 0 186513 0 0 2097152 0 0
SEP
MEM simgrid-vm 1586368344 2020/04/08 17:52:24 1 4096 3808545 3042414 406718 94 60137 60 25557 0 186513 0 0 2097152 0 0
SEP
MEM simgrid-vm 1586368345 2020/04/08 17:52:25 1 4096 3808545 3040335 406719 94 60147 59 25559 0 186513 0 0 2097152 0 0
SEP
MEM simgrid-vm 1586368346 2020/04/08 17:52:26 1 4096 3808545 3040062 406718 97 60158 61 25561 0 186513 0 0 2097152 0 0
SEP
MEM simgrid-vm 1586368347 2020/04/08 17:52:27 1 4096 3808545 3036689 406722 97 60140 64 25563 0 186513 0 0 2097152 0 0
SEP
MEM simgrid-vm 1586368348 2020/04/08 17:52:28 1 4096 3808545 3036724 406722 97 60154 64 25573 0 186513 0 0 2097152 0 0
SEP
MEM simgrid-vm 1586368349 2020/04/08 17:52:29 1 4096 3808545 3036747 406722 97 60156 51 25563 0 186513 0 0 2097152 0 0
SEP
MEM simgrid-vm 1586368350 2020/04/08 17:52:30 1 4096 3808545 3036766 406722 97 60153 51 25576 0 186513 0 0 2097152 0 0
SEP
MEM simgrid-vm 1586368351 2020/04/08 17:52:31 1 4096 3808545 3036766 406721 100 60153 54 25576 0 186513 0 0 2097152 0 0
SEP
MEM simgrid-vm 1586368352 2020/04/08 17:52:32 1 4096 3808545 3036762 406726 100 60168 58 25581 0 186513 0 0 2097152 0 0
SEP
MEM simgrid-vm 1586368353 2020/04/08 17:52:33 1 4096 3808545 3036739 406726 100 60156 58 25576 0 186513 0 0 2097152 0 0
SEP
MEM simgrid-vm 1586368354 2020/04/08 17:52:34 1 4096 3808545 3036739 406726 100 60157 13 25576 0 186513 0 0 2097152 0 0
SEP
MEM simgrid-vm 1586368355 2020/04/08 17:52:35 1 4096 3808545 3036708 406726 100 60167 13 25577 0 186513 0 0 2097152 0 0
SEP
MEM simgrid-vm 1586368356 2020/04/08 17:52:36 1 4096 3808545 3036717 406724 102 60126 13 25541 0 186513 0 0 2097152 0 0
SEP
MEM simgrid-vm 1586368357 2020/04/08 17:52:37 1 4096 3808545 3036657 406728 102 60135 27 25549 0 186513 0 0 2097152 0 0
SEP
MEM simgrid-vm 1586368358 2020/04/08 17:52:38 1 4096 3808545 3036417 406728 102 60130 27 25552 0 186513 0 0 2097152 0 0
SEP
MEM simgrid-vm 1586368359 2020/04/08 17:52:39 1 4096 3808545 3036399 406728 102 60147 27 25554 0 186513 0 0 2097152 0 0
SEP
MEM simgrid-vm 1586368360 2020/04/08 17:52:40 1 4096 3808545 3036430 406730 102 60137 29 25557 0 186513 0 0 2097152 0 0
SEP
MEM simgrid-vm 1586368361 2020/04/08 17:52:41 1 4096 3808545 3036430 406728 104 60144 29 25561 0 186513 0 0 2097152 0 0
SEP
MEM simgrid-vm 1586368362 2020/04/08 17:52:42 1 4096 3808545 3036430 406730 104 60131 29 25547 0 186513 0 0 2097152 0 0
SEP
MEM simgrid-vm 1586368363 2020/04/08 17:52:43 1 4096 3808545 3036450 406730 104 60112 29 25527 0 186513 0 0 2097152 0 0
SEP
MEM simgrid-vm 1586368364 2020/04/08 17:52:44 1 4096 3808545 3036450 406730 104 60117 27 25527 0 186513 0 0 2097152 0 0
SEP
MEM simgrid-vm 1586368365 2020/04/08 17:52:45 1 4096 3808545 3036450 406730 104 60096 28 25508 0 186513 0 0 2097152 0 0
SEP
MEM simgrid-vm 1586368366 2020/04/08 17:52:46 1 4096 3808545 3036450 406731 106 60110 31 25512 0 186513 0 0 2097152 0 0
SEP
MEM simgrid-vm 1586368367 2020/04/08 17:52:47 1 4096 3808545 3036407 406739 106 60118 39 25528 0 186513 0 0 2097152 0 0
SEP
MEM simgrid-vm 1586368368 2020/04/08 17:52:48 1 4096 3808545 3036399 406739 106 60133 40 25538 0 186513 0 0 2097152 0 0
SEP
MEM simgrid-vm 1586368369 2020/04/08 17:52:49 1 4096 3808545 3036383 406739 106 60132 36 25538 0 186513 0 0 2097152 0 0
SEP
MEM simgrid-vm 1586368370 2020/04/08 17:52:50 1 4096 3808545 3036379 406743 106 60140 40 25546 0 186513 0 0 2097152 0 0
SEP
MEM simgrid-vm 1586368371 2020/04/08 17:52:51 1 4096 3808545 3036379 406743 106 60139 40 25547 0 186513 0 0 2097152 0 0
SEP
MEM simgrid-vm 1586368372 2020/04/08 17:52:52 1 4096 3808545 3036371 406747 108 60148 49 25558 0 186513 0 0 2097152 0 0
SEP
MEM simgrid-vm 1586368373 2020/04/08 17:52:53 1 4096 3808545 3036371 406747 108 60146 49 25558 0 186513 0 0 2097152 0 0
SEP
MEM simgrid-vm 1586368374 2020/04/08 17:52:54 1 4096 3808545 3036379 406747 108 60135 49 25550 0 186513 0 0 2097152 0 0
SEP
MEM simgrid-vm 1586368375 2020/04/08 17:52:55 1 4096 3808545 3036379 406747 108 60137 49 25550 0 186513 0 0 2097152 0 0
SEP
MEM simgrid-vm 1586368376 2020/04/08 17:52:56 1 4096 3808545 3036379 406747 108 60149 49 25550 0 186513 0 0 2097152 0 0
SEP
MEM simgrid-vm 1586368377 2020/04/08 17:52:57 1 4096 3808545 3036379 406745 110 60136 49 25550 0 186513 0 0 2097152 0 0
SEP
MEM simgrid-vm 1586368378 2020/04/08 17:52:58 1 4096 3808545 3036348 406748 111 60145 51 25551 0 186513 0 0 2097152 0 0
SEP
MEM simgrid-vm 1586368379 2020/04/08 17:52:59 1 4096 3808545 3036363 406750 111 60122 50 25537 0 186513 0 0 2097152 0 0
SEP
MEM simgrid-vm 1586368380 2020/04/08 17:53:00 1 4096 3808545 3036363 406751 111 60131 51 25537 0 186513 0 0 2097152 0 0
SEP
MEM simgrid-vm 1586368381 2020/04/08 17:53:01 1 4096 3808545 3036363 406753 111 60129 53 25538 0 186513 0 0 2097152 0 0
SEP
MEM simgrid-vm 1586368382 2020/04/08 17:53:02 1 4096 3808545 3036379 406751 113 60110 53 25524 0 186513 0 0 2097152 0 0
SEP
MEM simgrid-vm 1586368383 2020/04/08 17:53:03 1 4096 3808545 3036379 406752 114 60114 55 25525 0 186513 0 0 2097152 0 0
SEP
MEM simgrid-vm 1586368384 2020/04/08 17:53:04 1 4096 3808545 3036379 406755 114 60110 52 25528 0 186513 0 0 2097152 0 0
SEP
MEM simgrid-vm 1586368385 2020/04/08 17:53:05 1 4096 3808545 3036379 406755 114 60110 52 25529 0 186513 0 0 2097152 0 0
SEP
MEM simgrid-vm 1586368386 2020/04/08 17:53:06 1 4096 3808545 3036379 406755 114 60112 52 25529 0 186513 0 0 2097152 0 0
SEP
MEM simgrid-vm 1586368387 2020/04/08 17:53:07 1 4096 3808545 3036379 406753 116 60122 52 25531 0 186513 0 0 2097152 0 0
SEP
MEM simgrid-vm 1586368388 2020/04/08 17:53:08 1 4096 3808545 3036379 406755 116 60121 55 25531 0 186513 0 0 2097152 0 0
SEP
MEM simgrid-vm 1586368389 2020/04/08 17:53:09 1 4096 3808545 3036323 406755 116 60122 28 25531 0 186513 0 0 2097152 0 0
SEP
MEM simgrid-vm 1586368390 2020/04/08 17:53:10 1 4096 3808545 3036360 406755 116 60127 28 25532 0 186513 0 0 2097152 0 0
SEP
MEM simgrid-vm 1586368391 2020/04/08 17:53:11 1 4096 3808545 3036329 406757 116 60109 31 25521 0 186513 0 0 2097152 0 0
SEP
MEM simgrid-vm 1586368392 2020/04/08 17:53:12 1 4096 3808545 3036329 406755 118 60109 31 25521 0 186513 0 0 2097152 0 0
SEP
MEM simgrid-vm 1586368393 2020/04/08 17:53:13 1 4096 3808545 3036329 406759 118 60108 37 25521 0 186513 0 0 2097152 0 0
SEP
MEM simgrid-vm 1586368394 2020/04/08 17:53:14 1 4096 3808545 3036321 406759 118 60118 29 25529 0 186513 0 0 2097152 0 0
SEP
MEM simgrid-vm 1586368395 2020/04/08 17:53:15 1 4096 3808545 3036313 406759 118 60128 29 25540 0 186513 0 0 2097152 0 0
SEP
MEM simgrid-vm 1586368396 2020/04/08 17:53:16 1 4096 3808545 3036313 406759 118 60141 29 25544 0 186513 0 0 2097152 0 0
SEP
MEM simgrid-vm 1586368397 2020/04/08 17:53:17 1 4096 3808545 3036313 406763 120 60131 35 25544 0 186513 0 0 2097152 0 0
SEP
MEM simgrid-vm 1586368398 2020/04/08 17:53:18 1 4096 3808545 3036282 406765 120 60148 40 25546 0 186513 0 0 2097152 0 0
SEP
MEM simgrid-vm 1586368399 2020/04/08 17:53:19 1 4096 3808545 3036235 406765 120 60132 31 25548 0 186513 0 0 2097152 0 0
SEP
MEM simgrid-vm 1586368400 2020/04/08 17:53:20 1 4096 3808545 3036294 406765 120 60140 32 25548 0 186513 0 0 2097152 0 0
SEP
MEM simgrid-vm 1586368401 2020/04/08 17:53:21 1 4096 3808545 3036294 406767 120 60136 34 25548 0 186513 0 0 2097152 0 0
SEP
MEM simgrid-vm 1586368402 2020/04/08 17:53:22 1 4096 3808545 3036294 406767 122 60133 36 25548 0 186513 0 0 2097152 0 0
SEP
MEM simgrid-vm 1586368403 2020/04/08 17:53:23 1 4096 3808545 3036294 406771 122 60134 44 25548 0 186513 0 0 2097152 0 0
SEP
MEM simgrid-vm 1586368404 2020/04/08 17:53:24 1 4096 3808545 3036294 406773 122 60138 40 25550 0 186513 0 0 2097152 0 0
SEP
MEM simgrid-vm 1586368405 2020/04/08 17:53:25 1 4096 3808545 3036294 406773 122 60137 40 25552 0 186513 0 0 2097152 0 0
SEP
MEM simgrid-vm 1586368406 2020/04/08 17:53:26 1 4096 3808545 3036318 406773 122 60117 40 25530 0 186513 0 0 2097152 0 0
SEP
MEM simgrid-vm 1586368407 2020/04/08 17:53:27 1 4096 3808545 3036318 406773 122 60103 40 25516 0 186513 0 0 2097152 0 0
SEP
MEM simgrid-vm 1586368408 2020/04/08 17:53:28 1 4096 3808545 3036318 406773 124 60102 42 25516 0 186513 0 0 2097152 0 0
SEP
MEM simgrid-vm 1586368409 2020/04/08 17:53:29 1 4096 3808545 3036318 406773 124 60114 42 25517 0 186513 0 0 2097152 0 0
SEP
MEM simgrid-vm 1586368410 2020/04/08 17:53:30 1 4096 3808545 3036318 406773 124 60123 42 25520 0 186513 0 0 2097152 0 0
SEP
MEM simgrid-vm 1586368411 2020/04/08 17:53:31 1 4096 3808545 3036279 406773 124 60130 42 25530 0 186513 0 0 2097152 0 0
SEP
MEM simgrid-vm 1586368412 2020/04/08 17:53:32 1 4096 3808545 3036310 406774 124 60124 43 25532 0 186513 0 0 2097152 0 0
SEP
MEM simgrid-vm 1586368413 2020/04/08 17:53:33 1 4096 3808545 3036306 406779 126 60134 50 25536 0 186513 0 0 2097152 0 0
SEP
MEM simgrid-vm 1586368414 2020/04/08 17:53:34 1 4096 3808545 3036290 406787 126 60150 57 25555 0 186513 0 0 2097152 0 0
SEP
MEM simgrid-vm 1586368415 2020/04/08 17:53:35 1 4096 3808545 3036282 406789 126 60156 59 25564 0 186513 0 0 2097152 0 0
SEP
MEM simgrid-vm 1586368416 2020/04/08 17:53:36 1 4096 3808545 3036290 406789 126 60147 59 25556 0 186513 0 0 2097152 0 0
SEP
MEM simgrid-vm 1586368417 2020/04/08 17:53:37 1 4096 3808545 3036290 406789 126 60151 59 25556 0 186513 0 0 2097152 0 0
SEP
MEM simgrid-vm 1586368418 2020/04/08 17:53:38 1 4096 3808545 3036290 406789 128 60149 62 25557 0 186513 0 0 2097152 0 0
SEP
MEM simgrid-vm 1586368419 2020/04/08 17:53:39 1 4096 3808545 3036290 406791 128 60148 56 25557 0 186513 0 0 2097152 0 0
SEP
MEM simgrid-vm 1586368420 2020/04/08 17:53:40 1 4096 3808545 3036290 406793 128 60136 58 25540 0 186513 0 0 2097152 0 0
SEP
MEM simgrid-vm 1586368421 2020/04/08 17:53:41 1 4096 3808545 3036290 406797 128 60134 62 25540 0 186513 0 0 2097152 0 0
SEP
MEM simgrid-vm 1586368422 2020/04/08 17:53:42 1 4096 3808545 3036290 406797 128 60129 62 25540 0 186513 0 0 2097152 0 0
SEP
MEM simgrid-vm 1586368423 2020/04/08 17:53:43 1 4096 3808545 3036290 406795 130 60129 62 25540 0 186513 0 0 2097152 0 0
SEP
MEM simgrid-vm 1586368424 2020/04/08 17:53:44 1 4096 3808545 3036290 406797 130 60129 37 25540 0 186513 0 0 2097152 0 0
SEP
MEM simgrid-vm 1586368425 2020/04/08 17:53:45 1 4096 3808545 3036290 406799 130 60129 39 25540 0 186513 0 0 2097152 0 0
SEP
MEM simgrid-vm 1586368426 2020/04/08 17:53:46 1 4096 3808545 3036290 406799 130 60129 39 25540 0 186513 0 0 2097152 0 0
SEP
MEM simgrid-vm 1586368427 2020/04/08 17:53:47 1 4096 3808545 3036290 406799 130 60150 39 25541 0 186513 0 0 2097152 0 0
SEP
MEM simgrid-vm 1586368428 2020/04/08 17:53:48 1 4096 3808545 3036290 406803 132 60156 45 25541 0 186513 0 0 2097152 0 0
SEP
MEM simgrid-vm 1586368429 2020/04/08 17:53:49 1 4096 3808545 3036290 406805 132 60155 53 25541 0 186513 0 0 2097152 0 0
SEP
MEM simgrid-vm 1586368430 2020/04/08 17:53:50 1 4096 3808545 3036290 406805 132 60138 53 25541 0 186513 0 0 2097152 0 0
SEP
MEM simgrid-vm 1586368431 2020/04/08 17:53:51 1 4096 3808545 3036290 406805 132 60148 53 25542 0 186513 0 0 2097152 0 0
SEP
MEM simgrid-vm 1586368432 2020/04/08 17:53:52 1 4096 3808545 3036290 406809 132 60138 57 25542 0 186513 0 0 2097152 0 0
SEP
MEM simgrid-vm 1586368433 2020/04/08 17:53:53 1 4096 3808545 3207053 406810 132 60091 58 25543 0 186513 0 0 2097152 0 0
SEP
MEM simgrid-vm 1586368434 2020/04/08 17:53:54 1 4096 3808545 3207299 406813 134 60061 57 25543 0 186513 0 0 2097152 0 0
SEP
MEM simgrid-vm 1586368435 2020/04/08 17:53:55 1 4096 3808545 3207312 406813 134 60061 58 25543 0 186513 0 0 2097152 0 0
SEP
MEM simgrid-vm 1586368436 2020/04/08 17:53:56 1 4096 3808545 3207312 406817 134 60064 62 25546 0 186513 0 0 2097152 0 0
SEP
MEM simgrid-vm 1586368437 2020/04/08 17:53:57 1 4096 3808545 3207343 406819 134 60051 64 25546 0 186513 0 0 2097152 0 0
SEP
MEM simgrid-vm 1586368438 2020/04/08 17:53:58 1 4096 3808545 3207343 406819 134 60052 64 25546 0 186513 0 0 2097152 0 0
SEP
MEM simgrid-vm 1586368439 2020/04/08 17:53:59 1 4096 3808545 3207343 406817 136 60056 61 25547 0 186513 0 0 2097152 0 0
SEP
MEM simgrid-vm 1586368440 2020/04/08 17:54:00 1 4096 3808545 3207312 406821 136 60059 65 25547 0 186513 0 0 2097152 0 0
SEP
MEM simgrid-vm 1586368441 2020/04/08 17:54:01 1 4096 3808545 3207314 406821 136 60050 65 25547 0 186513 0 0 2097152 0 0
SEP
MEM simgrid-vm 1586368442 2020/04/08 17:54:02 1 4096 3808545 3207314 406823 136 60050 67 25547 0 186513 0 0 2097152 0 0
SEP
MEM simgrid-vm 1586368443 2020/04/08 17:54:03 1 4096 3808545 3207310 406823 136 60054 67 25555 0 186513 0 0 2097152 0 0
SEP
MEM simgrid-vm 1586368444 2020/04/08 17:54:04 1 4096 3808545 3207310 406824 136 60045 62 25555 0 186513 0 0 2097152 0 0
SEP
MEM simgrid-vm 1586368445 2020/04/08 17:54:05 1 4096 3808545 3207310 406824 138 60049 66 25555 0 186513 0 0 2097152 0 0
SEP
MEM simgrid-vm 1586368446 2020/04/08 17:54:06 1 4096 3808545 3206346 407265 138 60059 69 25555 0 186513 0 0 2097152 0 0
SEP
MEM simgrid-vm 1586368447 2020/04/08 17:54:07 1 4096 3808545 3199296 411610 138 60260 74 25715 0 186521 0 0 2097152 0 0
SEP
