RESET
MEM simgrid-vm 1585868888 2020/04/02 23:08:08 12213759 4096 3808545 3433669 187489 72 58397 53 23798 0 180369 0 0 2097152 0 0
SEP
MEM simgrid-vm 1585868889 2020/04/02 23:08:09 1 4096 3808545 3395747 214417 72 58257 62 23695 0 180369 0 0 2097152 0 0
SEP
MEM simgrid-vm 1585868890 2020/04/02 23:08:10 1 4096 3808545 3380131 224643 72 58271 62 23707 0 180369 0 0 2097152 0 0
SEP
MEM simgrid-vm 1585868891 2020/04/02 23:08:11 1 4096 3808545 3347532 250756 72 58303 67 23707 0 180369 0 0 2097152 0 0
SEP
MEM simgrid-vm 1585868892 2020/04/02 23:08:12 1 4096 3808545 3264911 327692 72 58339 67 23707 0 180369 0 0 2097152 0 0
SEP
MEM simgrid-vm 1585868893 2020/04/02 23:08:13 1 4096 3808545 3241947 344088 72 58508 33 23923 0 180369 0 0 2097152 0 0
SEP
MEM simgrid-vm 1585868894 2020/04/02 23:08:14 1 4096 3808545 3232966 346496 74 58844 32 24287 0 180369 0 0 2097152 0 0
SEP
MEM simgrid-vm 1585868895 2020/04/02 23:08:15 1 4096 3808545 3220644 354658 74 59429 32 24836 0 180369 0 0 2097152 0 0
SEP
MEM simgrid-vm 1585868896 2020/04/02 23:08:16 1 4096 3808545 3213165 356575 74 59951 32 25276 0 180369 0 0 2097152 0 0
SEP
MEM simgrid-vm 1585868897 2020/04/02 23:08:17 1 4096 3808545 3150294 391497 75 60109 32 25394 0 180369 0 0 2097152 0 0
SEP
MEM simgrid-vm 1585868898 2020/04/02 23:08:18 1 4096 3808545 3073296 430207 75 60210 24 25486 0 180369 0 0 2097152 0 0
SEP
MEM simgrid-vm 1585868899 2020/04/02 23:08:19 1 4096 3808545 2996642 467766 75 60307 24 25583 0 180369 0 0 2097152 0 0
SEP
MEM simgrid-vm 1585868900 2020/04/02 23:08:20 1 4096 3808545 2995774 467820 77 60371 24 25638 0 180369 0 0 2097152 0 0
SEP
MEM simgrid-vm 1585868901 2020/04/02 23:08:21 1 4096 3808545 2995774 467823 77 60357 32 25650 0 180369 0 0 2097152 0 0
SEP
MEM simgrid-vm 1585868902 2020/04/02 23:08:22 1 4096 3808545 2995794 467823 77 60342 32 25631 0 180369 0 0 2097152 0 0
SEP
MEM simgrid-vm 1585868903 2020/04/02 23:08:23 1 4096 3808545 2995794 467823 77 60345 28 25633 0 180369 0 0 2097152 0 0
SEP
MEM simgrid-vm 1585868904 2020/04/02 23:08:24 1 4096 3808545 2995786 467823 77 60356 28 25646 0 180369 0 0 2097152 0 0
SEP
MEM simgrid-vm 1585868905 2020/04/02 23:08:25 1 4096 3808545 2995786 467823 77 60358 28 25646 0 180369 0 0 2097152 0 0
SEP
MEM simgrid-vm 1585868906 2020/04/02 23:08:26 1 4096 3808545 2995786 467823 79 60357 30 25646 0 180369 0 0 2097152 0 0
SEP
MEM simgrid-vm 1585868907 2020/04/02 23:08:27 1 4096 3808545 2995798 467825 81 60343 34 25636 0 180369 0 0 2097152 0 0
SEP
MEM simgrid-vm 1585868908 2020/04/02 23:08:28 1 4096 3808545 2995798 467827 81 60348 29 25640 0 180369 0 0 2097152 0 0
SEP
MEM simgrid-vm 1585868909 2020/04/02 23:08:29 1 4096 3808545 2995798 467829 81 60339 31 25629 0 180369 0 0 2097152 0 0
SEP
MEM simgrid-vm 1585868910 2020/04/02 23:08:30 1 4096 3808545 2995798 467829 81 60341 31 25629 0 180369 0 0 2097152 0 0
SEP
MEM simgrid-vm 1585868911 2020/04/02 23:08:31 1 4096 3808545 2993459 477049 83 60340 31 25629 0 180369 0 0 2097152 0 0
SEP
MEM simgrid-vm 1585868912 2020/04/02 23:08:32 1 4096 3808545 2984305 478470 83 60362 41 25649 0 180369 0 0 2097152 0 0
SEP
MEM simgrid-vm 1585868913 2020/04/02 23:08:33 1 4096 3808545 2969579 479202 83 60370 41 25657 0 180369 0 0 2097152 0 0
SEP
MEM simgrid-vm 1585868914 2020/04/02 23:08:34 1 4096 3808545 2961767 479202 83 60370 41 25657 0 180369 0 0 2097152 0 0
SEP
MEM simgrid-vm 1585868915 2020/04/02 23:08:35 1 4096 3808545 2960217 479206 83 60372 45 25658 0 180369 0 0 2097152 0 0
SEP
MEM simgrid-vm 1585868916 2020/04/02 23:08:36 1 4096 3808545 2960225 479206 83 60371 45 25654 0 180369 0 0 2097152 0 0
SEP
MEM simgrid-vm 1585868917 2020/04/02 23:08:37 1 4096 3808545 2927862 480970 86 60372 45 25652 0 180369 0 0 2097152 0 0
SEP
MEM simgrid-vm 1585868918 2020/04/02 23:08:38 1 4096 3808545 2908190 481000 86 60393 41 25659 0 180369 0 0 2097152 0 0
SEP
MEM simgrid-vm 1585868919 2020/04/02 23:08:39 1 4096 3808545 2906080 481002 86 60402 43 25661 0 180369 0 0 2097152 0 0
SEP
MEM simgrid-vm 1585868920 2020/04/02 23:08:40 1 4096 3808545 2903931 481002 86 60403 43 25671 0 180369 0 0 2097152 0 0
SEP
MEM simgrid-vm 1585868921 2020/04/02 23:08:41 1 4096 3808545 2903927 481004 86 60400 45 25677 0 180369 0 0 2097152 0 0
SEP
MEM simgrid-vm 1585868922 2020/04/02 23:08:42 1 4096 3808545 2903857 481003 88 60420 46 25683 0 180369 0 0 2097152 0 0
SEP
MEM simgrid-vm 1585868923 2020/04/02 23:08:43 1 4096 3808545 2903818 481005 88 60423 44 25693 0 180369 0 0 2097152 0 0
SEP
MEM simgrid-vm 1585868924 2020/04/02 23:08:44 1 4096 3808545 2903713 481017 88 60437 44 25703 0 180369 0 0 2097152 0 0
SEP
MEM simgrid-vm 1585868925 2020/04/02 23:08:45 1 4096 3808545 2903651 481017 88 60439 44 25703 0 180369 0 0 2097152 0 0
SEP
MEM simgrid-vm 1585868926 2020/04/02 23:08:46 1 4096 3808545 2903589 481019 88 60431 46 25703 0 180369 0 0 2097152 0 0
SEP
MEM simgrid-vm 1585868927 2020/04/02 23:08:47 1 4096 3808545 2903554 481019 88 60438 46 25708 0 180369 0 0 2097152 0 0
SEP
MEM simgrid-vm 1585868928 2020/04/02 23:08:48 1 4096 3808545 2903457 481019 90 60448 31 25714 0 180369 0 0 2097152 0 0
SEP
MEM simgrid-vm 1585868929 2020/04/02 23:08:49 1 4096 3808545 2898849 481022 90 60444 34 25714 0 180369 0 0 2097152 0 0
SEP
MEM simgrid-vm 1585868930 2020/04/02 23:08:50 1 4096 3808545 2898818 481024 90 60448 36 25715 0 180369 0 0 2097152 0 0
SEP
MEM simgrid-vm 1585868931 2020/04/02 23:08:51 1 4096 3808545 2898814 481026 90 60457 38 25720 0 180369 0 0 2097152 0 0
SEP
MEM simgrid-vm 1585868932 2020/04/02 23:08:52 1 4096 3808545 2898783 481026 90 60446 38 25709 0 180369 0 0 2097152 0 0
SEP
MEM simgrid-vm 1585868933 2020/04/02 23:08:53 1 4096 3808545 2898744 481026 90 60448 36 25716 0 180369 0 0 2097152 0 0
SEP
MEM simgrid-vm 1585868934 2020/04/02 23:08:54 1 4096 3808545 2898709 481026 92 60451 38 25720 0 180369 0 0 2097152 0 0
SEP
MEM simgrid-vm 1585868935 2020/04/02 23:08:55 1 4096 3808545 2898670 481026 92 60461 38 25728 0 180369 0 0 2097152 0 0
SEP
MEM simgrid-vm 1585868936 2020/04/02 23:08:56 1 4096 3808545 2898694 481026 92 60438 38 25704 0 180369 0 0 2097152 0 0
SEP
MEM simgrid-vm 1585868937 2020/04/02 23:08:57 1 4096 3808545 2898694 481026 92 60438 38 25704 0 180369 0 0 2097152 0 0
SEP
MEM simgrid-vm 1585868938 2020/04/02 23:08:58 1 4096 3808545 2898691 481026 92 60413 30 25679 0 180369 0 0 2097152 0 0
SEP
MEM simgrid-vm 1585868939 2020/04/02 23:08:59 1 4096 3808545 2898625 481030 94 60415 39 25683 0 180369 0 0 2097152 0 0
SEP
MEM simgrid-vm 1585868940 2020/04/02 23:09:00 1 4096 3808545 2898625 481030 94 60414 39 25685 0 180369 0 0 2097152 0 0
SEP
MEM simgrid-vm 1585868941 2020/04/02 23:09:01 1 4096 3808545 2898563 481030 94 60424 39 25689 0 180369 0 0 2097152 0 0
SEP
MEM simgrid-vm 1585868942 2020/04/02 23:09:02 1 4096 3808545 2898563 481032 94 60430 41 25693 0 180369 0 0 2097152 0 0
SEP
MEM simgrid-vm 1585868943 2020/04/02 23:09:03 1 4096 3808545 2898501 481034 94 60443 36 25695 0 180369 0 0 2097152 0 0
SEP
MEM simgrid-vm 1585868944 2020/04/02 23:09:04 1 4096 3808545 2898470 481034 96 60450 40 25695 0 180369 0 0 2097152 0 0
SEP
MEM simgrid-vm 1585868945 2020/04/02 23:09:05 1 4096 3808545 2897741 481326 96 60426 40 25696 0 180369 0 0 2097152 0 0
SEP
MEM simgrid-vm 1585868946 2020/04/02 23:09:06 1 4096 3808545 2897448 481383 96 60485 43 25712 0 180369 0 0 2097152 0 0
SEP
MEM simgrid-vm 1585868947 2020/04/02 23:09:07 1 4096 3808545 2897386 481384 96 60481 44 25712 0 180369 0 0 2097152 0 0
SEP
MEM simgrid-vm 1585868948 2020/04/02 23:09:08 1 4096 3808545 2897382 481386 96 60485 40 25716 0 180369 0 0 2097152 0 0
SEP
MEM simgrid-vm 1585868949 2020/04/02 23:09:09 1 4096 3808545 2897569 481459 98 60500 41 25721 0 180369 0 0 2097152 0 0
SEP
MEM simgrid-vm 1585868950 2020/04/02 23:09:10 1 4096 3808545 2897605 481459 98 60497 42 25721 0 180369 0 0 2097152 0 0
SEP
MEM simgrid-vm 1585868951 2020/04/02 23:09:11 1 4096 3808545 2897597 481463 98 60504 43 25725 0 180369 0 0 2097152 0 0
SEP
MEM simgrid-vm 1585868952 2020/04/02 23:09:12 1 4096 3808545 2897578 481465 98 60505 45 25725 0 180369 0 0 2097152 0 0
SEP
MEM simgrid-vm 1585868953 2020/04/02 23:09:13 1 4096 3808545 2897543 481465 98 60497 45 25729 0 180369 0 0 2097152 0 0
SEP
MEM simgrid-vm 1585868954 2020/04/02 23:09:14 1 4096 3808545 2897543 481469 100 60496 51 25729 0 180369 0 0 2097152 0 0
SEP
MEM simgrid-vm 1585868955 2020/04/02 23:09:15 1 4096 3808545 2897535 481470 100 60506 52 25737 0 180369 0 0 2097152 0 0
SEP
MEM simgrid-vm 1585868956 2020/04/02 23:09:16 1 4096 3808545 2897531 481470 100 60516 52 25742 0 180369 0 0 2097152 0 0
SEP
MEM simgrid-vm 1585868957 2020/04/02 23:09:17 1 4096 3808545 2897500 481472 100 60518 54 25743 0 180369 0 0 2097152 0 0
SEP
MEM simgrid-vm 1585868958 2020/04/02 23:09:18 1 4096 3808545 2897500 481474 100 60510 53 25743 0 180369 0 0 2097152 0 0
SEP
MEM simgrid-vm 1585868959 2020/04/02 23:09:19 1 4096 3808545 2897500 481478 102 60510 60 25743 0 180369 0 0 2097152 0 0
SEP
MEM simgrid-vm 1585868960 2020/04/02 23:09:20 1 4096 3808545 2897500 481480 102 60511 62 25743 0 180369 0 0 2097152 0 0
SEP
MEM simgrid-vm 1585868961 2020/04/02 23:09:21 1 4096 3808545 2897500 481480 102 60511 62 25743 0 180369 0 0 2097152 0 0
SEP
MEM simgrid-vm 1585868962 2020/04/02 23:09:22 1 4096 3808545 2897500 481482 102 60511 64 25743 0 180369 0 0 2097152 0 0
SEP
MEM simgrid-vm 1585868963 2020/04/02 23:09:23 1 4096 3808545 2897500 481482 102 60514 32 25743 0 180369 0 0 2097152 0 0
SEP
MEM simgrid-vm 1585868964 2020/04/02 23:09:24 1 4096 3808545 2897500 481484 104 60515 43 25744 0 180369 0 0 2097152 0 0
SEP
MEM simgrid-vm 1585868965 2020/04/02 23:09:25 1 4096 3808545 2897500 481486 104 60511 45 25744 0 180369 0 0 2097152 0 0
SEP
MEM simgrid-vm 1585868966 2020/04/02 23:09:26 1 4096 3808545 2897500 481486 104 60514 45 25744 0 180369 0 0 2097152 0 0
SEP
MEM simgrid-vm 1585868967 2020/04/02 23:09:27 1 4096 3808545 2897500 481486 104 60516 45 25744 0 180369 0 0 2097152 0 0
SEP
MEM simgrid-vm 1585868968 2020/04/02 23:09:28 1 4096 3808545 2897469 481486 104 60521 45 25744 0 180369 0 0 2097152 0 0
SEP
MEM simgrid-vm 1585868969 2020/04/02 23:09:29 1 4096 3808545 2897461 481486 106 60524 45 25748 0 180369 0 0 2097152 0 0
SEP
MEM simgrid-vm 1585868970 2020/04/02 23:09:30 1 4096 3808545 2897453 481486 106 60533 45 25757 0 180369 0 0 2097152 0 0
SEP
MEM simgrid-vm 1585868971 2020/04/02 23:09:31 1 4096 3808545 2897457 481488 106 60522 47 25757 0 180369 0 0 2097152 0 0
SEP
MEM simgrid-vm 1585868972 2020/04/02 23:09:32 1 4096 3808545 2897457 481488 106 60529 47 25757 0 180369 0 0 2097152 0 0
SEP
MEM simgrid-vm 1585868973 2020/04/02 23:09:33 1 4096 3808545 2897457 481490 106 60528 43 25757 0 180369 0 0 2097152 0 0
SEP
MEM simgrid-vm 1585868974 2020/04/02 23:09:34 1 4096 3808545 2897457 481490 108 60537 52 25757 0 180369 0 0 2097152 0 0
SEP
MEM simgrid-vm 1585868975 2020/04/02 23:09:35 1 4096 3808545 2897457 481490 108 60545 52 25757 0 180369 0 0 2097152 0 0
SEP
MEM simgrid-vm 1585868976 2020/04/02 23:09:36 1 4096 3808545 2897457 481492 108 60543 54 25757 0 180369 0 0 2097152 0 0
SEP
MEM simgrid-vm 1585868977 2020/04/02 23:09:37 1 4096 3808545 2897457 481496 108 60533 58 25757 0 180369 0 0 2097152 0 0
SEP
MEM simgrid-vm 1585868978 2020/04/02 23:09:38 1 4096 3808545 2897457 481498 108 60538 58 25757 0 180369 0 0 2097152 0 0
SEP
MEM simgrid-vm 1585868979 2020/04/02 23:09:39 1 4096 3808545 2897453 481498 110 60534 59 25761 0 180369 0 0 2097152 0 0
SEP
MEM simgrid-vm 1585868980 2020/04/02 23:09:40 1 4096 3808545 2897453 481498 110 60533 59 25761 0 180369 0 0 2097152 0 0
SEP
MEM simgrid-vm 1585868981 2020/04/02 23:09:41 1 4096 3808545 2897453 481498 110 60533 59 25761 0 180369 0 0 2097152 0 0
SEP
MEM simgrid-vm 1585868982 2020/04/02 23:09:42 1 4096 3808545 2897453 481498 110 60534 59 25761 0 180369 0 0 2097152 0 0
SEP
MEM simgrid-vm 1585868983 2020/04/02 23:09:43 1 4096 3808545 2897422 481500 110 60537 45 25761 0 180369 0 0 2097152 0 0
SEP
MEM simgrid-vm 1585868984 2020/04/02 23:09:44 1 4096 3808545 2897418 481500 112 60531 49 25765 0 180369 0 0 2097152 0 0
SEP
MEM simgrid-vm 1585868985 2020/04/02 23:09:45 1 4096 3808545 2897418 481500 112 60528 49 25765 0 180369 0 0 2097152 0 0
SEP
MEM simgrid-vm 1585868986 2020/04/02 23:09:46 1 4096 3808545 2897418 481500 112 60528 49 25765 0 180369 0 0 2097152 0 0
SEP
MEM simgrid-vm 1585868987 2020/04/02 23:09:47 1 4096 3808545 2897383 481502 112 60532 51 25769 0 180369 0 0 2097152 0 0
SEP
MEM simgrid-vm 1585868988 2020/04/02 23:09:48 1 4096 3808545 2897352 481503 112 60532 43 25769 0 180369 0 0 2097152 0 0
SEP
MEM simgrid-vm 1585868989 2020/04/02 23:09:49 1 4096 3808545 2897399 481503 114 60518 46 25753 0 180369 0 0 2097152 0 0
SEP
MEM simgrid-vm 1585868990 2020/04/02 23:09:50 1 4096 3808545 2897368 481507 114 60514 51 25753 0 180369 0 0 2097152 0 0
SEP
MEM simgrid-vm 1585868991 2020/04/02 23:09:51 1 4096 3808545 2897368 481507 114 60515 51 25753 0 180369 0 0 2097152 0 0
SEP
MEM simgrid-vm 1585868992 2020/04/02 23:09:52 1 4096 3808545 2897368 481509 114 60500 53 25739 0 180369 0 0 2097152 0 0
SEP
MEM simgrid-vm 1585868993 2020/04/02 23:09:53 1 4096 3808545 2897368 481509 114 60501 50 25739 0 180369 0 0 2097152 0 0
SEP
MEM simgrid-vm 1585868994 2020/04/02 23:09:54 1 4096 3808545 2897302 481507 116 60507 50 25739 0 180369 0 0 2097152 0 0
SEP
MEM simgrid-vm 1585868995 2020/04/02 23:09:55 1 4096 3808545 2897302 481509 116 60506 52 25739 0 180369 0 0 2097152 0 0
SEP
MEM simgrid-vm 1585868996 2020/04/02 23:09:56 1 4096 3808545 2897322 481509 116 60489 52 25715 0 180369 0 0 2097152 0 0
SEP
MEM simgrid-vm 1585868997 2020/04/02 23:09:57 1 4096 3808545 2897326 481509 116 60481 52 25715 0 180369 0 0 2097152 0 0
SEP
MEM simgrid-vm 1585868998 2020/04/02 23:09:58 1 4096 3808545 2897295 481509 116 60482 18 25715 0 180369 0 0 2097152 0 0
SEP
MEM simgrid-vm 1585868999 2020/04/02 23:09:59 1 4096 3808545 2897295 481509 116 60493 18 25715 0 180369 0 0 2097152 0 0
SEP
MEM simgrid-vm 1585869000 2020/04/02 23:10:00 1 4096 3808545 2897295 481509 118 60484 26 25715 0 180369 0 0 2097152 0 0
SEP
MEM simgrid-vm 1585869001 2020/04/02 23:10:01 1 4096 3808545 2897291 481511 118 60498 28 25721 0 180369 0 0 2097152 0 0
SEP
MEM simgrid-vm 1585869002 2020/04/02 23:10:02 1 4096 3808545 2897291 481511 118 60487 28 25721 0 180369 0 0 2097152 0 0
SEP
MEM simgrid-vm 1585869003 2020/04/02 23:10:03 1 4096 3808545 2897283 481513 118 60502 26 25731 0 180369 0 0 2097152 0 0
SEP
MEM simgrid-vm 1585869004 2020/04/02 23:10:04 1 4096 3808545 2897256 481513 118 60504 26 25730 0 180369 0 0 2097152 0 0
SEP
MEM simgrid-vm 1585869005 2020/04/02 23:10:05 1 4096 3808545 2897256 481513 120 60504 32 25732 0 180369 0 0 2097152 0 0
SEP
MEM simgrid-vm 1585869006 2020/04/02 23:10:06 1 4096 3808545 2897256 481513 120 60503 32 25732 0 180369 0 0 2097152 0 0
SEP
MEM simgrid-vm 1585869007 2020/04/02 23:10:07 1 4096 3808545 2897256 481513 120 60506 32 25733 0 180369 0 0 2097152 0 0
SEP
MEM simgrid-vm 1585869008 2020/04/02 23:10:08 1 4096 3808545 2897256 481515 120 60507 32 25736 0 180369 0 0 2097152 0 0
SEP
MEM simgrid-vm 1585869009 2020/04/02 23:10:09 1 4096 3808545 2897256 481517 120 60507 34 25738 0 180369 0 0 2097152 0 0
SEP
MEM simgrid-vm 1585869010 2020/04/02 23:10:10 1 4096 3808545 2897256 481517 122 60511 34 25739 0 180369 0 0 2097152 0 0
SEP
MEM simgrid-vm 1585869011 2020/04/02 23:10:11 1 4096 3808545 2897252 481519 122 60516 37 25745 0 180369 0 0 2097152 0 0
SEP
MEM simgrid-vm 1585869012 2020/04/02 23:10:12 1 4096 3808545 2897272 481519 122 60482 37 25713 0 180369 0 0 2097152 0 0
SEP
MEM simgrid-vm 1585869013 2020/04/02 23:10:13 1 4096 3808545 2897272 481521 122 60482 37 25713 0 180369 0 0 2097152 0 0
SEP
MEM simgrid-vm 1585869014 2020/04/02 23:10:14 1 4096 3808545 2897272 481521 122 60481 37 25713 0 180369 0 0 2097152 0 0
SEP
MEM simgrid-vm 1585869015 2020/04/02 23:10:15 1 4096 3808545 2897272 481525 124 60481 46 25713 0 180369 0 0 2097152 0 0
SEP
MEM simgrid-vm 1585869016 2020/04/02 23:10:16 1 4096 3808545 2897272 481525 124 60481 46 25712 0 180369 0 0 2097152 0 0
SEP
MEM simgrid-vm 1585869017 2020/04/02 23:10:17 1 4096 3808545 2897264 481527 124 60493 48 25720 0 180369 0 0 2097152 0 0
SEP
MEM simgrid-vm 1585869018 2020/04/02 23:10:18 1 4096 3808545 2897260 481527 124 60495 46 25720 0 180369 0 0 2097152 0 0
SEP
MEM simgrid-vm 1585869019 2020/04/02 23:10:19 1 4096 3808545 2897260 481527 124 60493 46 25720 0 180369 0 0 2097152 0 0
SEP
MEM simgrid-vm 1585869020 2020/04/02 23:10:20 1 4096 3808545 2897264 481527 126 60492 48 25718 0 180369 0 0 2097152 0 0
SEP
MEM simgrid-vm 1585869021 2020/04/02 23:10:21 1 4096 3808545 2897260 481528 126 60498 49 25719 0 180369 0 0 2097152 0 0
SEP
MEM simgrid-vm 1585869022 2020/04/02 23:10:22 1 4096 3808545 2897268 481528 126 60495 49 25721 0 180369 0 0 2097152 0 0
SEP
MEM simgrid-vm 1585869023 2020/04/02 23:10:23 1 4096 3808545 2897268 481528 126 60494 38 25724 0 180369 0 0 2097152 0 0
SEP
MEM simgrid-vm 1585869024 2020/04/02 23:10:24 1 4096 3808545 2897268 481532 126 60495 42 25724 0 180369 0 0 2097152 0 0
SEP
MEM simgrid-vm 1585869025 2020/04/02 23:10:25 1 4096 3808545 2897268 481532 128 60505 45 25725 0 180369 0 0 2097152 0 0
SEP
MEM simgrid-vm 1585869026 2020/04/02 23:10:26 1 4096 3808545 2897237 481534 128 60483 47 25710 0 180369 0 0 2097152 0 0
SEP
MEM simgrid-vm 1585869027 2020/04/02 23:10:27 1 4096 3808545 2897233 481536 128 60485 50 25714 0 180369 0 0 2097152 0 0
SEP
MEM simgrid-vm 1585869028 2020/04/02 23:10:28 1 4096 3808545 2897225 481538 128 60497 51 25722 0 180369 0 0 2097152 0 0
SEP
MEM simgrid-vm 1585869029 2020/04/02 23:10:29 1 4096 3808545 2897221 481538 128 60498 51 25725 0 180369 0 0 2097152 0 0
SEP
MEM simgrid-vm 1585869030 2020/04/02 23:10:30 1 4096 3808545 2897245 481540 130 60473 53 25701 0 180369 0 0 2097152 0 0
SEP
MEM simgrid-vm 1585869031 2020/04/02 23:10:31 1 4096 3808545 2897245 481540 130 60477 53 25701 0 180369 0 0 2097152 0 0
SEP
MEM simgrid-vm 1585869032 2020/04/02 23:10:32 1 4096 3808545 2897245 481540 130 60478 53 25701 0 180369 0 0 2097152 0 0
SEP
MEM simgrid-vm 1585869033 2020/04/02 23:10:33 1 4096 3808545 2897214 481540 130 60479 26 25701 0 180369 0 0 2097152 0 0
SEP
MEM simgrid-vm 1585869034 2020/04/02 23:10:34 1 4096 3808545 2897214 481540 130 60473 26 25701 0 180369 0 0 2097152 0 0
SEP
MEM simgrid-vm 1585869035 2020/04/02 23:10:35 1 4096 3808545 2897214 481538 132 60473 26 25701 0 180369 0 0 2097152 0 0
SEP
MEM simgrid-vm 1585869036 2020/04/02 23:10:36 1 4096 3808545 2897214 481540 132 60480 33 25701 0 180369 0 0 2097152 0 0
SEP
MEM simgrid-vm 1585869037 2020/04/02 23:10:37 1 4096 3808545 2897210 481542 132 60477 35 25705 0 180369 0 0 2097152 0 0
SEP
MEM simgrid-vm 1585869038 2020/04/02 23:10:38 1 4096 3808545 2897202 481548 132 60486 37 25713 0 180369 0 0 2097152 0 0
SEP
MEM simgrid-vm 1585869039 2020/04/02 23:10:39 1 4096 3808545 2897202 481548 132 60484 37 25713 0 180369 0 0 2097152 0 0
SEP
MEM simgrid-vm 1585869040 2020/04/02 23:10:40 1 4096 3808545 2897198 481548 132 60490 37 25718 0 180369 0 0 2097152 0 0
SEP
MEM simgrid-vm 1585869041 2020/04/02 23:10:41 1 4096 3808545 2897167 481548 134 60495 40 25721 0 180369 0 0 2097152 0 0
SEP
MEM simgrid-vm 1585869042 2020/04/02 23:10:42 1 4096 3808545 2897128 481550 134 60509 42 25733 0 180369 0 0 2097152 0 0
SEP
MEM simgrid-vm 1585869043 2020/04/02 23:10:43 1 4096 3808545 2897128 481550 134 60508 39 25734 0 180369 0 0 2097152 0 0
SEP
MEM simgrid-vm 1585869044 2020/04/02 23:10:44 1 4096 3808545 2897128 481550 134 60508 39 25734 0 180369 0 0 2097152 0 0
SEP
MEM simgrid-vm 1585869045 2020/04/02 23:10:45 1 4096 3808545 2897136 481552 134 60512 41 25729 0 180369 0 0 2097152 0 0
SEP
MEM simgrid-vm 1585869046 2020/04/02 23:10:46 1 4096 3808545 2897132 481552 136 60511 44 25730 0 180369 0 0 2097152 0 0
SEP
MEM simgrid-vm 1585869047 2020/04/02 23:10:47 1 4096 3808545 2897101 481552 136 60509 44 25731 0 180369 0 0 2097152 0 0
SEP
MEM simgrid-vm 1585869048 2020/04/02 23:10:48 1 4096 3808545 2897082 481554 136 60497 41 25727 0 180369 0 0 2097152 0 0
SEP
MEM simgrid-vm 1585869049 2020/04/02 23:10:49 1 4096 3808545 2897082 481556 136 60482 43 25711 0 180369 0 0 2097152 0 0
SEP
MEM simgrid-vm 1585869050 2020/04/02 23:10:50 1 4096 3808545 2897082 481558 136 60488 45 25711 0 180369 0 0 2097152 0 0
SEP
MEM simgrid-vm 1585869051 2020/04/02 23:10:51 1 4096 3808545 2897082 481558 138 60493 51 25711 0 180369 0 0 2097152 0 0
SEP
MEM simgrid-vm 1585869052 2020/04/02 23:10:52 1 4096 3808545 2897082 481558 138 60487 51 25711 0 180369 0 0 2097152 0 0
SEP
MEM simgrid-vm 1585869053 2020/04/02 23:10:53 1 4096 3808545 2897082 481560 138 60485 53 25711 0 180369 0 0 2097152 0 0
SEP
MEM simgrid-vm 1585869054 2020/04/02 23:10:54 1 4096 3808545 2897074 481561 138 60499 54 25719 0 180369 0 0 2097152 0 0
SEP
MEM simgrid-vm 1585869055 2020/04/02 23:10:55 1 4096 3808545 2897066 481561 138 60503 54 25727 0 180369 0 0 2097152 0 0
SEP
MEM simgrid-vm 1585869056 2020/04/02 23:10:56 1 4096 3808545 2897066 481563 138 60509 56 25727 0 180369 0 0 2097152 0 0
SEP
MEM simgrid-vm 1585869057 2020/04/02 23:10:57 1 4096 3808545 2897066 481565 140 60505 58 25727 0 180369 0 0 2097152 0 0
SEP
MEM simgrid-vm 1585869058 2020/04/02 23:10:58 1 4096 3808545 2897059 481567 140 60480 41 25703 0 180369 0 0 2097152 0 0
SEP
MEM simgrid-vm 1585869059 2020/04/02 23:10:59 1 4096 3808545 2897059 481569 140 60479 43 25703 0 180369 0 0 2097152 0 0
SEP
MEM simgrid-vm 1585869060 2020/04/02 23:11:00 1 4096 3808545 2897059 481569 140 60490 43 25705 0 180369 0 0 2097152 0 0
SEP
MEM simgrid-vm 1585869061 2020/04/02 23:11:01 1 4096 3808545 2896997 481571 140 60480 45 25707 0 180369 0 0 2097152 0 0
SEP
MEM simgrid-vm 1585869062 2020/04/02 23:11:02 1 4096 3808545 2896997 481571 142 60481 53 25707 0 180369 0 0 2097152 0 0
SEP
MEM simgrid-vm 1585869063 2020/04/02 23:11:03 1 4096 3808545 2896966 481573 142 60480 52 25707 0 180369 0 0 2097152 0 0
SEP
MEM simgrid-vm 1585869064 2020/04/02 23:11:04 1 4096 3808545 2896966 481577 142 60483 56 25707 0 180369 0 0 2097152 0 0
SEP
MEM simgrid-vm 1585869065 2020/04/02 23:11:05 1 4096 3808545 2896966 481577 142 60480 56 25707 0 180369 0 0 2097152 0 0
SEP
MEM simgrid-vm 1585869066 2020/04/02 23:11:06 1 4096 3808545 2896966 481577 142 60489 56 25707 0 180369 0 0 2097152 0 0
SEP
MEM simgrid-vm 1585869067 2020/04/02 23:11:07 1 4096 3808545 2896966 481577 144 60486 58 25709 0 180369 0 0 2097152 0 0
SEP
MEM simgrid-vm 1585869068 2020/04/02 23:11:08 1 4096 3808545 2896954 481577 144 60496 21 25719 0 180369 0 0 2097152 0 0
SEP
MEM simgrid-vm 1585869069 2020/04/02 23:11:09 1 4096 3808545 2896950 481577 144 60502 21 25725 0 180369 0 0 2097152 0 0
SEP
MEM simgrid-vm 1585869070 2020/04/02 23:11:10 1 4096 3808545 2896938 481581 144 60507 25 25724 0 180369 0 0 2097152 0 0
SEP
MEM simgrid-vm 1585869071 2020/04/02 23:11:11 1 4096 3808545 2896942 481583 144 60502 27 25720 0 180369 0 0 2097152 0 0
SEP
MEM simgrid-vm 1585869072 2020/04/02 23:11:12 1 4096 3808545 2896938 481581 146 60513 27 25720 0 180369 0 0 2097152 0 0
SEP
MEM simgrid-vm 1585869073 2020/04/02 23:11:13 1 4096 3808545 2896942 481583 146 60503 35 25720 0 180369 0 0 2097152 0 0
SEP
MEM simgrid-vm 1585869074 2020/04/02 23:11:14 1 4096 3808545 2896942 481585 146 60504 37 25720 0 180369 0 0 2097152 0 0
SEP
MEM simgrid-vm 1585869075 2020/04/02 23:11:15 1 4096 3808545 2896942 481587 146 60503 39 25720 0 180369 0 0 2097152 0 0
SEP
MEM simgrid-vm 1585869076 2020/04/02 23:11:16 1 4096 3808545 2896942 481595 146 60509 48 25720 0 180369 0 0 2097152 0 0
SEP
MEM simgrid-vm 1585869077 2020/04/02 23:11:17 1 4096 3808545 2896942 481595 148 60507 50 25720 0 180369 0 0 2097152 0 0
SEP
MEM simgrid-vm 1585869078 2020/04/02 23:11:18 1 4096 3808545 2896942 481597 148 60504 53 25720 0 180369 0 0 2097152 0 0
SEP
MEM simgrid-vm 1585869079 2020/04/02 23:11:19 1 4096 3808545 2896942 481597 148 60502 53 25720 0 180369 0 0 2097152 0 0
SEP
MEM simgrid-vm 1585869080 2020/04/02 23:11:20 1 4096 3808545 2896938 481597 148 60506 53 25724 0 180369 0 0 2097152 0 0
SEP
MEM simgrid-vm 1585869081 2020/04/02 23:11:21 1 4096 3808545 2896934 481599 148 60515 55 25729 0 180369 0 0 2097152 0 0
SEP
MEM simgrid-vm 1585869082 2020/04/02 23:11:22 1 4096 3808545 2896946 481597 150 60507 55 25722 0 180369 0 0 2097152 0 0
SEP
MEM simgrid-vm 1585869083 2020/04/02 23:11:23 1 4096 3808545 2896946 481599 150 60510 51 25724 0 180369 0 0 2097152 0 0
SEP
MEM simgrid-vm 1585869084 2020/04/02 23:11:24 1 4096 3808545 2896946 481599 150 60506 51 25724 0 180369 0 0 2097152 0 0
SEP
MEM simgrid-vm 1585869085 2020/04/02 23:11:25 1 4096 3808545 2896946 481599 150 60505 51 25720 0 180369 0 0 2097152 0 0
SEP
MEM simgrid-vm 1585869086 2020/04/02 23:11:26 1 4096 3808545 2896946 481599 150 60501 51 25716 0 180369 0 0 2097152 0 0
SEP
MEM simgrid-vm 1585869087 2020/04/02 23:11:27 1 4096 3808545 2896946 481600 152 60505 54 25716 0 180369 0 0 2097152 0 0
SEP
MEM simgrid-vm 1585869088 2020/04/02 23:11:28 1 4096 3808545 2896946 481602 152 60500 54 25716 0 180369 0 0 2097152 0 0
SEP
MEM simgrid-vm 1585869089 2020/04/02 23:11:29 1 4096 3808545 2896962 481602 152 60485 54 25700 0 180369 0 0 2097152 0 0
SEP
MEM simgrid-vm 1585869090 2020/04/02 23:11:30 1 4096 3808545 2896962 481602 152 60485 54 25700 0 180369 0 0 2097152 0 0
SEP
MEM simgrid-vm 1585869091 2020/04/02 23:11:31 1 4096 3808545 2896962 481602 152 60487 54 25700 0 180369 0 0 2097152 0 0
SEP
MEM simgrid-vm 1585869092 2020/04/02 23:11:32 1 4096 3808545 2896962 481602 152 60489 54 25700 0 180369 0 0 2097152 0 0
SEP
MEM simgrid-vm 1585869093 2020/04/02 23:11:33 1 4096 3808545 2896962 481602 154 60485 53 25700 0 180369 0 0 2097152 0 0
SEP
MEM simgrid-vm 1585869094 2020/04/02 23:11:34 1 4096 3808545 2896927 481602 154 60491 53 25704 0 180369 0 0 2097152 0 0
SEP
MEM simgrid-vm 1585869095 2020/04/02 23:11:35 1 4096 3808545 2896923 481602 154 60494 53 25708 0 180369 0 0 2097152 0 0
SEP
MEM simgrid-vm 1585869096 2020/04/02 23:11:36 1 4096 3808545 2896939 481602 154 60480 53 25692 0 180369 0 0 2097152 0 0
SEP
MEM simgrid-vm 1585869097 2020/04/02 23:11:37 1 4096 3808545 2896935 481602 154 60482 53 25693 0 180369 0 0 2097152 0 0
SEP
MEM simgrid-vm 1585869098 2020/04/02 23:11:38 1 4096 3808545 2896904 481604 156 60483 51 25695 0 180369 0 0 2097152 0 0
SEP
MEM simgrid-vm 1585869099 2020/04/02 23:11:39 1 4096 3808545 2896916 481606 156 60476 54 25696 0 180369 0 0 2097152 0 0
SEP
MEM simgrid-vm 1585869100 2020/04/02 23:11:40 1 4096 3808545 2896916 481606 156 60466 54 25684 0 180369 0 0 2097152 0 0
SEP
MEM simgrid-vm 1585869101 2020/04/02 23:11:41 1 4096 3808545 2896885 481606 156 60473 54 25684 0 180369 0 0 2097152 0 0
SEP
MEM simgrid-vm 1585869102 2020/04/02 23:11:42 1 4096 3808545 2896885 481606 156 60469 54 25684 0 180369 0 0 2097152 0 0
SEP
MEM simgrid-vm 1585869103 2020/04/02 23:11:43 1 4096 3808545 2896881 481606 156 60481 16 25688 0 180369 0 0 2097152 0 0
SEP
MEM simgrid-vm 1585869104 2020/04/02 23:11:44 1 4096 3808545 2896877 481606 158 60484 26 25692 0 180369 0 0 2097152 0 0
SEP
MEM simgrid-vm 1585869105 2020/04/02 23:11:45 1 4096 3808545 2896877 481606 158 60486 26 25692 0 180369 0 0 2097152 0 0
SEP
MEM simgrid-vm 1585869106 2020/04/02 23:11:46 1 4096 3808545 2896885 481608 158 60466 28 25684 0 180369 0 0 2097152 0 0
SEP
MEM simgrid-vm 1585869107 2020/04/02 23:11:47 1 4096 3808545 2896885 481612 158 60470 33 25688 0 180369 0 0 2097152 0 0
SEP
MEM simgrid-vm 1585869108 2020/04/02 23:11:48 1 4096 3808545 2896885 481612 158 60472 22 25690 0 180369 0 0 2097152 0 0
SEP
MEM simgrid-vm 1585869109 2020/04/02 23:11:49 1 4096 3808545 2896885 481614 160 60468 30 25684 0 180369 0 0 2097152 0 0
SEP
MEM simgrid-vm 1585869110 2020/04/02 23:11:50 1 4096 3808545 2896885 481616 160 60466 33 25684 0 180369 0 0 2097152 0 0
SEP
MEM simgrid-vm 1585869111 2020/04/02 23:11:51 1 4096 3808545 2896632 481616 160 60470 33 25684 0 180369 0 0 2097152 0 0
SEP
MEM simgrid-vm 1585869112 2020/04/02 23:11:52 1 4096 3808545 2896687 481616 160 60483 33 25692 0 180369 0 0 2097152 0 0
SEP
MEM simgrid-vm 1585869113 2020/04/02 23:11:53 1 4096 3808545 2896687 481616 160 60478 31 25692 0 180369 0 0 2097152 0 0
SEP
MEM simgrid-vm 1585869114 2020/04/02 23:11:54 1 4096 3808545 2896675 481618 162 60492 37 25704 0 180369 0 0 2097152 0 0
SEP
MEM simgrid-vm 1585869115 2020/04/02 23:11:55 1 4096 3808545 2896671 481618 162 60495 37 25708 0 180369 0 0 2097152 0 0
SEP
MEM simgrid-vm 1585869116 2020/04/02 23:11:56 1 4096 3808545 2896663 481620 162 60516 39 25719 0 180369 0 0 2097152 0 0
SEP
MEM simgrid-vm 1585869117 2020/04/02 23:11:57 1 4096 3808545 2896663 481620 162 60502 39 25719 0 180369 0 0 2097152 0 0
SEP
MEM simgrid-vm 1585869118 2020/04/02 23:11:58 1 4096 3808545 2896675 481622 162 60488 39 25707 0 180369 0 0 2097152 0 0
SEP
MEM simgrid-vm 1585869119 2020/04/02 23:11:59 1 4096 3808545 2896163 481620 164 60487 39 25707 0 180369 0 0 2097152 0 0
SEP
MEM simgrid-vm 1585869120 2020/04/02 23:12:00 1 4096 3808545 2896163 481623 164 60484 42 25704 0 180369 0 0 2097152 0 0
SEP
MEM simgrid-vm 1585869121 2020/04/02 23:12:01 1 4096 3808545 2896132 481623 164 60483 42 25704 0 180369 0 0 2097152 0 0
SEP
MEM simgrid-vm 1585869122 2020/04/02 23:12:02 1 4096 3808545 2895931 481623 164 60484 42 25704 0 180369 0 0 2097152 0 0
SEP
MEM simgrid-vm 1585869123 2020/04/02 23:12:03 1 4096 3808545 2896035 481623 164 60487 42 25704 0 180369 0 0 2097152 0 0
SEP
MEM simgrid-vm 1585869124 2020/04/02 23:12:04 1 4096 3808545 2896031 481623 164 60488 42 25708 0 180369 0 0 2097152 0 0
SEP
MEM simgrid-vm 1585869125 2020/04/02 23:12:05 1 4096 3808545 2896031 481625 166 60496 44 25709 0 180369 0 0 2097152 0 0
SEP
MEM simgrid-vm 1585869126 2020/04/02 23:12:06 1 4096 3808545 2896015 481627 166 60516 47 25728 0 180369 0 0 2097152 0 0
SEP
MEM simgrid-vm 1585869127 2020/04/02 23:12:07 1 4096 3808545 2896007 481627 166 60521 47 25738 0 180369 0 0 2097152 0 0
SEP
MEM simgrid-vm 1585869128 2020/04/02 23:12:08 1 4096 3808545 2896023 481629 166 60506 49 25722 0 180369 0 0 2097152 0 0
SEP
MEM simgrid-vm 1585869129 2020/04/02 23:12:09 1 4096 3808545 2896023 481629 166 60507 49 25722 0 180369 0 0 2097152 0 0
SEP
MEM simgrid-vm 1585869130 2020/04/02 23:12:10 1 4096 3808545 2896023 481629 168 60505 49 25722 0 180369 0 0 2097152 0 0
SEP
MEM simgrid-vm 1585869131 2020/04/02 23:12:11 1 4096 3808545 2896023 481631 168 60509 51 25722 0 180369 0 0 2097152 0 0
SEP
MEM simgrid-vm 1585869132 2020/04/02 23:12:12 1 4096 3808545 2895916 481631 168 60509 51 25723 0 180369 0 0 2097152 0 0
SEP
MEM simgrid-vm 1585869133 2020/04/02 23:12:13 1 4096 3808545 2896005 481631 168 60515 50 25723 0 180369 0 0 2097152 0 0
SEP
MEM simgrid-vm 1585869134 2020/04/02 23:12:14 1 4096 3808545 2896005 481631 168 60508 50 25725 0 180369 0 0 2097152 0 0
SEP
MEM simgrid-vm 1585869135 2020/04/02 23:12:15 1 4096 3808545 2896005 481631 170 60510 51 25727 0 180369 0 0 2097152 0 0
SEP
MEM simgrid-vm 1585869136 2020/04/02 23:12:16 1 4096 3808545 2895974 481633 170 60515 53 25729 0 180369 0 0 2097152 0 0
SEP
MEM simgrid-vm 1585869137 2020/04/02 23:12:17 1 4096 3808545 2895966 481637 170 60524 58 25740 0 180369 0 0 2097152 0 0
SEP
MEM simgrid-vm 1585869138 2020/04/02 23:12:18 1 4096 3808545 2895982 481639 170 60502 28 25716 0 180369 0 0 2097152 0 0
SEP
MEM simgrid-vm 1585869139 2020/04/02 23:12:19 1 4096 3808545 2895982 481639 170 60501 28 25716 0 180369 0 0 2097152 0 0
SEP
MEM simgrid-vm 1585869140 2020/04/02 23:12:20 1 4096 3808545 2895982 481639 172 60508 37 25716 0 180369 0 0 2097152 0 0
SEP
MEM simgrid-vm 1585869141 2020/04/02 23:12:21 1 4096 3808545 2895974 481645 172 60518 43 25724 0 180369 0 0 2097152 0 0
SEP
MEM simgrid-vm 1585869142 2020/04/02 23:12:22 1 4096 3808545 2895962 481645 172 60526 43 25732 0 180369 0 0 2097152 0 0
SEP
MEM simgrid-vm 1585869143 2020/04/02 23:12:23 1 4096 3808545 2895557 481645 172 60527 38 25736 0 180369 0 0 2097152 0 0
SEP
MEM simgrid-vm 1585869144 2020/04/02 23:12:24 1 4096 3808545 2895598 481647 172 60487 40 25712 0 180369 0 0 2097152 0 0
SEP
MEM simgrid-vm 1585869145 2020/04/02 23:12:25 1 4096 3808545 2895598 481647 174 60484 45 25713 0 180369 0 0 2097152 0 0
SEP
MEM simgrid-vm 1585869146 2020/04/02 23:12:26 1 4096 3808545 2895598 481647 174 60488 45 25716 0 180369 0 0 2097152 0 0
SEP
MEM simgrid-vm 1585869147 2020/04/02 23:12:27 1 4096 3808545 2895567 481649 174 60492 47 25718 0 180369 0 0 2097152 0 0
SEP
MEM simgrid-vm 1585869148 2020/04/02 23:12:28 1 4096 3808545 2895567 481653 174 60496 43 25718 0 180369 0 0 2097152 0 0
SEP
MEM simgrid-vm 1585869149 2020/04/02 23:12:29 1 4096 3808545 2895559 481655 174 60504 45 25731 0 180369 0 0 2097152 0 0
SEP
MEM simgrid-vm 1585869150 2020/04/02 23:12:30 1 4096 3808545 2895555 481655 176 60494 48 25723 0 180369 0 0 2097152 0 0
SEP
MEM simgrid-vm 1585869151 2020/04/02 23:12:31 1 4096 3808545 2895555 481655 176 60497 48 25723 0 180369 0 0 2097152 0 0
SEP
MEM simgrid-vm 1585869152 2020/04/02 23:12:32 1 4096 3808545 2895555 481655 176 60494 48 25723 0 180369 0 0 2097152 0 0
SEP
MEM simgrid-vm 1585869153 2020/04/02 23:12:33 1 4096 3808545 2895555 481656 176 60499 49 25723 0 180369 0 0 2097152 0 0
SEP
MEM simgrid-vm 1585869154 2020/04/02 23:12:34 1 4096 3808545 2895575 481656 176 60479 49 25705 0 180369 0 0 2097152 0 0
SEP
MEM simgrid-vm 1585869155 2020/04/02 23:12:35 1 4096 3808545 2895575 481658 178 60488 51 25709 0 180369 0 0 2097152 0 0
SEP
MEM simgrid-vm 1585869156 2020/04/02 23:12:36 1 4096 3808545 2895575 481660 178 60490 53 25713 0 180369 0 0 2097152 0 0
SEP
MEM simgrid-vm 1585869157 2020/04/02 23:12:37 1 4096 3808545 2895571 481662 178 60478 55 25705 0 180369 0 0 2097152 0 0
SEP
MEM simgrid-vm 1585869158 2020/04/02 23:12:38 1 4096 3808545 2895559 481664 178 60494 46 25717 0 180369 0 0 2097152 0 0
SEP
MEM simgrid-vm 1585869159 2020/04/02 23:12:39 1 4096 3808545 2895567 481664 178 60484 46 25709 0 180369 0 0 2097152 0 0
SEP
MEM simgrid-vm 1585869160 2020/04/02 23:12:40 1 4096 3808545 2895567 481670 180 60484 57 25709 0 180369 0 0 2097152 0 0
SEP
MEM simgrid-vm 1585869161 2020/04/02 23:12:41 1 4096 3808545 2895567 481670 180 60475 57 25702 0 180369 0 0 2097152 0 0
SEP
MEM simgrid-vm 1585869162 2020/04/02 23:12:42 1 4096 3808545 2895594 481670 180 60478 57 25702 0 180369 0 0 2097152 0 0
SEP
MEM simgrid-vm 1585869163 2020/04/02 23:12:43 1 4096 3808545 2895522 481670 180 60486 55 25710 0 180369 0 0 2097152 0 0
SEP
MEM simgrid-vm 1585869164 2020/04/02 23:12:44 1 4096 3808545 2895538 481672 180 60501 58 25726 0 180369 0 0 2097152 0 0
SEP
MEM simgrid-vm 1585869165 2020/04/02 23:12:45 1 4096 3808545 2895538 481670 182 60502 58 25726 0 180369 0 0 2097152 0 0
SEP
MEM simgrid-vm 1585869166 2020/04/02 23:12:46 1 4096 3808545 2895542 481672 182 60499 60 25718 0 180369 0 0 2097152 0 0
SEP
MEM simgrid-vm 1585869167 2020/04/02 23:12:47 1 4096 3808545 2895542 481672 182 60497 60 25719 0 180369 0 0 2097152 0 0
SEP
MEM simgrid-vm 1585869168 2020/04/02 23:12:48 1 4096 3808545 2895542 481672 182 60500 53 25720 0 180369 0 0 2097152 0 0
SEP
MEM simgrid-vm 1585869169 2020/04/02 23:12:49 1 4096 3808545 2895566 481674 182 60476 55 25703 0 180369 0 0 2097152 0 0
SEP
MEM simgrid-vm 1585869170 2020/04/02 23:12:50 1 4096 3808545 2895566 481676 182 60488 57 25706 0 180369 0 0 2097152 0 0
SEP
MEM simgrid-vm 1585869171 2020/04/02 23:12:51 1 4096 3808545 2895566 481678 184 60481 66 25708 0 180369 0 0 2097152 0 0
SEP
MEM simgrid-vm 1585869172 2020/04/02 23:12:52 1 4096 3808545 2895582 481678 184 60472 66 25698 0 180369 0 0 2097152 0 0
SEP
MEM simgrid-vm 1585869173 2020/04/02 23:12:53 1 4096 3808545 2895544 481680 184 60461 27 25689 0 180369 0 0 2097152 0 0
SEP
MEM simgrid-vm 1585869174 2020/04/02 23:12:54 1 4096 3808545 2895527 481682 184 60461 29 25689 0 180369 0 0 2097152 0 0
SEP
MEM simgrid-vm 1585869175 2020/04/02 23:12:55 1 4096 3808545 2895533 481682 184 60462 29 25689 0 180369 0 0 2097152 0 0
SEP
MEM simgrid-vm 1585869176 2020/04/02 23:12:56 1 4096 3808545 2895498 481686 186 60466 44 25694 0 180369 0 0 2097152 0 0
SEP
MEM simgrid-vm 1585869177 2020/04/02 23:12:57 1 4096 3808545 2895494 481686 186 60473 44 25699 0 180369 0 0 2097152 0 0
SEP
MEM simgrid-vm 1585869178 2020/04/02 23:12:58 1 4096 3808545 2895482 481686 186 60486 40 25714 0 180369 0 0 2097152 0 0
SEP
MEM simgrid-vm 1585869179 2020/04/02 23:12:59 1 4096 3808545 2895474 481686 186 60499 40 25725 0 180369 0 0 2097152 0 0
SEP
MEM simgrid-vm 1585869180 2020/04/02 23:13:00 1 4096 3808545 2895490 481688 186 60481 42 25709 0 180369 0 0 2097152 0 0
SEP
MEM simgrid-vm 1585869181 2020/04/02 23:13:01 1 4096 3808545 2895490 481688 188 60484 47 25712 0 180369 0 0 2097152 0 0
SEP
MEM simgrid-vm 1585869182 2020/04/02 23:13:02 1 4096 3808545 2895459 481688 188 60489 47 25713 0 180369 0 0 2097152 0 0
SEP
MEM simgrid-vm 1585869183 2020/04/02 23:13:03 1 4096 3808545 2895459 481688 188 60490 41 25717 0 180369 0 0 2097152 0 0
SEP
MEM simgrid-vm 1585869184 2020/04/02 23:13:04 1 4096 3808545 2895358 481688 188 60495 41 25722 0 180369 0 0 2097152 0 0
SEP
MEM simgrid-vm 1585869185 2020/04/02 23:13:05 1 4096 3808545 2895389 481688 188 60496 41 25724 0 180369 0 0 2097152 0 0
SEP
MEM simgrid-vm 1585869186 2020/04/02 23:13:06 1 4096 3808545 2895389 481689 190 60498 43 25726 0 180369 0 0 2097152 0 0
SEP
MEM simgrid-vm 1585869187 2020/04/02 23:13:07 1 4096 3808545 2895389 481691 190 60500 45 25726 0 180369 0 0 2097152 0 0
SEP
MEM simgrid-vm 1585869188 2020/04/02 23:13:08 1 4096 3808545 2895389 481691 190 60492 43 25717 0 180369 0 0 2097152 0 0
SEP
MEM simgrid-vm 1585869189 2020/04/02 23:13:09 1 4096 3808545 2895389 481691 190 60490 43 25721 0 180369 0 0 2097152 0 0
SEP
MEM simgrid-vm 1585869190 2020/04/02 23:13:10 1 4096 3808545 2895381 481691 190 60496 43 25729 0 180369 0 0 2097152 0 0
SEP
MEM simgrid-vm 1585869191 2020/04/02 23:13:11 1 4096 3808545 2895404 481693 192 60513 50 25737 0 180369 0 0 2097152 0 0
SEP
MEM simgrid-vm 1585869192 2020/04/02 23:13:12 1 4096 3808545 2895396 481695 192 60513 52 25745 0 180369 0 0 2097152 0 0
SEP
MEM simgrid-vm 1585869193 2020/04/02 23:13:13 1 4096 3808545 2895388 481697 192 60512 46 25743 0 180369 0 0 2097152 0 0
SEP
MEM simgrid-vm 1585869194 2020/04/02 23:13:14 1 4096 3808545 2895428 481697 192 60471 46 25703 0 180369 0 0 2097152 0 0
SEP
MEM simgrid-vm 1585869195 2020/04/02 23:13:15 1 4096 3808545 2895364 481697 192 60473 46 25703 0 180369 0 0 2097152 0 0
SEP
MEM simgrid-vm 1585869196 2020/04/02 23:13:16 1 4096 3808545 2895426 481697 192 60472 46 25703 0 180369 0 0 2097152 0 0
SEP
MEM simgrid-vm 1585869197 2020/04/02 23:13:17 1 4096 3808545 2895426 481699 194 60467 49 25703 0 180369 0 0 2097152 0 0
SEP
MEM simgrid-vm 1585869198 2020/04/02 23:13:18 1 4096 3808545 2895426 481701 194 60471 46 25703 0 180369 0 0 2097152 0 0
SEP
MEM simgrid-vm 1585869199 2020/04/02 23:13:19 1 4096 3808545 2895426 481703 194 60471 49 25703 0 180369 0 0 2097152 0 0
SEP
MEM simgrid-vm 1585869200 2020/04/02 23:13:20 1 4096 3808545 2895426 481703 194 60470 49 25705 0 180369 0 0 2097152 0 0
SEP
MEM simgrid-vm 1585869201 2020/04/02 23:13:21 1 4096 3808545 2895426 481703 194 60479 49 25709 0 180369 0 0 2097152 0 0
SEP
MEM simgrid-vm 1585869202 2020/04/02 23:13:22 1 4096 3808545 2895422 481703 196 60484 53 25717 0 180369 0 0 2097152 0 0
SEP
MEM simgrid-vm 1585869203 2020/04/02 23:13:23 1 4096 3808545 2895414 481703 196 60491 45 25726 0 180369 0 0 2097152 0 0
SEP
MEM simgrid-vm 1585869204 2020/04/02 23:13:24 1 4096 3808545 2895430 481703 196 60480 45 25712 0 180369 0 0 2097152 0 0
SEP
MEM simgrid-vm 1585869205 2020/04/02 23:13:25 1 4096 3808545 2895430 481705 196 60480 47 25715 0 180369 0 0 2097152 0 0
SEP
MEM simgrid-vm 1585869206 2020/04/02 23:13:26 1 4096 3808545 2895430 481705 196 60473 47 25705 0 180369 0 0 2097152 0 0
SEP
MEM simgrid-vm 1585869207 2020/04/02 23:13:27 1 4096 3808545 2895418 481705 198 60482 52 25717 0 180369 0 0 2097152 0 0
SEP
MEM simgrid-vm 1585869208 2020/04/02 23:13:28 1 4096 3808545 2895406 481705 198 60494 18 25729 0 180369 0 0 2097152 0 0
SEP
MEM simgrid-vm 1585869209 2020/04/02 23:13:29 1 4096 3808545 2895390 481709 198 60518 23 25743 0 180369 0 0 2097152 0 0
SEP
MEM simgrid-vm 1585869210 2020/04/02 23:13:30 1 4096 3808545 2895402 481709 198 60512 23 25731 0 180369 0 0 2097152 0 0
SEP
MEM simgrid-vm 1585869211 2020/04/02 23:13:31 1 4096 3808545 2895398 481709 198 60505 23 25732 0 180369 0 0 2097152 0 0
SEP
MEM simgrid-vm 1585869212 2020/04/02 23:13:32 1 4096 3808545 2895398 481709 200 60508 27 25733 0 180369 0 0 2097152 0 0
SEP
MEM simgrid-vm 1585869213 2020/04/02 23:13:33 1 4096 3808545 2895398 481709 200 60515 25 25737 0 180369 0 0 2097152 0 0
SEP
MEM simgrid-vm 1585869214 2020/04/02 23:13:34 1 4096 3808545 2895394 481709 200 60517 25 25739 0 180369 0 0 2097152 0 0
SEP
MEM simgrid-vm 1585869215 2020/04/02 23:13:35 1 4096 3808545 2895394 481711 200 60520 27 25740 0 180369 0 0 2097152 0 0
SEP
MEM simgrid-vm 1585869216 2020/04/02 23:13:36 1 4096 3808545 2895363 481711 200 60519 27 25741 0 180369 0 0 2097152 0 0
SEP
MEM simgrid-vm 1585869217 2020/04/02 23:13:37 1 4096 3808545 2895363 481711 202 60520 31 25742 0 180369 0 0 2097152 0 0
SEP
MEM simgrid-vm 1585869218 2020/04/02 23:13:38 1 4096 3808545 2895274 481711 202 60520 29 25738 0 180369 0 0 2097152 0 0
SEP
MEM simgrid-vm 1585869219 2020/04/02 23:13:39 1 4096 3808545 2895274 481712 202 60520 30 25740 0 180369 0 0 2097152 0 0
SEP
MEM simgrid-vm 1585869220 2020/04/02 23:13:40 1 4096 3808545 3132819 481737 202 60531 31 25741 0 180369 0 0 2097152 0 0
SEP
MEM simgrid-vm 1585869221 2020/04/02 23:13:41 1 4096 3808545 3133051 481747 202 60391 42 25694 0 180369 0 0 2097152 0 0
SEP
MEM simgrid-vm 1585869222 2020/04/02 23:13:42 1 4096 3808545 3133020 481747 204 60386 47 25694 0 180369 0 0 2097152 0 0
SEP
MEM simgrid-vm 1585869223 2020/04/02 23:13:43 1 4096 3808545 3133020 481747 204 60384 43 25694 0 180369 0 0 2097152 0 0
SEP
MEM simgrid-vm 1585869224 2020/04/02 23:13:44 1 4096 3808545 3133020 481747 204 60393 43 25694 0 180369 0 0 2097152 0 0
SEP
MEM simgrid-vm 1585869225 2020/04/02 23:13:45 1 4096 3808545 3133020 481751 204 60385 49 25694 0 180369 0 0 2097152 0 0
SEP
MEM simgrid-vm 1585869226 2020/04/02 23:13:46 1 4096 3808545 3133022 481751 204 60385 49 25694 0 180369 0 0 2097152 0 0
SEP
MEM simgrid-vm 1585869227 2020/04/02 23:13:47 1 4096 3808545 3133022 481753 204 60382 51 25694 0 180369 0 0 2097152 0 0
SEP
MEM simgrid-vm 1585869228 2020/04/02 23:13:48 1 4096 3808545 3133022 481753 206 60382 44 25694 0 180369 0 0 2097152 0 0
SEP
MEM simgrid-vm 1585869229 2020/04/02 23:13:49 1 4096 3808545 3133022 481753 206 60393 44 25694 0 180369 0 0 2097152 0 0
SEP
MEM simgrid-vm 1585869230 2020/04/02 23:13:50 1 4096 3808545 3133022 481753 206 60384 44 25694 0 180369 0 0 2097152 0 0
SEP
MEM simgrid-vm 1585869231 2020/04/02 23:13:51 1 4096 3808545 3133018 481753 206 60388 44 25698 0 180369 0 0 2097152 0 0
SEP
MEM simgrid-vm 1585869232 2020/04/02 23:13:52 1 4096 3808545 3132983 481755 206 60388 46 25698 0 180369 0 0 2097152 0 0
SEP
MEM simgrid-vm 1585869233 2020/04/02 23:13:53 1 4096 3808545 3132979 481755 208 60388 48 25702 0 180369 0 0 2097152 0 0
SEP
MEM simgrid-vm 1585869234 2020/04/02 23:13:54 1 4096 3808545 3132975 481755 208 60392 49 25706 0 180369 0 0 2097152 0 0
SEP
MEM simgrid-vm 1585869235 2020/04/02 23:13:55 1 4096 3808545 3132967 481759 208 60388 53 25702 0 180369 0 0 2097152 0 0
SEP
MEM simgrid-vm 1585869236 2020/04/02 23:13:56 1 4096 3808545 3132955 481759 208 60400 53 25714 0 180369 0 0 2097152 0 0
SEP
MEM simgrid-vm 1585869237 2020/04/02 23:13:57 1 4096 3808545 3132955 481759 208 60400 53 25714 0 180369 0 0 2097152 0 0
SEP
MEM simgrid-vm 1585869238 2020/04/02 23:13:58 1 4096 3808545 3132971 481761 210 60384 52 25694 0 180369 0 0 2097152 0 0
SEP
MEM simgrid-vm 1585869239 2020/04/02 23:13:59 1 4096 3808545 3132971 481761 210 60384 53 25694 0 180369 0 0 2097152 0 0
SEP
MEM simgrid-vm 1585869240 2020/04/02 23:14:00 1 4096 3808545 3132983 481763 210 60377 55 25694 0 180369 0 0 2097152 0 0
SEP
MEM simgrid-vm 1585869241 2020/04/02 23:14:01 1 4096 3808545 3132983 481763 210 60374 55 25694 0 180369 0 0 2097152 0 0
SEP
MEM simgrid-vm 1585869242 2020/04/02 23:14:02 1 4096 3808545 3132983 481763 210 60374 55 25694 0 180369 0 0 2097152 0 0
SEP
MEM simgrid-vm 1585869243 2020/04/02 23:14:03 1 4096 3808545 3132987 481765 210 60370 29 25690 0 180369 0 0 2097152 0 0
SEP
MEM simgrid-vm 1585869244 2020/04/02 23:14:04 1 4096 3808545 3132665 481765 212 60371 38 25691 0 180369 0 0 2097152 0 0
SEP
MEM simgrid-vm 1585869245 2020/04/02 23:14:05 1 4096 3808545 3126256 485967 212 60512 42 25835 0 180369 0 0 2097152 0 0
SEP
