RESET
MEM simgrid-vm 1586286692 2020/04/07 19:11:32 12631563 4096 3808545 3429427 191592 82 58281 45 23791 0 184465 0 0 2097152 0 0
SEP
MEM simgrid-vm 1586286693 2020/04/07 19:11:33 1 4096 3808545 3392087 218516 82 57773 46 23347 0 184465 0 0 2097152 0 0
SEP
MEM simgrid-vm 1586286694 2020/04/07 19:11:34 1 4096 3808545 3375064 229799 82 57718 47 23355 0 184465 0 0 2097152 0 0
SEP
MEM simgrid-vm 1586286695 2020/04/07 19:11:35 1 4096 3808545 3331456 267358 83 57892 52 23499 0 184465 0 0 2097152 0 0
SEP
MEM simgrid-vm 1586286696 2020/04/07 19:11:36 1 4096 3808545 3256356 335780 84 58251 54 23783 0 184465 0 0 2097152 0 0
SEP
MEM simgrid-vm 1586286697 2020/04/07 19:11:37 1 4096 3808545 3236648 348536 86 58529 54 24069 0 184465 0 0 2097152 0 0
SEP
MEM simgrid-vm 1586286698 2020/04/07 19:11:38 1 4096 3808545 3227818 350914 86 58861 54 24383 0 184465 0 0 2097152 0 0
SEP
MEM simgrid-vm 1586286699 2020/04/07 19:11:39 1 4096 3808545 3215441 359034 86 59600 59 25033 0 184465 0 0 2097152 0 0
SEP
MEM simgrid-vm 1586286700 2020/04/07 19:11:40 1 4096 3808545 3189803 374221 86 60036 59 25392 0 184465 0 0 2097152 0 0
SEP
MEM simgrid-vm 1586286701 2020/04/07 19:11:41 1 4096 3808545 3092085 422935 88 60128 57 25488 0 184465 0 0 2097152 0 0
SEP
MEM simgrid-vm 1586286702 2020/04/07 19:11:42 1 4096 3808545 3022860 457061 88 60270 57 25591 0 184465 0 0 2097152 0 0
SEP
MEM simgrid-vm 1586286703 2020/04/07 19:11:43 1 4096 3808545 2995659 470081 90 60319 60 25637 0 184465 0 0 2097152 0 0
SEP
MEM simgrid-vm 1586286704 2020/04/07 19:11:44 1 4096 3808545 2995715 470082 90 60305 61 25642 0 184465 0 0 2097152 0 0
SEP
MEM simgrid-vm 1586286705 2020/04/07 19:11:45 1 4096 3808545 2995715 470082 90 60328 61 25643 0 184465 0 0 2097152 0 0
SEP
MEM simgrid-vm 1586286706 2020/04/07 19:11:46 1 4096 3808545 2995684 470084 94 60317 28 25647 0 184465 0 0 2097152 0 0
SEP
MEM simgrid-vm 1586286707 2020/04/07 19:11:47 1 4096 3808545 2995618 470090 95 60319 34 25647 0 184465 0 0 2097152 0 0
SEP
MEM simgrid-vm 1586286708 2020/04/07 19:11:48 1 4096 3808545 2995618 470090 95 60320 34 25647 0 184465 0 0 2097152 0 0
SEP
MEM simgrid-vm 1586286709 2020/04/07 19:11:49 1 4096 3808545 2995587 470088 97 60349 34 25648 0 184465 0 0 2097152 0 0
SEP
MEM simgrid-vm 1586286710 2020/04/07 19:11:50 1 4096 3808545 3020930 470090 97 60336 48 25648 0 184465 0 0 2097152 0 0
SEP
MEM simgrid-vm 1586286711 2020/04/07 19:11:51 1 4096 3808545 2981702 480753 97 60347 50 25669 0 184465 0 0 2097152 0 0
SEP
MEM simgrid-vm 1586286712 2020/04/07 19:11:52 1 4096 3808545 2967980 481460 97 60369 50 25681 0 184465 0 0 2097152 0 0
SEP
MEM simgrid-vm 1586286713 2020/04/07 19:11:53 1 4096 3808545 2959621 481460 97 60384 50 25689 0 184465 0 0 2097152 0 0
SEP
MEM simgrid-vm 1586286714 2020/04/07 19:11:54 1 4096 3808545 2958094 481460 97 60380 50 25686 0 184465 0 0 2097152 0 0
SEP
MEM simgrid-vm 1586286715 2020/04/07 19:11:55 1 4096 3808545 2958102 481458 99 60368 50 25677 0 184465 0 0 2097152 0 0
SEP
MEM simgrid-vm 1586286716 2020/04/07 19:11:56 1 4096 3808545 2958067 481460 99 60367 50 25681 0 184465 0 0 2097152 0 0
SEP
MEM simgrid-vm 1586286717 2020/04/07 19:11:57 1 4096 3808545 2896409 483256 99 60365 52 25685 0 184465 0 0 2097152 0 0
SEP
MEM simgrid-vm 1586286718 2020/04/07 19:11:58 1 4096 3808545 2881856 483256 99 60364 52 25687 0 184465 0 0 2097152 0 0
SEP
MEM simgrid-vm 1586286719 2020/04/07 19:11:59 1 4096 3808545 2881732 483260 100 60370 56 25690 0 184465 0 0 2097152 0 0
SEP
MEM simgrid-vm 1586286720 2020/04/07 19:12:00 1 4096 3808545 2878117 483260 100 60370 56 25691 0 184465 0 0 2097152 0 0
SEP
MEM simgrid-vm 1586286721 2020/04/07 19:12:01 1 4096 3808545 2876519 483272 103 60372 53 25694 0 184465 0 0 2097152 0 0
SEP
MEM simgrid-vm 1586286722 2020/04/07 19:12:02 1 4096 3808545 2876484 483272 103 60377 48 25699 0 184465 0 0 2097152 0 0
SEP
MEM simgrid-vm 1586286723 2020/04/07 19:12:03 1 4096 3808545 2876461 483274 103 60368 50 25692 0 184465 0 0 2097152 0 0
SEP
MEM simgrid-vm 1586286724 2020/04/07 19:12:04 1 4096 3808545 2876461 483274 103 60370 50 25692 0 184465 0 0 2097152 0 0
SEP
MEM simgrid-vm 1586286725 2020/04/07 19:12:05 1 4096 3808545 2876461 483274 103 60368 50 25694 0 184465 0 0 2097152 0 0
SEP
MEM simgrid-vm 1586286726 2020/04/07 19:12:06 1 4096 3808545 2876461 483278 107 60374 31 25694 0 184465 0 0 2097152 0 0
SEP
MEM simgrid-vm 1586286727 2020/04/07 19:12:07 1 4096 3808545 2876461 483278 107 60371 30 25694 0 184465 0 0 2097152 0 0
SEP
MEM simgrid-vm 1586286728 2020/04/07 19:12:08 1 4096 3808545 2876399 483278 107 60375 30 25695 0 184465 0 0 2097152 0 0
SEP
MEM simgrid-vm 1586286729 2020/04/07 19:12:09 1 4096 3808545 2876337 483278 107 60370 30 25696 0 184465 0 0 2097152 0 0
SEP
MEM simgrid-vm 1586286730 2020/04/07 19:12:10 1 4096 3808545 2876306 483278 107 60373 30 25696 0 184465 0 0 2097152 0 0
SEP
MEM simgrid-vm 1586286731 2020/04/07 19:12:11 1 4096 3808545 2876306 483278 107 60368 30 25696 0 184465 0 0 2097152 0 0
SEP
MEM simgrid-vm 1586286732 2020/04/07 19:12:12 1 4096 3808545 2876209 483280 109 60379 32 25700 0 184465 0 0 2097152 0 0
SEP
MEM simgrid-vm 1586286733 2020/04/07 19:12:13 1 4096 3808545 2876209 483280 109 60376 32 25700 0 184465 0 0 2097152 0 0
SEP
MEM simgrid-vm 1586286734 2020/04/07 19:12:14 1 4096 3808545 2876209 483280 109 60375 32 25701 0 184465 0 0 2097152 0 0
SEP
MEM simgrid-vm 1586286735 2020/04/07 19:12:15 1 4096 3808545 2876205 483282 109 60387 34 25706 0 184465 0 0 2097152 0 0
SEP
MEM simgrid-vm 1586286736 2020/04/07 19:12:16 1 4096 3808545 2876174 483288 109 60381 40 25706 0 184465 0 0 2097152 0 0
SEP
MEM simgrid-vm 1586286737 2020/04/07 19:12:17 1 4096 3808545 2876151 483288 111 60376 39 25690 0 184465 0 0 2097152 0 0
SEP
MEM simgrid-vm 1586286738 2020/04/07 19:12:18 1 4096 3808545 2876151 483288 111 60364 39 25690 0 184465 0 0 2097152 0 0
SEP
MEM simgrid-vm 1586286739 2020/04/07 19:12:19 1 4096 3808545 2876151 483288 111 60364 39 25690 0 184465 0 0 2097152 0 0
SEP
MEM simgrid-vm 1586286740 2020/04/07 19:12:20 1 4096 3808545 2876151 483288 111 60364 39 25690 0 184465 0 0 2097152 0 0
SEP
MEM simgrid-vm 1586286741 2020/04/07 19:12:21 1 4096 3808545 2876147 483290 111 60379 41 25690 0 184465 0 0 2097152 0 0
SEP
MEM simgrid-vm 1586286742 2020/04/07 19:12:22 1 4096 3808545 2876163 483292 111 60353 43 25683 0 184465 0 0 2097152 0 0
SEP
MEM simgrid-vm 1586286743 2020/04/07 19:12:23 1 4096 3808545 2876128 483292 113 60356 43 25687 0 184465 0 0 2097152 0 0
SEP
MEM simgrid-vm 1586286744 2020/04/07 19:12:24 1 4096 3808545 2876128 483296 113 60353 47 25687 0 184465 0 0 2097152 0 0
SEP
MEM simgrid-vm 1586286745 2020/04/07 19:12:25 1 4096 3808545 2876097 483296 113 60359 47 25687 0 184465 0 0 2097152 0 0
SEP
MEM simgrid-vm 1586286746 2020/04/07 19:12:26 1 4096 3808545 2876097 483296 113 60354 47 25687 0 184465 0 0 2097152 0 0
SEP
MEM simgrid-vm 1586286747 2020/04/07 19:12:27 1 4096 3808545 2876093 483296 113 60364 47 25691 0 184465 0 0 2097152 0 0
SEP
MEM simgrid-vm 1586286748 2020/04/07 19:12:28 1 4096 3808545 2876093 483296 115 60362 47 25691 0 184465 0 0 2097152 0 0
SEP
MEM simgrid-vm 1586286749 2020/04/07 19:12:29 1 4096 3808545 2876089 483296 115 60370 47 25695 0 184465 0 0 2097152 0 0
SEP
MEM simgrid-vm 1586286750 2020/04/07 19:12:30 1 4096 3808545 2876085 483296 115 60365 47 25699 0 184465 0 0 2097152 0 0
SEP
MEM simgrid-vm 1586286751 2020/04/07 19:12:31 1 4096 3808545 2873521 483299 115 60373 0 25703 0 184465 0 0 2097152 0 0
SEP
MEM simgrid-vm 1586286752 2020/04/07 19:12:32 1 4096 3808545 2873533 483299 115 60358 1 25691 0 184465 0 0 2097152 0 0
SEP
MEM simgrid-vm 1586286753 2020/04/07 19:12:33 1 4096 3808545 2873502 483301 117 60357 26 25692 0 184465 0 0 2097152 0 0
SEP
MEM simgrid-vm 1586286754 2020/04/07 19:12:34 1 4096 3808545 2873502 483301 117 60359 26 25692 0 184465 0 0 2097152 0 0
SEP
MEM simgrid-vm 1586286755 2020/04/07 19:12:35 1 4096 3808545 2873502 483303 117 60360 28 25692 0 184465 0 0 2097152 0 0
SEP
MEM simgrid-vm 1586286756 2020/04/07 19:12:36 1 4096 3808545 2873502 483303 117 60369 28 25692 0 184465 0 0 2097152 0 0
SEP
MEM simgrid-vm 1586286757 2020/04/07 19:12:37 1 4096 3808545 2873502 483305 117 60364 31 25692 0 184465 0 0 2097152 0 0
SEP
MEM simgrid-vm 1586286758 2020/04/07 19:12:38 1 4096 3808545 2873502 483303 119 60358 31 25692 0 184465 0 0 2097152 0 0
SEP
MEM simgrid-vm 1586286759 2020/04/07 19:12:39 1 4096 3808545 2873471 483310 119 60364 36 25692 0 184465 0 0 2097152 0 0
SEP
MEM simgrid-vm 1586286760 2020/04/07 19:12:40 1 4096 3808545 2873471 483312 119 60363 38 25692 0 184465 0 0 2097152 0 0
SEP
MEM simgrid-vm 1586286761 2020/04/07 19:12:41 1 4096 3808545 2873471 483312 119 60368 38 25693 0 184465 0 0 2097152 0 0
SEP
MEM simgrid-vm 1586286762 2020/04/07 19:12:42 1 4096 3808545 2873033 483313 119 60398 41 25695 0 184465 0 0 2097152 0 0
SEP
MEM simgrid-vm 1586286763 2020/04/07 19:12:43 1 4096 3808545 2873033 483313 119 60397 41 25695 0 184465 0 0 2097152 0 0
SEP
MEM simgrid-vm 1586286764 2020/04/07 19:12:44 1 4096 3808545 2873033 483313 121 60398 41 25695 0 184465 0 0 2097152 0 0
SEP
MEM simgrid-vm 1586286765 2020/04/07 19:12:45 1 4096 3808545 2873029 483315 121 60407 43 25695 0 184465 0 0 2097152 0 0
SEP
MEM simgrid-vm 1586286766 2020/04/07 19:12:46 1 4096 3808545 2873025 483315 121 60409 43 25700 0 184465 0 0 2097152 0 0
SEP
MEM simgrid-vm 1586286767 2020/04/07 19:12:47 1 4096 3808545 2873021 483317 121 60413 45 25701 0 184465 0 0 2097152 0 0
SEP
MEM simgrid-vm 1586286768 2020/04/07 19:12:48 1 4096 3808545 2873017 483317 121 60417 45 25706 0 184465 0 0 2097152 0 0
SEP
MEM simgrid-vm 1586286769 2020/04/07 19:12:49 1 4096 3808545 2872982 483319 123 60421 47 25706 0 184465 0 0 2097152 0 0
SEP
MEM simgrid-vm 1586286770 2020/04/07 19:12:50 1 4096 3808545 2872978 483319 123 60432 47 25712 0 184465 0 0 2097152 0 0
SEP
MEM simgrid-vm 1586286771 2020/04/07 19:12:51 1 4096 3808545 2872974 483319 123 60431 47 25717 0 184465 0 0 2097152 0 0
SEP
MEM simgrid-vm 1586286772 2020/04/07 19:12:52 1 4096 3808545 2872970 483321 123 60434 49 25717 0 184465 0 0 2097152 0 0
SEP
MEM simgrid-vm 1586286773 2020/04/07 19:12:53 1 4096 3808545 2872994 483325 123 60416 53 25697 0 184465 0 0 2097152 0 0
SEP
MEM simgrid-vm 1586286774 2020/04/07 19:12:54 1 4096 3808545 2873002 483327 123 60402 55 25697 0 184465 0 0 2097152 0 0
SEP
MEM simgrid-vm 1586286775 2020/04/07 19:12:55 1 4096 3808545 2873002 483329 125 60411 58 25698 0 184465 0 0 2097152 0 0
SEP
MEM simgrid-vm 1586286776 2020/04/07 19:12:56 1 4096 3808545 2873002 483329 125 60404 58 25698 0 184465 0 0 2097152 0 0
SEP
MEM simgrid-vm 1586286777 2020/04/07 19:12:57 1 4096 3808545 2873002 483329 125 60404 3 25698 0 184465 0 0 2097152 0 0
SEP
MEM simgrid-vm 1586286778 2020/04/07 19:12:58 1 4096 3808545 2873002 483329 125 60409 4 25698 0 184465 0 0 2097152 0 0
SEP
MEM simgrid-vm 1586286779 2020/04/07 19:12:59 1 4096 3808545 2873002 483329 125 60405 4 25698 0 184465 0 0 2097152 0 0
SEP
MEM simgrid-vm 1586286780 2020/04/07 19:13:00 1 4096 3808545 2873002 483333 127 60411 30 25698 0 184465 0 0 2097152 0 0
SEP
MEM simgrid-vm 1586286781 2020/04/07 19:13:01 1 4096 3808545 2873002 483335 127 60408 32 25700 0 184465 0 0 2097152 0 0
SEP
MEM simgrid-vm 1586286782 2020/04/07 19:13:02 1 4096 3808545 2873002 483335 127 60418 32 25702 0 184465 0 0 2097152 0 0
SEP
MEM simgrid-vm 1586286783 2020/04/07 19:13:03 1 4096 3808545 2873002 483335 127 60408 32 25702 0 184465 0 0 2097152 0 0
SEP
MEM simgrid-vm 1586286784 2020/04/07 19:13:04 1 4096 3808545 2873002 483335 127 60414 32 25703 0 184465 0 0 2097152 0 0
SEP
MEM simgrid-vm 1586286785 2020/04/07 19:13:05 1 4096 3808545 2870954 483337 129 60411 35 25703 0 184465 0 0 2097152 0 0
SEP
MEM simgrid-vm 1586286786 2020/04/07 19:13:06 1 4096 3808545 2870954 483337 129 60412 35 25704 0 184465 0 0 2097152 0 0
SEP
MEM simgrid-vm 1586286787 2020/04/07 19:13:07 1 4096 3808545 2870954 483339 129 60411 38 25704 0 184465 0 0 2097152 0 0
SEP
MEM simgrid-vm 1586286788 2020/04/07 19:13:08 1 4096 3808545 2870946 483339 129 60423 38 25712 0 184465 0 0 2097152 0 0
SEP
MEM simgrid-vm 1586286789 2020/04/07 19:13:09 1 4096 3808545 2870958 483339 129 60413 38 25700 0 184465 0 0 2097152 0 0
SEP
MEM simgrid-vm 1586286790 2020/04/07 19:13:10 1 4096 3808545 2870927 483337 131 60423 38 25700 0 184465 0 0 2097152 0 0
SEP
MEM simgrid-vm 1586286791 2020/04/07 19:13:11 1 4096 3808545 2870927 483339 131 60411 38 25702 0 184465 0 0 2097152 0 0
SEP
MEM simgrid-vm 1586286792 2020/04/07 19:13:12 1 4096 3808545 2870927 483342 131 60421 40 25702 0 184465 0 0 2097152 0 0
SEP
MEM simgrid-vm 1586286793 2020/04/07 19:13:13 1 4096 3808545 2870927 483344 131 60412 42 25702 0 184465 0 0 2097152 0 0
SEP
MEM simgrid-vm 1586286794 2020/04/07 19:13:14 1 4096 3808545 2870927 483344 131 60403 42 25690 0 184465 0 0 2097152 0 0
SEP
MEM simgrid-vm 1586286795 2020/04/07 19:13:15 1 4096 3808545 2870927 483346 131 60409 44 25690 0 184465 0 0 2097152 0 0
SEP
MEM simgrid-vm 1586286796 2020/04/07 19:13:16 1 4096 3808545 2870923 483346 133 60407 46 25690 0 184465 0 0 2097152 0 0
SEP
MEM simgrid-vm 1586286797 2020/04/07 19:13:17 1 4096 3808545 2870919 483348 133 60414 46 25694 0 184465 0 0 2097152 0 0
SEP
MEM simgrid-vm 1586286798 2020/04/07 19:13:18 1 4096 3808545 2870915 483348 133 60420 46 25698 0 184465 0 0 2097152 0 0
SEP
MEM simgrid-vm 1586286799 2020/04/07 19:13:19 1 4096 3808545 2870939 483348 133 60398 46 25686 0 184465 0 0 2097152 0 0
SEP
MEM simgrid-vm 1586286800 2020/04/07 19:13:20 1 4096 3808545 2870908 483348 133 60398 46 25687 0 184465 0 0 2097152 0 0
SEP
MEM simgrid-vm 1586286801 2020/04/07 19:13:21 1 4096 3808545 2870908 483348 133 60393 46 25687 0 184465 0 0 2097152 0 0
SEP
MEM simgrid-vm 1586286802 2020/04/07 19:13:22 1 4096 3808545 2870908 483348 135 60402 46 25687 0 184465 0 0 2097152 0 0
SEP
MEM simgrid-vm 1586286803 2020/04/07 19:13:23 1 4096 3808545 2870873 483348 135 60397 46 25687 0 184465 0 0 2097152 0 0
SEP
MEM simgrid-vm 1586286804 2020/04/07 19:13:24 1 4096 3808545 2870873 483349 135 60396 47 25689 0 184465 0 0 2097152 0 0
SEP
MEM simgrid-vm 1586286805 2020/04/07 19:13:25 1 4096 3808545 2870873 483355 135 60399 53 25691 0 184465 0 0 2097152 0 0
SEP
MEM simgrid-vm 1586286806 2020/04/07 19:13:26 1 4096 3808545 2870873 483357 135 60398 55 25691 0 184465 0 0 2097152 0 0
SEP
MEM simgrid-vm 1586286807 2020/04/07 19:13:27 1 4096 3808545 2870873 483357 137 60399 55 25692 0 184465 0 0 2097152 0 0
SEP
MEM simgrid-vm 1586286808 2020/04/07 19:13:28 1 4096 3808545 2870873 483357 137 60399 1 25692 0 184465 0 0 2097152 0 0
SEP
MEM simgrid-vm 1586286809 2020/04/07 19:13:29 1 4096 3808545 2870873 483359 137 60403 4 25692 0 184465 0 0 2097152 0 0
SEP
MEM simgrid-vm 1586286810 2020/04/07 19:13:30 1 4096 3808545 2870873 483359 137 60399 4 25692 0 184465 0 0 2097152 0 0
SEP
MEM simgrid-vm 1586286811 2020/04/07 19:13:31 1 4096 3808545 2870869 483361 137 60409 6 25697 0 184465 0 0 2097152 0 0
SEP
MEM simgrid-vm 1586286812 2020/04/07 19:13:32 1 4096 3808545 2870869 483361 139 60408 28 25697 0 184465 0 0 2097152 0 0
SEP
MEM simgrid-vm 1586286813 2020/04/07 19:13:33 1 4096 3808545 2870861 483361 139 60414 28 25706 0 184465 0 0 2097152 0 0
SEP
MEM simgrid-vm 1586286814 2020/04/07 19:13:34 1 4096 3808545 2870861 483361 139 60418 28 25706 0 184465 0 0 2097152 0 0
SEP
MEM simgrid-vm 1586286815 2020/04/07 19:13:35 1 4096 3808545 2870857 483363 139 60424 30 25710 0 184465 0 0 2097152 0 0
SEP
MEM simgrid-vm 1586286816 2020/04/07 19:13:36 1 4096 3808545 2870857 483365 139 60425 32 25710 0 184465 0 0 2097152 0 0
SEP
MEM simgrid-vm 1586286817 2020/04/07 19:13:37 1 4096 3808545 2870853 483363 141 60427 32 25714 0 184465 0 0 2097152 0 0
SEP
MEM simgrid-vm 1586286818 2020/04/07 19:13:38 1 4096 3808545 2870849 483367 141 60434 35 25718 0 184465 0 0 2097152 0 0
SEP
MEM simgrid-vm 1586286819 2020/04/07 19:13:39 1 4096 3808545 2870849 483369 141 60428 38 25718 0 184465 0 0 2097152 0 0
SEP
MEM simgrid-vm 1586286820 2020/04/07 19:13:40 1 4096 3808545 2870845 483369 141 60439 38 25719 0 184465 0 0 2097152 0 0
SEP
MEM simgrid-vm 1586286821 2020/04/07 19:13:41 1 4096 3808545 2870845 483369 141 60439 38 25720 0 184465 0 0 2097152 0 0
SEP
MEM simgrid-vm 1586286822 2020/04/07 19:13:42 1 4096 3808545 2870841 483373 141 60451 42 25722 0 184465 0 0 2097152 0 0
SEP
MEM simgrid-vm 1586286823 2020/04/07 19:13:43 1 4096 3808545 2870810 483373 143 60450 42 25722 0 184465 0 0 2097152 0 0
SEP
MEM simgrid-vm 1586286824 2020/04/07 19:13:44 1 4096 3808545 2870771 483373 143 60460 42 25727 0 184465 0 0 2097152 0 0
SEP
MEM simgrid-vm 1586286825 2020/04/07 19:13:45 1 4096 3808545 2870799 483374 143 60421 43 25707 0 184465 0 0 2097152 0 0
SEP
MEM simgrid-vm 1586286826 2020/04/07 19:13:46 1 4096 3808545 2870768 483374 143 60426 43 25709 0 184465 0 0 2097152 0 0
SEP
MEM simgrid-vm 1586286827 2020/04/07 19:13:47 1 4096 3808545 2870768 483374 143 60427 43 25711 0 184465 0 0 2097152 0 0
SEP
MEM simgrid-vm 1586286828 2020/04/07 19:13:48 1 4096 3808545 2870768 483374 145 60429 43 25712 0 184465 0 0 2097152 0 0
SEP
MEM simgrid-vm 1586286829 2020/04/07 19:13:49 1 4096 3808545 2870768 483376 145 60429 45 25712 0 184465 0 0 2097152 0 0
SEP
MEM simgrid-vm 1586286830 2020/04/07 19:13:50 1 4096 3808545 2870737 483380 145 60429 49 25712 0 184465 0 0 2097152 0 0
SEP
MEM simgrid-vm 1586286831 2020/04/07 19:13:51 1 4096 3808545 2870737 483380 145 60433 49 25713 0 184465 0 0 2097152 0 0
SEP
MEM simgrid-vm 1586286832 2020/04/07 19:13:52 1 4096 3808545 2870737 483380 145 60429 49 25713 0 184465 0 0 2097152 0 0
SEP
MEM simgrid-vm 1586286833 2020/04/07 19:13:53 1 4096 3808545 2870737 483382 147 60429 51 25713 0 184465 0 0 2097152 0 0
SEP
MEM simgrid-vm 1586286834 2020/04/07 19:13:54 1 4096 3808545 2870737 483382 147 60439 51 25713 0 184465 0 0 2097152 0 0
SEP
MEM simgrid-vm 1586286835 2020/04/07 19:13:55 1 4096 3808545 2870745 483386 147 60427 54 25705 0 184465 0 0 2097152 0 0
SEP
MEM simgrid-vm 1586286836 2020/04/07 19:13:56 1 4096 3808545 2870745 483386 147 60426 54 25705 0 184465 0 0 2097152 0 0
SEP
MEM simgrid-vm 1586286837 2020/04/07 19:13:57 1 4096 3808545 2870745 483386 147 60426 54 25705 0 184465 0 0 2097152 0 0
SEP
MEM simgrid-vm 1586286838 2020/04/07 19:13:58 1 4096 3808545 2870683 483386 149 60421 54 25705 0 184465 0 0 2097152 0 0
SEP
MEM simgrid-vm 1586286839 2020/04/07 19:13:59 1 4096 3808545 2870299 483386 149 60441 53 25705 0 184465 0 0 2097152 0 0
SEP
MEM simgrid-vm 1586286840 2020/04/07 19:14:00 1 4096 3808545 2870299 483388 149 60447 56 25705 0 184465 0 0 2097152 0 0
SEP
MEM simgrid-vm 1586286841 2020/04/07 19:14:01 1 4096 3808545 2870299 483392 149 60449 60 25705 0 184465 0 0 2097152 0 0
SEP
MEM simgrid-vm 1586286842 2020/04/07 19:14:02 1 4096 3808545 2870299 483392 149 60440 60 25694 0 184465 0 0 2097152 0 0
SEP
MEM simgrid-vm 1586286843 2020/04/07 19:14:03 1 4096 3808545 2870299 483394 151 60437 63 25694 0 184465 0 0 2097152 0 0
SEP
MEM simgrid-vm 1586286844 2020/04/07 19:14:04 1 4096 3808545 2870299 483394 151 60435 36 25694 0 184465 0 0 2097152 0 0
SEP
MEM simgrid-vm 1586286845 2020/04/07 19:14:05 1 4096 3808545 2870295 483394 151 60434 36 25698 0 184465 0 0 2097152 0 0
SEP
MEM simgrid-vm 1586286846 2020/04/07 19:14:06 1 4096 3808545 2870295 483394 151 60437 36 25698 0 184465 0 0 2097152 0 0
SEP
MEM simgrid-vm 1586286847 2020/04/07 19:14:07 1 4096 3808545 2870295 483394 151 60437 36 25698 0 184465 0 0 2097152 0 0
SEP
MEM simgrid-vm 1586286848 2020/04/07 19:14:08 1 4096 3808545 2870287 483394 153 60446 40 25707 0 184465 0 0 2097152 0 0
SEP
MEM simgrid-vm 1586286849 2020/04/07 19:14:09 1 4096 3808545 2870287 483394 153 60443 34 25707 0 184465 0 0 2097152 0 0
SEP
MEM simgrid-vm 1586286850 2020/04/07 19:14:10 1 4096 3808545 2870283 483396 153 60433 37 25693 0 184465 0 0 2097152 0 0
SEP
MEM simgrid-vm 1586286851 2020/04/07 19:14:11 1 4096 3808545 2870275 483396 153 60448 37 25701 0 184465 0 0 2097152 0 0
SEP
MEM simgrid-vm 1586286852 2020/04/07 19:14:12 1 4096 3808545 2870112 483405 153 60457 39 25709 0 184465 0 0 2097152 0 0
SEP
MEM simgrid-vm 1586286853 2020/04/07 19:14:13 1 4096 3808545 2870096 483409 155 60474 51 25721 0 184465 0 0 2097152 0 0
SEP
MEM simgrid-vm 1586286854 2020/04/07 19:14:14 1 4096 3808545 2870096 483409 155 60469 32 25722 0 184465 0 0 2097152 0 0
SEP
MEM simgrid-vm 1586286855 2020/04/07 19:14:15 1 4096 3808545 2870092 483409 155 60482 32 25723 0 184465 0 0 2097152 0 0
SEP
MEM simgrid-vm 1586286856 2020/04/07 19:14:16 1 4096 3808545 2870092 483409 155 60483 32 25724 0 184465 0 0 2097152 0 0
SEP
MEM simgrid-vm 1586286857 2020/04/07 19:14:17 1 4096 3808545 2870104 483409 155 60469 32 25725 0 184465 0 0 2097152 0 0
SEP
MEM simgrid-vm 1586286858 2020/04/07 19:14:18 1 4096 3808545 2870104 483412 157 60468 40 25727 0 184465 0 0 2097152 0 0
SEP
MEM simgrid-vm 1586286859 2020/04/07 19:14:19 1 4096 3808545 2869819 483412 157 60490 40 25728 0 184465 0 0 2097152 0 0
SEP
MEM simgrid-vm 1586286860 2020/04/07 19:14:20 1 4096 3808545 2869788 483412 157 60493 40 25730 0 184465 0 0 2097152 0 0
SEP
MEM simgrid-vm 1586286861 2020/04/07 19:14:21 1 4096 3808545 2870258 483412 157 60457 40 25703 0 184465 0 0 2097152 0 0
SEP
MEM simgrid-vm 1586286862 2020/04/07 19:14:22 1 4096 3808545 2870266 483413 157 60464 41 25703 0 184465 0 0 2097152 0 0
SEP
MEM simgrid-vm 1586286863 2020/04/07 19:14:23 1 4096 3808545 2870235 483413 157 60458 41 25706 0 184465 0 0 2097152 0 0
SEP
MEM simgrid-vm 1586286864 2020/04/07 19:14:24 1 4096 3808545 2870231 483413 159 60465 37 25710 0 184465 0 0 2097152 0 0
SEP
MEM simgrid-vm 1586286865 2020/04/07 19:14:25 1 4096 3808545 2870231 483413 159 60460 37 25710 0 184465 0 0 2097152 0 0
SEP
MEM simgrid-vm 1586286866 2020/04/07 19:14:26 1 4096 3808545 2870227 483415 159 60469 39 25714 0 184465 0 0 2097152 0 0
SEP
MEM simgrid-vm 1586286867 2020/04/07 19:14:27 1 4096 3808545 2870223 483417 159 60469 41 25719 0 184465 0 0 2097152 0 0
SEP
MEM simgrid-vm 1586286868 2020/04/07 19:14:28 1 4096 3808545 2870219 483417 159 60463 41 25713 0 184465 0 0 2097152 0 0
SEP
MEM simgrid-vm 1586286869 2020/04/07 19:14:29 1 4096 3808545 2870231 483417 159 60453 39 25701 0 184465 0 0 2097152 0 0
SEP
MEM simgrid-vm 1586286870 2020/04/07 19:14:30 1 4096 3808545 2870231 483415 161 60453 37 25699 0 184465 0 0 2097152 0 0
SEP
MEM simgrid-vm 1586286871 2020/04/07 19:14:31 1 4096 3808545 2870231 483417 161 60458 39 25699 0 184465 0 0 2097152 0 0
SEP
MEM simgrid-vm 1586286872 2020/04/07 19:14:32 1 4096 3808545 2870231 483421 161 60450 43 25699 0 184465 0 0 2097152 0 0
SEP
MEM simgrid-vm 1586286873 2020/04/07 19:14:33 1 4096 3808545 2870231 483421 161 60456 43 25700 0 184465 0 0 2097152 0 0
SEP
MEM simgrid-vm 1586286874 2020/04/07 19:14:34 1 4096 3808545 2870227 483423 161 60458 40 25705 0 184465 0 0 2097152 0 0
SEP
MEM simgrid-vm 1586286875 2020/04/07 19:14:35 1 4096 3808545 2870219 483423 161 60477 41 25716 0 184465 0 0 2097152 0 0
SEP
MEM simgrid-vm 1586286876 2020/04/07 19:14:36 1 4096 3808545 2870030 483427 163 60470 51 25708 0 184465 0 0 2097152 0 0
SEP
MEM simgrid-vm 1586286877 2020/04/07 19:14:37 1 4096 3808545 2869901 483429 163 60465 53 25712 0 184465 0 0 2097152 0 0
SEP
MEM simgrid-vm 1586286878 2020/04/07 19:14:38 1 4096 3808545 2869897 483429 163 60469 53 25716 0 184465 0 0 2097152 0 0
SEP
MEM simgrid-vm 1586286879 2020/04/07 19:14:39 1 4096 3808545 2869889 483433 163 60476 30 25720 0 184465 0 0 2097152 0 0
SEP
MEM simgrid-vm 1586286880 2020/04/07 19:14:40 1 4096 3808545 2869889 483435 163 60475 33 25720 0 184465 0 0 2097152 0 0
SEP
MEM simgrid-vm 1586286881 2020/04/07 19:14:41 1 4096 3808545 2869877 483435 165 60491 35 25732 0 184465 0 0 2097152 0 0
SEP
MEM simgrid-vm 1586286882 2020/04/07 19:14:42 1 4096 3808545 2869838 483437 165 60499 37 25734 0 184465 0 0 2097152 0 0
SEP
MEM simgrid-vm 1586286883 2020/04/07 19:14:43 1 4096 3808545 2869850 483441 165 60480 41 25734 0 184465 0 0 2097152 0 0
SEP
MEM simgrid-vm 1586286884 2020/04/07 19:14:44 1 4096 3808545 2869850 483441 165 60480 36 25734 0 184465 0 0 2097152 0 0
SEP
MEM simgrid-vm 1586286885 2020/04/07 19:14:45 1 4096 3808545 2869850 483441 165 60484 34 25734 0 184465 0 0 2097152 0 0
SEP
MEM simgrid-vm 1586286886 2020/04/07 19:14:46 1 4096 3808545 2869850 483443 167 60489 43 25734 0 184465 0 0 2097152 0 0
SEP
MEM simgrid-vm 1586286887 2020/04/07 19:14:47 1 4096 3808545 2869825 483443 167 60485 43 25734 0 184465 0 0 2097152 0 0
SEP
MEM simgrid-vm 1586286888 2020/04/07 19:14:48 1 4096 3808545 2869815 483443 167 60485 43 25734 0 184465 0 0 2097152 0 0
SEP
MEM simgrid-vm 1586286889 2020/04/07 19:14:49 1 4096 3808545 2869815 483443 167 60487 41 25735 0 184465 0 0 2097152 0 0
SEP
MEM simgrid-vm 1586286890 2020/04/07 19:14:50 1 4096 3808545 2869815 483447 167 60491 45 25735 0 184465 0 0 2097152 0 0
SEP
MEM simgrid-vm 1586286891 2020/04/07 19:14:51 1 4096 3808545 2869784 483450 169 60486 52 25738 0 184465 0 0 2097152 0 0
SEP
MEM simgrid-vm 1586286892 2020/04/07 19:14:52 1 4096 3808545 2869784 483450 169 60490 52 25739 0 184465 0 0 2097152 0 0
SEP
MEM simgrid-vm 1586286893 2020/04/07 19:14:53 1 4096 3808545 2869784 483450 169 60487 52 25739 0 184465 0 0 2097152 0 0
SEP
MEM simgrid-vm 1586286894 2020/04/07 19:14:54 1 4096 3808545 2869784 483454 169 60497 56 25740 0 184465 0 0 2097152 0 0
SEP
MEM simgrid-vm 1586286895 2020/04/07 19:14:55 1 4096 3808545 2869784 483454 169 60490 56 25740 0 184465 0 0 2097152 0 0
SEP
MEM simgrid-vm 1586286896 2020/04/07 19:14:56 1 4096 3808545 2869784 483452 171 60496 56 25741 0 184465 0 0 2097152 0 0
SEP
MEM simgrid-vm 1586286897 2020/04/07 19:14:57 1 4096 3808545 2869784 483454 171 60493 57 25743 0 184465 0 0 2097152 0 0
SEP
MEM simgrid-vm 1586286898 2020/04/07 19:14:58 1 4096 3808545 2869734 483454 171 60496 57 25746 0 184465 0 0 2097152 0 0
SEP
MEM simgrid-vm 1586286899 2020/04/07 19:14:59 1 4096 3808545 2869746 483454 171 60490 47 25735 0 184465 0 0 2097152 0 0
SEP
MEM simgrid-vm 1586286900 2020/04/07 19:15:00 1 4096 3808545 2869746 483454 171 60486 47 25735 0 184465 0 0 2097152 0 0
SEP
MEM simgrid-vm 1586286901 2020/04/07 19:15:01 1 4096 3808545 2869715 483454 171 60491 47 25736 0 184465 0 0 2097152 0 0
SEP
MEM simgrid-vm 1586286902 2020/04/07 19:15:02 1 4096 3808545 2869715 483456 173 60488 54 25736 0 184465 0 0 2097152 0 0
SEP
MEM simgrid-vm 1586286903 2020/04/07 19:15:03 1 4096 3808545 2869715 483456 173 60487 54 25739 0 184465 0 0 2097152 0 0
SEP
MEM simgrid-vm 1586286904 2020/04/07 19:15:04 1 4096 3808545 2869715 483460 173 60492 50 25742 0 184465 0 0 2097152 0 0
SEP
MEM simgrid-vm 1586286905 2020/04/07 19:15:05 1 4096 3808545 2869711 483460 173 60507 50 25748 0 184465 0 0 2097152 0 0
SEP
MEM simgrid-vm 1586286906 2020/04/07 19:15:06 1 4096 3808545 2869727 483460 173 60484 50 25735 0 184465 0 0 2097152 0 0
SEP
MEM simgrid-vm 1586286907 2020/04/07 19:15:07 1 4096 3808545 2869727 483460 175 60488 55 25735 0 184465 0 0 2097152 0 0
SEP
MEM simgrid-vm 1586286908 2020/04/07 19:15:08 1 4096 3808545 2869732 483460 175 60479 55 25735 0 184465 0 0 2097152 0 0
SEP
MEM simgrid-vm 1586286909 2020/04/07 19:15:09 1 4096 3808545 2869738 483464 176 60480 43 25735 0 184465 0 0 2097152 0 0
SEP
MEM simgrid-vm 1586286910 2020/04/07 19:15:10 1 4096 3808545 2869480 483979 176 60491 46 25739 0 184465 0 0 2097152 0 0
SEP
MEM simgrid-vm 1586286911 2020/04/07 19:15:11 1 4096 3808545 3126381 483979 176 60414 47 25739 0 184465 0 0 2097152 0 0
SEP
MEM simgrid-vm 1586286912 2020/04/07 19:15:12 1 4096 3808545 3130390 483984 178 60360 58 25729 0 184465 0 0 2097152 0 0
SEP
MEM simgrid-vm 1586286913 2020/04/07 19:15:13 1 4096 3808545 3129930 483985 178 60392 61 25733 0 184465 0 0 2097152 0 0
SEP
MEM simgrid-vm 1586286914 2020/04/07 19:15:14 1 4096 3808545 3130380 483990 178 60367 31 25721 0 184465 0 0 2097152 0 0
SEP
MEM simgrid-vm 1586286915 2020/04/07 19:15:15 1 4096 3808545 3130357 483990 178 60360 31 25718 0 184465 0 0 2097152 0 0
SEP
MEM simgrid-vm 1586286916 2020/04/07 19:15:16 1 4096 3808545 3130357 483990 178 60362 31 25718 0 184465 0 0 2097152 0 0
SEP
MEM simgrid-vm 1586286917 2020/04/07 19:15:17 1 4096 3808545 3130357 483992 178 60364 33 25718 0 184465 0 0 2097152 0 0
SEP
MEM simgrid-vm 1586286918 2020/04/07 19:15:18 1 4096 3808545 3130357 483992 180 60364 41 25718 0 184465 0 0 2097152 0 0
SEP
MEM simgrid-vm 1586286919 2020/04/07 19:15:19 1 4096 3808545 3130359 483992 180 60358 38 25718 0 184465 0 0 2097152 0 0
SEP
MEM simgrid-vm 1586286920 2020/04/07 19:15:20 1 4096 3808545 3130359 483994 180 60358 40 25718 0 184465 0 0 2097152 0 0
SEP
MEM simgrid-vm 1586286921 2020/04/07 19:15:21 1 4096 3808545 3130359 483996 180 60364 42 25718 0 184465 0 0 2097152 0 0
SEP
MEM simgrid-vm 1586286922 2020/04/07 19:15:22 1 4096 3808545 3130782 483996 180 60339 42 25709 0 184465 0 0 2097152 0 0
SEP
MEM simgrid-vm 1586286923 2020/04/07 19:15:23 1 4096 3808545 3130813 483996 180 60329 42 25709 0 184465 0 0 2097152 0 0
SEP
MEM simgrid-vm 1586286924 2020/04/07 19:15:24 1 4096 3808545 3130813 483997 182 60324 6 25709 0 184465 0 0 2097152 0 0
SEP
MEM simgrid-vm 1586286925 2020/04/07 19:15:25 1 4096 3808545 3130813 483997 182 60331 7 25709 0 184465 0 0 2097152 0 0
SEP
MEM simgrid-vm 1586286926 2020/04/07 19:15:26 1 4096 3808545 3130813 483999 182 60326 9 25709 0 184465 0 0 2097152 0 0
SEP
MEM simgrid-vm 1586286927 2020/04/07 19:15:27 1 4096 3808545 3130813 483999 182 60322 9 25709 0 184465 0 0 2097152 0 0
SEP
MEM simgrid-vm 1586286928 2020/04/07 19:15:28 1 4096 3808545 3130813 483999 182 60322 9 25709 0 184465 0 0 2097152 0 0
SEP
MEM simgrid-vm 1586286929 2020/04/07 19:15:29 1 4096 3808545 3130813 484003 184 60333 39 25709 0 184465 0 0 2097152 0 0
SEP
MEM simgrid-vm 1586286930 2020/04/07 19:15:30 1 4096 3808545 3130813 484003 184 60329 40 25709 0 184465 0 0 2097152 0 0
SEP
MEM simgrid-vm 1586286931 2020/04/07 19:15:31 1 4096 3808545 3130813 484005 184 60330 42 25709 0 184465 0 0 2097152 0 0
SEP
MEM simgrid-vm 1586286932 2020/04/07 19:15:32 1 4096 3808545 3130813 484005 184 60328 42 25709 0 184465 0 0 2097152 0 0
SEP
MEM simgrid-vm 1586286933 2020/04/07 19:15:33 1 4096 3808545 3130813 484005 184 60336 42 25709 0 184465 0 0 2097152 0 0
SEP
MEM simgrid-vm 1586286934 2020/04/07 19:15:34 1 4096 3808545 3130813 484009 184 60330 46 25709 0 184465 0 0 2097152 0 0
SEP
MEM simgrid-vm 1586286935 2020/04/07 19:15:35 1 4096 3808545 3130778 484009 186 60339 46 25716 0 184465 0 0 2097152 0 0
SEP
MEM simgrid-vm 1586286936 2020/04/07 19:15:36 1 4096 3808545 3130790 484009 186 60328 46 25704 0 184465 0 0 2097152 0 0
SEP
MEM simgrid-vm 1586286937 2020/04/07 19:15:37 1 4096 3808545 3130790 484009 186 60310 46 25696 0 184465 0 0 2097152 0 0
SEP
MEM simgrid-vm 1586286938 2020/04/07 19:15:38 1 4096 3808545 3130790 484009 186 60312 46 25696 0 184465 0 0 2097152 0 0
SEP
MEM simgrid-vm 1586286939 2020/04/07 19:15:39 1 4096 3808545 3130786 484009 186 60318 46 25696 0 184465 0 0 2097152 0 0
SEP
MEM simgrid-vm 1586286940 2020/04/07 19:15:40 1 4096 3808545 3130786 484013 186 60324 50 25696 0 184465 0 0 2097152 0 0
SEP
MEM simgrid-vm 1586286941 2020/04/07 19:15:41 1 4096 3808545 3130755 484015 188 60316 52 25696 0 184465 0 0 2097152 0 0
SEP
MEM simgrid-vm 1586286942 2020/04/07 19:15:42 1 4096 3808545 3130751 484015 188 60322 52 25696 0 184465 0 0 2097152 0 0
SEP
MEM simgrid-vm 1586286943 2020/04/07 19:15:43 1 4096 3808545 3130751 484015 188 60318 49 25696 0 184465 0 0 2097152 0 0
SEP
MEM simgrid-vm 1586286944 2020/04/07 19:15:44 1 4096 3808545 3130751 484017 188 60318 52 25696 0 184465 0 0 2097152 0 0
SEP
MEM simgrid-vm 1586286945 2020/04/07 19:15:45 1 4096 3808545 3130747 484017 188 60324 52 25697 0 184465 0 0 2097152 0 0
SEP
MEM simgrid-vm 1586286946 2020/04/07 19:15:46 1 4096 3808545 3130747 484016 190 60324 52 25697 0 184465 0 0 2097152 0 0
SEP
MEM simgrid-vm 1586286947 2020/04/07 19:15:47 1 4096 3808545 3130759 484019 190 60319 54 25697 0 184465 0 0 2097152 0 0
SEP
MEM simgrid-vm 1586286948 2020/04/07 19:15:48 1 4096 3808545 3130759 484019 190 60316 51 25697 0 184465 0 0 2097152 0 0
SEP
MEM simgrid-vm 1586286949 2020/04/07 19:15:49 1 4096 3808545 3130759 484019 190 60319 51 25697 0 184465 0 0 2097152 0 0
SEP
MEM simgrid-vm 1586286950 2020/04/07 19:15:50 1 4096 3808545 3130759 484021 190 60321 54 25697 0 184465 0 0 2097152 0 0
SEP
MEM simgrid-vm 1586286951 2020/04/07 19:15:51 1 4096 3808545 3130728 484021 190 60314 54 25698 0 184465 0 0 2097152 0 0
SEP
MEM simgrid-vm 1586286952 2020/04/07 19:15:52 1 4096 3808545 3130724 484023 192 60317 56 25702 0 184465 0 0 2097152 0 0
SEP
MEM simgrid-vm 1586286953 2020/04/07 19:15:53 1 4096 3808545 3130724 484023 192 60317 56 25701 0 184465 0 0 2097152 0 0
SEP
MEM simgrid-vm 1586286954 2020/04/07 19:15:54 1 4096 3808545 3130724 484023 192 60317 56 25701 0 184465 0 0 2097152 0 0
SEP
MEM simgrid-vm 1586286955 2020/04/07 19:15:55 1 4096 3808545 3130724 484025 192 60318 57 25701 0 184465 0 0 2097152 0 0
SEP
MEM simgrid-vm 1586286956 2020/04/07 19:15:56 1 4096 3808545 3130724 484025 192 60314 58 25701 0 184465 0 0 2097152 0 0
SEP
MEM simgrid-vm 1586286957 2020/04/07 19:15:57 1 4096 3808545 3130720 484026 194 60329 61 25702 0 184465 0 0 2097152 0 0
SEP
MEM simgrid-vm 1586286958 2020/04/07 19:15:58 1 4096 3808545 3130718 484028 194 60319 61 25704 0 184465 0 0 2097152 0 0
SEP
MEM simgrid-vm 1586286959 2020/04/07 19:15:59 1 4096 3808545 3130718 484028 194 60320 61 25704 0 184465 0 0 2097152 0 0
SEP
MEM simgrid-vm 1586286960 2020/04/07 19:16:00 1 4096 3808545 3130718 484032 194 60321 66 25704 0 184465 0 0 2097152 0 0
SEP
MEM simgrid-vm 1586286961 2020/04/07 19:16:01 1 4096 3808545 3130718 484032 194 60320 29 25705 0 184465 0 0 2097152 0 0
SEP
MEM simgrid-vm 1586286962 2020/04/07 19:16:02 1 4096 3808545 3130718 484032 194 60329 29 25708 0 184465 0 0 2097152 0 0
SEP
MEM simgrid-vm 1586286963 2020/04/07 19:16:03 1 4096 3808545 3130718 484030 196 60325 29 25709 0 184465 0 0 2097152 0 0
SEP
MEM simgrid-vm 1586286964 2020/04/07 19:16:04 1 4096 3808545 3130714 484032 196 60333 35 25714 0 184465 0 0 2097152 0 0
SEP
MEM simgrid-vm 1586286965 2020/04/07 19:16:05 1 4096 3808545 3130714 484032 196 60329 23 25714 0 184465 0 0 2097152 0 0
SEP
MEM simgrid-vm 1586286966 2020/04/07 19:16:06 1 4096 3808545 3130714 484032 196 60330 23 25714 0 184465 0 0 2097152 0 0
SEP
MEM simgrid-vm 1586286967 2020/04/07 19:16:07 1 4096 3808545 3130706 484032 196 60338 23 25723 0 184465 0 0 2097152 0 0
SEP
MEM simgrid-vm 1586286968 2020/04/07 19:16:08 1 4096 3808545 3130702 484032 196 60343 23 25723 0 184465 0 0 2097152 0 0
SEP
MEM simgrid-vm 1586286969 2020/04/07 19:16:09 1 4096 3808545 3130702 484034 198 60342 31 25723 0 184465 0 0 2097152 0 0
SEP
MEM simgrid-vm 1586286970 2020/04/07 19:16:10 1 4096 3808545 3130714 484036 198 60330 33 25707 0 184465 0 0 2097152 0 0
SEP
MEM simgrid-vm 1586286971 2020/04/07 19:16:11 1 4096 3808545 3130714 484036 198 60330 33 25707 0 184465 0 0 2097152 0 0
SEP
MEM simgrid-vm 1586286972 2020/04/07 19:16:12 1 4096 3808545 3130726 484036 198 60321 33 25707 0 184465 0 0 2097152 0 0
SEP
MEM simgrid-vm 1586286973 2020/04/07 19:16:13 1 4096 3808545 3130726 484040 198 60322 37 25708 0 184465 0 0 2097152 0 0
SEP
MEM simgrid-vm 1586286974 2020/04/07 19:16:14 1 4096 3808545 3130726 484038 200 60321 37 25708 0 184465 0 0 2097152 0 0
SEP
MEM simgrid-vm 1586286975 2020/04/07 19:16:15 1 4096 3808545 3130726 484040 200 60330 34 25709 0 184465 0 0 2097152 0 0
SEP
MEM simgrid-vm 1586286976 2020/04/07 19:16:16 1 4096 3808545 3130726 484040 200 60333 34 25710 0 184465 0 0 2097152 0 0
SEP
MEM simgrid-vm 1586286977 2020/04/07 19:16:17 1 4096 3808545 3130726 484040 200 60335 34 25711 0 184465 0 0 2097152 0 0
SEP
MEM simgrid-vm 1586286978 2020/04/07 19:16:18 1 4096 3808545 3130726 484040 200 60331 34 25712 0 184465 0 0 2097152 0 0
SEP
MEM simgrid-vm 1586286979 2020/04/07 19:16:19 1 4096 3808545 3130726 484040 200 60331 34 25703 0 184465 0 0 2097152 0 0
SEP
MEM simgrid-vm 1586286980 2020/04/07 19:16:20 1 4096 3808545 3130726 484040 202 60322 36 25703 0 184465 0 0 2097152 0 0
SEP
MEM simgrid-vm 1586286981 2020/04/07 19:16:21 1 4096 3808545 3130726 484042 202 60322 38 25703 0 184465 0 0 2097152 0 0
SEP
MEM simgrid-vm 1586286982 2020/04/07 19:16:22 1 4096 3808545 3130726 484042 202 60323 38 25703 0 184465 0 0 2097152 0 0
SEP
MEM simgrid-vm 1586286983 2020/04/07 19:16:23 1 4096 3808545 3130726 484042 202 60313 38 25694 0 184465 0 0 2097152 0 0
SEP
MEM simgrid-vm 1586286984 2020/04/07 19:16:24 1 4096 3808545 3130726 484042 202 60321 38 25694 0 184465 0 0 2097152 0 0
SEP
MEM simgrid-vm 1586286985 2020/04/07 19:16:25 1 4096 3808545 3130726 484044 202 60314 37 25694 0 184465 0 0 2097152 0 0
SEP
MEM simgrid-vm 1586286986 2020/04/07 19:16:26 1 4096 3808545 3130722 484046 204 60323 43 25698 0 184465 0 0 2097152 0 0
SEP
MEM simgrid-vm 1586286987 2020/04/07 19:16:27 1 4096 3808545 3130722 484048 204 60321 45 25698 0 184465 0 0 2097152 0 0
SEP
MEM simgrid-vm 1586286988 2020/04/07 19:16:28 1 4096 3808545 3130722 484048 204 60319 45 25698 0 184465 0 0 2097152 0 0
SEP
MEM simgrid-vm 1586286989 2020/04/07 19:16:29 1 4096 3808545 3130722 484048 204 60318 45 25698 0 184465 0 0 2097152 0 0
SEP
MEM simgrid-vm 1586286990 2020/04/07 19:16:30 1 4096 3808545 3130718 484049 204 60324 41 25702 0 184465 0 0 2097152 0 0
SEP
MEM simgrid-vm 1586286991 2020/04/07 19:16:31 1 4096 3808545 3130714 484049 204 60319 42 25707 0 184465 0 0 2097152 0 0
SEP
MEM simgrid-vm 1586286992 2020/04/07 19:16:32 1 4096 3808545 3130718 484049 206 60317 46 25703 0 184465 0 0 2097152 0 0
SEP
MEM simgrid-vm 1586286993 2020/04/07 19:16:33 1 4096 3808545 3130718 484051 206 60315 49 25703 0 184465 0 0 2097152 0 0
SEP
MEM simgrid-vm 1586286994 2020/04/07 19:16:34 1 4096 3808545 3130718 484053 206 60322 51 25704 0 184465 0 0 2097152 0 0
SEP
MEM simgrid-vm 1586286995 2020/04/07 19:16:35 1 4096 3808545 3130714 484053 206 60322 51 25706 0 184465 0 0 2097152 0 0
SEP
MEM simgrid-vm 1586286996 2020/04/07 19:16:36 1 4096 3808545 3130714 484053 206 60330 20 25707 0 184465 0 0 2097152 0 0
SEP
MEM simgrid-vm 1586286997 2020/04/07 19:16:37 1 4096 3808545 3130714 484057 206 60324 24 25707 0 184465 0 0 2097152 0 0
SEP
MEM simgrid-vm 1586286998 2020/04/07 19:16:38 1 4096 3808545 3130710 484057 208 60326 33 25707 0 184465 0 0 2097152 0 0
SEP
MEM simgrid-vm 1586286999 2020/04/07 19:16:39 1 4096 3808545 3130710 484059 208 60328 35 25709 0 184465 0 0 2097152 0 0
SEP
MEM simgrid-vm 1586287000 2020/04/07 19:16:40 1 4096 3808545 3130706 484059 208 60333 35 25709 0 184465 0 0 2097152 0 0
SEP
MEM simgrid-vm 1586287001 2020/04/07 19:16:41 1 4096 3808545 3130706 484059 208 60330 35 25706 0 184465 0 0 2097152 0 0
SEP
MEM simgrid-vm 1586287002 2020/04/07 19:16:42 1 4096 3808545 3130702 484059 208 60333 35 25706 0 184465 0 0 2097152 0 0
SEP
MEM simgrid-vm 1586287003 2020/04/07 19:16:43 1 4096 3808545 3130702 484061 208 60334 37 25706 0 184465 0 0 2097152 0 0
SEP
MEM simgrid-vm 1586287004 2020/04/07 19:16:44 1 4096 3808545 3130714 484061 210 60321 37 25706 0 184465 0 0 2097152 0 0
SEP
MEM simgrid-vm 1586287005 2020/04/07 19:16:45 1 4096 3808545 3130714 484061 210 60321 27 25706 0 184465 0 0 2097152 0 0
SEP
MEM simgrid-vm 1586287006 2020/04/07 19:16:46 1 4096 3808545 3130714 484063 210 60322 29 25706 0 184465 0 0 2097152 0 0
SEP
MEM simgrid-vm 1586287007 2020/04/07 19:16:47 1 4096 3808545 3130714 484065 210 60325 31 25706 0 184465 0 0 2097152 0 0
SEP
MEM simgrid-vm 1586287008 2020/04/07 19:16:48 1 4096 3808545 3130714 484067 210 60320 33 25706 0 184465 0 0 2097152 0 0
SEP
MEM simgrid-vm 1586287009 2020/04/07 19:16:49 1 4096 3808545 3130710 484067 210 60331 33 25710 0 184465 0 0 2097152 0 0
SEP
MEM simgrid-vm 1586287010 2020/04/07 19:16:50 1 4096 3808545 3130706 484067 212 60334 42 25714 0 184465 0 0 2097152 0 0
SEP
MEM simgrid-vm 1586287011 2020/04/07 19:16:51 1 4096 3808545 3130706 484069 212 60329 45 25714 0 184465 0 0 2097152 0 0
SEP
MEM simgrid-vm 1586287012 2020/04/07 19:16:52 1 4096 3808545 3130706 484069 212 60329 45 25714 0 184465 0 0 2097152 0 0
SEP
MEM simgrid-vm 1586287013 2020/04/07 19:16:53 1 4096 3808545 3130698 484071 212 60346 47 25722 0 184465 0 0 2097152 0 0
SEP
MEM simgrid-vm 1586287014 2020/04/07 19:16:54 1 4096 3808545 3130698 484071 212 60339 47 25722 0 184465 0 0 2097152 0 0
SEP
MEM simgrid-vm 1586287015 2020/04/07 19:16:55 1 4096 3808545 3130694 484073 214 60345 49 25726 0 184465 0 0 2097152 0 0
SEP
MEM simgrid-vm 1586287016 2020/04/07 19:16:56 1 4096 3808545 3130694 484075 214 60347 51 25727 0 184465 0 0 2097152 0 0
SEP
MEM simgrid-vm 1586287017 2020/04/07 19:16:57 1 4096 3808545 3130694 484075 214 60343 51 25727 0 184465 0 0 2097152 0 0
SEP
MEM simgrid-vm 1586287018 2020/04/07 19:16:58 1 4096 3808545 3130702 484075 214 60352 51 25722 0 184465 0 0 2097152 0 0
SEP
MEM simgrid-vm 1586287019 2020/04/07 19:16:59 1 4096 3808545 3130702 484075 214 60347 51 25724 0 184465 0 0 2097152 0 0
SEP
MEM simgrid-vm 1586287020 2020/04/07 19:17:00 1 4096 3808545 3130702 484075 214 60348 46 25724 0 184465 0 0 2097152 0 0
SEP
MEM simgrid-vm 1586287021 2020/04/07 19:17:01 1 4096 3808545 3130702 484077 216 60345 52 25724 0 184465 0 0 2097152 0 0
SEP
MEM simgrid-vm 1586287022 2020/04/07 19:17:02 1 4096 3808545 3130702 484079 216 60334 54 25717 0 184465 0 0 2097152 0 0
SEP
MEM simgrid-vm 1586287023 2020/04/07 19:17:03 1 4096 3808545 3130702 484080 216 60334 55 25717 0 184465 0 0 2097152 0 0
SEP
MEM simgrid-vm 1586287024 2020/04/07 19:17:04 1 4096 3808545 3130702 484082 216 60334 57 25717 0 184465 0 0 2097152 0 0
SEP
MEM simgrid-vm 1586287025 2020/04/07 19:17:05 1 4096 3808545 3130698 484082 216 60338 47 25717 0 184465 0 0 2097152 0 0
SEP
MEM simgrid-vm 1586287026 2020/04/07 19:17:06 1 4096 3808545 3130698 484084 216 60338 50 25717 0 184465 0 0 2097152 0 0
SEP
MEM simgrid-vm 1586287027 2020/04/07 19:17:07 1 4096 3808545 3130694 484086 218 60342 57 25717 0 184465 0 0 2097152 0 0
SEP
MEM simgrid-vm 1586287028 2020/04/07 19:17:08 1 4096 3808545 3130694 484086 218 60343 57 25717 0 184465 0 0 2097152 0 0
SEP
MEM simgrid-vm 1586287029 2020/04/07 19:17:09 1 4096 3808545 3130434 484086 218 60356 57 25717 0 184465 0 0 2097152 0 0
SEP
MEM simgrid-vm 1586287030 2020/04/07 19:17:10 1 4096 3808545 3130353 484087 218 60344 61 25717 0 184465 0 0 2097152 0 0
SEP
MEM simgrid-vm 1586287031 2020/04/07 19:17:11 1 4096 3808545 3130737 484087 218 60325 24 25717 0 184465 0 0 2097152 0 0
SEP
MEM simgrid-vm 1586287032 2020/04/07 19:17:12 1 4096 3808545 3130737 484089 220 60325 33 25717 0 184465 0 0 2097152 0 0
SEP
MEM simgrid-vm 1586287033 2020/04/07 19:17:13 1 4096 3808545 3130737 484093 220 60325 37 25717 0 184465 0 0 2097152 0 0
SEP
MEM simgrid-vm 1586287034 2020/04/07 19:17:14 1 4096 3808545 3130737 484093 220 60327 37 25718 0 184465 0 0 2097152 0 0
SEP
MEM simgrid-vm 1586287035 2020/04/07 19:17:15 1 4096 3808545 3130737 484093 220 60331 37 25720 0 184465 0 0 2097152 0 0
SEP
MEM simgrid-vm 1586287036 2020/04/07 19:17:16 1 4096 3808545 3130737 484095 220 60333 33 25721 0 184465 0 0 2097152 0 0
SEP
MEM simgrid-vm 1586287037 2020/04/07 19:17:17 1 4096 3808545 3130737 484095 222 60331 36 25721 0 184465 0 0 2097152 0 0
SEP
MEM simgrid-vm 1586287038 2020/04/07 19:17:18 1 4096 3808545 3130737 484095 222 60332 36 25722 0 184465 0 0 2097152 0 0
SEP
MEM simgrid-vm 1586287039 2020/04/07 19:17:19 1 4096 3808545 3130737 484097 222 60333 38 25723 0 184465 0 0 2097152 0 0
SEP
MEM simgrid-vm 1586287040 2020/04/07 19:17:20 1 4096 3808545 3130737 484097 222 60337 34 25726 0 184465 0 0 2097152 0 0
SEP
MEM simgrid-vm 1586287041 2020/04/07 19:17:21 1 4096 3808545 3130737 484097 222 60337 34 25726 0 184465 0 0 2097152 0 0
SEP
MEM simgrid-vm 1586287042 2020/04/07 19:17:22 1 4096 3808545 3130737 484099 224 60338 41 25727 0 184465 0 0 2097152 0 0
SEP
MEM simgrid-vm 1586287043 2020/04/07 19:17:23 1 4096 3808545 3130737 484101 224 60338 43 25727 0 184465 0 0 2097152 0 0
SEP
MEM simgrid-vm 1586287044 2020/04/07 19:17:24 1 4096 3808545 3130737 484101 224 60340 43 25727 0 184465 0 0 2097152 0 0
SEP
MEM simgrid-vm 1586287045 2020/04/07 19:17:25 1 4096 3808545 3130737 484103 224 60342 40 25728 0 184465 0 0 2097152 0 0
SEP
MEM simgrid-vm 1586287046 2020/04/07 19:17:26 1 4096 3808545 3130737 484103 224 60338 40 25728 0 184465 0 0 2097152 0 0
SEP
MEM simgrid-vm 1586287047 2020/04/07 19:17:27 1 4096 3808545 3130737 484102 226 60338 40 25728 0 184465 0 0 2097152 0 0
SEP
MEM simgrid-vm 1586287048 2020/04/07 19:17:28 1 4096 3808545 3130737 484103 226 60341 42 25728 0 184465 0 0 2097152 0 0
SEP
MEM simgrid-vm 1586287049 2020/04/07 19:17:29 1 4096 3808545 3130706 484103 226 60339 42 25729 0 184465 0 0 2097152 0 0
SEP
MEM simgrid-vm 1586287050 2020/04/07 19:17:30 1 4096 3808545 3130706 484103 226 60341 40 25731 0 184465 0 0 2097152 0 0
SEP
MEM simgrid-vm 1586287051 2020/04/07 19:17:31 1 4096 3808545 3130702 484105 226 60351 42 25733 0 184465 0 0 2097152 0 0
SEP
MEM simgrid-vm 1586287052 2020/04/07 19:17:32 1 4096 3808545 3130702 484107 226 60351 45 25736 0 184465 0 0 2097152 0 0
SEP
MEM simgrid-vm 1586287053 2020/04/07 19:17:33 1 4096 3808545 3130710 484107 228 60348 46 25725 0 184465 0 0 2097152 0 0
SEP
MEM simgrid-vm 1586287054 2020/04/07 19:17:34 1 4096 3808545 3130710 484109 228 60346 48 25727 0 184465 0 0 2097152 0 0
SEP
MEM simgrid-vm 1586287055 2020/04/07 19:17:35 1 4096 3808545 3130710 484109 228 60348 48 25729 0 184465 0 0 2097152 0 0
SEP
MEM simgrid-vm 1586287056 2020/04/07 19:17:36 1 4096 3808545 3130710 484110 228 60351 47 25731 0 184465 0 0 2097152 0 0
SEP
MEM simgrid-vm 1586287057 2020/04/07 19:17:37 1 4096 3808545 3130730 484110 228 60335 47 25711 0 184465 0 0 2097152 0 0
SEP
MEM simgrid-vm 1586287058 2020/04/07 19:17:38 1 4096 3808545 3130730 484110 228 60335 47 25711 0 184465 0 0 2097152 0 0
SEP
MEM simgrid-vm 1586287059 2020/04/07 19:17:39 1 4096 3808545 3130730 484108 230 60336 47 25712 0 184465 0 0 2097152 0 0
SEP
MEM simgrid-vm 1586287060 2020/04/07 19:17:40 1 4096 3808545 3130726 484110 230 60331 44 25703 0 184465 0 0 2097152 0 0
SEP
MEM simgrid-vm 1586287061 2020/04/07 19:17:41 1 4096 3808545 3130726 484110 230 60333 45 25703 0 184465 0 0 2097152 0 0
SEP
MEM simgrid-vm 1586287062 2020/04/07 19:17:42 1 4096 3808545 3130734 484110 230 60322 45 25702 0 184465 0 0 2097152 0 0
SEP
MEM simgrid-vm 1586287063 2020/04/07 19:17:43 1 4096 3808545 3130734 484112 230 60321 47 25702 0 184465 0 0 2097152 0 0
SEP
MEM simgrid-vm 1586287064 2020/04/07 19:17:44 1 4096 3808545 3130734 484112 230 60321 45 25702 0 184465 0 0 2097152 0 0
SEP
MEM simgrid-vm 1586287065 2020/04/07 19:17:45 1 4096 3808545 3130734 484112 232 60321 49 25702 0 184465 0 0 2097152 0 0
SEP
MEM simgrid-vm 1586287066 2020/04/07 19:17:46 1 4096 3808545 3130734 484112 232 60321 18 25702 0 184465 0 0 2097152 0 0
SEP
MEM simgrid-vm 1586287067 2020/04/07 19:17:47 1 4096 3808545 3130734 484112 232 60321 18 25702 0 184465 0 0 2097152 0 0
SEP
MEM simgrid-vm 1586287068 2020/04/07 19:17:48 1 4096 3808545 3130734 484112 232 60321 18 25702 0 184465 0 0 2097152 0 0
SEP
MEM simgrid-vm 1586287069 2020/04/07 19:17:49 1 4096 3808545 3130734 484112 232 60324 18 25702 0 184465 0 0 2097152 0 0
SEP
MEM simgrid-vm 1586287070 2020/04/07 19:17:50 1 4096 3808545 3130734 484112 234 60322 21 25702 0 184465 0 0 2097152 0 0
SEP
MEM simgrid-vm 1586287071 2020/04/07 19:17:51 1 4096 3808545 3130734 484112 234 60322 21 25702 0 184465 0 0 2097152 0 0
SEP
MEM simgrid-vm 1586287072 2020/04/07 19:17:52 1 4096 3808545 3130734 484112 234 60322 21 25702 0 184465 0 0 2097152 0 0
SEP
MEM simgrid-vm 1586287073 2020/04/07 19:17:53 1 4096 3808545 3130734 484112 234 60322 21 25702 0 184465 0 0 2097152 0 0
SEP
MEM simgrid-vm 1586287074 2020/04/07 19:17:54 1 4096 3808545 3130734 484112 234 60322 21 25702 0 184465 0 0 2097152 0 0
SEP
MEM simgrid-vm 1586287075 2020/04/07 19:17:55 1 4096 3808545 3130699 484116 236 60326 22 25706 0 184465 0 0 2097152 0 0
SEP
MEM simgrid-vm 1586287076 2020/04/07 19:17:56 1 4096 3808545 3130699 484118 236 60326 24 25706 0 184465 0 0 2097152 0 0
SEP
MEM simgrid-vm 1586287077 2020/04/07 19:17:57 1 4096 3808545 3130668 484120 236 60314 27 25694 0 184465 0 0 2097152 0 0
SEP
MEM simgrid-vm 1586287078 2020/04/07 19:17:58 1 4096 3808545 3130664 484122 236 60316 30 25698 0 184465 0 0 2097152 0 0
SEP
MEM simgrid-vm 1586287079 2020/04/07 19:17:59 1 4096 3808545 3130664 484122 236 60312 30 25698 0 184465 0 0 2097152 0 0
SEP
MEM simgrid-vm 1586287080 2020/04/07 19:18:00 1 4096 3808545 3130664 484120 238 60313 30 25698 0 184465 0 0 2097152 0 0
SEP
MEM simgrid-vm 1586287081 2020/04/07 19:18:01 1 4096 3808545 3130660 484124 238 60317 34 25702 0 184465 0 0 2097152 0 0
SEP
MEM simgrid-vm 1586287082 2020/04/07 19:18:02 1 4096 3808545 3130656 484124 238 60321 34 25706 0 184465 0 0 2097152 0 0
SEP
MEM simgrid-vm 1586287083 2020/04/07 19:18:03 1 4096 3808545 3130656 484126 238 60320 36 25706 0 184465 0 0 2097152 0 0
SEP
MEM simgrid-vm 1586287084 2020/04/07 19:18:04 1 4096 3808545 3130656 484126 238 60320 36 25706 0 184465 0 0 2097152 0 0
SEP
MEM simgrid-vm 1586287085 2020/04/07 19:18:05 1 4096 3808545 3130656 484128 238 60320 34 25706 0 184465 0 0 2097152 0 0
SEP
MEM simgrid-vm 1586287086 2020/04/07 19:18:06 1 4096 3808545 3130652 484128 240 60329 40 25706 0 184465 0 0 2097152 0 0
SEP
MEM simgrid-vm 1586287087 2020/04/07 19:18:07 1 4096 3808545 3130699 484132 240 60292 44 25690 0 184465 0 0 2097152 0 0
SEP
MEM simgrid-vm 1586287088 2020/04/07 19:18:08 1 4096 3808545 3130699 484132 240 60292 44 25690 0 184465 0 0 2097152 0 0
SEP
MEM simgrid-vm 1586287089 2020/04/07 19:18:09 1 4096 3808545 3130699 484135 240 60292 47 25690 0 184465 0 0 2097152 0 0
SEP
MEM simgrid-vm 1586287090 2020/04/07 19:18:10 1 4096 3808545 3130699 484137 240 60292 49 25690 0 184465 0 0 2097152 0 0
SEP
MEM simgrid-vm 1586287091 2020/04/07 19:18:11 1 4096 3808545 3130695 484137 240 60296 49 25694 0 184465 0 0 2097152 0 0
SEP
