RESET
MEM simgrid-vm 1586286151 2020/04/07 19:02:31 12631022 4096 3808545 3428966 191575 79 58199 44 23719 0 184465 0 0 2097152 0 0
SEP
MEM simgrid-vm 1586286152 2020/04/07 19:02:32 1 4096 3808545 3391320 218557 79 57835 52 23386 0 184465 0 0 2097152 0 0
SEP
MEM simgrid-vm 1586286153 2020/04/07 19:02:33 1 4096 3808545 3374419 229770 79 57745 55 23346 0 184465 0 0 2097152 0 0
SEP
MEM simgrid-vm 1586286154 2020/04/07 19:02:34 1 4096 3808545 3341322 256988 79 57929 56 23506 0 184465 0 0 2097152 0 0
SEP
MEM simgrid-vm 1586286155 2020/04/07 19:02:35 1 4096 3808545 3259980 331965 81 58221 56 23778 0 184465 0 0 2097152 0 0
SEP
MEM simgrid-vm 1586286156 2020/04/07 19:02:36 1 4096 3808545 3236728 348339 83 58479 50 24030 0 184465 0 0 2097152 0 0
SEP
MEM simgrid-vm 1586286157 2020/04/07 19:02:37 1 4096 3808545 3227585 350882 83 58878 53 24404 0 184465 0 0 2097152 0 0
SEP
MEM simgrid-vm 1586286158 2020/04/07 19:02:38 1 4096 3808545 3215747 358860 83 59410 53 24871 0 184465 0 0 2097152 0 0
SEP
MEM simgrid-vm 1586286159 2020/04/07 19:02:39 1 4096 3808545 3203022 365138 83 59943 53 25327 0 184465 0 0 2097152 0 0
SEP
MEM simgrid-vm 1586286160 2020/04/07 19:02:40 1 4096 3808545 3102834 417236 84 60088 55 25442 0 184465 0 0 2097152 0 0
SEP
MEM simgrid-vm 1586286161 2020/04/07 19:02:41 1 4096 3808545 3037329 450088 84 60225 53 25571 0 184465 0 0 2097152 0 0
SEP
MEM simgrid-vm 1586286162 2020/04/07 19:02:42 1 4096 3808545 2995866 469628 86 60257 58 25599 0 184465 0 0 2097152 0 0
SEP
MEM simgrid-vm 1586286163 2020/04/07 19:02:43 1 4096 3808545 2995804 469673 86 60276 58 25627 0 184465 0 0 2097152 0 0
SEP
MEM simgrid-vm 1586286164 2020/04/07 19:02:44 1 4096 3808545 2995800 469673 86 60290 58 25632 0 184465 0 0 2097152 0 0
SEP
MEM simgrid-vm 1586286165 2020/04/07 19:02:45 1 4096 3808545 2995796 469673 86 60291 58 25638 0 184465 0 0 2097152 0 0
SEP
MEM simgrid-vm 1586286166 2020/04/07 19:02:46 1 4096 3808545 2995796 469673 86 60292 51 25638 0 184465 0 0 2097152 0 0
SEP
MEM simgrid-vm 1586286167 2020/04/07 19:02:47 1 4096 3808545 2995796 469672 88 60294 51 25638 0 184465 0 0 2097152 0 0
SEP
MEM simgrid-vm 1586286168 2020/04/07 19:02:48 1 4096 3808545 2995796 469670 91 60289 52 25639 0 184465 0 0 2097152 0 0
SEP
MEM simgrid-vm 1586286169 2020/04/07 19:02:49 1 4096 3808545 2994725 479377 91 60271 56 25619 0 184465 0 0 2097152 0 0
SEP
MEM simgrid-vm 1586286170 2020/04/07 19:02:50 1 4096 3808545 2992297 481038 91 60298 56 25647 0 184465 0 0 2097152 0 0
SEP
MEM simgrid-vm 1586286171 2020/04/07 19:02:51 1 4096 3808545 2978955 481045 91 60304 23 25648 0 184465 0 0 2097152 0 0
SEP
MEM simgrid-vm 1586286172 2020/04/07 19:02:52 1 4096 3808545 2970643 481045 91 60306 24 25652 0 184465 0 0 2097152 0 0
SEP
MEM simgrid-vm 1586286173 2020/04/07 19:02:53 1 4096 3808545 2970612 481044 93 60309 31 25659 0 184465 0 0 2097152 0 0
SEP
MEM simgrid-vm 1586286174 2020/04/07 19:02:54 1 4096 3808545 2970577 481046 94 60321 34 25663 0 184465 0 0 2097152 0 0
SEP
MEM simgrid-vm 1586286175 2020/04/07 19:02:55 1 4096 3808545 2903972 482744 94 60339 37 25678 0 184465 0 0 2097152 0 0
SEP
MEM simgrid-vm 1586286176 2020/04/07 19:02:56 1 4096 3808545 2892941 482850 98 60341 34 25687 0 184465 0 0 2097152 0 0
SEP
MEM simgrid-vm 1586286177 2020/04/07 19:02:57 1 4096 3808545 2891886 482850 98 60351 34 25689 0 184465 0 0 2097152 0 0
SEP
MEM simgrid-vm 1586286178 2020/04/07 19:02:58 1 4096 3808545 2891820 482848 100 60361 34 25695 0 184465 0 0 2097152 0 0
SEP
MEM simgrid-vm 1586286179 2020/04/07 19:02:59 1 4096 3808545 2891758 482852 100 60360 46 25695 0 184465 0 0 2097152 0 0
SEP
MEM simgrid-vm 1586286180 2020/04/07 19:03:00 1 4096 3808545 2891149 482866 100 60359 48 25699 0 184465 0 0 2097152 0 0
SEP
MEM simgrid-vm 1586286181 2020/04/07 19:03:01 1 4096 3808545 2891149 482868 100 60356 50 25699 0 184465 0 0 2097152 0 0
SEP
MEM simgrid-vm 1586286182 2020/04/07 19:03:02 1 4096 3808545 2891149 482868 100 60359 50 25700 0 184465 0 0 2097152 0 0
SEP
MEM simgrid-vm 1586286183 2020/04/07 19:03:03 1 4096 3808545 2891087 482866 102 60361 50 25700 0 184465 0 0 2097152 0 0
SEP
MEM simgrid-vm 1586286184 2020/04/07 19:03:04 1 4096 3808545 2891060 482868 102 60361 50 25697 0 184465 0 0 2097152 0 0
SEP
MEM simgrid-vm 1586286185 2020/04/07 19:03:05 1 4096 3808545 2888989 482869 102 60370 51 25698 0 184465 0 0 2097152 0 0
SEP
MEM simgrid-vm 1586286186 2020/04/07 19:03:06 1 4096 3808545 2888986 482871 103 60331 41 25671 0 184465 0 0 2097152 0 0
SEP
MEM simgrid-vm 1586286187 2020/04/07 19:03:07 1 4096 3808545 2888955 482874 103 60330 45 25672 0 184465 0 0 2097152 0 0
SEP
MEM simgrid-vm 1586286188 2020/04/07 19:03:08 1 4096 3808545 2886876 482872 105 60327 45 25672 0 184465 0 0 2097152 0 0
SEP
MEM simgrid-vm 1586286189 2020/04/07 19:03:09 1 4096 3808545 2886364 482876 105 60326 52 25672 0 184465 0 0 2097152 0 0
SEP
MEM simgrid-vm 1586286190 2020/04/07 19:03:10 1 4096 3808545 2886333 482878 105 60329 54 25673 0 184465 0 0 2097152 0 0
SEP
MEM simgrid-vm 1586286191 2020/04/07 19:03:11 1 4096 3808545 2886302 482880 105 60330 56 25674 0 184465 0 0 2097152 0 0
SEP
MEM simgrid-vm 1586286192 2020/04/07 19:03:12 1 4096 3808545 2886267 482880 105 60327 56 25675 0 184465 0 0 2097152 0 0
SEP
MEM simgrid-vm 1586286193 2020/04/07 19:03:13 1 4096 3808545 2886263 482878 107 60334 56 25679 0 184465 0 0 2097152 0 0
SEP
MEM simgrid-vm 1586286194 2020/04/07 19:03:14 1 4096 3808545 2886263 482879 108 60340 56 25679 0 184465 0 0 2097152 0 0
SEP
MEM simgrid-vm 1586286195 2020/04/07 19:03:15 1 4096 3808545 2886263 482883 108 60318 59 25662 0 184465 0 0 2097152 0 0
SEP
MEM simgrid-vm 1586286196 2020/04/07 19:03:16 1 4096 3808545 2886224 482883 108 60328 59 25670 0 184465 0 0 2097152 0 0
SEP
MEM simgrid-vm 1586286197 2020/04/07 19:03:17 1 4096 3808545 2886224 482883 108 60329 59 25670 0 184465 0 0 2097152 0 0
SEP
MEM simgrid-vm 1586286198 2020/04/07 19:03:18 1 4096 3808545 2886224 482885 108 60335 61 25671 0 184465 0 0 2097152 0 0
SEP
MEM simgrid-vm 1586286199 2020/04/07 19:03:19 1 4096 3808545 2886224 482885 110 60323 61 25675 0 184465 0 0 2097152 0 0
SEP
MEM simgrid-vm 1586286200 2020/04/07 19:03:20 1 4096 3808545 2886224 482885 110 60331 61 25676 0 184465 0 0 2097152 0 0
SEP
MEM simgrid-vm 1586286201 2020/04/07 19:03:21 1 4096 3808545 2886220 482887 110 60336 55 25682 0 184465 0 0 2097152 0 0
SEP
MEM simgrid-vm 1586286202 2020/04/07 19:03:22 1 4096 3808545 2886187 482887 110 60354 55 25683 0 184465 0 0 2097152 0 0
SEP
MEM simgrid-vm 1586286203 2020/04/07 19:03:23 1 4096 3808545 2886168 482887 110 60334 55 25672 0 184465 0 0 2097152 0 0
SEP
MEM simgrid-vm 1586286204 2020/04/07 19:03:24 1 4096 3808545 2886168 482889 112 60328 57 25672 0 184465 0 0 2097152 0 0
SEP
MEM simgrid-vm 1586286205 2020/04/07 19:03:25 1 4096 3808545 2886168 482889 112 60323 59 25672 0 184465 0 0 2097152 0 0
SEP
MEM simgrid-vm 1586286206 2020/04/07 19:03:26 1 4096 3808545 2886168 482889 112 60324 20 25672 0 184465 0 0 2097152 0 0
SEP
MEM simgrid-vm 1586286207 2020/04/07 19:03:27 1 4096 3808545 2886168 482889 112 60341 21 25672 0 184465 0 0 2097152 0 0
SEP
MEM simgrid-vm 1586286208 2020/04/07 19:03:28 1 4096 3808545 2886168 482891 112 60330 23 25674 0 184465 0 0 2097152 0 0
SEP
MEM simgrid-vm 1586286209 2020/04/07 19:03:29 1 4096 3808545 2886133 482889 114 60336 23 25674 0 184465 0 0 2097152 0 0
SEP
MEM simgrid-vm 1586286210 2020/04/07 19:03:30 1 4096 3808545 2886040 482891 114 60341 37 25676 0 184465 0 0 2097152 0 0
SEP
MEM simgrid-vm 1586286211 2020/04/07 19:03:31 1 4096 3808545 2886036 482891 114 60345 29 25676 0 184465 0 0 2097152 0 0
SEP
MEM simgrid-vm 1586286212 2020/04/07 19:03:32 1 4096 3808545 2886036 482891 114 60344 29 25677 0 184465 0 0 2097152 0 0
SEP
MEM simgrid-vm 1586286213 2020/04/07 19:03:33 1 4096 3808545 2886032 482893 114 60358 31 25683 0 184465 0 0 2097152 0 0
SEP
MEM simgrid-vm 1586286214 2020/04/07 19:03:34 1 4096 3808545 2886024 482891 116 60363 31 25688 0 184465 0 0 2097152 0 0
SEP
MEM simgrid-vm 1586286215 2020/04/07 19:03:35 1 4096 3808545 2886024 482895 116 60367 35 25688 0 184465 0 0 2097152 0 0
SEP
MEM simgrid-vm 1586286216 2020/04/07 19:03:36 1 4096 3808545 2886020 482895 116 60369 33 25688 0 184465 0 0 2097152 0 0
SEP
MEM simgrid-vm 1586286217 2020/04/07 19:03:37 1 4096 3808545 2886020 482895 116 60371 33 25688 0 184465 0 0 2097152 0 0
SEP
MEM simgrid-vm 1586286218 2020/04/07 19:03:38 1 4096 3808545 2885997 482896 116 60350 34 25688 0 184465 0 0 2097152 0 0
SEP
MEM simgrid-vm 1586286219 2020/04/07 19:03:39 1 4096 3808545 2885993 482896 116 60351 34 25693 0 184465 0 0 2097152 0 0
SEP
MEM simgrid-vm 1586286220 2020/04/07 19:03:40 1 4096 3808545 2885993 482897 118 60356 36 25693 0 184465 0 0 2097152 0 0
SEP
MEM simgrid-vm 1586286221 2020/04/07 19:03:41 1 4096 3808545 2885993 482897 118 60356 32 25694 0 184465 0 0 2097152 0 0
SEP
MEM simgrid-vm 1586286222 2020/04/07 19:03:42 1 4096 3808545 2885989 482897 118 60366 33 25698 0 184465 0 0 2097152 0 0
SEP
MEM simgrid-vm 1586286223 2020/04/07 19:03:43 1 4096 3808545 2885981 482901 118 60379 37 25706 0 184465 0 0 2097152 0 0
SEP
MEM simgrid-vm 1586286224 2020/04/07 19:03:44 1 4096 3808545 2885977 482901 118 60369 37 25706 0 184465 0 0 2097152 0 0
SEP
MEM simgrid-vm 1586286225 2020/04/07 19:03:45 1 4096 3808545 2885973 482903 120 60379 43 25711 0 184465 0 0 2097152 0 0
SEP
MEM simgrid-vm 1586286226 2020/04/07 19:03:46 1 4096 3808545 2885969 482907 120 60372 44 25706 0 184465 0 0 2097152 0 0
SEP
MEM simgrid-vm 1586286227 2020/04/07 19:03:47 1 4096 3808545 2885985 482907 120 60356 44 25690 0 184465 0 0 2097152 0 0
SEP
MEM simgrid-vm 1586286228 2020/04/07 19:03:48 1 4096 3808545 2885985 482909 120 60356 46 25690 0 184465 0 0 2097152 0 0
SEP
MEM simgrid-vm 1586286229 2020/04/07 19:03:49 1 4096 3808545 2885985 482909 120 60364 46 25690 0 184465 0 0 2097152 0 0
SEP
MEM simgrid-vm 1586286230 2020/04/07 19:03:50 1 4096 3808545 2885985 482911 122 60365 51 25690 0 184465 0 0 2097152 0 0
SEP
MEM simgrid-vm 1586286231 2020/04/07 19:03:51 1 4096 3808545 2885989 482911 122 60345 49 25685 0 184465 0 0 2097152 0 0
SEP
MEM simgrid-vm 1586286232 2020/04/07 19:03:52 1 4096 3808545 2885989 482911 122 60350 49 25685 0 184465 0 0 2097152 0 0
SEP
MEM simgrid-vm 1586286233 2020/04/07 19:03:53 1 4096 3808545 2885985 482911 122 60351 49 25689 0 184465 0 0 2097152 0 0
SEP
MEM simgrid-vm 1586286234 2020/04/07 19:03:54 1 4096 3808545 2885997 482911 122 60349 49 25677 0 184465 0 0 2097152 0 0
SEP
MEM simgrid-vm 1586286235 2020/04/07 19:03:55 1 4096 3808545 2885997 482915 124 60344 55 25680 0 184465 0 0 2097152 0 0
SEP
MEM simgrid-vm 1586286236 2020/04/07 19:03:56 1 4096 3808545 2885997 482917 124 60351 55 25681 0 184465 0 0 2097152 0 0
SEP
MEM simgrid-vm 1586286237 2020/04/07 19:03:57 1 4096 3808545 2885997 482919 124 60350 58 25682 0 184465 0 0 2097152 0 0
SEP
MEM simgrid-vm 1586286238 2020/04/07 19:03:58 1 4096 3808545 2885997 482919 124 60348 58 25684 0 184465 0 0 2097152 0 0
SEP
MEM simgrid-vm 1586286239 2020/04/07 19:03:59 1 4096 3808545 2885997 482919 124 60347 58 25684 0 184465 0 0 2097152 0 0
SEP
MEM simgrid-vm 1586286240 2020/04/07 19:04:00 1 4096 3808545 2885997 482923 126 60347 62 25684 0 184465 0 0 2097152 0 0
SEP
MEM simgrid-vm 1586286241 2020/04/07 19:04:01 1 4096 3808545 2885997 482923 126 60358 32 25687 0 184465 0 0 2097152 0 0
SEP
MEM simgrid-vm 1586286242 2020/04/07 19:04:02 1 4096 3808545 2885997 482925 126 60356 35 25690 0 184465 0 0 2097152 0 0
SEP
MEM simgrid-vm 1586286243 2020/04/07 19:04:03 1 4096 3808545 2885962 482927 126 60362 37 25692 0 184465 0 0 2097152 0 0
SEP
MEM simgrid-vm 1586286244 2020/04/07 19:04:04 1 4096 3808545 2885943 482927 126 60343 37 25678 0 184465 0 0 2097152 0 0
SEP
MEM simgrid-vm 1586286245 2020/04/07 19:04:05 1 4096 3808545 2885963 482927 128 60314 45 25658 0 184465 0 0 2097152 0 0
SEP
MEM simgrid-vm 1586286246 2020/04/07 19:04:06 1 4096 3808545 2885932 482929 128 60314 41 25658 0 184465 0 0 2097152 0 0
SEP
MEM simgrid-vm 1586286247 2020/04/07 19:04:07 1 4096 3808545 2885932 482931 128 60315 43 25658 0 184465 0 0 2097152 0 0
SEP
MEM simgrid-vm 1586286248 2020/04/07 19:04:08 1 4096 3808545 2885932 482933 128 60311 45 25652 0 184465 0 0 2097152 0 0
SEP
MEM simgrid-vm 1586286249 2020/04/07 19:04:09 1 4096 3808545 2885901 482935 128 60315 47 25652 0 184465 0 0 2097152 0 0
SEP
MEM simgrid-vm 1586286250 2020/04/07 19:04:10 1 4096 3808545 2885897 482935 130 60320 53 25656 0 184465 0 0 2097152 0 0
SEP
MEM simgrid-vm 1586286251 2020/04/07 19:04:11 1 4096 3808545 2885881 482938 130 60330 56 25672 0 184465 0 0 2097152 0 0
SEP
MEM simgrid-vm 1586286252 2020/04/07 19:04:12 1 4096 3808545 2885846 482938 130 60332 56 25677 0 184465 0 0 2097152 0 0
SEP
MEM simgrid-vm 1586286253 2020/04/07 19:04:13 1 4096 3808545 2885858 482941 130 60332 59 25667 0 184465 0 0 2097152 0 0
SEP
MEM simgrid-vm 1586286254 2020/04/07 19:04:14 1 4096 3808545 2885858 482941 130 60331 59 25671 0 184465 0 0 2097152 0 0
SEP
MEM simgrid-vm 1586286255 2020/04/07 19:04:15 1 4096 3808545 2885858 482941 132 60334 59 25673 0 184465 0 0 2097152 0 0
SEP
MEM simgrid-vm 1586286256 2020/04/07 19:04:16 1 4096 3808545 2885858 482941 132 60336 37 25675 0 184465 0 0 2097152 0 0
SEP
MEM simgrid-vm 1586286257 2020/04/07 19:04:17 1 4096 3808545 2885858 482941 132 60333 38 25675 0 184465 0 0 2097152 0 0
SEP
MEM simgrid-vm 1586286258 2020/04/07 19:04:18 1 4096 3808545 2885823 482941 132 60337 38 25681 0 184465 0 0 2097152 0 0
SEP
MEM simgrid-vm 1586286259 2020/04/07 19:04:19 1 4096 3808545 2885819 482943 132 60346 41 25687 0 184465 0 0 2097152 0 0
SEP
MEM simgrid-vm 1586286260 2020/04/07 19:04:20 1 4096 3808545 2885784 482947 134 60349 52 25693 0 184465 0 0 2097152 0 0
SEP
MEM simgrid-vm 1586286261 2020/04/07 19:04:21 1 4096 3808545 2885776 482947 134 60359 53 25696 0 184465 0 0 2097152 0 0
SEP
MEM simgrid-vm 1586286262 2020/04/07 19:04:22 1 4096 3808545 2885800 482947 134 60333 53 25672 0 184465 0 0 2097152 0 0
SEP
MEM simgrid-vm 1586286263 2020/04/07 19:04:23 1 4096 3808545 2885796 482947 134 60330 53 25676 0 184465 0 0 2097152 0 0
SEP
MEM simgrid-vm 1586286264 2020/04/07 19:04:24 1 4096 3808545 2885792 482947 134 60336 53 25681 0 184465 0 0 2097152 0 0
SEP
MEM simgrid-vm 1586286265 2020/04/07 19:04:25 1 4096 3808545 2885784 482947 136 60354 53 25694 0 184465 0 0 2097152 0 0
SEP
MEM simgrid-vm 1586286266 2020/04/07 19:04:26 1 4096 3808545 2885741 482949 136 60370 51 25705 0 184465 0 0 2097152 0 0
SEP
MEM simgrid-vm 1586286267 2020/04/07 19:04:27 1 4096 3808545 2885737 482949 136 60392 51 25712 0 184465 0 0 2097152 0 0
SEP
MEM simgrid-vm 1586286268 2020/04/07 19:04:28 1 4096 3808545 2885729 482953 136 60397 55 25717 0 184465 0 0 2097152 0 0
SEP
MEM simgrid-vm 1586286269 2020/04/07 19:04:29 1 4096 3808545 2885729 482955 136 60403 57 25719 0 184465 0 0 2097152 0 0
SEP
MEM simgrid-vm 1586286270 2020/04/07 19:04:30 1 4096 3808545 2885725 482955 138 60412 59 25724 0 184465 0 0 2097152 0 0
SEP
MEM simgrid-vm 1586286271 2020/04/07 19:04:31 1 4096 3808545 2885733 482955 138 60385 54 25713 0 184465 0 0 2097152 0 0
SEP
MEM simgrid-vm 1586286272 2020/04/07 19:04:32 1 4096 3808545 2885733 482955 138 60378 54 25700 0 184465 0 0 2097152 0 0
SEP
MEM simgrid-vm 1586286273 2020/04/07 19:04:33 1 4096 3808545 2885733 482955 138 60383 54 25700 0 184465 0 0 2097152 0 0
SEP
MEM simgrid-vm 1586286274 2020/04/07 19:04:34 1 4096 3808545 2885729 482955 138 60378 54 25700 0 184465 0 0 2097152 0 0
SEP
MEM simgrid-vm 1586286275 2020/04/07 19:04:35 1 4096 3808545 2885729 482957 140 60383 58 25700 0 184465 0 0 2097152 0 0
SEP
MEM simgrid-vm 1586286276 2020/04/07 19:04:36 1 4096 3808545 2885737 482959 140 60374 28 25699 0 184465 0 0 2097152 0 0
SEP
MEM simgrid-vm 1586286277 2020/04/07 19:04:37 1 4096 3808545 2885706 482959 140 60381 27 25699 0 184465 0 0 2097152 0 0
SEP
MEM simgrid-vm 1586286278 2020/04/07 19:04:38 1 4096 3808545 2885730 482959 140 60344 27 25675 0 184465 0 0 2097152 0 0
SEP
MEM simgrid-vm 1586286279 2020/04/07 19:04:39 1 4096 3808545 2885730 482961 140 60344 29 25675 0 184465 0 0 2097152 0 0
SEP
MEM simgrid-vm 1586286280 2020/04/07 19:04:40 1 4096 3808545 2885730 482959 142 60351 29 25676 0 184465 0 0 2097152 0 0
SEP
MEM simgrid-vm 1586286281 2020/04/07 19:04:41 1 4096 3808545 2885730 482961 142 60349 41 25677 0 184465 0 0 2097152 0 0
SEP
MEM simgrid-vm 1586286282 2020/04/07 19:04:42 1 4096 3808545 2885695 482961 142 60347 2 25682 0 184465 0 0 2097152 0 0
SEP
MEM simgrid-vm 1586286283 2020/04/07 19:04:43 1 4096 3808545 2885691 482961 142 60367 2 25687 0 184465 0 0 2097152 0 0
SEP
MEM simgrid-vm 1586286284 2020/04/07 19:04:44 1 4096 3808545 2885691 482964 142 60352 5 25687 0 184465 0 0 2097152 0 0
SEP
MEM simgrid-vm 1586286285 2020/04/07 19:04:45 1 4096 3808545 2885687 482962 144 60369 5 25691 0 184465 0 0 2097152 0 0
SEP
MEM simgrid-vm 1586286286 2020/04/07 19:04:46 1 4096 3808545 2885683 482965 144 60353 29 25678 0 184465 0 0 2097152 0 0
SEP
MEM simgrid-vm 1586286287 2020/04/07 19:04:47 1 4096 3808545 2885675 482965 144 60359 29 25686 0 184465 0 0 2097152 0 0
SEP
MEM simgrid-vm 1586286288 2020/04/07 19:04:48 1 4096 3808545 2885644 482965 144 60353 29 25686 0 184465 0 0 2097152 0 0
SEP
MEM simgrid-vm 1586286289 2020/04/07 19:04:49 1 4096 3808545 2885644 482965 144 60355 29 25686 0 184465 0 0 2097152 0 0
SEP
MEM simgrid-vm 1586286290 2020/04/07 19:04:50 1 4096 3808545 2885644 482965 146 60353 31 25686 0 184465 0 0 2097152 0 0
SEP
MEM simgrid-vm 1586286291 2020/04/07 19:04:51 1 4096 3808545 2885644 482967 146 60354 32 25686 0 184465 0 0 2097152 0 0
SEP
MEM simgrid-vm 1586286292 2020/04/07 19:04:52 1 4096 3808545 2885644 482969 146 60359 34 25686 0 184465 0 0 2097152 0 0
SEP
MEM simgrid-vm 1586286293 2020/04/07 19:04:53 1 4096 3808545 2885644 482971 146 60354 36 25686 0 184465 0 0 2097152 0 0
SEP
MEM simgrid-vm 1586286294 2020/04/07 19:04:54 1 4096 3808545 2885640 482973 146 60365 39 25688 0 184465 0 0 2097152 0 0
SEP
MEM simgrid-vm 1586286295 2020/04/07 19:04:55 1 4096 3808545 2885640 482971 148 60358 39 25688 0 184465 0 0 2097152 0 0
SEP
MEM simgrid-vm 1586286296 2020/04/07 19:04:56 1 4096 3808545 2885640 482975 148 60364 42 25689 0 184465 0 0 2097152 0 0
SEP
MEM simgrid-vm 1586286297 2020/04/07 19:04:57 1 4096 3808545 2885640 482975 148 60373 42 25695 0 184465 0 0 2097152 0 0
SEP
MEM simgrid-vm 1586286298 2020/04/07 19:04:58 1 4096 3808545 2885640 482979 148 60371 47 25696 0 184465 0 0 2097152 0 0
SEP
MEM simgrid-vm 1586286299 2020/04/07 19:04:59 1 4096 3808545 2885620 482979 148 60402 47 25717 0 184465 0 0 2097152 0 0
SEP
MEM simgrid-vm 1586286300 2020/04/07 19:05:00 1 4096 3808545 2885616 482979 150 60405 49 25722 0 184465 0 0 2097152 0 0
SEP
MEM simgrid-vm 1586286301 2020/04/07 19:05:01 1 4096 3808545 2885621 482983 150 60367 51 25703 0 184465 0 0 2097152 0 0
SEP
MEM simgrid-vm 1586286302 2020/04/07 19:05:02 1 4096 3808545 2885621 482983 150 60368 51 25707 0 184465 0 0 2097152 0 0
SEP
MEM simgrid-vm 1586286303 2020/04/07 19:05:03 1 4096 3808545 2885621 482983 150 60372 51 25707 0 184465 0 0 2097152 0 0
SEP
MEM simgrid-vm 1586286304 2020/04/07 19:05:04 1 4096 3808545 2885621 482983 150 60359 51 25692 0 184465 0 0 2097152 0 0
SEP
MEM simgrid-vm 1586286305 2020/04/07 19:05:05 1 4096 3808545 2885621 482983 150 60361 51 25692 0 184465 0 0 2097152 0 0
SEP
MEM simgrid-vm 1586286306 2020/04/07 19:05:06 1 4096 3808545 2885590 482985 152 60360 53 25692 0 184465 0 0 2097152 0 0
SEP
MEM simgrid-vm 1586286307 2020/04/07 19:05:07 1 4096 3808545 2885547 482985 152 60361 53 25696 0 184465 0 0 2097152 0 0
SEP
MEM simgrid-vm 1586286308 2020/04/07 19:05:08 1 4096 3808545 2885547 482987 152 60378 55 25704 0 184465 0 0 2097152 0 0
SEP
MEM simgrid-vm 1586286309 2020/04/07 19:05:09 1 4096 3808545 2885547 482989 152 60368 57 25704 0 184465 0 0 2097152 0 0
SEP
MEM simgrid-vm 1586286310 2020/04/07 19:05:10 1 4096 3808545 2885504 482989 152 60393 57 25719 0 184465 0 0 2097152 0 0
SEP
MEM simgrid-vm 1586286311 2020/04/07 19:05:11 1 4096 3808545 2885500 482987 154 60390 57 25723 0 184465 0 0 2097152 0 0
SEP
MEM simgrid-vm 1586286312 2020/04/07 19:05:12 1 4096 3808545 2885469 482991 154 60391 58 25723 0 184465 0 0 2097152 0 0
SEP
MEM simgrid-vm 1586286313 2020/04/07 19:05:13 1 4096 3808545 2885465 482993 154 60396 61 25727 0 184465 0 0 2097152 0 0
SEP
MEM simgrid-vm 1586286314 2020/04/07 19:05:14 1 4096 3808545 2884829 483285 154 60398 61 25727 0 184465 0 0 2097152 0 0
SEP
MEM simgrid-vm 1586286315 2020/04/07 19:05:15 1 4096 3808545 2884732 483276 154 60422 61 25740 0 184465 0 0 2097152 0 0
SEP
MEM simgrid-vm 1586286316 2020/04/07 19:05:16 1 4096 3808545 2884693 483274 156 60438 61 25750 0 184465 0 0 2097152 0 0
SEP
MEM simgrid-vm 1586286317 2020/04/07 19:05:17 1 4096 3808545 2884685 483277 156 60450 30 25759 0 184465 0 0 2097152 0 0
SEP
MEM simgrid-vm 1586286318 2020/04/07 19:05:18 1 4096 3808545 2884701 483277 156 60434 30 25746 0 184465 0 0 2097152 0 0
SEP
MEM simgrid-vm 1586286319 2020/04/07 19:05:19 1 4096 3808545 2884701 483278 156 60437 31 25749 0 184465 0 0 2097152 0 0
SEP
MEM simgrid-vm 1586286320 2020/04/07 19:05:20 1 4096 3808545 2884670 483278 156 60445 31 25751 0 184465 0 0 2097152 0 0
SEP
MEM simgrid-vm 1586286321 2020/04/07 19:05:21 1 4096 3808545 2884643 483278 158 60432 33 25754 0 184465 0 0 2097152 0 0
SEP
MEM simgrid-vm 1586286322 2020/04/07 19:05:22 1 4096 3808545 2884643 483282 158 60433 41 25754 0 184465 0 0 2097152 0 0
SEP
MEM simgrid-vm 1586286323 2020/04/07 19:05:23 1 4096 3808545 2884639 483282 158 60437 41 25743 0 184465 0 0 2097152 0 0
SEP
MEM simgrid-vm 1586286324 2020/04/07 19:05:24 1 4096 3808545 2884639 483282 158 60431 41 25743 0 184465 0 0 2097152 0 0
SEP
MEM simgrid-vm 1586286325 2020/04/07 19:05:25 1 4096 3808545 2884635 483288 158 60437 47 25743 0 184465 0 0 2097152 0 0
SEP
MEM simgrid-vm 1586286326 2020/04/07 19:05:26 1 4096 3808545 2884635 483286 160 60438 47 25743 0 184465 0 0 2097152 0 0
SEP
MEM simgrid-vm 1586286327 2020/04/07 19:05:27 1 4096 3808545 2884635 483290 160 60434 46 25743 0 184465 0 0 2097152 0 0
SEP
MEM simgrid-vm 1586286328 2020/04/07 19:05:28 1 4096 3808545 2884635 483290 160 60434 46 25743 0 184465 0 0 2097152 0 0
SEP
MEM simgrid-vm 1586286329 2020/04/07 19:05:29 1 4096 3808545 2884628 483292 160 60414 48 25715 0 184465 0 0 2097152 0 0
SEP
MEM simgrid-vm 1586286330 2020/04/07 19:05:30 1 4096 3808545 2884628 483292 160 60413 48 25715 0 184465 0 0 2097152 0 0
SEP
MEM simgrid-vm 1586286331 2020/04/07 19:05:31 1 4096 3808545 2884624 483292 160 60422 48 25715 0 184465 0 0 2097152 0 0
SEP
MEM simgrid-vm 1586286332 2020/04/07 19:05:32 1 4096 3808545 2884609 483292 162 60406 46 25699 0 184465 0 0 2097152 0 0
SEP
MEM simgrid-vm 1586286333 2020/04/07 19:05:33 1 4096 3808545 2884613 483292 162 60394 46 25699 0 184465 0 0 2097152 0 0
SEP
MEM simgrid-vm 1586286334 2020/04/07 19:05:34 1 4096 3808545 2884613 483296 162 60396 50 25699 0 184465 0 0 2097152 0 0
SEP
MEM simgrid-vm 1586286335 2020/04/07 19:05:35 1 4096 3808545 2884613 483296 162 60399 50 25699 0 184465 0 0 2097152 0 0
SEP
MEM simgrid-vm 1586286336 2020/04/07 19:05:36 1 4096 3808545 2884613 483296 162 60410 50 25699 0 184465 0 0 2097152 0 0
SEP
MEM simgrid-vm 1586286337 2020/04/07 19:05:37 1 4096 3808545 2884613 483296 164 60402 50 25700 0 184465 0 0 2097152 0 0
SEP
MEM simgrid-vm 1586286338 2020/04/07 19:05:38 1 4096 3808545 2884613 483298 164 60401 52 25700 0 184465 0 0 2097152 0 0
SEP
MEM simgrid-vm 1586286339 2020/04/07 19:05:39 1 4096 3808545 2884613 483300 164 60414 54 25700 0 184465 0 0 2097152 0 0
SEP
MEM simgrid-vm 1586286340 2020/04/07 19:05:40 1 4096 3808545 2884644 483300 164 60398 54 25700 0 184465 0 0 2097152 0 0
SEP
MEM simgrid-vm 1586286341 2020/04/07 19:05:41 1 4096 3808545 2884644 483300 166 60406 56 25700 0 184465 0 0 2097152 0 0
SEP
MEM simgrid-vm 1586286342 2020/04/07 19:05:42 1 4096 3808545 2883914 483817 168 60416 31 25704 0 184465 0 0 2097152 0 0
SEP
MEM simgrid-vm 1586286343 2020/04/07 19:05:43 1 4096 3808545 3130100 483822 168 60412 34 25704 0 184465 0 0 2097152 0 0
SEP
MEM simgrid-vm 1586286344 2020/04/07 19:05:44 1 4096 3808545 3130253 483828 168 60357 42 25708 0 184465 0 0 2097152 0 0
SEP
MEM simgrid-vm 1586286345 2020/04/07 19:05:45 1 4096 3808545 3130253 483830 168 60360 44 25708 0 184465 0 0 2097152 0 0
SEP
MEM simgrid-vm 1586286346 2020/04/07 19:05:46 1 4096 3808545 3130253 483832 168 60343 46 25708 0 184465 0 0 2097152 0 0
SEP
MEM simgrid-vm 1586286347 2020/04/07 19:05:47 1 4096 3808545 3130253 483830 170 60354 46 25708 0 184465 0 0 2097152 0 0
SEP
MEM simgrid-vm 1586286348 2020/04/07 19:05:48 1 4096 3808545 3130253 483834 170 60354 50 25708 0 184465 0 0 2097152 0 0
SEP
MEM simgrid-vm 1586286349 2020/04/07 19:05:49 1 4096 3808545 3130249 483834 170 60358 50 25712 0 184465 0 0 2097152 0 0
SEP
MEM simgrid-vm 1586286350 2020/04/07 19:05:50 1 4096 3808545 3130241 483835 170 60366 51 25720 0 184465 0 0 2097152 0 0
SEP
MEM simgrid-vm 1586286351 2020/04/07 19:05:51 1 4096 3808545 3130237 483836 170 60386 52 25726 0 184465 0 0 2097152 0 0
SEP
MEM simgrid-vm 1586286352 2020/04/07 19:05:52 1 4096 3808545 3130233 483836 170 60366 52 25726 0 184465 0 0 2097152 0 0
SEP
MEM simgrid-vm 1586286353 2020/04/07 19:05:53 1 4096 3808545 3130233 483836 172 60366 52 25726 0 184465 0 0 2097152 0 0
SEP
MEM simgrid-vm 1586286354 2020/04/07 19:05:54 1 4096 3808545 3130233 483836 172 60363 52 25726 0 184465 0 0 2097152 0 0
SEP
MEM simgrid-vm 1586286355 2020/04/07 19:05:55 1 4096 3808545 3130233 483836 172 60375 52 25726 0 184465 0 0 2097152 0 0
SEP
MEM simgrid-vm 1586286356 2020/04/07 19:05:56 1 4096 3808545 3130233 483836 172 60362 52 25726 0 184465 0 0 2097152 0 0
SEP
MEM simgrid-vm 1586286357 2020/04/07 19:05:57 1 4096 3808545 3126946 485809 172 60363 52 25726 0 184465 0 0 2097152 0 0
SEP
