RESET
MEM simgrid-vm 1586369584 2020/04/08 18:13:04 12714455 4096 3808545 3426689 193611 76 58275 55 23876 0 186513 0 0 2097152 0 0
SEP
MEM simgrid-vm 1586369585 2020/04/08 18:13:05 1 4096 3808545 3389149 220420 80 58305 61 23887 0 186513 0 0 2097152 0 0
SEP
MEM simgrid-vm 1586369586 2020/04/08 18:13:06 1 4096 3808545 3373174 230718 80 58306 66 23899 0 186513 0 0 2097152 0 0
SEP
MEM simgrid-vm 1586369587 2020/04/08 18:13:07 1 4096 3808545 3340712 256946 80 58343 66 23899 0 186513 0 0 2097152 0 0
SEP
MEM simgrid-vm 1586369588 2020/04/08 18:13:08 1 4096 3808545 3258978 333613 80 58360 67 23899 0 186513 0 0 2097152 0 0
SEP
MEM simgrid-vm 1586369589 2020/04/08 18:13:09 1 4096 3808545 3236031 350008 80 58432 67 23959 0 186513 0 0 2097152 0 0
SEP
MEM simgrid-vm 1586369590 2020/04/08 18:13:10 1 4096 3808545 3227665 352458 83 58654 61 24211 0 186513 0 0 2097152 0 0
SEP
MEM simgrid-vm 1586369591 2020/04/08 18:13:11 1 4096 3808545 3214745 360712 84 59253 32 24784 0 186513 0 0 2097152 0 0
SEP
MEM simgrid-vm 1586369592 2020/04/08 18:13:12 1 4096 3808545 3206192 362874 84 59904 35 25320 0 186513 0 0 2097152 0 0
SEP
MEM simgrid-vm 1586369593 2020/04/08 18:13:13 1 4096 3808545 3163985 387025 84 59996 35 25405 0 186513 0 0 2097152 0 0
SEP
MEM simgrid-vm 1586369594 2020/04/08 18:13:14 1 4096 3808545 3163923 387133 85 60051 37 25456 0 186513 0 0 2097152 0 0
SEP
MEM simgrid-vm 1586369595 2020/04/08 18:13:15 1 4096 3808545 3163923 387134 87 60042 39 25456 0 186513 0 0 2097152 0 0
SEP
MEM simgrid-vm 1586369596 2020/04/08 18:13:16 1 4096 3808545 3163888 387136 90 60050 37 25462 0 186513 0 0 2097152 0 0
SEP
MEM simgrid-vm 1586369597 2020/04/08 18:13:17 1 4096 3808545 3163888 387136 90 60050 37 25462 0 186513 0 0 2097152 0 0
SEP
MEM simgrid-vm 1586369598 2020/04/08 18:13:18 1 4096 3808545 3163888 387136 90 60053 37 25462 0 186513 0 0 2097152 0 0
SEP
MEM simgrid-vm 1586369599 2020/04/08 18:13:19 1 4096 3808545 3163884 387136 90 60056 37 25468 0 186513 0 0 2097152 0 0
SEP
MEM simgrid-vm 1586369600 2020/04/08 18:13:20 1 4096 3808545 3128048 396839 90 60058 39 25470 0 186513 0 0 2097152 0 0
SEP
MEM simgrid-vm 1586369601 2020/04/08 18:13:21 1 4096 3808545 3125347 398483 90 60094 39 25504 0 186513 0 0 2097152 0 0
SEP
MEM simgrid-vm 1586369602 2020/04/08 18:13:22 1 4096 3808545 3112777 398506 92 60099 39 25513 0 186513 0 0 2097152 0 0
SEP
MEM simgrid-vm 1586369603 2020/04/08 18:13:23 1 4096 3808545 3105267 398508 92 60112 41 25522 0 186513 0 0 2097152 0 0
SEP
MEM simgrid-vm 1586369604 2020/04/08 18:13:24 1 4096 3808545 3105236 398508 92 60122 41 25523 0 186513 0 0 2097152 0 0
SEP
MEM simgrid-vm 1586369605 2020/04/08 18:13:25 1 4096 3808545 3105236 398503 97 60119 41 25529 0 186513 0 0 2097152 0 0
SEP
MEM simgrid-vm 1586369606 2020/04/08 18:13:26 1 4096 3808545 3056843 400277 97 60129 34 25539 0 186513 0 0 2097152 0 0
SEP
MEM simgrid-vm 1586369607 2020/04/08 18:13:27 1 4096 3808545 3051056 400306 97 60130 34 25539 0 186513 0 0 2097152 0 0
SEP
MEM simgrid-vm 1586369608 2020/04/08 18:13:28 1 4096 3808545 3049489 400306 99 60132 41 25543 0 186513 0 0 2097152 0 0
SEP
MEM simgrid-vm 1586369609 2020/04/08 18:13:29 1 4096 3808545 3049396 400318 99 60142 41 25543 0 186513 0 0 2097152 0 0
SEP
MEM simgrid-vm 1586369610 2020/04/08 18:13:30 1 4096 3808545 3048791 400319 100 60131 43 25543 0 186513 0 0 2097152 0 0
SEP
MEM simgrid-vm 1586369611 2020/04/08 18:13:31 1 4096 3808545 3046650 400324 100 60135 45 25543 0 186513 0 0 2097152 0 0
SEP
MEM simgrid-vm 1586369612 2020/04/08 18:13:32 1 4096 3808545 3046619 400321 103 60136 45 25544 0 186513 0 0 2097152 0 0
SEP
MEM simgrid-vm 1586369613 2020/04/08 18:13:33 1 4096 3808545 3046584 400324 105 60144 47 25549 0 186513 0 0 2097152 0 0
SEP
MEM simgrid-vm 1586369614 2020/04/08 18:13:34 1 4096 3808545 3046522 400328 105 60141 53 25549 0 186513 0 0 2097152 0 0
SEP
MEM simgrid-vm 1586369615 2020/04/08 18:13:35 1 4096 3808545 3046522 400327 106 60154 53 25551 0 186513 0 0 2097152 0 0
SEP
MEM simgrid-vm 1586369616 2020/04/08 18:13:36 1 4096 3808545 3046460 400328 106 60154 51 25551 0 186513 0 0 2097152 0 0
SEP
MEM simgrid-vm 1586369617 2020/04/08 18:13:37 1 4096 3808545 3046456 400328 106 60150 51 25557 0 186513 0 0 2097152 0 0
SEP
MEM simgrid-vm 1586369618 2020/04/08 18:13:38 1 4096 3808545 3046476 400329 106 60135 52 25537 0 186513 0 0 2097152 0 0
SEP
MEM simgrid-vm 1586369619 2020/04/08 18:13:39 1 4096 3808545 3046472 400329 108 60142 52 25539 0 186513 0 0 2097152 0 0
SEP
MEM simgrid-vm 1586369620 2020/04/08 18:13:40 1 4096 3808545 3046472 400333 108 60131 56 25539 0 186513 0 0 2097152 0 0
SEP
MEM simgrid-vm 1586369621 2020/04/08 18:13:41 1 4096 3808545 3046472 400335 108 60130 58 25539 0 186513 0 0 2097152 0 0
SEP
MEM simgrid-vm 1586369622 2020/04/08 18:13:42 1 4096 3808545 3046441 400335 108 60143 58 25539 0 186513 0 0 2097152 0 0
SEP
MEM simgrid-vm 1586369623 2020/04/08 18:13:43 1 4096 3808545 3046410 400335 108 60134 58 25539 0 186513 0 0 2097152 0 0
SEP
MEM simgrid-vm 1586369624 2020/04/08 18:13:44 1 4096 3808545 3044362 400334 110 60134 58 25540 0 186513 0 0 2097152 0 0
SEP
MEM simgrid-vm 1586369625 2020/04/08 18:13:45 1 4096 3808545 3044331 400339 110 60139 63 25540 0 186513 0 0 2097152 0 0
SEP
MEM simgrid-vm 1586369626 2020/04/08 18:13:46 1 4096 3808545 3043819 400339 110 60142 30 25540 0 186513 0 0 2097152 0 0
SEP
MEM simgrid-vm 1586369627 2020/04/08 18:13:47 1 4096 3808545 3043788 400339 110 60135 30 25540 0 186513 0 0 2097152 0 0
SEP
MEM simgrid-vm 1586369628 2020/04/08 18:13:48 1 4096 3808545 3043784 400339 110 60140 30 25544 0 186513 0 0 2097152 0 0
SEP
MEM simgrid-vm 1586369629 2020/04/08 18:13:49 1 4096 3808545 3043776 400341 110 60151 32 25552 0 186513 0 0 2097152 0 0
SEP
MEM simgrid-vm 1586369630 2020/04/08 18:13:50 1 4096 3808545 3043284 400341 112 60132 41 25532 0 186513 0 0 2097152 0 0
SEP
MEM simgrid-vm 1586369631 2020/04/08 18:13:51 1 4096 3808545 3043253 400341 112 60135 37 25532 0 186513 0 0 2097152 0 0
SEP
MEM simgrid-vm 1586369632 2020/04/08 18:13:52 1 4096 3808545 3043253 400341 112 60133 37 25532 0 186513 0 0 2097152 0 0
SEP
MEM simgrid-vm 1586369633 2020/04/08 18:13:53 1 4096 3808545 3043253 400341 112 60129 37 25532 0 186513 0 0 2097152 0 0
SEP
MEM simgrid-vm 1586369634 2020/04/08 18:13:54 1 4096 3808545 3043253 400341 112 60127 37 25532 0 186513 0 0 2097152 0 0
SEP
MEM simgrid-vm 1586369635 2020/04/08 18:13:55 1 4096 3808545 3041717 400345 114 60127 42 25532 0 186513 0 0 2097152 0 0
SEP
MEM simgrid-vm 1586369636 2020/04/08 18:13:56 1 4096 3808545 3041717 400347 114 60132 42 25532 0 186513 0 0 2097152 0 0
SEP
MEM simgrid-vm 1586369637 2020/04/08 18:13:57 1 4096 3808545 3041717 400349 114 60142 44 25533 0 186513 0 0 2097152 0 0
SEP
MEM simgrid-vm 1586369638 2020/04/08 18:13:58 1 4096 3808545 3041717 400351 114 60150 46 25533 0 186513 0 0 2097152 0 0
SEP
MEM simgrid-vm 1586369639 2020/04/08 18:13:59 1 4096 3808545 3041717 400353 114 60142 48 25533 0 186513 0 0 2097152 0 0
SEP
MEM simgrid-vm 1586369640 2020/04/08 18:14:00 1 4096 3808545 3041717 400352 116 60135 48 25533 0 186513 0 0 2097152 0 0
SEP
MEM simgrid-vm 1586369641 2020/04/08 18:14:01 1 4096 3808545 3041717 400353 116 60134 34 25533 0 186513 0 0 2097152 0 0
SEP
MEM simgrid-vm 1586369642 2020/04/08 18:14:02 1 4096 3808545 3041717 400353 116 60136 34 25533 0 186513 0 0 2097152 0 0
SEP
MEM simgrid-vm 1586369643 2020/04/08 18:14:03 1 4096 3808545 3041717 400353 116 60143 34 25533 0 186513 0 0 2097152 0 0
SEP
MEM simgrid-vm 1586369644 2020/04/08 18:14:04 1 4096 3808545 3041717 400353 116 60140 34 25533 0 186513 0 0 2097152 0 0
SEP
MEM simgrid-vm 1586369645 2020/04/08 18:14:05 1 4096 3808545 3041717 400354 118 60142 37 25533 0 186513 0 0 2097152 0 0
SEP
MEM simgrid-vm 1586369646 2020/04/08 18:14:06 1 4096 3808545 3041713 400358 118 60139 36 25537 0 186513 0 0 2097152 0 0
SEP
MEM simgrid-vm 1586369647 2020/04/08 18:14:07 1 4096 3808545 3041713 400360 118 60139 38 25537 0 186513 0 0 2097152 0 0
SEP
MEM simgrid-vm 1586369648 2020/04/08 18:14:08 1 4096 3808545 3041709 400360 118 60149 38 25541 0 186513 0 0 2097152 0 0
SEP
MEM simgrid-vm 1586369649 2020/04/08 18:14:09 1 4096 3808545 3041709 400360 118 60145 38 25541 0 186513 0 0 2097152 0 0
SEP
MEM simgrid-vm 1586369650 2020/04/08 18:14:10 1 4096 3808545 3041705 400358 120 60154 38 25546 0 186513 0 0 2097152 0 0
SEP
MEM simgrid-vm 1586369651 2020/04/08 18:14:11 1 4096 3808545 3041697 400361 120 60167 44 25557 0 186513 0 0 2097152 0 0
SEP
MEM simgrid-vm 1586369652 2020/04/08 18:14:12 1 4096 3808545 3041693 400361 120 60164 44 25562 0 186513 0 0 2097152 0 0
SEP
MEM simgrid-vm 1586369653 2020/04/08 18:14:13 1 4096 3808545 3041685 400361 120 60153 44 25552 0 186513 0 0 2097152 0 0
SEP
MEM simgrid-vm 1586369654 2020/04/08 18:14:14 1 4096 3808545 3041697 400361 120 60153 44 25540 0 186513 0 0 2097152 0 0
SEP
MEM simgrid-vm 1586369655 2020/04/08 18:14:15 1 4096 3808545 3041713 400361 120 60146 44 25524 0 186513 0 0 2097152 0 0
SEP
MEM simgrid-vm 1586369656 2020/04/08 18:14:16 1 4096 3808545 3041682 400363 122 60132 44 25525 0 186513 0 0 2097152 0 0
SEP
MEM simgrid-vm 1586369657 2020/04/08 18:14:17 1 4096 3808545 3041682 400363 122 60134 44 25526 0 186513 0 0 2097152 0 0
SEP
MEM simgrid-vm 1586369658 2020/04/08 18:14:18 1 4096 3808545 3041682 400365 122 60136 46 25528 0 186513 0 0 2097152 0 0
SEP
MEM simgrid-vm 1586369659 2020/04/08 18:14:19 1 4096 3808545 3041682 400365 122 60128 46 25528 0 186513 0 0 2097152 0 0
SEP
MEM simgrid-vm 1586369660 2020/04/08 18:14:20 1 4096 3808545 3041682 400365 122 60130 46 25528 0 186513 0 0 2097152 0 0
SEP
MEM simgrid-vm 1586369661 2020/04/08 18:14:21 1 4096 3808545 3041682 400365 124 60130 22 25528 0 186513 0 0 2097152 0 0
SEP
MEM simgrid-vm 1586369662 2020/04/08 18:14:22 1 4096 3808545 3041682 400365 124 60131 22 25528 0 186513 0 0 2097152 0 0
SEP
MEM simgrid-vm 1586369663 2020/04/08 18:14:23 1 4096 3808545 3041682 400367 124 60134 24 25531 0 186513 0 0 2097152 0 0
SEP
MEM simgrid-vm 1586369664 2020/04/08 18:14:24 1 4096 3808545 3041682 400367 124 60136 24 25531 0 186513 0 0 2097152 0 0
SEP
MEM simgrid-vm 1586369665 2020/04/08 18:14:25 1 4096 3808545 3041682 400369 124 60130 24 25535 0 186513 0 0 2097152 0 0
SEP
MEM simgrid-vm 1586369666 2020/04/08 18:14:26 1 4096 3808545 3041682 400369 126 60133 28 25535 0 186513 0 0 2097152 0 0
SEP
MEM simgrid-vm 1586369667 2020/04/08 18:14:27 1 4096 3808545 3041682 400369 126 60132 28 25535 0 186513 0 0 2097152 0 0
SEP
MEM simgrid-vm 1586369668 2020/04/08 18:14:28 1 4096 3808545 3041682 400371 126 60133 30 25535 0 186513 0 0 2097152 0 0
SEP
MEM simgrid-vm 1586369669 2020/04/08 18:14:29 1 4096 3808545 3041702 400371 126 60111 30 25515 0 186513 0 0 2097152 0 0
SEP
MEM simgrid-vm 1586369670 2020/04/08 18:14:30 1 4096 3808545 3041671 400371 126 60124 30 25515 0 186513 0 0 2097152 0 0
SEP
MEM simgrid-vm 1586369671 2020/04/08 18:14:31 1 4096 3808545 3041671 400375 128 60114 36 25515 0 186513 0 0 2097152 0 0
SEP
MEM simgrid-vm 1586369672 2020/04/08 18:14:32 1 4096 3808545 3041640 400377 128 60112 38 25515 0 186513 0 0 2097152 0 0
SEP
MEM simgrid-vm 1586369673 2020/04/08 18:14:33 1 4096 3808545 3041578 400379 128 60117 40 25515 0 186513 0 0 2097152 0 0
SEP
MEM simgrid-vm 1586369674 2020/04/08 18:14:34 1 4096 3808545 3214744 400379 128 60021 41 25515 0 186513 0 0 2097152 0 0
SEP
MEM simgrid-vm 1586369675 2020/04/08 18:14:35 1 4096 3808545 3214845 400387 128 60019 49 25519 0 186513 0 0 2097152 0 0
SEP
MEM simgrid-vm 1586369676 2020/04/08 18:14:36 1 4096 3808545 3214845 400387 130 60019 53 25519 0 186513 0 0 2097152 0 0
SEP
MEM simgrid-vm 1586369677 2020/04/08 18:14:37 1 4096 3808545 3214845 400387 130 60027 53 25519 0 186513 0 0 2097152 0 0
SEP
MEM simgrid-vm 1586369678 2020/04/08 18:14:38 1 4096 3808545 3214876 400387 130 60017 53 25519 0 186513 0 0 2097152 0 0
SEP
MEM simgrid-vm 1586369679 2020/04/08 18:14:39 1 4096 3808545 3214876 400389 130 60018 55 25519 0 186513 0 0 2097152 0 0
SEP
MEM simgrid-vm 1586369680 2020/04/08 18:14:40 1 4096 3808545 3214876 400389 130 60023 55 25519 0 186513 0 0 2097152 0 0
SEP
MEM simgrid-vm 1586369681 2020/04/08 18:14:41 1 4096 3808545 3211333 402654 130 60019 51 25519 0 186513 0 0 2097152 0 0
SEP
MEM simgrid-vm 1586369682 2020/04/08 18:14:42 1 4096 3808545 3208583 405276 132 60252 65 25697 0 186521 0 0 2097152 0 0
SEP
MEM simgrid-vm 1586369683 2020/04/08 18:14:43 1 4096 3808545 3208478 405341 132 60315 66 25730 0 186513 0 0 2097152 0 0
SEP
MEM simgrid-vm 1586369684 2020/04/08 18:14:44 1 4096 3808545 3208973 405345 132 60278 67 25730 0 186513 0 0 2097152 0 0
SEP
MEM simgrid-vm 1586369685 2020/04/08 18:14:45 1 4096 3808545 3208974 405346 132 60247 64 25718 0 186513 0 0 2097152 0 0
SEP
MEM simgrid-vm 1586369686 2020/04/08 18:14:46 1 4096 3808545 3208974 405346 132 60260 62 25718 0 186513 0 0 2097152 0 0
SEP
MEM simgrid-vm 1586369687 2020/04/08 18:14:47 1 4096 3808545 3208974 405348 132 60258 60 25718 0 186513 0 0 2097152 0 0
SEP
MEM simgrid-vm 1586369688 2020/04/08 18:14:48 1 4096 3808545 3208974 405350 134 60259 62 25718 0 186513 0 0 2097152 0 0
SEP
MEM simgrid-vm 1586369689 2020/04/08 18:14:49 1 4096 3808545 3208974 405350 134 60252 63 25718 0 186513 0 0 2097152 0 0
SEP
MEM simgrid-vm 1586369690 2020/04/08 18:14:50 1 4096 3808545 3208970 405350 134 60256 63 25718 0 186513 0 0 2097152 0 0
SEP
MEM simgrid-vm 1586369691 2020/04/08 18:14:51 1 4096 3808545 3208970 405354 134 60250 64 25718 0 186513 0 0 2097152 0 0
SEP
MEM simgrid-vm 1586369692 2020/04/08 18:14:52 1 4096 3808545 3208970 405356 134 60260 66 25718 0 186513 0 0 2097152 0 0
SEP
MEM simgrid-vm 1586369693 2020/04/08 18:14:53 1 4096 3808545 3208970 405358 134 60252 68 25718 0 186513 0 0 2097152 0 0
SEP
MEM simgrid-vm 1586369694 2020/04/08 18:14:54 1 4096 3808545 3208970 405358 136 60252 69 25718 0 186513 0 0 2097152 0 0
SEP
MEM simgrid-vm 1586369695 2020/04/08 18:14:55 1 4096 3808545 3208970 405358 136 60252 69 25718 0 186513 0 0 2097152 0 0
SEP
MEM simgrid-vm 1586369696 2020/04/08 18:14:56 1 4096 3808545 3208970 405358 136 60252 35 25718 0 186513 0 0 2097152 0 0
SEP
MEM simgrid-vm 1586369697 2020/04/08 18:14:57 1 4096 3808545 3208970 405358 136 60251 35 25718 0 186513 0 0 2097152 0 0
SEP
MEM simgrid-vm 1586369698 2020/04/08 18:14:58 1 4096 3808545 3208970 405364 136 60261 41 25718 0 186513 0 0 2097152 0 0
SEP
MEM simgrid-vm 1586369699 2020/04/08 18:14:59 1 4096 3808545 3208962 405366 136 60267 43 25726 0 186513 0 0 2097152 0 0
SEP
MEM simgrid-vm 1586369700 2020/04/08 18:15:00 1 4096 3808545 3208962 405366 138 60264 51 25726 0 186513 0 0 2097152 0 0
SEP
MEM simgrid-vm 1586369701 2020/04/08 18:15:01 1 4096 3808545 3205785 405366 138 60263 48 25726 0 186513 0 0 2097152 0 0
SEP
MEM simgrid-vm 1586369702 2020/04/08 18:15:02 1 4096 3808545 3206568 405380 138 60316 58 25726 0 186521 0 0 2097152 0 0
SEP
MEM simgrid-vm 1586369703 2020/04/08 18:15:03 1 4096 3808545 3206841 405382 138 60288 56 25726 0 186521 0 0 2097152 0 0
SEP
MEM simgrid-vm 1586369704 2020/04/08 18:15:04 1 4096 3808545 3205675 405387 138 60308 61 25726 0 186521 0 0 2097152 0 0
SEP
MEM simgrid-vm 1586369705 2020/04/08 18:15:05 1 4096 3808545 3208832 405388 140 60301 61 25726 0 186521 0 0 2097152 0 0
SEP
MEM simgrid-vm 1586369706 2020/04/08 18:15:06 1 4096 3808545 3208962 405383 140 60259 46 25725 0 186513 0 0 2097152 0 0
SEP
MEM simgrid-vm 1586369707 2020/04/08 18:15:07 1 4096 3808545 3206514 405383 140 60259 46 25725 0 186513 0 0 2097152 0 0
SEP
