RESET
MEM simgrid-vm 1585869307 2020/04/02 23:15:07 12214178 4096 3808545 3433119 187332 85 58288 64 23758 0 180369 0 0 2097152 0 0
SEP
MEM simgrid-vm 1585869308 2020/04/02 23:15:08 1 4096 3808545 3395230 214501 85 58221 27 23726 0 180369 0 0 2097152 0 0
SEP
MEM simgrid-vm 1585869309 2020/04/02 23:15:09 1 4096 3808545 3378362 225580 85 58228 29 23729 0 180369 0 0 2097152 0 0
SEP
MEM simgrid-vm 1585869310 2020/04/02 23:15:10 1 4096 3808545 3344064 253872 85 58071 29 23601 0 180369 0 0 2097152 0 0
SEP
MEM simgrid-vm 1585869311 2020/04/02 23:15:11 1 4096 3808545 3263650 327897 85 58204 29 23717 0 180369 0 0 2097152 0 0
SEP
MEM simgrid-vm 1585869312 2020/04/02 23:15:12 1 4096 3808545 3240699 344253 88 58501 37 24009 0 180369 0 0 2097152 0 0
SEP
MEM simgrid-vm 1585869313 2020/04/02 23:15:13 1 4096 3808545 3231520 346768 88 58879 35 24351 0 180369 0 0 2097152 0 0
SEP
MEM simgrid-vm 1585869314 2020/04/02 23:15:14 1 4096 3808545 3219528 354758 88 59615 35 25009 0 180369 0 0 2097152 0 0
SEP
MEM simgrid-vm 1585869315 2020/04/02 23:15:15 1 4096 3808545 3206844 360987 88 60011 35 25342 0 180369 0 0 2097152 0 0
SEP
MEM simgrid-vm 1585869316 2020/04/02 23:15:16 1 4096 3808545 3125144 403668 88 60158 37 25480 0 180369 0 0 2097152 0 0
SEP
MEM simgrid-vm 1585869317 2020/04/02 23:15:17 1 4096 3808545 3048518 442342 91 60250 36 25565 0 180369 0 0 2097152 0 0
SEP
MEM simgrid-vm 1585869318 2020/04/02 23:15:18 1 4096 3808545 2995131 467829 91 60326 36 25647 0 180369 0 0 2097152 0 0
SEP
MEM simgrid-vm 1585869319 2020/04/02 23:15:19 1 4096 3808545 2995065 467820 91 60345 36 25661 0 180369 0 0 2097152 0 0
SEP
MEM simgrid-vm 1585869320 2020/04/02 23:15:20 1 4096 3808545 2995053 467820 91 60365 36 25677 0 180369 0 0 2097152 0 0
SEP
MEM simgrid-vm 1585869321 2020/04/02 23:15:21 1 4096 3808545 2995061 467820 91 60361 36 25671 0 180369 0 0 2097152 0 0
SEP
MEM simgrid-vm 1585869322 2020/04/02 23:15:22 1 4096 3808545 2995061 467822 94 60369 39 25673 0 180369 0 0 2097152 0 0
SEP
MEM simgrid-vm 1585869323 2020/04/02 23:15:23 1 4096 3808545 2995061 467824 94 60346 41 25665 0 180369 0 0 2097152 0 0
SEP
MEM simgrid-vm 1585869324 2020/04/02 23:15:24 1 4096 3808545 2995061 467824 94 60360 41 25665 0 180369 0 0 2097152 0 0
SEP
MEM simgrid-vm 1585869325 2020/04/02 23:15:25 1 4096 3808545 2995061 467824 94 60350 41 25665 0 180369 0 0 2097152 0 0
SEP
MEM simgrid-vm 1585869326 2020/04/02 23:15:26 1 4096 3808545 2995061 467827 95 60348 44 25666 0 180369 0 0 2097152 0 0
SEP
MEM simgrid-vm 1585869327 2020/04/02 23:15:27 1 4096 3808545 2995061 467829 95 60352 46 25667 0 180369 0 0 2097152 0 0
SEP
MEM simgrid-vm 1585869328 2020/04/02 23:15:28 1 4096 3808545 2995030 467829 97 60358 43 25670 0 180369 0 0 2097152 0 0
SEP
MEM simgrid-vm 1585869329 2020/04/02 23:15:29 1 4096 3808545 2995030 467834 97 60356 48 25673 0 180369 0 0 2097152 0 0
SEP
MEM simgrid-vm 1585869330 2020/04/02 23:15:30 1 4096 3808545 2999230 477603 97 60394 48 25707 0 180369 0 0 2097152 0 0
SEP
MEM simgrid-vm 1585869331 2020/04/02 23:15:31 1 4096 3808545 2994465 479202 97 60416 48 25730 0 180369 0 0 2097152 0 0
SEP
MEM simgrid-vm 1585869332 2020/04/02 23:15:32 1 4096 3808545 2981751 479202 98 60425 46 25739 0 180369 0 0 2097152 0 0
SEP
MEM simgrid-vm 1585869333 2020/04/02 23:15:33 1 4096 3808545 2973175 479204 101 60435 49 25744 0 180369 0 0 2097152 0 0
SEP
MEM simgrid-vm 1585869334 2020/04/02 23:15:34 1 4096 3808545 2973144 479204 101 60439 49 25747 0 180369 0 0 2097152 0 0
SEP
MEM simgrid-vm 1585869335 2020/04/02 23:15:35 1 4096 3808545 2973113 479204 101 60431 49 25747 0 180369 0 0 2097152 0 0
SEP
MEM simgrid-vm 1585869336 2020/04/02 23:15:36 1 4096 3808545 2928871 480985 101 60440 51 25751 0 180369 0 0 2097152 0 0
SEP
MEM simgrid-vm 1585869337 2020/04/02 23:15:37 1 4096 3808545 2921781 480999 102 60458 51 25755 0 180369 0 0 2097152 0 0
SEP
MEM simgrid-vm 1585869338 2020/04/02 23:15:38 1 4096 3808545 2921502 481000 102 60468 38 25756 0 180369 0 0 2097152 0 0
SEP
MEM simgrid-vm 1585869339 2020/04/02 23:15:39 1 4096 3808545 2921436 481002 104 60461 48 25763 0 180369 0 0 2097152 0 0
SEP
MEM simgrid-vm 1585869340 2020/04/02 23:15:40 1 4096 3808545 2917336 481007 105 60479 53 25767 0 180369 0 0 2097152 0 0
SEP
MEM simgrid-vm 1585869341 2020/04/02 23:15:41 1 4096 3808545 2917305 481008 105 60465 54 25767 0 180369 0 0 2097152 0 0
SEP
MEM simgrid-vm 1585869342 2020/04/02 23:15:42 1 4096 3808545 2917212 481020 105 60443 54 25752 0 180369 0 0 2097152 0 0
SEP
MEM simgrid-vm 1585869343 2020/04/02 23:15:43 1 4096 3808545 2916607 481020 105 60444 27 25752 0 180369 0 0 2097152 0 0
SEP
MEM simgrid-vm 1585869344 2020/04/02 23:15:44 1 4096 3808545 2916607 481020 107 60451 31 25752 0 180369 0 0 2097152 0 0
SEP
MEM simgrid-vm 1585869345 2020/04/02 23:15:45 1 4096 3808545 2916607 481020 107 60457 31 25752 0 180369 0 0 2097152 0 0
SEP
MEM simgrid-vm 1585869346 2020/04/02 23:15:46 1 4096 3808545 2916607 481020 107 60471 31 25752 0 180369 0 0 2097152 0 0
SEP
MEM simgrid-vm 1585869347 2020/04/02 23:15:47 1 4096 3808545 2916607 481020 107 60443 31 25752 0 180369 0 0 2097152 0 0
SEP
MEM simgrid-vm 1585869348 2020/04/02 23:15:48 1 4096 3808545 2915071 481022 107 60457 33 25752 0 180369 0 0 2097152 0 0
SEP
MEM simgrid-vm 1585869349 2020/04/02 23:15:49 1 4096 3808545 2915009 481024 109 60444 36 25753 0 180369 0 0 2097152 0 0
SEP
MEM simgrid-vm 1585869350 2020/04/02 23:15:50 1 4096 3808545 2915009 481024 109 60456 36 25754 0 180369 0 0 2097152 0 0
SEP
MEM simgrid-vm 1585869351 2020/04/02 23:15:51 1 4096 3808545 2914994 481029 110 60443 41 25734 0 180369 0 0 2097152 0 0
SEP
MEM simgrid-vm 1585869352 2020/04/02 23:15:52 1 4096 3808545 2914932 481033 110 60438 37 25736 0 180369 0 0 2097152 0 0
SEP
MEM simgrid-vm 1585869353 2020/04/02 23:15:53 1 4096 3808545 2914897 481035 110 60441 39 25739 0 180369 0 0 2097152 0 0
SEP
MEM simgrid-vm 1585869354 2020/04/02 23:15:54 1 4096 3808545 2914870 481035 112 60438 43 25739 0 180369 0 0 2097152 0 0
SEP
MEM simgrid-vm 1585869355 2020/04/02 23:15:55 1 4096 3808545 2914870 481037 112 60439 45 25739 0 180369 0 0 2097152 0 0
SEP
MEM simgrid-vm 1585869356 2020/04/02 23:15:56 1 4096 3808545 2914839 481037 112 60440 45 25739 0 180369 0 0 2097152 0 0
SEP
MEM simgrid-vm 1585869357 2020/04/02 23:15:57 1 4096 3808545 2914839 481037 112 60443 45 25739 0 180369 0 0 2097152 0 0
SEP
MEM simgrid-vm 1585869358 2020/04/02 23:15:58 1 4096 3808545 2914808 481037 112 60446 36 25739 0 180369 0 0 2097152 0 0
SEP
MEM simgrid-vm 1585869359 2020/04/02 23:15:59 1 4096 3808545 2914777 481041 114 60443 44 25739 0 180369 0 0 2097152 0 0
SEP
MEM simgrid-vm 1585869360 2020/04/02 23:16:00 1 4096 3808545 2914777 481041 114 60439 44 25739 0 180369 0 0 2097152 0 0
SEP
MEM simgrid-vm 1585869361 2020/04/02 23:16:01 1 4096 3808545 2914746 481043 114 60436 46 25739 0 180369 0 0 2097152 0 0
SEP
MEM simgrid-vm 1585869362 2020/04/02 23:16:02 1 4096 3808545 2914746 481045 114 60439 48 25741 0 180369 0 0 2097152 0 0
SEP
MEM simgrid-vm 1585869363 2020/04/02 23:16:03 1 4096 3808545 2914766 481045 114 60432 43 25722 0 180369 0 0 2097152 0 0
SEP
MEM simgrid-vm 1585869364 2020/04/02 23:16:04 1 4096 3808545 2914766 481045 116 60449 48 25723 0 180369 0 0 2097152 0 0
SEP
MEM simgrid-vm 1585869365 2020/04/02 23:16:05 1 4096 3808545 2914254 481045 116 60420 48 25715 0 180369 0 0 2097152 0 0
SEP
MEM simgrid-vm 1585869366 2020/04/02 23:16:06 1 4096 3808545 2914254 481045 116 60420 48 25715 0 180369 0 0 2097152 0 0
SEP
MEM simgrid-vm 1585869367 2020/04/02 23:16:07 1 4096 3808545 2914254 481047 116 60423 50 25715 0 180369 0 0 2097152 0 0
SEP
MEM simgrid-vm 1585869368 2020/04/02 23:16:08 1 4096 3808545 2914254 481047 116 60421 46 25715 0 180369 0 0 2097152 0 0
SEP
MEM simgrid-vm 1585869369 2020/04/02 23:16:09 1 4096 3808545 2914223 481047 118 60414 51 25715 0 180369 0 0 2097152 0 0
SEP
MEM simgrid-vm 1585869370 2020/04/02 23:16:10 1 4096 3808545 2914223 481049 118 60425 53 25715 0 180369 0 0 2097152 0 0
SEP
MEM simgrid-vm 1585869371 2020/04/02 23:16:11 1 4096 3808545 2914223 481051 118 60425 55 25715 0 180369 0 0 2097152 0 0
SEP
MEM simgrid-vm 1585869372 2020/04/02 23:16:12 1 4096 3808545 2914207 481051 118 60430 55 25731 0 180369 0 0 2097152 0 0
SEP
MEM simgrid-vm 1585869373 2020/04/02 23:16:13 1 4096 3808545 2914207 481051 118 60437 49 25731 0 180369 0 0 2097152 0 0
SEP
MEM simgrid-vm 1585869374 2020/04/02 23:16:14 1 4096 3808545 2914219 481055 120 60418 53 25719 0 180369 0 0 2097152 0 0
SEP
MEM simgrid-vm 1585869375 2020/04/02 23:16:15 1 4096 3808545 2914219 481056 120 60432 58 25719 0 180369 0 0 2097152 0 0
SEP
MEM simgrid-vm 1585869376 2020/04/02 23:16:16 1 4096 3808545 2914215 481056 120 60436 58 25719 0 180369 0 0 2097152 0 0
SEP
MEM simgrid-vm 1585869377 2020/04/02 23:16:17 1 4096 3808545 2914215 481056 120 60412 58 25705 0 180369 0 0 2097152 0 0
SEP
MEM simgrid-vm 1585869378 2020/04/02 23:16:18 1 4096 3808545 2914211 481056 120 60414 30 25705 0 180369 0 0 2097152 0 0
SEP
MEM simgrid-vm 1585869379 2020/04/02 23:16:19 1 4096 3808545 2914215 481058 120 60425 32 25712 0 180369 0 0 2097152 0 0
SEP
MEM simgrid-vm 1585869380 2020/04/02 23:16:20 1 4096 3808545 2914176 481060 122 60433 37 25720 0 180369 0 0 2097152 0 0
SEP
MEM simgrid-vm 1585869381 2020/04/02 23:16:21 1 4096 3808545 2914168 481060 122 60440 37 25732 0 180369 0 0 2097152 0 0
SEP
MEM simgrid-vm 1585869382 2020/04/02 23:16:22 1 4096 3808545 2914133 481060 122 60442 37 25736 0 180369 0 0 2097152 0 0
SEP
MEM simgrid-vm 1585869383 2020/04/02 23:16:23 1 4096 3808545 2914133 481060 122 60452 27 25738 0 180369 0 0 2097152 0 0
SEP
MEM simgrid-vm 1585869384 2020/04/02 23:16:24 1 4096 3808545 2914133 481063 122 60455 30 25739 0 180369 0 0 2097152 0 0
SEP
MEM simgrid-vm 1585869385 2020/04/02 23:16:25 1 4096 3808545 2911573 481063 124 60456 40 25741 0 180369 0 0 2097152 0 0
SEP
MEM simgrid-vm 1585869386 2020/04/02 23:16:26 1 4096 3808545 2911573 481063 124 60438 40 25733 0 180369 0 0 2097152 0 0
SEP
MEM simgrid-vm 1585869387 2020/04/02 23:16:27 1 4096 3808545 2912199 481065 124 60435 40 25733 0 180369 0 0 2097152 0 0
SEP
MEM simgrid-vm 1585869388 2020/04/02 23:16:28 1 4096 3808545 2912199 481065 124 60437 38 25733 0 180369 0 0 2097152 0 0
SEP
MEM simgrid-vm 1585869389 2020/04/02 23:16:29 1 4096 3808545 2912168 481067 124 60436 40 25733 0 180369 0 0 2097152 0 0
SEP
MEM simgrid-vm 1585869390 2020/04/02 23:16:30 1 4096 3808545 2912168 481071 127 60439 53 25733 0 180369 0 0 2097152 0 0
SEP
MEM simgrid-vm 1585869391 2020/04/02 23:16:31 1 4096 3808545 2912168 481073 127 60438 55 25733 0 180369 0 0 2097152 0 0
SEP
MEM simgrid-vm 1585869392 2020/04/02 23:16:32 1 4096 3808545 2912168 481073 127 60436 55 25734 0 180369 0 0 2097152 0 0
SEP
MEM simgrid-vm 1585869393 2020/04/02 23:16:33 1 4096 3808545 2912168 481073 127 60439 47 25734 0 180369 0 0 2097152 0 0
SEP
MEM simgrid-vm 1585869394 2020/04/02 23:16:34 1 4096 3808545 2912168 481073 127 60438 47 25734 0 180369 0 0 2097152 0 0
SEP
MEM simgrid-vm 1585869395 2020/04/02 23:16:35 1 4096 3808545 2912168 481073 127 60439 47 25734 0 180369 0 0 2097152 0 0
SEP
MEM simgrid-vm 1585869396 2020/04/02 23:16:36 1 4096 3808545 2912137 481075 129 60438 52 25734 0 180369 0 0 2097152 0 0
SEP
MEM simgrid-vm 1585869397 2020/04/02 23:16:37 1 4096 3808545 2912137 481075 129 60445 52 25734 0 180369 0 0 2097152 0 0
SEP
MEM simgrid-vm 1585869398 2020/04/02 23:16:38 1 4096 3808545 2912137 481075 129 60442 46 25734 0 180369 0 0 2097152 0 0
SEP
MEM simgrid-vm 1585869399 2020/04/02 23:16:39 1 4096 3808545 2912145 481075 129 60431 46 25735 0 180369 0 0 2097152 0 0
SEP
MEM simgrid-vm 1585869400 2020/04/02 23:16:40 1 4096 3808545 2912141 481075 129 60438 46 25741 0 180369 0 0 2097152 0 0
SEP
MEM simgrid-vm 1585869401 2020/04/02 23:16:41 1 4096 3808545 2912141 481077 131 60440 49 25741 0 180369 0 0 2097152 0 0
SEP
MEM simgrid-vm 1585869402 2020/04/02 23:16:42 1 4096 3808545 2912133 481077 131 60450 49 25752 0 180369 0 0 2097152 0 0
SEP
MEM simgrid-vm 1585869403 2020/04/02 23:16:43 1 4096 3808545 2912121 481077 131 60467 47 25767 0 180369 0 0 2097152 0 0
SEP
MEM simgrid-vm 1585869404 2020/04/02 23:16:44 1 4096 3808545 2912121 481079 131 60467 50 25768 0 180369 0 0 2097152 0 0
SEP
MEM simgrid-vm 1585869405 2020/04/02 23:16:45 1 4096 3808545 2912125 481081 131 60466 52 25765 0 180369 0 0 2097152 0 0
SEP
MEM simgrid-vm 1585869406 2020/04/02 23:16:46 1 4096 3808545 2912125 481083 133 60471 57 25765 0 180369 0 0 2097152 0 0
SEP
MEM simgrid-vm 1585869407 2020/04/02 23:16:47 1 4096 3808545 2912094 481084 133 60468 58 25765 0 180369 0 0 2097152 0 0
SEP
MEM simgrid-vm 1585869408 2020/04/02 23:16:48 1 4096 3808545 2912063 481084 133 60477 50 25765 0 180369 0 0 2097152 0 0
SEP
MEM simgrid-vm 1585869409 2020/04/02 23:16:49 1 4096 3808545 2912032 481086 133 60465 52 25765 0 180369 0 0 2097152 0 0
SEP
MEM simgrid-vm 1585869410 2020/04/02 23:16:50 1 4096 3808545 2912032 481086 133 60467 52 25766 0 180369 0 0 2097152 0 0
SEP
MEM simgrid-vm 1585869411 2020/04/02 23:16:51 1 4096 3808545 2912032 481086 135 60466 54 25769 0 180369 0 0 2097152 0 0
SEP
MEM simgrid-vm 1585869412 2020/04/02 23:16:52 1 4096 3808545 2912032 481088 135 60459 56 25765 0 180369 0 0 2097152 0 0
SEP
MEM simgrid-vm 1585869413 2020/04/02 23:16:53 1 4096 3808545 2912001 481090 135 60460 25 25765 0 180369 0 0 2097152 0 0
SEP
MEM simgrid-vm 1585869414 2020/04/02 23:16:54 1 4096 3808545 2912001 481090 135 60461 25 25765 0 180369 0 0 2097152 0 0
SEP
MEM simgrid-vm 1585869415 2020/04/02 23:16:55 1 4096 3808545 2912001 481092 135 60460 27 25765 0 180369 0 0 2097152 0 0
SEP
MEM simgrid-vm 1585869416 2020/04/02 23:16:56 1 4096 3808545 2911993 481092 137 60482 34 25769 0 180369 0 0 2097152 0 0
SEP
MEM simgrid-vm 1585869417 2020/04/02 23:16:57 1 4096 3808545 2912017 481092 137 60449 34 25745 0 180369 0 0 2097152 0 0
SEP
MEM simgrid-vm 1585869418 2020/04/02 23:16:58 1 4096 3808545 2912048 481092 137 60448 34 25745 0 180369 0 0 2097152 0 0
SEP
MEM simgrid-vm 1585869419 2020/04/02 23:16:59 1 4096 3808545 2912048 481092 137 60446 34 25745 0 180369 0 0 2097152 0 0
SEP
MEM simgrid-vm 1585869420 2020/04/02 23:17:00 1 4096 3808545 2912044 481092 137 60451 34 25745 0 180369 0 0 2097152 0 0
SEP
MEM simgrid-vm 1585869421 2020/04/02 23:17:01 1 4096 3808545 2912013 481092 139 60451 34 25746 0 180369 0 0 2097152 0 0
SEP
MEM simgrid-vm 1585869422 2020/04/02 23:17:02 1 4096 3808545 2912009 481096 139 60456 38 25747 0 180369 0 0 2097152 0 0
SEP
MEM simgrid-vm 1585869423 2020/04/02 23:17:03 1 4096 3808545 2911939 481096 139 60454 31 25745 0 180369 0 0 2097152 0 0
SEP
MEM simgrid-vm 1585869424 2020/04/02 23:17:04 1 4096 3808545 2911939 481100 139 60453 35 25745 0 180369 0 0 2097152 0 0
SEP
MEM simgrid-vm 1585869425 2020/04/02 23:17:05 1 4096 3808545 2911939 481102 139 60458 38 25747 0 180369 0 0 2097152 0 0
SEP
MEM simgrid-vm 1585869426 2020/04/02 23:17:06 1 4096 3808545 2911959 481104 141 60436 45 25727 0 180369 0 0 2097152 0 0
SEP
MEM simgrid-vm 1585869427 2020/04/02 23:17:07 1 4096 3808545 2911959 481104 141 60443 45 25727 0 180369 0 0 2097152 0 0
SEP
MEM simgrid-vm 1585869428 2020/04/02 23:17:08 1 4096 3808545 2911959 481106 141 60439 45 25728 0 180369 0 0 2097152 0 0
SEP
MEM simgrid-vm 1585869429 2020/04/02 23:17:09 1 4096 3808545 2911959 481106 141 60447 45 25728 0 180369 0 0 2097152 0 0
SEP
MEM simgrid-vm 1585869430 2020/04/02 23:17:10 1 4096 3808545 2911959 481106 141 60436 45 25723 0 180369 0 0 2097152 0 0
SEP
MEM simgrid-vm 1585869431 2020/04/02 23:17:11 1 4096 3808545 2911959 481108 143 60435 47 25720 0 180369 0 0 2097152 0 0
SEP
MEM simgrid-vm 1585869432 2020/04/02 23:17:12 1 4096 3808545 2911959 481108 143 60430 47 25720 0 180369 0 0 2097152 0 0
SEP
MEM simgrid-vm 1585869433 2020/04/02 23:17:13 1 4096 3808545 2911959 481108 143 60434 45 25720 0 180369 0 0 2097152 0 0
SEP
MEM simgrid-vm 1585869434 2020/04/02 23:17:14 1 4096 3808545 2911975 481108 143 60419 45 25704 0 180369 0 0 2097152 0 0
SEP
MEM simgrid-vm 1585869435 2020/04/02 23:17:15 1 4096 3808545 2911975 481110 143 60421 47 25704 0 180369 0 0 2097152 0 0
SEP
MEM simgrid-vm 1585869436 2020/04/02 23:17:16 1 4096 3808545 2911944 481110 145 60432 48 25705 0 180369 0 0 2097152 0 0
SEP
MEM simgrid-vm 1585869437 2020/04/02 23:17:17 1 4096 3808545 2911913 481110 145 60418 48 25707 0 180369 0 0 2097152 0 0
SEP
MEM simgrid-vm 1585869438 2020/04/02 23:17:18 1 4096 3808545 2911913 481112 145 60417 41 25708 0 180369 0 0 2097152 0 0
SEP
MEM simgrid-vm 1585869439 2020/04/02 23:17:19 1 4096 3808545 2911913 481112 145 60423 41 25709 0 180369 0 0 2097152 0 0
SEP
MEM simgrid-vm 1585869440 2020/04/02 23:17:20 1 4096 3808545 2911882 481113 145 60423 42 25713 0 180369 0 0 2097152 0 0
SEP
MEM simgrid-vm 1585869441 2020/04/02 23:17:21 1 4096 3808545 2911878 481113 147 60428 49 25718 0 180369 0 0 2097152 0 0
SEP
MEM simgrid-vm 1585869442 2020/04/02 23:17:22 1 4096 3808545 2911870 481113 147 60450 49 25729 0 180369 0 0 2097152 0 0
SEP
MEM simgrid-vm 1585869443 2020/04/02 23:17:23 1 4096 3808545 2911901 481113 147 60433 41 25722 0 180369 0 0 2097152 0 0
SEP
MEM simgrid-vm 1585869444 2020/04/02 23:17:24 1 4096 3808545 2911901 481113 147 60436 41 25722 0 180369 0 0 2097152 0 0
SEP
MEM simgrid-vm 1585869445 2020/04/02 23:17:25 1 4096 3808545 2911901 481115 147 60435 43 25722 0 180369 0 0 2097152 0 0
SEP
MEM simgrid-vm 1585869446 2020/04/02 23:17:26 1 4096 3808545 2911901 481113 149 60436 43 25722 0 180369 0 0 2097152 0 0
SEP
MEM simgrid-vm 1585869447 2020/04/02 23:17:27 1 4096 3808545 2911893 481119 149 60444 49 25730 0 180369 0 0 2097152 0 0
SEP
MEM simgrid-vm 1585869448 2020/04/02 23:17:28 1 4096 3808545 2911885 481119 149 60463 26 25734 0 180369 0 0 2097152 0 0
SEP
MEM simgrid-vm 1585869449 2020/04/02 23:17:29 1 4096 3808545 2911877 481119 149 60465 26 25742 0 180369 0 0 2097152 0 0
SEP
MEM simgrid-vm 1585869450 2020/04/02 23:17:30 1 4096 3808545 2911924 481121 149 60444 28 25738 0 180369 0 0 2097152 0 0
SEP
MEM simgrid-vm 1585869451 2020/04/02 23:17:31 1 4096 3808545 2911924 481125 149 60445 33 25739 0 180369 0 0 2097152 0 0
SEP
MEM simgrid-vm 1585869452 2020/04/02 23:17:32 1 4096 3808545 2911924 481129 151 60457 41 25741 0 180369 0 0 2097152 0 0
SEP
MEM simgrid-vm 1585869453 2020/04/02 23:17:33 1 4096 3808545 2911924 481129 151 60453 33 25744 0 180369 0 0 2097152 0 0
SEP
MEM simgrid-vm 1585869454 2020/04/02 23:17:34 1 4096 3808545 2911924 481131 151 60453 35 25744 0 180369 0 0 2097152 0 0
SEP
MEM simgrid-vm 1585869455 2020/04/02 23:17:35 1 4096 3808545 2911924 481131 151 60444 35 25735 0 180369 0 0 2097152 0 0
SEP
MEM simgrid-vm 1585869456 2020/04/02 23:17:36 1 4096 3808545 2911924 481131 151 60444 35 25735 0 180369 0 0 2097152 0 0
SEP
MEM simgrid-vm 1585869457 2020/04/02 23:17:37 1 4096 3808545 2911924 481133 153 60441 42 25729 0 180369 0 0 2097152 0 0
SEP
MEM simgrid-vm 1585869458 2020/04/02 23:17:38 1 4096 3808545 2911924 481137 153 60439 37 25729 0 180369 0 0 2097152 0 0
SEP
MEM simgrid-vm 1585869459 2020/04/02 23:17:39 1 4096 3808545 2911924 481137 153 60440 37 25729 0 180369 0 0 2097152 0 0
SEP
MEM simgrid-vm 1585869460 2020/04/02 23:17:40 1 4096 3808545 2911924 481137 153 60446 37 25729 0 180369 0 0 2097152 0 0
SEP
MEM simgrid-vm 1585869461 2020/04/02 23:17:41 1 4096 3808545 2911924 481137 153 60443 37 25729 0 180369 0 0 2097152 0 0
SEP
MEM simgrid-vm 1585869462 2020/04/02 23:17:42 1 4096 3808545 2911866 481139 155 60443 45 25730 0 180369 0 0 2097152 0 0
SEP
MEM simgrid-vm 1585869463 2020/04/02 23:17:43 1 4096 3808545 2911827 481139 155 60458 43 25738 0 180369 0 0 2097152 0 0
SEP
MEM simgrid-vm 1585869464 2020/04/02 23:17:44 1 4096 3808545 2911827 481139 155 60454 43 25738 0 180369 0 0 2097152 0 0
SEP
MEM simgrid-vm 1585869465 2020/04/02 23:17:45 1 4096 3808545 2911819 481139 155 60459 43 25747 0 180369 0 0 2097152 0 0
SEP
MEM simgrid-vm 1585869466 2020/04/02 23:17:46 1 4096 3808545 2911831 481139 155 60450 43 25735 0 180369 0 0 2097152 0 0
SEP
MEM simgrid-vm 1585869467 2020/04/02 23:17:47 1 4096 3808545 2911831 481139 157 60454 47 25737 0 180369 0 0 2097152 0 0
SEP
MEM simgrid-vm 1585869468 2020/04/02 23:17:48 1 4096 3808545 2911831 481141 157 60458 47 25738 0 180369 0 0 2097152 0 0
SEP
MEM simgrid-vm 1585869469 2020/04/02 23:17:49 1 4096 3808545 2911831 481143 157 60448 49 25739 0 180369 0 0 2097152 0 0
SEP
MEM simgrid-vm 1585869470 2020/04/02 23:17:50 1 4096 3808545 2911831 481145 157 60447 51 25740 0 180369 0 0 2097152 0 0
SEP
MEM simgrid-vm 1585869471 2020/04/02 23:17:51 1 4096 3808545 2911827 481145 157 60452 51 25740 0 180369 0 0 2097152 0 0
SEP
MEM simgrid-vm 1585869472 2020/04/02 23:17:52 1 4096 3808545 2911839 481143 159 60446 51 25732 0 180369 0 0 2097152 0 0
SEP
MEM simgrid-vm 1585869473 2020/04/02 23:17:53 1 4096 3808545 2911835 481146 159 60452 56 25733 0 180369 0 0 2097152 0 0
SEP
MEM simgrid-vm 1585869474 2020/04/02 23:17:54 1 4096 3808545 2911835 481150 159 60452 60 25734 0 180369 0 0 2097152 0 0
SEP
MEM simgrid-vm 1585869475 2020/04/02 23:17:55 1 4096 3808545 2911839 481150 159 60448 60 25734 0 180369 0 0 2097152 0 0
SEP
MEM simgrid-vm 1585869476 2020/04/02 23:17:56 1 4096 3808545 2911839 481150 159 60449 60 25735 0 180369 0 0 2097152 0 0
SEP
MEM simgrid-vm 1585869477 2020/04/02 23:17:57 1 4096 3808545 2911839 481150 159 60452 60 25736 0 180369 0 0 2097152 0 0
SEP
MEM simgrid-vm 1585869478 2020/04/02 23:17:58 1 4096 3808545 2911839 481150 161 60453 47 25738 0 180369 0 0 2097152 0 0
SEP
MEM simgrid-vm 1585869479 2020/04/02 23:17:59 1 4096 3808545 2911808 481152 161 60458 49 25739 0 180369 0 0 2097152 0 0
SEP
MEM simgrid-vm 1585869480 2020/04/02 23:18:00 1 4096 3808545 2911808 481152 161 60458 49 25741 0 180369 0 0 2097152 0 0
SEP
MEM simgrid-vm 1585869481 2020/04/02 23:18:01 1 4096 3808545 2911808 481152 161 60471 49 25741 0 180369 0 0 2097152 0 0
SEP
MEM simgrid-vm 1585869482 2020/04/02 23:18:02 1 4096 3808545 2911808 481152 161 60460 49 25741 0 180369 0 0 2097152 0 0
SEP
MEM simgrid-vm 1585869483 2020/04/02 23:18:03 1 4096 3808545 2911808 481154 163 60458 33 25741 0 180369 0 0 2097152 0 0
SEP
MEM simgrid-vm 1585869484 2020/04/02 23:18:04 1 4096 3808545 2911808 481154 163 60457 33 25741 0 180369 0 0 2097152 0 0
SEP
MEM simgrid-vm 1585869485 2020/04/02 23:18:05 1 4096 3808545 2911525 481156 163 60462 35 25745 0 180369 0 0 2097152 0 0
SEP
MEM simgrid-vm 1585869486 2020/04/02 23:18:06 1 4096 3808545 2911579 481156 163 60459 35 25739 0 180369 0 0 2097152 0 0
SEP
MEM simgrid-vm 1585869487 2020/04/02 23:18:07 1 4096 3808545 2911579 481156 163 60456 35 25739 0 180369 0 0 2097152 0 0
SEP
MEM simgrid-vm 1585869488 2020/04/02 23:18:08 1 4096 3808545 2911540 481156 165 60468 35 25747 0 180369 0 0 2097152 0 0
SEP
MEM simgrid-vm 1585869489 2020/04/02 23:18:09 1 4096 3808545 2911540 481156 165 60464 35 25747 0 180369 0 0 2097152 0 0
SEP
MEM simgrid-vm 1585869490 2020/04/02 23:18:10 1 4096 3808545 2911540 481160 165 60473 39 25748 0 180369 0 0 2097152 0 0
SEP
MEM simgrid-vm 1585869491 2020/04/02 23:18:11 1 4096 3808545 2911540 481164 165 60478 43 25750 0 180369 0 0 2097152 0 0
SEP
MEM simgrid-vm 1585869492 2020/04/02 23:18:12 1 4096 3808545 2911540 481164 165 60471 43 25750 0 180369 0 0 2097152 0 0
SEP
MEM simgrid-vm 1585869493 2020/04/02 23:18:13 1 4096 3808545 2911536 481164 167 60480 40 25755 0 180369 0 0 2097152 0 0
SEP
MEM simgrid-vm 1585869494 2020/04/02 23:18:14 1 4096 3808545 2911536 481164 167 60481 40 25756 0 180369 0 0 2097152 0 0
SEP
MEM simgrid-vm 1585869495 2020/04/02 23:18:15 1 4096 3808545 2911528 481166 167 60486 42 25766 0 180369 0 0 2097152 0 0
SEP
MEM simgrid-vm 1585869496 2020/04/02 23:18:16 1 4096 3808545 2911483 481168 167 60478 44 25760 0 180369 0 0 2097152 0 0
SEP
MEM simgrid-vm 1585869497 2020/04/02 23:18:17 1 4096 3808545 2911548 481168 167 60457 44 25732 0 180369 0 0 2097152 0 0
SEP
MEM simgrid-vm 1585869498 2020/04/02 23:18:18 1 4096 3808545 2911548 481168 169 60457 44 25732 0 180369 0 0 2097152 0 0
SEP
MEM simgrid-vm 1585869499 2020/04/02 23:18:19 1 4096 3808545 2911513 481168 169 60468 44 25737 0 180369 0 0 2097152 0 0
SEP
MEM simgrid-vm 1585869500 2020/04/02 23:18:20 1 4096 3808545 2911509 481168 169 60467 44 25737 0 180369 0 0 2097152 0 0
SEP
MEM simgrid-vm 1585869501 2020/04/02 23:18:21 1 4096 3808545 2911509 481168 169 60466 44 25747 0 180369 0 0 2097152 0 0
SEP
MEM simgrid-vm 1585869502 2020/04/02 23:18:22 1 4096 3808545 2911509 481168 169 60463 44 25747 0 180369 0 0 2097152 0 0
SEP
MEM simgrid-vm 1585869503 2020/04/02 23:18:23 1 4096 3808545 2911517 481170 171 60460 43 25741 0 180369 0 0 2097152 0 0
SEP
MEM simgrid-vm 1585869504 2020/04/02 23:18:24 1 4096 3808545 2911517 481172 171 60466 45 25744 0 180369 0 0 2097152 0 0
SEP
MEM simgrid-vm 1585869505 2020/04/02 23:18:25 1 4096 3808545 2911517 481174 171 60462 47 25744 0 180369 0 0 2097152 0 0
SEP
MEM simgrid-vm 1585869506 2020/04/02 23:18:26 1 4096 3808545 2911517 481177 171 60465 50 25744 0 180369 0 0 2097152 0 0
SEP
MEM simgrid-vm 1585869507 2020/04/02 23:18:27 1 4096 3808545 2911245 481177 171 60470 50 25744 0 180369 0 0 2097152 0 0
SEP
MEM simgrid-vm 1585869508 2020/04/02 23:18:28 1 4096 3808545 2911282 481177 173 60467 54 25747 0 180369 0 0 2097152 0 0
SEP
MEM simgrid-vm 1585869509 2020/04/02 23:18:29 1 4096 3808545 2911282 481177 173 60465 54 25747 0 180369 0 0 2097152 0 0
SEP
MEM simgrid-vm 1585869510 2020/04/02 23:18:30 1 4096 3808545 2911282 481177 173 60454 54 25735 0 180369 0 0 2097152 0 0
SEP
MEM simgrid-vm 1585869511 2020/04/02 23:18:31 1 4096 3808545 2911282 481179 173 60453 56 25735 0 180369 0 0 2097152 0 0
SEP
MEM simgrid-vm 1585869512 2020/04/02 23:18:32 1 4096 3808545 2911282 481179 173 60455 56 25735 0 180369 0 0 2097152 0 0
SEP
MEM simgrid-vm 1585869513 2020/04/02 23:18:33 1 4096 3808545 2911282 481185 175 60459 34 25738 0 180369 0 0 2097152 0 0
SEP
MEM simgrid-vm 1585869514 2020/04/02 23:18:34 1 4096 3808545 2911302 481185 175 60447 35 25718 0 180369 0 0 2097152 0 0
SEP
MEM simgrid-vm 1585869515 2020/04/02 23:18:35 1 4096 3808545 2911302 481185 175 60438 35 25719 0 180369 0 0 2097152 0 0
SEP
MEM simgrid-vm 1585869516 2020/04/02 23:18:36 1 4096 3808545 2911302 481185 175 60445 35 25720 0 180369 0 0 2097152 0 0
SEP
MEM simgrid-vm 1585869517 2020/04/02 23:18:37 1 4096 3808545 2911219 481185 175 60432 35 25712 0 180369 0 0 2097152 0 0
SEP
MEM simgrid-vm 1585869518 2020/04/02 23:18:38 1 4096 3808545 2911286 481185 177 60445 39 25712 0 180369 0 0 2097152 0 0
SEP
MEM simgrid-vm 1585869519 2020/04/02 23:18:39 1 4096 3808545 2911286 481185 177 60435 39 25712 0 180369 0 0 2097152 0 0
SEP
MEM simgrid-vm 1585869520 2020/04/02 23:18:40 1 4096 3808545 2911286 481185 177 60431 39 25712 0 180369 0 0 2097152 0 0
SEP
MEM simgrid-vm 1585869521 2020/04/02 23:18:41 1 4096 3808545 2911286 481187 177 60431 41 25712 0 180369 0 0 2097152 0 0
SEP
MEM simgrid-vm 1585869522 2020/04/02 23:18:42 1 4096 3808545 2911286 481187 177 60437 41 25712 0 180369 0 0 2097152 0 0
SEP
MEM simgrid-vm 1585869523 2020/04/02 23:18:43 1 4096 3808545 2911286 481193 179 60432 36 25712 0 180369 0 0 2097152 0 0
SEP
MEM simgrid-vm 1585869524 2020/04/02 23:18:44 1 4096 3808545 2911282 481193 179 60436 36 25712 0 180369 0 0 2097152 0 0
SEP
MEM simgrid-vm 1585869525 2020/04/02 23:18:45 1 4096 3808545 2911282 481193 179 60436 36 25712 0 180369 0 0 2097152 0 0
SEP
MEM simgrid-vm 1585869526 2020/04/02 23:18:46 1 4096 3808545 2911282 481195 179 60439 38 25713 0 180369 0 0 2097152 0 0
SEP
MEM simgrid-vm 1585869527 2020/04/02 23:18:47 1 4096 3808545 2911097 481195 179 60423 38 25709 0 180369 0 0 2097152 0 0
SEP
MEM simgrid-vm 1585869528 2020/04/02 23:18:48 1 4096 3808545 2911150 481195 181 60432 41 25709 0 180369 0 0 2097152 0 0
SEP
MEM simgrid-vm 1585869529 2020/04/02 23:18:49 1 4096 3808545 2911150 481195 181 60427 41 25709 0 180369 0 0 2097152 0 0
SEP
MEM simgrid-vm 1585869530 2020/04/02 23:18:50 1 4096 3808545 2911119 481195 181 60425 41 25709 0 180369 0 0 2097152 0 0
SEP
MEM simgrid-vm 1585869531 2020/04/02 23:18:51 1 4096 3808545 2911119 481197 181 60425 43 25709 0 180369 0 0 2097152 0 0
SEP
MEM simgrid-vm 1585869532 2020/04/02 23:18:52 1 4096 3808545 2911123 481197 181 60424 43 25709 0 180369 0 0 2097152 0 0
SEP
MEM simgrid-vm 1585869533 2020/04/02 23:18:53 1 4096 3808545 2911123 481197 183 60427 43 25711 0 180369 0 0 2097152 0 0
SEP
MEM simgrid-vm 1585869534 2020/04/02 23:18:54 1 4096 3808545 2911123 481199 183 60429 45 25709 0 180369 0 0 2097152 0 0
SEP
MEM simgrid-vm 1585869535 2020/04/02 23:18:55 1 4096 3808545 2911127 481203 183 60421 49 25705 0 180369 0 0 2097152 0 0
SEP
MEM simgrid-vm 1585869536 2020/04/02 23:18:56 1 4096 3808545 2911127 481203 183 60424 49 25705 0 180369 0 0 2097152 0 0
SEP
MEM simgrid-vm 1585869537 2020/04/02 23:18:57 1 4096 3808545 2911094 481203 183 60430 49 25707 0 180369 0 0 2097152 0 0
SEP
MEM simgrid-vm 1585869538 2020/04/02 23:18:58 1 4096 3808545 2911111 481205 185 60429 44 25710 0 180369 0 0 2097152 0 0
SEP
MEM simgrid-vm 1585869539 2020/04/02 23:18:59 1 4096 3808545 2911076 481206 185 60442 45 25717 0 180369 0 0 2097152 0 0
SEP
MEM simgrid-vm 1585869540 2020/04/02 23:19:00 1 4096 3808545 2911037 481206 185 60449 45 25725 0 180369 0 0 2097152 0 0
SEP
MEM simgrid-vm 1585869541 2020/04/02 23:19:01 1 4096 3808545 2911033 481208 185 60455 47 25731 0 180369 0 0 2097152 0 0
SEP
MEM simgrid-vm 1585869542 2020/04/02 23:19:02 1 4096 3808545 2911029 481208 185 60457 47 25737 0 180369 0 0 2097152 0 0
SEP
MEM simgrid-vm 1585869543 2020/04/02 23:19:03 1 4096 3808545 2911002 481210 187 60454 53 25735 0 180369 0 0 2097152 0 0
SEP
MEM simgrid-vm 1585869544 2020/04/02 23:19:04 1 4096 3808545 2910998 481212 187 60442 55 25723 0 180369 0 0 2097152 0 0
SEP
MEM simgrid-vm 1585869545 2020/04/02 23:19:05 1 4096 3808545 2911025 481212 187 60447 55 25723 0 180369 0 0 2097152 0 0
SEP
MEM simgrid-vm 1585869546 2020/04/02 23:19:06 1 4096 3808545 2911029 481218 187 60437 61 25723 0 180369 0 0 2097152 0 0
SEP
MEM simgrid-vm 1585869547 2020/04/02 23:19:07 1 4096 3808545 2910985 481218 187 60432 61 25724 0 180369 0 0 2097152 0 0
SEP
MEM simgrid-vm 1585869548 2020/04/02 23:19:08 1 4096 3808545 2911011 481218 189 60433 33 25725 0 180369 0 0 2097152 0 0
SEP
MEM simgrid-vm 1585869549 2020/04/02 23:19:09 1 4096 3808545 2911011 481218 189 60434 34 25725 0 180369 0 0 2097152 0 0
SEP
MEM simgrid-vm 1585869550 2020/04/02 23:19:10 1 4096 3808545 2911011 481218 189 60442 34 25725 0 180369 0 0 2097152 0 0
SEP
MEM simgrid-vm 1585869551 2020/04/02 23:19:11 1 4096 3808545 2911011 481224 189 60438 40 25725 0 180369 0 0 2097152 0 0
SEP
MEM simgrid-vm 1585869552 2020/04/02 23:19:12 1 4096 3808545 2911011 481224 189 60438 40 25729 0 180369 0 0 2097152 0 0
SEP
MEM simgrid-vm 1585869553 2020/04/02 23:19:13 1 4096 3808545 2911011 481226 191 60442 48 25730 0 180369 0 0 2097152 0 0
SEP
MEM simgrid-vm 1585869554 2020/04/02 23:19:14 1 4096 3808545 2911011 481226 191 60439 49 25730 0 180369 0 0 2097152 0 0
SEP
MEM simgrid-vm 1585869555 2020/04/02 23:19:15 1 4096 3808545 2911011 481226 191 60441 49 25730 0 180369 0 0 2097152 0 0
SEP
MEM simgrid-vm 1585869556 2020/04/02 23:19:16 1 4096 3808545 2911011 481226 191 60440 49 25730 0 180369 0 0 2097152 0 0
SEP
MEM simgrid-vm 1585869557 2020/04/02 23:19:17 1 4096 3808545 2911011 481230 191 60441 53 25730 0 180369 0 0 2097152 0 0
SEP
MEM simgrid-vm 1585869558 2020/04/02 23:19:18 1 4096 3808545 2910947 481230 193 60442 47 25731 0 180369 0 0 2097152 0 0
SEP
MEM simgrid-vm 1585869559 2020/04/02 23:19:19 1 4096 3808545 2911038 481230 193 60440 47 25731 0 180369 0 0 2097152 0 0
SEP
MEM simgrid-vm 1585869560 2020/04/02 23:19:20 1 4096 3808545 2911038 481230 193 60438 47 25731 0 180369 0 0 2097152 0 0
SEP
MEM simgrid-vm 1585869561 2020/04/02 23:19:21 1 4096 3808545 2911038 481230 193 60438 47 25731 0 180369 0 0 2097152 0 0
SEP
MEM simgrid-vm 1585869562 2020/04/02 23:19:22 1 4096 3808545 2911034 481230 193 60438 47 25731 0 180369 0 0 2097152 0 0
SEP
MEM simgrid-vm 1585869563 2020/04/02 23:19:23 1 4096 3808545 2911034 481230 195 60441 52 25731 0 180369 0 0 2097152 0 0
SEP
MEM simgrid-vm 1585869564 2020/04/02 23:19:24 1 4096 3808545 2911034 481230 195 60443 52 25732 0 180369 0 0 2097152 0 0
SEP
MEM simgrid-vm 1585869565 2020/04/02 23:19:25 1 4096 3808545 2911034 481230 195 60439 52 25732 0 180369 0 0 2097152 0 0
SEP
MEM simgrid-vm 1585869566 2020/04/02 23:19:26 1 4096 3808545 2911034 481230 195 60447 52 25733 0 180369 0 0 2097152 0 0
SEP
MEM simgrid-vm 1585869567 2020/04/02 23:19:27 1 4096 3808545 2911054 481232 195 60422 54 25710 0 180369 0 0 2097152 0 0
SEP
MEM simgrid-vm 1585869568 2020/04/02 23:19:28 1 4096 3808545 2911054 481234 195 60421 48 25710 0 180369 0 0 2097152 0 0
SEP
MEM simgrid-vm 1585869569 2020/04/02 23:19:29 1 4096 3808545 2911033 481236 197 60434 52 25710 0 180369 0 0 2097152 0 0
SEP
MEM simgrid-vm 1585869570 2020/04/02 23:19:30 1 4096 3808545 2911033 481236 197 60425 52 25710 0 180369 0 0 2097152 0 0
SEP
MEM simgrid-vm 1585869571 2020/04/02 23:19:31 1 4096 3808545 2911037 481236 197 60427 52 25710 0 180369 0 0 2097152 0 0
SEP
MEM simgrid-vm 1585869572 2020/04/02 23:19:32 1 4096 3808545 2911037 481239 197 60420 55 25710 0 180369 0 0 2097152 0 0
SEP
MEM simgrid-vm 1585869573 2020/04/02 23:19:33 1 4096 3808545 2911037 481239 197 60420 51 25710 0 180369 0 0 2097152 0 0
SEP
MEM simgrid-vm 1585869574 2020/04/02 23:19:34 1 4096 3808545 2911037 481245 199 60420 60 25710 0 180369 0 0 2097152 0 0
SEP
MEM simgrid-vm 1585869575 2020/04/02 23:19:35 1 4096 3808545 2911037 481245 199 60429 60 25712 0 180369 0 0 2097152 0 0
SEP
MEM simgrid-vm 1585869576 2020/04/02 23:19:36 1 4096 3808545 2911037 481245 199 60437 60 25712 0 180369 0 0 2097152 0 0
SEP
MEM simgrid-vm 1585869577 2020/04/02 23:19:37 1 4096 3808545 2911029 481247 199 60432 62 25720 0 180369 0 0 2097152 0 0
SEP
MEM simgrid-vm 1585869578 2020/04/02 23:19:38 1 4096 3808545 2911025 481247 199 60435 50 25726 0 180369 0 0 2097152 0 0
SEP
MEM simgrid-vm 1585869579 2020/04/02 23:19:39 1 4096 3808545 2911029 481247 199 60435 50 25724 0 180369 0 0 2097152 0 0
SEP
MEM simgrid-vm 1585869580 2020/04/02 23:19:40 1 4096 3808545 2911029 481247 201 60436 54 25725 0 180369 0 0 2097152 0 0
SEP
MEM simgrid-vm 1585869581 2020/04/02 23:19:41 1 4096 3808545 2911029 481247 201 60441 54 25726 0 180369 0 0 2097152 0 0
SEP
MEM simgrid-vm 1585869582 2020/04/02 23:19:42 1 4096 3808545 2911029 481247 201 60427 54 25716 0 180369 0 0 2097152 0 0
SEP
MEM simgrid-vm 1585869583 2020/04/02 23:19:43 1 4096 3808545 2911029 481247 201 60428 20 25716 0 180369 0 0 2097152 0 0
SEP
MEM simgrid-vm 1585869584 2020/04/02 23:19:44 1 4096 3808545 2911060 481249 201 60427 23 25715 0 180369 0 0 2097152 0 0
SEP
MEM simgrid-vm 1585869585 2020/04/02 23:19:45 1 4096 3808545 2911060 481251 203 60425 33 25715 0 180369 0 0 2097152 0 0
SEP
MEM simgrid-vm 1585869586 2020/04/02 23:19:46 1 4096 3808545 2911060 481251 203 60424 33 25715 0 180369 0 0 2097152 0 0
SEP
MEM simgrid-vm 1585869587 2020/04/02 23:19:47 1 4096 3808545 2911060 481251 203 60424 33 25715 0 180369 0 0 2097152 0 0
SEP
MEM simgrid-vm 1585869588 2020/04/02 23:19:48 1 4096 3808545 2911060 481251 203 60434 29 25715 0 180369 0 0 2097152 0 0
SEP
MEM simgrid-vm 1585869589 2020/04/02 23:19:49 1 4096 3808545 2911060 481253 203 60429 31 25715 0 180369 0 0 2097152 0 0
SEP
MEM simgrid-vm 1585869590 2020/04/02 23:19:50 1 4096 3808545 2911060 481253 205 60427 35 25715 0 180369 0 0 2097152 0 0
SEP
MEM simgrid-vm 1585869591 2020/04/02 23:19:51 1 4096 3808545 2911060 481253 205 60425 35 25715 0 180369 0 0 2097152 0 0
SEP
MEM simgrid-vm 1585869592 2020/04/02 23:19:52 1 4096 3808545 2911029 481253 205 60424 35 25715 0 180369 0 0 2097152 0 0
SEP
MEM simgrid-vm 1585869593 2020/04/02 23:19:53 1 4096 3808545 2910967 481255 205 60429 37 25715 0 180369 0 0 2097152 0 0
SEP
MEM simgrid-vm 1585869594 2020/04/02 23:19:54 1 4096 3808545 3129667 481279 205 60375 38 25715 0 180369 0 0 2097152 0 0
SEP
MEM simgrid-vm 1585869595 2020/04/02 23:19:55 1 4096 3808545 3133867 481285 207 60379 47 25715 0 180369 0 0 2097152 0 0
SEP
MEM simgrid-vm 1585869596 2020/04/02 23:19:56 1 4096 3808545 3133867 481285 207 60379 47 25715 0 180369 0 0 2097152 0 0
SEP
MEM simgrid-vm 1585869597 2020/04/02 23:19:57 1 4096 3808545 3133871 481289 207 60374 51 25715 0 180369 0 0 2097152 0 0
SEP
MEM simgrid-vm 1585869598 2020/04/02 23:19:58 1 4096 3808545 3133871 481289 207 60374 49 25715 0 180369 0 0 2097152 0 0
SEP
MEM simgrid-vm 1585869599 2020/04/02 23:19:59 1 4096 3808545 3133873 481289 207 60382 49 25715 0 180369 0 0 2097152 0 0
SEP
MEM simgrid-vm 1585869600 2020/04/02 23:20:00 1 4096 3808545 3133873 481289 207 60377 49 25715 0 180369 0 0 2097152 0 0
SEP
MEM simgrid-vm 1585869601 2020/04/02 23:20:01 1 4096 3808545 3133873 481289 209 60376 52 25715 0 180369 0 0 2097152 0 0
SEP
MEM simgrid-vm 1585869602 2020/04/02 23:20:02 1 4096 3808545 3133869 481291 209 60381 55 25719 0 180369 0 0 2097152 0 0
SEP
MEM simgrid-vm 1585869603 2020/04/02 23:20:03 1 4096 3808545 3133861 481293 209 60388 49 25727 0 180369 0 0 2097152 0 0
SEP
MEM simgrid-vm 1585869604 2020/04/02 23:20:04 1 4096 3808545 3133857 481293 209 60392 49 25731 0 180369 0 0 2097152 0 0
SEP
MEM simgrid-vm 1585869605 2020/04/02 23:20:05 1 4096 3808545 3133853 481294 209 60396 50 25735 0 180369 0 0 2097152 0 0
SEP
MEM simgrid-vm 1585869606 2020/04/02 23:20:06 1 4096 3808545 3133845 481294 209 60405 50 25744 0 180369 0 0 2097152 0 0
SEP
MEM simgrid-vm 1585869607 2020/04/02 23:20:07 1 4096 3808545 3133845 481294 211 60406 51 25745 0 180369 0 0 2097152 0 0
SEP
MEM simgrid-vm 1585869608 2020/04/02 23:20:08 1 4096 3808545 3133837 481298 211 60425 45 25753 0 180369 0 0 2097152 0 0
SEP
MEM simgrid-vm 1585869609 2020/04/02 23:20:09 1 4096 3808545 3133849 481300 211 60405 47 25742 0 180369 0 0 2097152 0 0
SEP
MEM simgrid-vm 1585869610 2020/04/02 23:20:10 1 4096 3808545 3133849 481300 211 60397 47 25735 0 180369 0 0 2097152 0 0
SEP
MEM simgrid-vm 1585869611 2020/04/02 23:20:11 1 4096 3808545 3133849 481300 211 60398 47 25736 0 180369 0 0 2097152 0 0
SEP
MEM simgrid-vm 1585869612 2020/04/02 23:20:12 1 4096 3808545 3133849 481300 211 60402 47 25739 0 180369 0 0 2097152 0 0
SEP
MEM simgrid-vm 1585869613 2020/04/02 23:20:13 1 4096 3808545 3133865 481304 213 60388 59 25725 0 180369 0 0 2097152 0 0
SEP
MEM simgrid-vm 1585869614 2020/04/02 23:20:14 1 4096 3808545 3133869 481304 213 60384 59 25721 0 180369 0 0 2097152 0 0
SEP
MEM simgrid-vm 1585869615 2020/04/02 23:20:15 1 4096 3808545 3133869 481306 213 60389 61 25722 0 180369 0 0 2097152 0 0
SEP
MEM simgrid-vm 1585869616 2020/04/02 23:20:16 1 4096 3808545 3133869 481306 213 60372 61 25709 0 180369 0 0 2097152 0 0
SEP
MEM simgrid-vm 1585869617 2020/04/02 23:20:17 1 4096 3808545 3133869 481306 213 60371 61 25709 0 180369 0 0 2097152 0 0
SEP
MEM simgrid-vm 1585869618 2020/04/02 23:20:18 1 4096 3808545 3132827 481763 215 60389 41 25721 0 180369 0 0 2097152 0 0
SEP
