RESET
MEM simgrid-vm 1586297861 2020/04/07 22:17:41 12642732 4096 3808545 3429808 191482 73 58128 49 23607 0 184465 0 0 2097152 0 0
SEP
MEM simgrid-vm 1586297862 2020/04/07 22:17:42 1 4096 3808545 3391856 218493 73 58088 50 23639 0 184465 0 0 2097152 0 0
SEP
MEM simgrid-vm 1586297863 2020/04/07 22:17:43 1 4096 3808545 3374958 229597 73 58104 56 23642 0 184465 0 0 2097152 0 0
SEP
MEM simgrid-vm 1586297864 2020/04/07 22:17:44 1 4096 3808545 3338075 260612 79 58030 56 23574 0 184465 0 0 2097152 0 0
SEP
MEM simgrid-vm 1586297865 2020/04/07 22:17:45 1 4096 3808545 3257015 335066 79 58153 58 23722 0 184465 0 0 2097152 0 0
SEP
MEM simgrid-vm 1586297866 2020/04/07 22:17:46 1 4096 3808545 3236526 348529 79 58549 60 24094 0 184465 0 0 2097152 0 0
SEP
MEM simgrid-vm 1586297867 2020/04/07 22:17:47 1 4096 3808545 3227890 350869 79 58918 53 24403 0 184465 0 0 2097152 0 0
SEP
MEM simgrid-vm 1586297868 2020/04/07 22:17:48 1 4096 3808545 3215507 358997 79 59619 53 25026 0 184465 0 0 2097152 0 0
SEP
MEM simgrid-vm 1586297869 2020/04/07 22:17:49 1 4096 3808545 3191086 373148 83 60024 57 25378 0 184465 0 0 2097152 0 0
SEP
MEM simgrid-vm 1586297870 2020/04/07 22:17:50 1 4096 3808545 3116031 410831 83 60135 57 25485 0 184465 0 0 2097152 0 0
SEP
MEM simgrid-vm 1586297871 2020/04/07 22:17:51 1 4096 3808545 3039348 449246 83 60216 57 25570 0 184465 0 0 2097152 0 0
SEP
MEM simgrid-vm 1586297872 2020/04/07 22:17:52 1 4096 3808545 2968549 484504 83 60273 59 25629 0 184465 0 0 2097152 0 0
SEP
MEM simgrid-vm 1586297873 2020/04/07 22:17:53 1 4096 3808545 2919603 507944 83 60368 59 25725 0 184465 0 0 2097152 0 0
SEP
MEM simgrid-vm 1586297874 2020/04/07 22:17:54 1 4096 3808545 2919568 507947 87 60375 58 25725 0 184465 0 0 2097152 0 0
SEP
MEM simgrid-vm 1586297875 2020/04/07 22:17:55 1 4096 3808545 2919537 507947 89 60380 61 25725 0 184465 0 0 2097152 0 0
SEP
MEM simgrid-vm 1586297876 2020/04/07 22:17:56 1 4096 3808545 2919533 507949 89 60382 63 25728 0 184465 0 0 2097152 0 0
SEP
MEM simgrid-vm 1586297877 2020/04/07 22:17:57 1 4096 3808545 2919525 507954 89 60389 67 25734 0 184465 0 0 2097152 0 0
SEP
MEM simgrid-vm 1586297878 2020/04/07 22:17:58 1 4096 3808545 2919525 507954 89 60386 67 25734 0 184465 0 0 2097152 0 0
SEP
MEM simgrid-vm 1586297879 2020/04/07 22:17:59 1 4096 3808545 2919482 507956 90 60397 24 25742 0 184465 0 0 2097152 0 0
SEP
MEM simgrid-vm 1586297880 2020/04/07 22:18:00 1 4096 3808545 2919482 507956 90 60403 24 25742 0 184465 0 0 2097152 0 0
SEP
MEM simgrid-vm 1586297881 2020/04/07 22:18:01 1 4096 3808545 2919474 507956 92 60411 33 25750 0 184465 0 0 2097152 0 0
SEP
MEM simgrid-vm 1586297882 2020/04/07 22:18:02 1 4096 3808545 2919466 507956 92 60419 33 25754 0 184465 0 0 2097152 0 0
SEP
MEM simgrid-vm 1586297883 2020/04/07 22:18:03 1 4096 3808545 2919462 507956 92 60425 33 25760 0 184465 0 0 2097152 0 0
SEP
MEM simgrid-vm 1586297884 2020/04/07 22:18:04 1 4096 3808545 2919458 507954 94 60428 33 25764 0 184465 0 0 2097152 0 0
SEP
MEM simgrid-vm 1586297885 2020/04/07 22:18:05 1 4096 3808545 2919520 517727 94 60437 25 25788 0 184465 0 0 2097152 0 0
SEP
MEM simgrid-vm 1586297886 2020/04/07 22:18:06 1 4096 3808545 2916916 519326 94 60449 27 25792 0 184465 0 0 2097152 0 0
SEP
MEM simgrid-vm 1586297887 2020/04/07 22:18:07 1 4096 3808545 2904567 519328 96 60451 37 25794 0 184465 0 0 2097152 0 0
SEP
MEM simgrid-vm 1586297888 2020/04/07 22:18:08 1 4096 3808545 2895235 519330 96 60453 39 25797 0 184465 0 0 2097152 0 0
SEP
MEM simgrid-vm 1586297889 2020/04/07 22:18:09 1 4096 3808545 2895239 519330 96 60453 37 25797 0 184465 0 0 2097152 0 0
SEP
MEM simgrid-vm 1586297890 2020/04/07 22:18:10 1 4096 3808545 2895239 519330 96 60453 37 25797 0 184465 0 0 2097152 0 0
SEP
MEM simgrid-vm 1586297891 2020/04/07 22:18:11 1 4096 3808545 2842778 521114 96 60407 37 25749 0 184465 0 0 2097152 0 0
SEP
MEM simgrid-vm 1586297892 2020/04/07 22:18:12 1 4096 3808545 2828706 521124 96 60409 37 25753 0 184465 0 0 2097152 0 0
SEP
MEM simgrid-vm 1586297893 2020/04/07 22:18:13 1 4096 3808545 2826053 521124 98 60413 38 25754 0 184465 0 0 2097152 0 0
SEP
MEM simgrid-vm 1586297894 2020/04/07 22:18:14 1 4096 3808545 2826022 521124 98 60415 34 25755 0 184465 0 0 2097152 0 0
SEP
MEM simgrid-vm 1586297895 2020/04/07 22:18:15 1 4096 3808545 2825956 521128 99 60420 39 25760 0 184465 0 0 2097152 0 0
SEP
MEM simgrid-vm 1586297896 2020/04/07 22:18:16 1 4096 3808545 2825921 521131 100 60432 42 25766 0 184465 0 0 2097152 0 0
SEP
MEM simgrid-vm 1586297897 2020/04/07 22:18:17 1 4096 3808545 2825909 521131 100 60436 42 25781 0 184465 0 0 2097152 0 0
SEP
MEM simgrid-vm 1586297898 2020/04/07 22:18:18 1 4096 3808545 2825750 521143 100 60443 42 25786 0 184465 0 0 2097152 0 0
SEP
MEM simgrid-vm 1586297899 2020/04/07 22:18:19 1 4096 3808545 2825711 521143 102 60458 0 25796 0 184465 0 0 2097152 0 0
SEP
MEM simgrid-vm 1586297900 2020/04/07 22:18:20 1 4096 3808545 2825618 521143 102 60459 1 25800 0 184465 0 0 2097152 0 0
SEP
MEM simgrid-vm 1586297901 2020/04/07 22:18:21 1 4096 3808545 2825618 521143 102 60466 1 25803 0 184465 0 0 2097152 0 0
SEP
MEM simgrid-vm 1586297902 2020/04/07 22:18:22 1 4096 3808545 2825587 521143 102 60466 1 25804 0 184465 0 0 2097152 0 0
SEP
MEM simgrid-vm 1586297903 2020/04/07 22:18:23 1 4096 3808545 2825556 521145 102 60465 3 25805 0 184465 0 0 2097152 0 0
SEP
MEM simgrid-vm 1586297904 2020/04/07 22:18:24 1 4096 3808545 2825525 521145 104 60451 23 25791 0 184465 0 0 2097152 0 0
SEP
MEM simgrid-vm 1586297905 2020/04/07 22:18:25 1 4096 3808545 2825517 521145 104 60459 23 25799 0 184465 0 0 2097152 0 0
SEP
MEM simgrid-vm 1586297906 2020/04/07 22:18:26 1 4096 3808545 2820901 521147 105 60474 25 25803 0 184465 0 0 2097152 0 0
SEP
MEM simgrid-vm 1586297907 2020/04/07 22:18:27 1 4096 3808545 2820949 521147 105 60424 25 25755 0 184465 0 0 2097152 0 0
SEP
MEM simgrid-vm 1586297908 2020/04/07 22:18:28 1 4096 3808545 2820914 521147 105 60441 25 25759 0 184465 0 0 2097152 0 0
SEP
MEM simgrid-vm 1586297909 2020/04/07 22:18:29 1 4096 3808545 2820868 521147 107 60415 25 25762 0 184465 0 0 2097152 0 0
SEP
MEM simgrid-vm 1586297910 2020/04/07 22:18:30 1 4096 3808545 2820833 521147 107 60422 25 25769 0 184465 0 0 2097152 0 0
SEP
MEM simgrid-vm 1586297911 2020/04/07 22:18:31 1 4096 3808545 2820825 521149 107 60432 27 25779 0 184465 0 0 2097152 0 0
SEP
MEM simgrid-vm 1586297912 2020/04/07 22:18:32 1 4096 3808545 2820782 521149 107 60440 27 25784 0 184465 0 0 2097152 0 0
SEP
MEM simgrid-vm 1586297913 2020/04/07 22:18:33 1 4096 3808545 2820778 521149 107 60445 27 25788 0 184465 0 0 2097152 0 0
SEP
MEM simgrid-vm 1586297914 2020/04/07 22:18:34 1 4096 3808545 2820743 521151 109 60445 29 25792 0 184465 0 0 2097152 0 0
SEP
MEM simgrid-vm 1586297915 2020/04/07 22:18:35 1 4096 3808545 2820755 521153 109 60434 31 25781 0 184465 0 0 2097152 0 0
SEP
MEM simgrid-vm 1586297916 2020/04/07 22:18:36 1 4096 3808545 2820724 521153 109 60422 31 25769 0 184465 0 0 2097152 0 0
SEP
MEM simgrid-vm 1586297917 2020/04/07 22:18:37 1 4096 3808545 2820724 521155 109 60422 33 25769 0 184465 0 0 2097152 0 0
SEP
MEM simgrid-vm 1586297918 2020/04/07 22:18:38 1 4096 3808545 2820724 521157 109 60422 35 25769 0 184465 0 0 2097152 0 0
SEP
MEM simgrid-vm 1586297919 2020/04/07 22:18:39 1 4096 3808545 2820724 521155 111 60429 35 25769 0 184465 0 0 2097152 0 0
SEP
MEM simgrid-vm 1586297920 2020/04/07 22:18:40 1 4096 3808545 2820724 521157 111 60424 36 25772 0 184465 0 0 2097152 0 0
SEP
MEM simgrid-vm 1586297921 2020/04/07 22:18:41 1 4096 3808545 2820716 521159 111 60438 38 25783 0 184465 0 0 2097152 0 0
SEP
MEM simgrid-vm 1586297922 2020/04/07 22:18:42 1 4096 3808545 2820689 521159 111 60436 38 25784 0 184465 0 0 2097152 0 0
SEP
MEM simgrid-vm 1586297923 2020/04/07 22:18:43 1 4096 3808545 2820685 521161 111 60447 40 25791 0 184465 0 0 2097152 0 0
SEP
MEM simgrid-vm 1586297924 2020/04/07 22:18:44 1 4096 3808545 2820685 521163 111 60446 42 25792 0 184465 0 0 2097152 0 0
SEP
MEM simgrid-vm 1586297925 2020/04/07 22:18:45 1 4096 3808545 2820623 521167 113 60447 48 25794 0 184465 0 0 2097152 0 0
SEP
MEM simgrid-vm 1586297926 2020/04/07 22:18:46 1 4096 3808545 2820623 521169 113 60437 50 25786 0 184465 0 0 2097152 0 0
SEP
MEM simgrid-vm 1586297927 2020/04/07 22:18:47 1 4096 3808545 2820623 521171 113 60436 52 25786 0 184465 0 0 2097152 0 0
SEP
MEM simgrid-vm 1586297928 2020/04/07 22:18:48 1 4096 3808545 2820557 521174 113 60442 55 25790 0 184465 0 0 2097152 0 0
SEP
MEM simgrid-vm 1586297929 2020/04/07 22:18:49 1 4096 3808545 2820557 521176 113 60439 57 25792 0 184465 0 0 2097152 0 0
SEP
MEM simgrid-vm 1586297930 2020/04/07 22:18:50 1 4096 3808545 2820553 521176 115 60444 57 25793 0 184465 0 0 2097152 0 0
SEP
MEM simgrid-vm 1586297931 2020/04/07 22:18:51 1 4096 3808545 2820553 521178 115 60444 58 25793 0 184465 0 0 2097152 0 0
SEP
MEM simgrid-vm 1586297932 2020/04/07 22:18:52 1 4096 3808545 2820549 521178 115 60455 58 25798 0 184465 0 0 2097152 0 0
SEP
MEM simgrid-vm 1586297933 2020/04/07 22:18:53 1 4096 3808545 2820533 521178 115 60463 58 25809 0 184465 0 0 2097152 0 0
SEP
MEM simgrid-vm 1586297934 2020/04/07 22:18:54 1 4096 3808545 2820518 521178 115 60451 58 25793 0 184465 0 0 2097152 0 0
SEP
MEM simgrid-vm 1586297935 2020/04/07 22:18:55 1 4096 3808545 2820518 521180 115 60448 36 25792 0 184465 0 0 2097152 0 0
SEP
MEM simgrid-vm 1586297936 2020/04/07 22:18:56 1 4096 3808545 2820518 521182 117 60445 43 25792 0 184465 0 0 2097152 0 0
SEP
MEM simgrid-vm 1586297937 2020/04/07 22:18:57 1 4096 3808545 2820514 521182 117 60451 43 25792 0 184465 0 0 2097152 0 0
SEP
MEM simgrid-vm 1586297938 2020/04/07 22:18:58 1 4096 3808545 2820514 521182 117 60450 43 25793 0 184465 0 0 2097152 0 0
SEP
MEM simgrid-vm 1586297939 2020/04/07 22:18:59 1 4096 3808545 2820483 521184 117 60450 45 25793 0 184465 0 0 2097152 0 0
SEP
MEM simgrid-vm 1586297940 2020/04/07 22:19:00 1 4096 3808545 2820448 521186 118 60456 45 25794 0 184465 0 0 2097152 0 0
SEP
MEM simgrid-vm 1586297941 2020/04/07 22:19:01 1 4096 3808545 2820456 521186 120 60461 49 25803 0 184465 0 0 2097152 0 0
SEP
MEM simgrid-vm 1586297942 2020/04/07 22:19:02 1 4096 3808545 2820480 521186 120 60434 49 25779 0 184465 0 0 2097152 0 0
SEP
MEM simgrid-vm 1586297943 2020/04/07 22:19:03 1 4096 3808545 2820480 521188 120 60415 51 25768 0 184465 0 0 2097152 0 0
SEP
MEM simgrid-vm 1586297944 2020/04/07 22:19:04 1 4096 3808545 2820445 521192 120 60421 55 25772 0 184465 0 0 2097152 0 0
SEP
MEM simgrid-vm 1586297945 2020/04/07 22:19:05 1 4096 3808545 2820441 521192 120 60423 41 25776 0 184465 0 0 2097152 0 0
SEP
MEM simgrid-vm 1586297946 2020/04/07 22:19:06 1 4096 3808545 2820406 521192 122 60427 44 25780 0 184465 0 0 2097152 0 0
SEP
MEM simgrid-vm 1586297947 2020/04/07 22:19:07 1 4096 3808545 2820402 521194 122 60431 46 25784 0 184465 0 0 2097152 0 0
SEP
MEM simgrid-vm 1586297948 2020/04/07 22:19:08 1 4096 3808545 2820402 521194 122 60431 46 25784 0 184465 0 0 2097152 0 0
SEP
MEM simgrid-vm 1586297949 2020/04/07 22:19:09 1 4096 3808545 2820398 521194 122 60436 46 25788 0 184465 0 0 2097152 0 0
SEP
MEM simgrid-vm 1586297950 2020/04/07 22:19:10 1 4096 3808545 2820390 521200 122 60448 42 25796 0 184465 0 0 2097152 0 0
SEP
MEM simgrid-vm 1586297951 2020/04/07 22:19:11 1 4096 3808545 2820386 521200 124 60451 51 25800 0 184465 0 0 2097152 0 0
SEP
MEM simgrid-vm 1586297952 2020/04/07 22:19:12 1 4096 3808545 2820386 521200 124 60447 51 25800 0 184465 0 0 2097152 0 0
SEP
MEM simgrid-vm 1586297953 2020/04/07 22:19:13 1 4096 3808545 2820382 521200 124 60455 51 25804 0 184465 0 0 2097152 0 0
SEP
MEM simgrid-vm 1586297954 2020/04/07 22:19:14 1 4096 3808545 2820378 521200 124 60456 51 25808 0 184465 0 0 2097152 0 0
SEP
MEM simgrid-vm 1586297955 2020/04/07 22:19:15 1 4096 3808545 2820378 521200 124 60456 43 25808 0 184465 0 0 2097152 0 0
SEP
MEM simgrid-vm 1586297956 2020/04/07 22:19:16 1 4096 3808545 2820378 521200 126 60462 46 25809 0 184465 0 0 2097152 0 0
SEP
MEM simgrid-vm 1586297957 2020/04/07 22:19:17 1 4096 3808545 2820366 521200 126 60471 46 25821 0 184465 0 0 2097152 0 0
SEP
MEM simgrid-vm 1586297958 2020/04/07 22:19:18 1 4096 3808545 2820355 521202 126 60450 49 25802 0 184465 0 0 2097152 0 0
SEP
MEM simgrid-vm 1586297959 2020/04/07 22:19:19 1 4096 3808545 2820351 521202 126 60456 49 25802 0 184465 0 0 2097152 0 0
SEP
MEM simgrid-vm 1586297960 2020/04/07 22:19:20 1 4096 3808545 2820320 521202 126 60465 44 25802 0 184465 0 0 2097152 0 0
SEP
MEM simgrid-vm 1586297961 2020/04/07 22:19:21 1 4096 3808545 2820320 521205 128 60451 50 25802 0 184465 0 0 2097152 0 0
SEP
MEM simgrid-vm 1586297962 2020/04/07 22:19:22 1 4096 3808545 2820293 521205 128 60455 50 25793 0 184465 0 0 2097152 0 0
SEP
MEM simgrid-vm 1586297963 2020/04/07 22:19:23 1 4096 3808545 2820285 521207 128 60447 52 25793 0 184465 0 0 2097152 0 0
SEP
MEM simgrid-vm 1586297964 2020/04/07 22:19:24 1 4096 3808545 2820285 521207 128 60454 52 25793 0 184465 0 0 2097152 0 0
SEP
MEM simgrid-vm 1586297965 2020/04/07 22:19:25 1 4096 3808545 2820273 521209 128 60461 52 25804 0 184465 0 0 2097152 0 0
SEP
MEM simgrid-vm 1586297966 2020/04/07 22:19:26 1 4096 3808545 2820293 521208 130 60446 52 25786 0 184465 0 0 2097152 0 0
SEP
MEM simgrid-vm 1586297967 2020/04/07 22:19:27 1 4096 3808545 2820293 521211 130 60446 55 25788 0 184465 0 0 2097152 0 0
SEP
MEM simgrid-vm 1586297968 2020/04/07 22:19:28 1 4096 3808545 2820293 521211 130 60446 55 25789 0 184465 0 0 2097152 0 0
SEP
MEM simgrid-vm 1586297969 2020/04/07 22:19:29 1 4096 3808545 2820289 521211 130 60458 55 25791 0 184465 0 0 2097152 0 0
SEP
MEM simgrid-vm 1586297970 2020/04/07 22:19:30 1 4096 3808545 2820309 521211 130 60436 26 25772 0 184465 0 0 2097152 0 0
SEP
MEM simgrid-vm 1586297971 2020/04/07 22:19:31 1 4096 3808545 2820309 521211 130 60435 26 25773 0 184465 0 0 2097152 0 0
SEP
MEM simgrid-vm 1586297972 2020/04/07 22:19:32 1 4096 3808545 2820305 521213 132 60446 33 25775 0 184465 0 0 2097152 0 0
SEP
MEM simgrid-vm 1586297973 2020/04/07 22:19:33 1 4096 3808545 2820317 521213 132 60431 33 25776 0 184465 0 0 2097152 0 0
SEP
MEM simgrid-vm 1586297974 2020/04/07 22:19:34 1 4096 3808545 2820317 521213 132 60433 33 25776 0 184465 0 0 2097152 0 0
SEP
MEM simgrid-vm 1586297975 2020/04/07 22:19:35 1 4096 3808545 2820317 521215 132 60429 29 25777 0 184465 0 0 2097152 0 0
SEP
MEM simgrid-vm 1586297976 2020/04/07 22:19:36 1 4096 3808545 2820317 521217 132 60433 31 25778 0 184465 0 0 2097152 0 0
SEP
MEM simgrid-vm 1586297977 2020/04/07 22:19:37 1 4096 3808545 2820317 521217 134 60433 41 25778 0 184465 0 0 2097152 0 0
SEP
MEM simgrid-vm 1586297978 2020/04/07 22:19:38 1 4096 3808545 2820309 521217 134 60445 41 25789 0 184465 0 0 2097152 0 0
SEP
MEM simgrid-vm 1586297979 2020/04/07 22:19:39 1 4096 3808545 2820305 521217 134 60441 41 25787 0 184465 0 0 2097152 0 0
SEP
MEM simgrid-vm 1586297980 2020/04/07 22:19:40 1 4096 3808545 2820313 521217 134 60445 37 25779 0 184465 0 0 2097152 0 0
SEP
MEM simgrid-vm 1586297981 2020/04/07 22:19:41 1 4096 3808545 2820313 521217 134 60432 37 25779 0 184465 0 0 2097152 0 0
SEP
MEM simgrid-vm 1586297982 2020/04/07 22:19:42 1 4096 3808545 2820282 521219 134 60436 39 25779 0 184465 0 0 2097152 0 0
SEP
MEM simgrid-vm 1586297983 2020/04/07 22:19:43 1 4096 3808545 2820282 521219 136 60431 40 25779 0 184465 0 0 2097152 0 0
SEP
MEM simgrid-vm 1586297984 2020/04/07 22:19:44 1 4096 3808545 2820282 521221 136 60433 42 25779 0 184465 0 0 2097152 0 0
SEP
MEM simgrid-vm 1586297985 2020/04/07 22:19:45 1 4096 3808545 2820270 521221 136 60448 34 25792 0 184465 0 0 2097152 0 0
SEP
MEM simgrid-vm 1586297986 2020/04/07 22:19:46 1 4096 3808545 2820290 521223 136 60410 37 25756 0 184465 0 0 2097152 0 0
SEP
MEM simgrid-vm 1586297987 2020/04/07 22:19:47 1 4096 3808545 2820290 521223 136 60410 37 25756 0 184465 0 0 2097152 0 0
SEP
MEM simgrid-vm 1586297988 2020/04/07 22:19:48 1 4096 3808545 2820251 521223 138 60422 40 25766 0 184465 0 0 2097152 0 0
SEP
MEM simgrid-vm 1586297989 2020/04/07 22:19:49 1 4096 3808545 2820247 521225 138 60430 42 25772 0 184465 0 0 2097152 0 0
SEP
MEM simgrid-vm 1586297990 2020/04/07 22:19:50 1 4096 3808545 2820243 521225 138 60434 39 25777 0 184465 0 0 2097152 0 0
SEP
MEM simgrid-vm 1586297991 2020/04/07 22:19:51 1 4096 3808545 2820204 521229 138 60445 43 25787 0 184465 0 0 2097152 0 0
SEP
MEM simgrid-vm 1586297992 2020/04/07 22:19:52 1 4096 3808545 2820192 521229 138 60458 43 25802 0 184465 0 0 2097152 0 0
SEP
MEM simgrid-vm 1586297993 2020/04/07 22:19:53 1 4096 3808545 2820188 521229 140 60464 46 25809 0 184465 0 0 2097152 0 0
SEP
MEM simgrid-vm 1586297994 2020/04/07 22:19:54 1 4096 3808545 2820153 521234 140 60479 53 25814 0 184465 0 0 2097152 0 0
SEP
MEM simgrid-vm 1586297995 2020/04/07 22:19:55 1 4096 3808545 2820122 521234 140 60469 51 25815 0 184465 0 0 2097152 0 0
SEP
MEM simgrid-vm 1586297996 2020/04/07 22:19:56 1 4096 3808545 2820134 521238 140 60447 55 25793 0 184465 0 0 2097152 0 0
SEP
MEM simgrid-vm 1586297997 2020/04/07 22:19:57 1 4096 3808545 2820130 521240 140 60453 57 25793 0 184465 0 0 2097152 0 0
SEP
MEM simgrid-vm 1586297998 2020/04/07 22:19:58 1 4096 3808545 2820130 521240 142 60455 57 25793 0 184465 0 0 2097152 0 0
SEP
MEM simgrid-vm 1586297999 2020/04/07 22:19:59 1 4096 3808545 2820142 521240 142 60453 57 25793 0 184465 0 0 2097152 0 0
SEP
MEM simgrid-vm 1586298000 2020/04/07 22:20:00 1 4096 3808545 2820142 521242 142 60442 53 25793 0 184465 0 0 2097152 0 0
SEP
MEM simgrid-vm 1586298001 2020/04/07 22:20:01 1 4096 3808545 2820142 521242 142 60449 54 25797 0 184465 0 0 2097152 0 0
SEP
MEM simgrid-vm 1586298002 2020/04/07 22:20:02 1 4096 3808545 2820154 521242 142 60447 54 25788 0 184465 0 0 2097152 0 0
SEP
MEM simgrid-vm 1586298003 2020/04/07 22:20:03 1 4096 3808545 2820123 521242 144 60460 57 25792 0 184465 0 0 2097152 0 0
SEP
MEM simgrid-vm 1586298004 2020/04/07 22:20:04 1 4096 3808545 2820119 521242 144 60449 57 25787 0 184465 0 0 2097152 0 0
SEP
MEM simgrid-vm 1586298005 2020/04/07 22:20:05 1 4096 3808545 2820131 521244 144 60426 34 25775 0 184465 0 0 2097152 0 0
SEP
MEM simgrid-vm 1586298006 2020/04/07 22:20:06 1 4096 3808545 2820131 521244 144 60437 34 25777 0 184465 0 0 2097152 0 0
SEP
MEM simgrid-vm 1586298007 2020/04/07 22:20:07 1 4096 3808545 2820131 521244 144 60437 34 25780 0 184465 0 0 2097152 0 0
SEP
MEM simgrid-vm 1586298008 2020/04/07 22:20:08 1 4096 3808545 2820151 521246 146 60416 37 25760 0 184465 0 0 2097152 0 0
SEP
MEM simgrid-vm 1586298009 2020/04/07 22:20:09 1 4096 3808545 2820151 521246 146 60419 37 25763 0 184465 0 0 2097152 0 0
SEP
MEM simgrid-vm 1586298010 2020/04/07 22:20:10 1 4096 3808545 2820151 521246 146 60420 31 25763 0 184465 0 0 2097152 0 0
SEP
MEM simgrid-vm 1586298011 2020/04/07 22:20:11 1 4096 3808545 2820151 521246 146 60424 31 25764 0 184465 0 0 2097152 0 0
SEP
MEM simgrid-vm 1586298012 2020/04/07 22:20:12 1 4096 3808545 2820151 521248 146 60419 33 25764 0 184465 0 0 2097152 0 0
SEP
MEM simgrid-vm 1586298013 2020/04/07 22:20:13 1 4096 3808545 2820118 521248 148 60426 38 25764 0 184465 0 0 2097152 0 0
SEP
MEM simgrid-vm 1586298014 2020/04/07 22:20:14 1 4096 3808545 2820118 521248 148 60425 38 25764 0 184465 0 0 2097152 0 0
SEP
MEM simgrid-vm 1586298015 2020/04/07 22:20:15 1 4096 3808545 2820118 521248 148 60423 36 25764 0 184465 0 0 2097152 0 0
SEP
MEM simgrid-vm 1586298016 2020/04/07 22:20:16 1 4096 3808545 2820118 521250 148 60424 38 25765 0 184465 0 0 2097152 0 0
SEP
MEM simgrid-vm 1586298017 2020/04/07 22:20:17 1 4096 3808545 2820106 521252 148 60426 40 25767 0 184465 0 0 2097152 0 0
SEP
MEM simgrid-vm 1586298018 2020/04/07 22:20:18 1 4096 3808545 2820075 521252 150 60418 45 25764 0 184465 0 0 2097152 0 0
SEP
MEM simgrid-vm 1586298019 2020/04/07 22:20:19 1 4096 3808545 2820075 521252 150 60415 45 25764 0 184465 0 0 2097152 0 0
SEP
MEM simgrid-vm 1586298020 2020/04/07 22:20:20 1 4096 3808545 2820067 521252 150 60426 34 25768 0 184465 0 0 2097152 0 0
SEP
MEM simgrid-vm 1586298021 2020/04/07 22:20:21 1 4096 3808545 2819202 521601 150 60469 37 25785 0 184465 0 0 2097152 0 0
SEP
MEM simgrid-vm 1586298022 2020/04/07 22:20:22 1 4096 3808545 2819316 521667 150 60510 40 25806 0 184465 0 0 2097152 0 0
SEP
MEM simgrid-vm 1586298023 2020/04/07 22:20:23 1 4096 3808545 2819316 521669 152 60502 44 25807 0 184465 0 0 2097152 0 0
SEP
MEM simgrid-vm 1586298024 2020/04/07 22:20:24 1 4096 3808545 2819312 521671 152 60510 46 25811 0 184465 0 0 2097152 0 0
SEP
MEM simgrid-vm 1586298025 2020/04/07 22:20:25 1 4096 3808545 2819312 521673 152 60506 34 25811 0 184465 0 0 2097152 0 0
SEP
MEM simgrid-vm 1586298026 2020/04/07 22:20:26 1 4096 3808545 2819312 521675 152 60510 32 25811 0 184465 0 0 2097152 0 0
SEP
MEM simgrid-vm 1586298027 2020/04/07 22:20:27 1 4096 3808545 2819308 521676 152 60514 33 25811 0 184465 0 0 2097152 0 0
SEP
MEM simgrid-vm 1586298028 2020/04/07 22:20:28 1 4096 3808545 2819308 521678 154 60514 44 25811 0 184465 0 0 2097152 0 0
SEP
MEM simgrid-vm 1586298029 2020/04/07 22:20:29 1 4096 3808545 2819304 521680 154 60525 46 25811 0 184465 0 0 2097152 0 0
SEP
MEM simgrid-vm 1586298030 2020/04/07 22:20:30 1 4096 3808545 2819300 521680 154 60525 44 25815 0 184465 0 0 2097152 0 0
SEP
MEM simgrid-vm 1586298031 2020/04/07 22:20:31 1 4096 3808545 2819312 521680 154 60508 44 25816 0 184465 0 0 2097152 0 0
SEP
MEM simgrid-vm 1586298032 2020/04/07 22:20:32 1 4096 3808545 2819312 521680 154 60508 44 25816 0 184465 0 0 2097152 0 0
SEP
MEM simgrid-vm 1586298033 2020/04/07 22:20:33 1 4096 3808545 2819312 521682 156 60509 47 25816 0 184465 0 0 2097152 0 0
SEP
MEM simgrid-vm 1586298034 2020/04/07 22:20:34 1 4096 3808545 2819312 521682 156 60511 47 25818 0 184465 0 0 2097152 0 0
SEP
MEM simgrid-vm 1586298035 2020/04/07 22:20:35 1 4096 3808545 2819312 521682 156 60519 45 25821 0 184465 0 0 2097152 0 0
SEP
MEM simgrid-vm 1586298036 2020/04/07 22:20:36 1 4096 3808545 2819309 521682 156 60500 46 25796 0 184465 0 0 2097152 0 0
SEP
MEM simgrid-vm 1586298037 2020/04/07 22:20:37 1 4096 3808545 2819278 521684 156 60495 48 25798 0 184465 0 0 2097152 0 0
SEP
MEM simgrid-vm 1586298038 2020/04/07 22:20:38 1 4096 3808545 2819278 521686 158 60492 51 25798 0 184465 0 0 2097152 0 0
SEP
MEM simgrid-vm 1586298039 2020/04/07 22:20:39 1 4096 3808545 2819278 521686 158 60490 52 25798 0 184465 0 0 2097152 0 0
SEP
MEM simgrid-vm 1586298040 2020/04/07 22:20:40 1 4096 3808545 2817230 521686 158 60500 27 25799 0 184465 0 0 2097152 0 0
SEP
MEM simgrid-vm 1586298041 2020/04/07 22:20:41 1 4096 3808545 2817230 521688 158 60504 29 25800 0 184465 0 0 2097152 0 0
SEP
MEM simgrid-vm 1586298042 2020/04/07 22:20:42 1 4096 3808545 2817230 521690 158 60501 31 25800 0 184465 0 0 2097152 0 0
SEP
MEM simgrid-vm 1586298043 2020/04/07 22:20:43 1 4096 3808545 2817230 521698 158 60502 39 25800 0 184465 0 0 2097152 0 0
SEP
MEM simgrid-vm 1586298044 2020/04/07 22:20:44 1 4096 3808545 2817230 521698 160 60498 42 25801 0 184465 0 0 2097152 0 0
SEP
MEM simgrid-vm 1586298045 2020/04/07 22:20:45 1 4096 3808545 2817222 521698 160 60508 36 25812 0 184465 0 0 2097152 0 0
SEP
MEM simgrid-vm 1586298046 2020/04/07 22:20:46 1 4096 3808545 2817218 521698 160 60515 36 25819 0 184465 0 0 2097152 0 0
SEP
MEM simgrid-vm 1586298047 2020/04/07 22:20:47 1 4096 3808545 2817218 521700 160 60516 39 25819 0 184465 0 0 2097152 0 0
SEP
MEM simgrid-vm 1586298048 2020/04/07 22:20:48 1 4096 3808545 2817214 521702 160 60534 41 25825 0 184465 0 0 2097152 0 0
SEP
MEM simgrid-vm 1586298049 2020/04/07 22:20:49 1 4096 3808545 2817218 521706 162 60498 48 25799 0 184465 0 0 2097152 0 0
SEP
MEM simgrid-vm 1586298050 2020/04/07 22:20:50 1 4096 3808545 2817218 521708 162 60497 42 25799 0 184465 0 0 2097152 0 0
SEP
MEM simgrid-vm 1586298051 2020/04/07 22:20:51 1 4096 3808545 2817218 521708 162 60495 42 25799 0 184465 0 0 2097152 0 0
SEP
MEM simgrid-vm 1586298052 2020/04/07 22:20:52 1 4096 3808545 2817214 521708 162 60498 42 25799 0 184465 0 0 2097152 0 0
SEP
MEM simgrid-vm 1586298053 2020/04/07 22:20:53 1 4096 3808545 2817214 521708 162 60498 42 25799 0 184465 0 0 2097152 0 0
SEP
MEM simgrid-vm 1586298054 2020/04/07 22:20:54 1 4096 3808545 2817210 521708 164 60502 49 25799 0 184465 0 0 2097152 0 0
SEP
MEM simgrid-vm 1586298055 2020/04/07 22:20:55 1 4096 3808545 2817210 521708 164 60504 45 25799 0 184465 0 0 2097152 0 0
SEP
MEM simgrid-vm 1586298056 2020/04/07 22:20:56 1 4096 3808545 2817206 521708 164 60507 45 25803 0 184465 0 0 2097152 0 0
SEP
MEM simgrid-vm 1586298057 2020/04/07 22:20:57 1 4096 3808545 2817198 521710 164 60512 47 25811 0 184465 0 0 2097152 0 0
SEP
MEM simgrid-vm 1586298058 2020/04/07 22:20:58 1 4096 3808545 2817194 521712 164 60516 49 25815 0 184465 0 0 2097152 0 0
SEP
MEM simgrid-vm 1586298059 2020/04/07 22:20:59 1 4096 3808545 2817190 521712 166 60520 53 25815 0 184465 0 0 2097152 0 0
SEP
MEM simgrid-vm 1586298060 2020/04/07 22:21:00 1 4096 3808545 2817198 521715 166 60521 52 25807 0 184465 0 0 2097152 0 0
SEP
MEM simgrid-vm 1586298061 2020/04/07 22:21:01 1 4096 3808545 2817194 521715 166 60520 52 25809 0 184465 0 0 2097152 0 0
SEP
MEM simgrid-vm 1586298062 2020/04/07 22:21:02 1 4096 3808545 2817194 521717 166 60514 54 25810 0 184465 0 0 2097152 0 0
SEP
MEM simgrid-vm 1586298063 2020/04/07 22:21:03 1 4096 3808545 2817206 521717 166 60501 54 25810 0 184465 0 0 2097152 0 0
SEP
MEM simgrid-vm 1586298064 2020/04/07 22:21:04 1 4096 3808545 2817206 521717 168 60503 57 25812 0 184465 0 0 2097152 0 0
SEP
MEM simgrid-vm 1586298065 2020/04/07 22:21:05 1 4096 3808545 2817206 521717 168 60517 49 25812 0 184465 0 0 2097152 0 0
SEP
MEM simgrid-vm 1586298066 2020/04/07 22:21:06 1 4096 3808545 2817206 521717 168 60505 49 25812 0 184465 0 0 2097152 0 0
SEP
MEM simgrid-vm 1586298067 2020/04/07 22:21:07 1 4096 3808545 2817206 521717 168 60507 49 25812 0 184465 0 0 2097152 0 0
SEP
MEM simgrid-vm 1586298068 2020/04/07 22:21:08 1 4096 3808545 2817206 521717 168 60510 49 25814 0 184465 0 0 2097152 0 0
SEP
MEM simgrid-vm 1586298069 2020/04/07 22:21:09 1 4096 3808545 2817206 521717 170 60495 50 25803 0 184465 0 0 2097152 0 0
SEP
MEM simgrid-vm 1586298070 2020/04/07 22:21:10 1 4096 3808545 2817206 521719 170 60494 46 25803 0 184465 0 0 2097152 0 0
SEP
MEM simgrid-vm 1586298071 2020/04/07 22:21:11 1 4096 3808545 2817202 521719 170 60504 47 25807 0 184465 0 0 2097152 0 0
SEP
MEM simgrid-vm 1586298072 2020/04/07 22:21:12 1 4096 3808545 2817202 521719 170 60500 47 25807 0 184465 0 0 2097152 0 0
SEP
MEM simgrid-vm 1586298073 2020/04/07 22:21:13 1 4096 3808545 2817198 521721 170 60508 49 25814 0 184465 0 0 2097152 0 0
SEP
MEM simgrid-vm 1586298074 2020/04/07 22:21:14 1 4096 3808545 2817194 521721 172 60517 52 25820 0 184465 0 0 2097152 0 0
SEP
MEM simgrid-vm 1586298075 2020/04/07 22:21:15 1 4096 3808545 2817210 521723 172 60503 21 25806 0 184465 0 0 2097152 0 0
SEP
MEM simgrid-vm 1586298076 2020/04/07 22:21:16 1 4096 3808545 2817210 521723 172 60502 21 25809 0 184465 0 0 2097152 0 0
SEP
MEM simgrid-vm 1586298077 2020/04/07 22:21:17 1 4096 3808545 2817179 521723 172 60501 21 25809 0 184465 0 0 2097152 0 0
SEP
MEM simgrid-vm 1586298078 2020/04/07 22:21:18 1 4096 3808545 2817179 521723 172 60510 21 25812 0 184465 0 0 2097152 0 0
SEP
MEM simgrid-vm 1586298079 2020/04/07 22:21:19 1 4096 3808545 2817179 521723 174 60507 33 25812 0 184465 0 0 2097152 0 0
SEP
MEM simgrid-vm 1586298080 2020/04/07 22:21:20 1 4096 3808545 2817179 521725 174 60507 24 25812 0 184465 0 0 2097152 0 0
SEP
MEM simgrid-vm 1586298081 2020/04/07 22:21:21 1 4096 3808545 2817171 521725 174 60532 24 25824 0 184465 0 0 2097152 0 0
SEP
MEM simgrid-vm 1586298082 2020/04/07 22:21:22 1 4096 3808545 2817171 521725 174 60517 24 25824 0 184465 0 0 2097152 0 0
SEP
MEM simgrid-vm 1586298083 2020/04/07 22:21:23 1 4096 3808545 2817171 521727 174 60519 26 25824 0 184465 0 0 2097152 0 0
SEP
MEM simgrid-vm 1586298084 2020/04/07 22:21:24 1 4096 3808545 2817159 521729 176 60536 33 25834 0 184465 0 0 2097152 0 0
SEP
MEM simgrid-vm 1586298085 2020/04/07 22:21:25 1 4096 3808545 2817159 521729 176 60529 33 25821 0 184465 0 0 2097152 0 0
SEP
MEM simgrid-vm 1586298086 2020/04/07 22:21:26 1 4096 3808545 2817155 521729 176 60525 33 25821 0 184465 0 0 2097152 0 0
SEP
MEM simgrid-vm 1586298087 2020/04/07 22:21:27 1 4096 3808545 2817155 521731 176 60525 35 25821 0 184465 0 0 2097152 0 0
SEP
MEM simgrid-vm 1586298088 2020/04/07 22:21:28 1 4096 3808545 2817151 521731 176 60530 35 25821 0 184465 0 0 2097152 0 0
SEP
MEM simgrid-vm 1586298089 2020/04/07 22:21:29 1 4096 3808545 2817167 521729 178 60511 35 25821 0 184465 0 0 2097152 0 0
SEP
MEM simgrid-vm 1586298090 2020/04/07 22:21:30 1 4096 3808545 2817167 521731 178 60511 35 25821 0 184465 0 0 2097152 0 0
SEP
MEM simgrid-vm 1586298091 2020/04/07 22:21:31 1 4096 3808545 2816646 521731 178 60501 35 25809 0 184465 0 0 2097152 0 0
SEP
MEM simgrid-vm 1586298092 2020/04/07 22:21:32 1 4096 3808545 2817131 521731 178 60502 35 25809 0 184465 0 0 2097152 0 0
SEP
MEM simgrid-vm 1586298093 2020/04/07 22:21:33 1 4096 3808545 2817131 521736 178 60504 42 25810 0 184465 0 0 2097152 0 0
SEP
MEM simgrid-vm 1586298094 2020/04/07 22:21:34 1 4096 3808545 2817131 521738 178 60503 44 25810 0 184465 0 0 2097152 0 0
SEP
MEM simgrid-vm 1586298095 2020/04/07 22:21:35 1 4096 3808545 2817131 521738 180 60503 45 25810 0 184465 0 0 2097152 0 0
SEP
MEM simgrid-vm 1586298096 2020/04/07 22:21:36 1 4096 3808545 2817131 521738 180 60504 45 25810 0 184465 0 0 2097152 0 0
SEP
MEM simgrid-vm 1586298097 2020/04/07 22:21:37 1 4096 3808545 2817131 521738 180 60503 45 25810 0 184465 0 0 2097152 0 0
SEP
MEM simgrid-vm 1586298098 2020/04/07 22:21:38 1 4096 3808545 2817131 521740 180 60504 47 25811 0 184465 0 0 2097152 0 0
SEP
MEM simgrid-vm 1586298099 2020/04/07 22:21:39 1 4096 3808545 2817131 521740 180 60504 47 25811 0 184465 0 0 2097152 0 0
SEP
MEM simgrid-vm 1586298100 2020/04/07 22:21:40 1 4096 3808545 2817131 521740 182 60511 47 25814 0 184465 0 0 2097152 0 0
SEP
MEM simgrid-vm 1586298101 2020/04/07 22:21:41 1 4096 3808545 2817131 521740 182 60505 47 25814 0 184465 0 0 2097152 0 0
SEP
MEM simgrid-vm 1586298102 2020/04/07 22:21:42 1 4096 3808545 2816941 521740 182 60508 47 25814 0 184465 0 0 2097152 0 0
SEP
MEM simgrid-vm 1586298103 2020/04/07 22:21:43 1 4096 3808545 2816839 521740 182 60513 48 25814 0 184465 0 0 2097152 0 0
SEP
MEM simgrid-vm 1586298104 2020/04/07 22:21:44 1 4096 3808545 2816848 521752 182 60516 53 25814 0 184465 0 0 2097152 0 0
SEP
MEM simgrid-vm 1586298105 2020/04/07 22:21:45 1 4096 3808545 2816848 521754 184 60519 43 25814 0 184465 0 0 2097152 0 0
SEP
MEM simgrid-vm 1586298106 2020/04/07 22:21:46 1 4096 3808545 2816848 521754 184 60518 44 25814 0 184465 0 0 2097152 0 0
SEP
MEM simgrid-vm 1586298107 2020/04/07 22:21:47 1 4096 3808545 2816848 521754 184 60522 44 25814 0 184465 0 0 2097152 0 0
SEP
MEM simgrid-vm 1586298108 2020/04/07 22:21:48 1 4096 3808545 2816848 521760 184 60519 47 25815 0 184465 0 0 2097152 0 0
SEP
MEM simgrid-vm 1586298109 2020/04/07 22:21:49 1 4096 3808545 2816848 521760 184 60512 47 25810 0 184465 0 0 2097152 0 0
SEP
MEM simgrid-vm 1586298110 2020/04/07 22:21:50 1 4096 3808545 2816828 521760 186 60528 24 25822 0 184465 0 0 2097152 0 0
SEP
MEM simgrid-vm 1586298111 2020/04/07 22:21:51 1 4096 3808545 2816816 521764 186 60546 28 25837 0 184465 0 0 2097152 0 0
SEP
MEM simgrid-vm 1586298112 2020/04/07 22:21:52 1 4096 3808545 2816715 521764 186 60552 28 25839 0 184465 0 0 2097152 0 0
SEP
MEM simgrid-vm 1586298113 2020/04/07 22:21:53 1 4096 3808545 2816707 521766 186 60557 30 25847 0 184465 0 0 2097152 0 0
SEP
MEM simgrid-vm 1586298114 2020/04/07 22:21:54 1 4096 3808545 2816533 521769 186 60519 36 25810 0 184465 0 0 2097152 0 0
SEP
MEM simgrid-vm 1586298115 2020/04/07 22:21:55 1 4096 3808545 2816870 521770 188 60522 39 25810 0 184465 0 0 2097152 0 0
SEP
MEM simgrid-vm 1586298116 2020/04/07 22:21:56 1 4096 3808545 2816560 521774 188 60529 43 25810 0 184465 0 0 2097152 0 0
SEP
MEM simgrid-vm 1586298117 2020/04/07 22:21:57 1 4096 3808545 2816828 521775 188 60554 40 25810 0 184465 0 0 2097152 0 0
SEP
MEM simgrid-vm 1586298118 2020/04/07 22:21:58 1 4096 3808545 2816820 521778 188 60552 43 25811 0 184465 0 0 2097152 0 0
SEP
MEM simgrid-vm 1586298119 2020/04/07 22:21:59 1 4096 3808545 2816816 521780 188 60556 40 25811 0 184465 0 0 2097152 0 0
SEP
MEM simgrid-vm 1586298120 2020/04/07 22:22:00 1 4096 3808545 2816785 521782 190 60560 47 25813 0 184465 0 0 2097152 0 0
SEP
MEM simgrid-vm 1586298121 2020/04/07 22:22:01 1 4096 3808545 2816828 521782 190 60551 47 25816 0 184465 0 0 2097152 0 0
SEP
MEM simgrid-vm 1586298122 2020/04/07 22:22:02 1 4096 3808545 2816556 521784 190 60548 49 25816 0 184465 0 0 2097152 0 0
SEP
MEM simgrid-vm 1586298123 2020/04/07 22:22:03 1 4096 3808545 2816562 521788 190 60549 53 25817 0 184465 0 0 2097152 0 0
SEP
MEM simgrid-vm 1586298124 2020/04/07 22:22:04 1 4096 3808545 2816562 521790 190 60553 55 25817 0 184465 0 0 2097152 0 0
SEP
MEM simgrid-vm 1586298125 2020/04/07 22:22:05 1 4096 3808545 2816562 521790 192 60557 55 25817 0 184465 0 0 2097152 0 0
SEP
MEM simgrid-vm 1586298126 2020/04/07 22:22:06 1 4096 3808545 2816531 521791 192 60568 56 25819 0 184465 0 0 2097152 0 0
SEP
MEM simgrid-vm 1586298127 2020/04/07 22:22:07 1 4096 3808545 2816531 521793 192 60554 58 25819 0 184465 0 0 2097152 0 0
SEP
MEM simgrid-vm 1586298128 2020/04/07 22:22:08 1 4096 3808545 2816531 521795 192 60554 60 25819 0 184465 0 0 2097152 0 0
SEP
MEM simgrid-vm 1586298129 2020/04/07 22:22:09 1 4096 3808545 2816551 521795 192 60534 60 25799 0 184465 0 0 2097152 0 0
SEP
MEM simgrid-vm 1586298130 2020/04/07 22:22:10 1 4096 3808545 2816551 521795 192 60547 58 25800 0 184465 0 0 2097152 0 0
SEP
MEM simgrid-vm 1586298131 2020/04/07 22:22:11 1 4096 3808545 2816551 521797 194 60538 60 25803 0 184465 0 0 2097152 0 0
SEP
MEM simgrid-vm 1586298132 2020/04/07 22:22:12 1 4096 3808545 2816535 521797 194 60540 60 25804 0 184465 0 0 2097152 0 0
SEP
MEM simgrid-vm 1586298133 2020/04/07 22:22:13 1 4096 3808545 2816550 521797 194 60539 60 25805 0 184465 0 0 2097152 0 0
SEP
MEM simgrid-vm 1586298134 2020/04/07 22:22:14 1 4096 3808545 2816550 521797 194 60548 60 25806 0 184465 0 0 2097152 0 0
SEP
MEM simgrid-vm 1586298135 2020/04/07 22:22:15 1 4096 3808545 2816546 521797 194 60547 58 25812 0 184465 0 0 2097152 0 0
SEP
MEM simgrid-vm 1586298136 2020/04/07 22:22:16 1 4096 3808545 2816546 521797 196 60546 61 25812 0 184465 0 0 2097152 0 0
SEP
MEM simgrid-vm 1586298137 2020/04/07 22:22:17 1 4096 3808545 2816538 521799 196 60553 63 25820 0 184465 0 0 2097152 0 0
SEP
MEM simgrid-vm 1586298138 2020/04/07 22:22:18 1 4096 3808545 2816542 521799 196 60551 63 25816 0 184465 0 0 2097152 0 0
SEP
MEM simgrid-vm 1586298139 2020/04/07 22:22:19 1 4096 3808545 2816542 521799 196 60554 63 25817 0 184465 0 0 2097152 0 0
SEP
MEM simgrid-vm 1586298140 2020/04/07 22:22:20 1 4096 3808545 2816542 521801 196 60550 52 25817 0 184465 0 0 2097152 0 0
SEP
MEM simgrid-vm 1586298141 2020/04/07 22:22:21 1 4096 3808545 2816542 521803 198 60556 60 25817 0 184465 0 0 2097152 0 0
SEP
MEM simgrid-vm 1586298142 2020/04/07 22:22:22 1 4096 3808545 2816542 521807 198 60558 64 25819 0 184465 0 0 2097152 0 0
SEP
MEM simgrid-vm 1586298143 2020/04/07 22:22:23 1 4096 3808545 2816563 521807 198 60558 64 25819 0 184465 0 0 2097152 0 0
SEP
MEM simgrid-vm 1586298144 2020/04/07 22:22:24 1 4096 3808545 2816565 521807 198 60545 64 25805 0 184465 0 0 2097152 0 0
SEP
MEM simgrid-vm 1586298145 2020/04/07 22:22:25 1 4096 3808545 2816565 521807 198 60543 21 25805 0 184465 0 0 2097152 0 0
SEP
MEM simgrid-vm 1586298146 2020/04/07 22:22:26 1 4096 3808545 2816565 521807 200 60547 31 25805 0 184465 0 0 2097152 0 0
SEP
MEM simgrid-vm 1586298147 2020/04/07 22:22:27 1 4096 3808545 2816557 521813 200 60553 37 25813 0 184465 0 0 2097152 0 0
SEP
MEM simgrid-vm 1586298148 2020/04/07 22:22:28 1 4096 3808545 2816553 521815 200 60551 39 25807 0 184465 0 0 2097152 0 0
SEP
MEM simgrid-vm 1586298149 2020/04/07 22:22:29 1 4096 3808545 2816553 521815 200 60554 39 25807 0 184465 0 0 2097152 0 0
SEP
MEM simgrid-vm 1586298150 2020/04/07 22:22:30 1 4096 3808545 2816553 521815 200 60558 29 25807 0 184465 0 0 2097152 0 0
SEP
MEM simgrid-vm 1586298151 2020/04/07 22:22:31 1 4096 3808545 2816545 521815 202 60561 36 25811 0 184465 0 0 2097152 0 0
SEP
MEM simgrid-vm 1586298152 2020/04/07 22:22:32 1 4096 3808545 2816545 521815 202 60559 36 25811 0 184465 0 0 2097152 0 0
SEP
MEM simgrid-vm 1586298153 2020/04/07 22:22:33 1 4096 3808545 2816534 521815 202 60546 36 25816 0 184465 0 0 2097152 0 0
SEP
MEM simgrid-vm 1586298154 2020/04/07 22:22:34 1 4096 3808545 2816473 521815 202 60549 36 25821 0 184465 0 0 2097152 0 0
SEP
MEM simgrid-vm 1586298155 2020/04/07 22:22:35 1 4096 3808545 2816473 521817 202 60550 36 25822 0 184465 0 0 2097152 0 0
SEP
MEM simgrid-vm 1586298156 2020/04/07 22:22:36 1 4096 3808545 2816493 521817 204 60536 37 25805 0 184465 0 0 2097152 0 0
SEP
MEM simgrid-vm 1586298157 2020/04/07 22:22:37 1 4096 3808545 2816493 521817 204 60535 37 25807 0 184465 0 0 2097152 0 0
SEP
MEM simgrid-vm 1586298158 2020/04/07 22:22:38 1 4096 3808545 2816493 521819 204 60546 39 25807 0 184465 0 0 2097152 0 0
SEP
MEM simgrid-vm 1586298159 2020/04/07 22:22:39 1 4096 3808545 2816493 521822 204 60538 42 25807 0 184465 0 0 2097152 0 0
SEP
MEM simgrid-vm 1586298160 2020/04/07 22:22:40 1 4096 3808545 2816493 521826 204 60539 46 25802 0 184465 0 0 2097152 0 0
SEP
MEM simgrid-vm 1586298161 2020/04/07 22:22:41 1 4096 3808545 2816493 521826 206 60531 46 25802 0 184465 0 0 2097152 0 0
SEP
MEM simgrid-vm 1586298162 2020/04/07 22:22:42 1 4096 3808545 2816493 521826 206 60537 46 25802 0 184465 0 0 2097152 0 0
SEP
MEM simgrid-vm 1586298163 2020/04/07 22:22:43 1 4096 3808545 2816493 521826 206 60530 46 25802 0 184465 0 0 2097152 0 0
SEP
MEM simgrid-vm 1586298164 2020/04/07 22:22:44 1 4096 3808545 2816493 521826 206 60535 46 25802 0 184465 0 0 2097152 0 0
SEP
MEM simgrid-vm 1586298165 2020/04/07 22:22:45 1 4096 3808545 2816454 521826 206 60539 46 25810 0 184465 0 0 2097152 0 0
SEP
MEM simgrid-vm 1586298166 2020/04/07 22:22:46 1 4096 3808545 2816454 521828 208 60538 48 25810 0 184465 0 0 2097152 0 0
SEP
MEM simgrid-vm 1586298167 2020/04/07 22:22:47 1 4096 3808545 2816454 521828 208 60538 48 25810 0 184465 0 0 2097152 0 0
SEP
MEM simgrid-vm 1586298168 2020/04/07 22:22:48 1 4096 3808545 2816454 521828 208 60543 48 25810 0 184465 0 0 2097152 0 0
SEP
MEM simgrid-vm 1586298169 2020/04/07 22:22:49 1 4096 3808545 2816450 521828 208 60544 48 25814 0 184465 0 0 2097152 0 0
SEP
MEM simgrid-vm 1586298170 2020/04/07 22:22:50 1 4096 3808545 2816446 521830 208 60556 47 25818 0 184465 0 0 2097152 0 0
SEP
MEM simgrid-vm 1586298171 2020/04/07 22:22:51 1 4096 3808545 2816446 521830 210 60551 50 25818 0 184465 0 0 2097152 0 0
SEP
MEM simgrid-vm 1586298172 2020/04/07 22:22:52 1 4096 3808545 3088829 521835 210 60497 55 25818 0 184465 0 0 2097152 0 0
SEP
MEM simgrid-vm 1586298173 2020/04/07 22:22:53 1 4096 3808545 3092929 521840 210 60497 60 25818 0 184465 0 0 2097152 0 0
SEP
MEM simgrid-vm 1586298174 2020/04/07 22:22:54 1 4096 3808545 3092890 521839 210 60476 60 25819 0 184465 0 0 2097152 0 0
SEP
MEM simgrid-vm 1586298175 2020/04/07 22:22:55 1 4096 3808545 3092921 521841 210 60469 53 25819 0 184465 0 0 2097152 0 0
SEP
MEM simgrid-vm 1586298176 2020/04/07 22:22:56 1 4096 3808545 3092917 521839 212 60472 54 25819 0 184465 0 0 2097152 0 0
SEP
MEM simgrid-vm 1586298177 2020/04/07 22:22:57 1 4096 3808545 3092917 521841 212 60471 62 25819 0 184465 0 0 2097152 0 0
SEP
MEM simgrid-vm 1586298178 2020/04/07 22:22:58 1 4096 3808545 3092929 521841 212 60459 62 25819 0 184465 0 0 2097152 0 0
SEP
MEM simgrid-vm 1586298179 2020/04/07 22:22:59 1 4096 3808545 3092929 521841 212 60459 62 25819 0 184465 0 0 2097152 0 0
SEP
MEM simgrid-vm 1586298180 2020/04/07 22:23:00 1 4096 3808545 3092929 521843 212 60462 64 25819 0 184465 0 0 2097152 0 0
SEP
MEM simgrid-vm 1586298181 2020/04/07 22:23:01 1 4096 3808545 3092929 521845 212 60459 26 25819 0 184465 0 0 2097152 0 0
SEP
MEM simgrid-vm 1586298182 2020/04/07 22:23:02 1 4096 3808545 3092929 521847 214 60461 41 25821 0 184465 0 0 2097152 0 0
SEP
MEM simgrid-vm 1586298183 2020/04/07 22:23:03 1 4096 3808545 3092929 521847 214 60471 41 25821 0 184465 0 0 2097152 0 0
SEP
MEM simgrid-vm 1586298184 2020/04/07 22:23:04 1 4096 3808545 3092929 521847 214 60464 41 25822 0 184465 0 0 2097152 0 0
SEP
MEM simgrid-vm 1586298185 2020/04/07 22:23:05 1 4096 3808545 3092929 521849 214 60460 35 25815 0 184465 0 0 2097152 0 0
SEP
MEM simgrid-vm 1586298186 2020/04/07 22:23:06 1 4096 3808545 3092929 521849 214 60456 35 25815 0 184465 0 0 2097152 0 0
SEP
MEM simgrid-vm 1586298187 2020/04/07 22:23:07 1 4096 3808545 3092925 521847 216 60460 35 25819 0 184465 0 0 2097152 0 0
SEP
MEM simgrid-vm 1586298188 2020/04/07 22:23:08 1 4096 3808545 3092925 521849 216 60460 36 25819 0 184465 0 0 2097152 0 0
SEP
MEM simgrid-vm 1586298189 2020/04/07 22:23:09 1 4096 3808545 3092921 521849 216 60465 36 25823 0 184465 0 0 2097152 0 0
SEP
MEM simgrid-vm 1586298190 2020/04/07 22:23:10 1 4096 3808545 3092921 521849 217 60473 29 25823 0 184465 0 0 2097152 0 0
SEP
MEM simgrid-vm 1586298191 2020/04/07 22:23:11 1 4096 3808545 3092921 521849 217 60472 29 25823 0 184465 0 0 2097152 0 0
SEP
MEM simgrid-vm 1586298192 2020/04/07 22:23:12 1 4096 3808545 3092921 521854 217 60468 36 25823 0 184465 0 0 2097152 0 0
SEP
MEM simgrid-vm 1586298193 2020/04/07 22:23:13 1 4096 3808545 3092929 521856 219 60458 43 25815 0 184465 0 0 2097152 0 0
SEP
MEM simgrid-vm 1586298194 2020/04/07 22:23:14 1 4096 3808545 3092929 521856 219 60456 43 25815 0 184465 0 0 2097152 0 0
SEP
MEM simgrid-vm 1586298195 2020/04/07 22:23:15 1 4096 3808545 3092929 521858 219 60456 45 25815 0 184465 0 0 2097152 0 0
SEP
MEM simgrid-vm 1586298196 2020/04/07 22:23:16 1 4096 3808545 3092929 521858 219 60456 45 25815 0 184465 0 0 2097152 0 0
SEP
MEM simgrid-vm 1586298197 2020/04/07 22:23:17 1 4096 3808545 3092925 521858 219 60452 45 25808 0 184465 0 0 2097152 0 0
SEP
MEM simgrid-vm 1586298198 2020/04/07 22:23:18 1 4096 3808545 3092925 521858 221 60451 45 25808 0 184465 0 0 2097152 0 0
SEP
MEM simgrid-vm 1586298199 2020/04/07 22:23:19 1 4096 3808545 3092925 521858 221 60451 45 25808 0 184465 0 0 2097152 0 0
SEP
MEM simgrid-vm 1586298200 2020/04/07 22:23:20 1 4096 3808545 3092921 521858 221 60460 45 25808 0 184465 0 0 2097152 0 0
SEP
MEM simgrid-vm 1586298201 2020/04/07 22:23:21 1 4096 3808545 3092921 521860 221 60457 42 25808 0 184465 0 0 2097152 0 0
SEP
MEM simgrid-vm 1586298202 2020/04/07 22:23:22 1 4096 3808545 3092917 521860 221 60459 42 25808 0 184465 0 0 2097152 0 0
SEP
MEM simgrid-vm 1586298203 2020/04/07 22:23:23 1 4096 3808545 3092917 521860 221 60459 42 25808 0 184465 0 0 2097152 0 0
SEP
MEM simgrid-vm 1586298204 2020/04/07 22:23:24 1 4096 3808545 3092917 521860 223 60460 44 25808 0 184465 0 0 2097152 0 0
SEP
MEM simgrid-vm 1586298205 2020/04/07 22:23:25 1 4096 3808545 3092917 521860 223 60460 37 25808 0 184465 0 0 2097152 0 0
SEP
MEM simgrid-vm 1586298206 2020/04/07 22:23:26 1 4096 3808545 3092913 521860 223 60464 37 25808 0 184465 0 0 2097152 0 0
SEP
MEM simgrid-vm 1586298207 2020/04/07 22:23:27 1 4096 3808545 3092941 521860 223 60439 37 25780 0 184465 0 0 2097152 0 0
SEP
MEM simgrid-vm 1586298208 2020/04/07 22:23:28 1 4096 3808545 3092937 521860 223 60447 37 25781 0 184465 0 0 2097152 0 0
SEP
MEM simgrid-vm 1586298209 2020/04/07 22:23:29 1 4096 3808545 3092937 521860 223 60443 37 25783 0 184465 0 0 2097152 0 0
SEP
MEM simgrid-vm 1586298210 2020/04/07 22:23:30 1 4096 3808545 3092654 521861 225 60436 37 25784 0 184465 0 0 2097152 0 0
SEP
MEM simgrid-vm 1586298211 2020/04/07 22:23:31 1 4096 3808545 3093034 521864 225 60419 45 25784 0 184465 0 0 2097152 0 0
SEP
MEM simgrid-vm 1586298212 2020/04/07 22:23:32 1 4096 3808545 3093038 521864 225 60422 45 25786 0 184465 0 0 2097152 0 0
SEP
MEM simgrid-vm 1586298213 2020/04/07 22:23:33 1 4096 3808545 3093038 521866 225 60422 47 25784 0 184465 0 0 2097152 0 0
SEP
MEM simgrid-vm 1586298214 2020/04/07 22:23:34 1 4096 3808545 3093038 521866 225 60432 47 25784 0 184465 0 0 2097152 0 0
SEP
MEM simgrid-vm 1586298215 2020/04/07 22:23:35 1 4096 3808545 3093038 521868 227 60428 29 25784 0 184465 0 0 2097152 0 0
SEP
MEM simgrid-vm 1586298216 2020/04/07 22:23:36 1 4096 3808545 3093038 521870 227 60435 32 25784 0 184465 0 0 2097152 0 0
SEP
MEM simgrid-vm 1586298217 2020/04/07 22:23:37 1 4096 3808545 3093038 521870 227 60421 32 25784 0 184465 0 0 2097152 0 0
SEP
MEM simgrid-vm 1586298218 2020/04/07 22:23:38 1 4096 3808545 3093038 521870 227 60419 32 25784 0 184465 0 0 2097152 0 0
SEP
MEM simgrid-vm 1586298219 2020/04/07 22:23:39 1 4096 3808545 3093038 521870 227 60419 32 25784 0 184465 0 0 2097152 0 0
SEP
MEM simgrid-vm 1586298220 2020/04/07 22:23:40 1 4096 3808545 3093038 521872 227 60435 34 25785 0 184465 0 0 2097152 0 0
SEP
MEM simgrid-vm 1586298221 2020/04/07 22:23:41 1 4096 3808545 3093007 521873 229 60440 36 25786 0 184465 0 0 2097152 0 0
SEP
MEM simgrid-vm 1586298222 2020/04/07 22:23:42 1 4096 3808545 3093023 521874 229 60417 37 25770 0 184465 0 0 2097152 0 0
SEP
MEM simgrid-vm 1586298223 2020/04/07 22:23:43 1 4096 3808545 3093019 521878 229 60427 41 25774 0 184465 0 0 2097152 0 0
SEP
MEM simgrid-vm 1586298224 2020/04/07 22:23:44 1 4096 3808545 3093019 521878 229 60415 41 25774 0 184465 0 0 2097152 0 0
SEP
MEM simgrid-vm 1586298225 2020/04/07 22:23:45 1 4096 3808545 3093019 521879 229 60412 42 25774 0 184465 0 0 2097152 0 0
SEP
MEM simgrid-vm 1586298226 2020/04/07 22:23:46 1 4096 3808545 3092988 521882 231 60427 33 25777 0 184465 0 0 2097152 0 0
SEP
MEM simgrid-vm 1586298227 2020/04/07 22:23:47 1 4096 3808545 3092988 521887 231 60414 47 25779 0 184465 0 0 2097152 0 0
SEP
MEM simgrid-vm 1586298228 2020/04/07 22:23:48 1 4096 3808545 3092988 521887 231 60416 47 25772 0 184465 0 0 2097152 0 0
SEP
MEM simgrid-vm 1586298229 2020/04/07 22:23:49 1 4096 3808545 3092988 521887 231 60419 47 25772 0 184465 0 0 2097152 0 0
SEP
MEM simgrid-vm 1586298230 2020/04/07 22:23:50 1 4096 3808545 3092988 521889 231 60412 49 25772 0 184465 0 0 2097152 0 0
SEP
MEM simgrid-vm 1586298231 2020/04/07 22:23:51 1 4096 3808545 3092988 521889 231 60419 49 25772 0 184465 0 0 2097152 0 0
SEP
MEM simgrid-vm 1586298232 2020/04/07 22:23:52 1 4096 3808545 3092988 521891 233 60411 51 25772 0 184465 0 0 2097152 0 0
SEP
MEM simgrid-vm 1586298233 2020/04/07 22:23:53 1 4096 3808545 3092988 521891 233 60405 51 25772 0 184465 0 0 2097152 0 0
SEP
MEM simgrid-vm 1586298234 2020/04/07 22:23:54 1 4096 3808545 3092988 521891 233 60404 51 25772 0 184465 0 0 2097152 0 0
SEP
MEM simgrid-vm 1586298235 2020/04/07 22:23:55 1 4096 3808545 3092984 521891 233 60414 51 25776 0 184465 0 0 2097152 0 0
SEP
MEM simgrid-vm 1586298236 2020/04/07 22:23:56 1 4096 3808545 3092984 521891 233 60410 49 25776 0 184465 0 0 2097152 0 0
SEP
MEM simgrid-vm 1586298237 2020/04/07 22:23:57 1 4096 3808545 3092980 521893 235 60411 53 25776 0 184465 0 0 2097152 0 0
SEP
MEM simgrid-vm 1586298238 2020/04/07 22:23:58 1 4096 3808545 3092941 521895 235 60426 55 25787 0 184465 0 0 2097152 0 0
SEP
MEM simgrid-vm 1586298239 2020/04/07 22:23:59 1 4096 3808545 3092957 521897 235 60406 57 25771 0 184465 0 0 2097152 0 0
SEP
MEM simgrid-vm 1586298240 2020/04/07 22:24:00 1 4096 3808545 3092953 521901 235 60419 61 25772 0 184465 0 0 2097152 0 0
SEP
MEM simgrid-vm 1586298241 2020/04/07 22:24:01 1 4096 3808545 3092953 521903 235 60413 57 25773 0 184465 0 0 2097152 0 0
SEP
MEM simgrid-vm 1586298242 2020/04/07 22:24:02 1 4096 3808545 3092969 521903 235 60398 57 25774 0 184465 0 0 2097152 0 0
SEP
MEM simgrid-vm 1586298243 2020/04/07 22:24:03 1 4096 3808545 3092969 521903 237 60398 59 25774 0 184465 0 0 2097152 0 0
SEP
MEM simgrid-vm 1586298244 2020/04/07 22:24:04 1 4096 3808545 3092969 521903 237 60400 59 25776 0 184465 0 0 2097152 0 0
SEP
MEM simgrid-vm 1586298245 2020/04/07 22:24:05 1 4096 3808545 3092969 521903 237 60413 59 25776 0 184465 0 0 2097152 0 0
SEP
MEM simgrid-vm 1586298246 2020/04/07 22:24:06 1 4096 3808545 3092969 521905 237 60402 56 25778 0 184465 0 0 2097152 0 0
SEP
MEM simgrid-vm 1586298247 2020/04/07 22:24:07 1 4096 3808545 3092961 521907 237 60413 58 25789 0 184465 0 0 2097152 0 0
SEP
MEM simgrid-vm 1586298248 2020/04/07 22:24:08 1 4096 3808545 3092961 521909 237 60413 60 25789 0 184465 0 0 2097152 0 0
SEP
MEM simgrid-vm 1586298249 2020/04/07 22:24:09 1 4096 3808545 3092961 521911 239 60414 64 25791 0 184465 0 0 2097152 0 0
SEP
MEM simgrid-vm 1586298250 2020/04/07 22:24:10 1 4096 3808545 3092969 521911 239 60400 30 25778 0 184465 0 0 2097152 0 0
SEP
MEM simgrid-vm 1586298251 2020/04/07 22:24:11 1 4096 3808545 3092969 521911 239 60406 30 25778 0 184465 0 0 2097152 0 0
SEP
MEM simgrid-vm 1586298252 2020/04/07 22:24:12 1 4096 3808545 3092969 521913 239 60402 32 25778 0 184465 0 0 2097152 0 0
SEP
MEM simgrid-vm 1586298253 2020/04/07 22:24:13 1 4096 3808545 3092969 521913 239 60401 32 25778 0 184465 0 0 2097152 0 0
SEP
MEM simgrid-vm 1586298254 2020/04/07 22:24:14 1 4096 3808545 3092969 521913 239 60401 32 25778 0 184465 0 0 2097152 0 0
SEP
MEM simgrid-vm 1586298255 2020/04/07 22:24:15 1 4096 3808545 3093000 521913 241 60393 39 25767 0 184465 0 0 2097152 0 0
SEP
MEM simgrid-vm 1586298256 2020/04/07 22:24:16 1 4096 3808545 3093000 521913 241 60390 29 25767 0 184465 0 0 2097152 0 0
SEP
MEM simgrid-vm 1586298257 2020/04/07 22:24:17 1 4096 3808545 3093000 521915 241 60390 31 25767 0 184465 0 0 2097152 0 0
SEP
MEM simgrid-vm 1586298258 2020/04/07 22:24:18 1 4096 3808545 3093000 521918 241 60391 34 25767 0 184465 0 0 2097152 0 0
SEP
MEM simgrid-vm 1586298259 2020/04/07 22:24:19 1 4096 3808545 3092876 521918 241 60390 34 25767 0 184465 0 0 2097152 0 0
SEP
MEM simgrid-vm 1586298260 2020/04/07 22:24:20 1 4096 3808545 3092872 521917 243 60395 34 25767 0 184465 0 0 2097152 0 0
SEP
MEM simgrid-vm 1586298261 2020/04/07 22:24:21 1 4096 3808545 3092872 521920 243 60395 46 25767 0 184465 0 0 2097152 0 0
SEP
MEM simgrid-vm 1586298262 2020/04/07 22:24:22 1 4096 3808545 3092872 521920 243 60395 46 25767 0 184465 0 0 2097152 0 0
SEP
MEM simgrid-vm 1586298263 2020/04/07 22:24:23 1 4096 3808545 3092457 521921 243 60407 48 25767 0 184465 0 0 2097152 0 0
SEP
MEM simgrid-vm 1586298264 2020/04/07 22:24:24 1 4096 3808545 3092806 521922 243 60401 50 25771 0 184465 0 0 2097152 0 0
SEP
MEM simgrid-vm 1586298265 2020/04/07 22:24:25 1 4096 3808545 3092853 521922 243 60412 49 25771 0 184465 0 0 2097152 0 0
SEP
MEM simgrid-vm 1586298266 2020/04/07 22:24:26 1 4096 3808545 3092864 521922 245 60385 50 25773 0 184465 0 0 2097152 0 0
SEP
MEM simgrid-vm 1586298267 2020/04/07 22:24:27 1 4096 3808545 3092864 521922 245 60391 50 25773 0 184465 0 0 2097152 0 0
SEP
MEM simgrid-vm 1586298268 2020/04/07 22:24:28 1 4096 3808545 3092876 521922 245 60369 45 25773 0 184465 0 0 2097152 0 0
SEP
MEM simgrid-vm 1586298269 2020/04/07 22:24:29 1 4096 3808545 3092876 521922 245 60367 45 25774 0 184465 0 0 2097152 0 0
SEP
MEM simgrid-vm 1586298270 2020/04/07 22:24:30 1 4096 3808545 3092843 521922 245 60367 32 25774 0 184465 0 0 2097152 0 0
SEP
MEM simgrid-vm 1586298271 2020/04/07 22:24:31 1 4096 3808545 3092876 521922 245 60368 32 25775 0 184465 0 0 2097152 0 0
SEP
MEM simgrid-vm 1586298272 2020/04/07 22:24:32 1 4096 3808545 3092876 521922 247 60369 36 25776 0 184465 0 0 2097152 0 0
SEP
MEM simgrid-vm 1586298273 2020/04/07 22:24:33 1 4096 3808545 3092876 521922 247 60369 36 25776 0 184465 0 0 2097152 0 0
SEP
MEM simgrid-vm 1586298274 2020/04/07 22:24:34 1 4096 3808545 3092876 521922 247 60360 36 25770 0 184465 0 0 2097152 0 0
SEP
MEM simgrid-vm 1586298275 2020/04/07 22:24:35 1 4096 3808545 3092876 521922 247 60359 34 25770 0 184465 0 0 2097152 0 0
SEP
MEM simgrid-vm 1586298276 2020/04/07 22:24:36 1 4096 3808545 3092876 521926 247 60359 38 25770 0 184465 0 0 2097152 0 0
SEP
MEM simgrid-vm 1586298277 2020/04/07 22:24:37 1 4096 3808545 3092872 521928 247 60376 40 25774 0 184465 0 0 2097152 0 0
SEP
MEM simgrid-vm 1586298278 2020/04/07 22:24:38 1 4096 3808545 3092872 521928 249 60376 41 25774 0 184465 0 0 2097152 0 0
SEP
MEM simgrid-vm 1586298279 2020/04/07 22:24:39 1 4096 3808545 3092872 521928 249 60370 41 25774 0 184465 0 0 2097152 0 0
SEP
MEM simgrid-vm 1586298280 2020/04/07 22:24:40 1 4096 3808545 3092872 521928 249 60368 41 25774 0 184465 0 0 2097152 0 0
SEP
MEM simgrid-vm 1586298281 2020/04/07 22:24:41 1 4096 3808545 3092872 521930 249 60367 34 25774 0 184465 0 0 2097152 0 0
SEP
MEM simgrid-vm 1586298282 2020/04/07 22:24:42 1 4096 3808545 3092868 521930 249 60378 34 25779 0 184465 0 0 2097152 0 0
SEP
MEM simgrid-vm 1586298283 2020/04/07 22:24:43 1 4096 3808545 3092872 521930 249 60368 34 25775 0 184465 0 0 2097152 0 0
SEP
MEM simgrid-vm 1586298284 2020/04/07 22:24:44 1 4096 3808545 3092845 521930 251 60366 40 25773 0 184465 0 0 2097152 0 0
SEP
MEM simgrid-vm 1586298285 2020/04/07 22:24:45 1 4096 3808545 3092845 521932 251 60369 13 25774 0 184465 0 0 2097152 0 0
SEP
MEM simgrid-vm 1586298286 2020/04/07 22:24:46 1 4096 3808545 3092845 521932 251 60369 13 25772 0 184465 0 0 2097152 0 0
SEP
MEM simgrid-vm 1586298287 2020/04/07 22:24:47 1 4096 3808545 3092845 521932 251 60372 13 25772 0 184465 0 0 2097152 0 0
SEP
MEM simgrid-vm 1586298288 2020/04/07 22:24:48 1 4096 3808545 3092461 521935 251 60363 17 25772 0 184465 0 0 2097152 0 0
SEP
MEM simgrid-vm 1586298289 2020/04/07 22:24:49 1 4096 3808545 3092810 521935 251 60365 18 25772 0 184465 0 0 2097152 0 0
SEP
MEM simgrid-vm 1586298290 2020/04/07 22:24:50 1 4096 3808545 3092814 521935 253 60370 19 25772 0 184465 0 0 2097152 0 0
SEP
MEM simgrid-vm 1586298291 2020/04/07 22:24:51 1 4096 3808545 3092814 521936 253 60365 20 25772 0 184465 0 0 2097152 0 0
SEP
MEM simgrid-vm 1586298292 2020/04/07 22:24:52 1 4096 3808545 3092810 521938 253 60370 23 25773 0 184465 0 0 2097152 0 0
SEP
MEM simgrid-vm 1586298293 2020/04/07 22:24:53 1 4096 3808545 3092806 521938 253 60370 23 25773 0 184465 0 0 2097152 0 0
SEP
MEM simgrid-vm 1586298294 2020/04/07 22:24:54 1 4096 3808545 3092806 521938 253 60379 23 25776 0 184465 0 0 2097152 0 0
SEP
MEM simgrid-vm 1586298295 2020/04/07 22:24:55 1 4096 3808545 3092806 521938 255 60380 26 25777 0 184465 0 0 2097152 0 0
SEP
MEM simgrid-vm 1586298296 2020/04/07 22:24:56 1 4096 3808545 3092802 521940 255 60378 30 25777 0 184465 0 0 2097152 0 0
SEP
MEM simgrid-vm 1586298297 2020/04/07 22:24:57 1 4096 3808545 3092802 521940 255 60374 30 25774 0 184465 0 0 2097152 0 0
SEP
MEM simgrid-vm 1586298298 2020/04/07 22:24:58 1 4096 3808545 3092798 521940 255 60379 30 25774 0 184465 0 0 2097152 0 0
SEP
MEM simgrid-vm 1586298299 2020/04/07 22:24:59 1 4096 3808545 3092798 521940 255 60380 30 25774 0 184465 0 0 2097152 0 0
SEP
MEM simgrid-vm 1586298300 2020/04/07 22:25:00 1 4096 3808545 3092814 521942 255 60366 32 25774 0 184465 0 0 2097152 0 0
SEP
MEM simgrid-vm 1586298301 2020/04/07 22:25:01 1 4096 3808545 3092810 521942 257 60369 33 25779 0 184465 0 0 2097152 0 0
SEP
MEM simgrid-vm 1586298302 2020/04/07 22:25:02 1 4096 3808545 3092806 521942 257 60375 33 25784 0 184465 0 0 2097152 0 0
SEP
MEM simgrid-vm 1586298303 2020/04/07 22:25:03 1 4096 3808545 3092794 521944 257 60387 36 25797 0 184465 0 0 2097152 0 0
SEP
MEM simgrid-vm 1586298304 2020/04/07 22:25:04 1 4096 3808545 3092790 521944 257 60397 36 25804 0 184465 0 0 2097152 0 0
SEP
MEM simgrid-vm 1586298305 2020/04/07 22:25:05 1 4096 3808545 3092817 521944 257 60397 28 25807 0 184465 0 0 2097152 0 0
SEP
MEM simgrid-vm 1586298306 2020/04/07 22:25:06 1 4096 3808545 3092817 521944 257 60394 28 25806 0 184465 0 0 2097152 0 0
SEP
MEM simgrid-vm 1586298307 2020/04/07 22:25:07 1 4096 3808545 3092817 521946 259 60394 35 25806 0 184465 0 0 2097152 0 0
SEP
MEM simgrid-vm 1586298308 2020/04/07 22:25:08 1 4096 3808545 3092854 521946 259 60390 35 25802 0 184465 0 0 2097152 0 0
SEP
MEM simgrid-vm 1586298309 2020/04/07 22:25:09 1 4096 3808545 3092850 521950 259 60390 40 25802 0 184465 0 0 2097152 0 0
SEP
MEM simgrid-vm 1586298310 2020/04/07 22:25:10 1 4096 3808545 3092819 521950 259 60390 38 25802 0 184465 0 0 2097152 0 0
SEP
MEM simgrid-vm 1586298311 2020/04/07 22:25:11 1 4096 3808545 3092819 521950 259 60390 38 25802 0 184465 0 0 2097152 0 0
SEP
MEM simgrid-vm 1586298312 2020/04/07 22:25:12 1 4096 3808545 3092904 521950 261 60390 41 25802 0 184465 0 0 2097152 0 0
SEP
MEM simgrid-vm 1586298313 2020/04/07 22:25:13 1 4096 3808545 3092908 521950 261 60390 41 25802 0 184465 0 0 2097152 0 0
SEP
MEM simgrid-vm 1586298314 2020/04/07 22:25:14 1 4096 3808545 3092937 521950 261 60390 41 25802 0 184465 0 0 2097152 0 0
SEP
MEM simgrid-vm 1586298315 2020/04/07 22:25:15 1 4096 3808545 3092906 521954 261 60391 43 25803 0 184465 0 0 2097152 0 0
SEP
MEM simgrid-vm 1586298316 2020/04/07 22:25:16 1 4096 3808545 3092928 521954 261 60392 44 25800 0 184465 0 0 2097152 0 0
SEP
MEM simgrid-vm 1586298317 2020/04/07 22:25:17 1 4096 3808545 3092945 521956 261 60387 46 25799 0 184465 0 0 2097152 0 0
SEP
MEM simgrid-vm 1586298318 2020/04/07 22:25:18 1 4096 3808545 3092941 521958 263 60391 51 25799 0 184465 0 0 2097152 0 0
SEP
MEM simgrid-vm 1586298319 2020/04/07 22:25:19 1 4096 3808545 3092941 521964 263 60392 56 25799 0 184465 0 0 2097152 0 0
SEP
MEM simgrid-vm 1586298320 2020/04/07 22:25:20 1 4096 3808545 3092941 521964 263 60392 56 25799 0 184465 0 0 2097152 0 0
SEP
MEM simgrid-vm 1586298321 2020/04/07 22:25:21 1 4096 3808545 3092957 521964 263 60375 29 25779 0 184465 0 0 2097152 0 0
SEP
MEM simgrid-vm 1586298322 2020/04/07 22:25:22 1 4096 3808545 3092676 521966 263 60375 30 25779 0 184465 0 0 2097152 0 0
SEP
MEM simgrid-vm 1586298323 2020/04/07 22:25:23 1 4096 3808545 3085775 525869 265 60527 34 25888 0 184473 0 0 2097152 0 0
SEP
